[2025-03-12 10:13:54] INFO - Log file initialized at: raw_data\USA\07008\search_of_childcare\babysitting\scrape_babysitting.log
[2025-03-12 10:13:54] INFO - Starting scraping for USA/07008, care_type='childcare', sub_type='babysitting', pay range [0, 100].
[2025-03-12 10:13:54] INFO - Run ID: 4f58a330-500f-40f4-901c-8f11bb789dc6
[2025-03-12 10:13:54] INFO - Checking pay range [0, 100]...
[2025-03-12 10:13:57] INFO -   => totalHits = 955
[2025-03-12 10:13:57] INFO -   => Splitting into [0, 50] and [51, 100].
[2025-03-12 10:13:57] INFO - Checking pay range [0, 50]...
[2025-03-12 10:13:59] INFO -   => totalHits = 955
[2025-03-12 10:13:59] INFO -   => Splitting into [0, 25] and [26, 50].
[2025-03-12 10:13:59] INFO - Checking pay range [51, 100]...
[2025-03-12 10:14:01] INFO -   => totalHits = 0
[2025-03-12 10:14:01] INFO - Fetching data for pay range [51, 100]...
[2025-03-12 10:14:03] INFO -   - Page 1 => 0 caregivers, saved to raw_data\USA\07008\search_of_childcare\babysitting\range_51_100\page_1.json
[2025-03-12 10:14:03] INFO - Finished range [51, 100] with status='success'. Total pages: 1, total caregivers: 0.
[2025-03-12 10:14:03] INFO - Checking pay range [0, 25]...
[2025-03-12 10:14:05] INFO -   => totalHits = 303
[2025-03-12 10:14:05] INFO - Fetching data for pay range [0, 25]...
[2025-03-12 10:14:08] INFO -   - Page 1 => 10 caregivers, saved to raw_data\USA\07008\search_of_childcare\babysitting\range_0_25\page_1.json
[2025-03-12 10:14:08] INFO -   - Next endCursor: U2VlZD0wLEluZGV4PTEwLFBhZ2VTY3JvbGxJZD01ZTBhMzM0OWUzOGQ0MTgzYWIwZTE1NTM0Y2M3ODk5NA==
[2025-03-12 10:14:10] INFO -   - Page 2 => 10 caregivers, saved to raw_data\USA\07008\search_of_childcare\babysitting\range_0_25\page_2.json
[2025-03-12 10:14:10] INFO -   - Next endCursor: U2VlZD0wLEluZGV4PTIwLFBhZ2VTY3JvbGxJZD01ZTBhMzM0OWUzOGQ0MTgzYWIwZTE1NTM0Y2M3ODk5NA==
[2025-03-12 10:14:13] INFO -   - Page 3 => 10 caregivers, saved to raw_data\USA\07008\search_of_childcare\babysitting\range_0_25\page_3.json
[2025-03-12 10:14:13] INFO -   - Next endCursor: U2VlZD0wLEluZGV4PTMwLFBhZ2VTY3JvbGxJZD01ZTBhMzM0OWUzOGQ0MTgzYWIwZTE1NTM0Y2M3ODk5NA==
[2025-03-12 10:14:15] INFO -   - Page 4 => 10 caregivers, saved to raw_data\USA\07008\search_of_childcare\babysitting\range_0_25\page_4.json
[2025-03-12 10:14:15] INFO -   - Next endCursor: U2VlZD0wLEluZGV4PTQwLFBhZ2VTY3JvbGxJZD01ZTBhMzM0OWUzOGQ0MTgzYWIwZTE1NTM0Y2M3ODk5NA==
[2025-03-12 10:14:17] INFO -   - Page 5 => 10 caregivers, saved to raw_data\USA\07008\search_of_childcare\babysitting\range_0_25\page_5.json
[2025-03-12 10:14:17] INFO -   - Next endCursor: U2VlZD0wLEluZGV4PTUwLFBhZ2VTY3JvbGxJZD01ZTBhMzM0OWUzOGQ0MTgzYWIwZTE1NTM0Y2M3ODk5NA==
[2025-03-12 10:14:19] INFO -   - Page 6 => 10 caregivers, saved to raw_data\USA\07008\search_of_childcare\babysitting\range_0_25\page_6.json
[2025-03-12 10:14:19] INFO -   - Next endCursor: U2VlZD0wLEluZGV4PTYwLFBhZ2VTY3JvbGxJZD01ZTBhMzM0OWUzOGQ0MTgzYWIwZTE1NTM0Y2M3ODk5NA==
[2025-03-12 10:14:22] INFO -   - Page 7 => 10 caregivers, saved to raw_data\USA\07008\search_of_childcare\babysitting\range_0_25\page_7.json
[2025-03-12 10:14:22] INFO -   - Next endCursor: U2VlZD0wLEluZGV4PTcwLFBhZ2VTY3JvbGxJZD01ZTBhMzM0OWUzOGQ0MTgzYWIwZTE1NTM0Y2M3ODk5NA==
[2025-03-12 10:14:24] INFO -   - Page 8 => 10 caregivers, saved to raw_data\USA\07008\search_of_childcare\babysitting\range_0_25\page_8.json
[2025-03-12 10:14:24] INFO -   - Next endCursor: U2VlZD0wLEluZGV4PTgwLFBhZ2VTY3JvbGxJZD01ZTBhMzM0OWUzOGQ0MTgzYWIwZTE1NTM0Y2M3ODk5NA==
[2025-03-12 10:14:26] INFO -   - Page 9 => 10 caregivers, saved to raw_data\USA\07008\search_of_childcare\babysitting\range_0_25\page_9.json
[2025-03-12 10:14:26] INFO -   - Next endCursor: U2VlZD0wLEluZGV4PTkwLFBhZ2VTY3JvbGxJZD01ZTBhMzM0OWUzOGQ0MTgzYWIwZTE1NTM0Y2M3ODk5NA==
[2025-03-12 10:14:28] INFO -   - Page 10 => 10 caregivers, saved to raw_data\USA\07008\search_of_childcare\babysitting\range_0_25\page_10.json
[2025-03-12 10:14:28] INFO -   - Next endCursor: U2VlZD0wLEluZGV4PTEwMCxQYWdlU2Nyb2xsSWQ9NWUwYTMzNDllMzhkNDE4M2FiMGUxNTUzNGNjNzg5OTQ=
[2025-03-12 10:14:31] INFO -   - Page 11 => 10 caregivers, saved to raw_data\USA\07008\search_of_childcare\babysitting\range_0_25\page_11.json
[2025-03-12 10:14:31] INFO -   - Next endCursor: U2VlZD0wLEluZGV4PTExMCxQYWdlU2Nyb2xsSWQ9NWUwYTMzNDllMzhkNDE4M2FiMGUxNTUzNGNjNzg5OTQ=
[2025-03-12 10:14:33] INFO -   - Page 12 => 10 caregivers, saved to raw_data\USA\07008\search_of_childcare\babysitting\range_0_25\page_12.json
[2025-03-12 10:14:33] INFO -   - Next endCursor: U2VlZD0wLEluZGV4PTEyMCxQYWdlU2Nyb2xsSWQ9NWUwYTMzNDllMzhkNDE4M2FiMGUxNTUzNGNjNzg5OTQ=
[2025-03-12 10:14:36] INFO -   - Page 13 => 10 caregivers, saved to raw_data\USA\07008\search_of_childcare\babysitting\range_0_25\page_13.json
[2025-03-12 10:14:36] INFO -   - Next endCursor: U2VlZD0wLEluZGV4PTEzMCxQYWdlU2Nyb2xsSWQ9NWUwYTMzNDllMzhkNDE4M2FiMGUxNTUzNGNjNzg5OTQ=
[2025-03-12 10:14:38] INFO -   - Page 14 => 10 caregivers, saved to raw_data\USA\07008\search_of_childcare\babysitting\range_0_25\page_14.json
[2025-03-12 10:14:38] INFO -   - Next endCursor: U2VlZD0wLEluZGV4PTE0MCxQYWdlU2Nyb2xsSWQ9NWUwYTMzNDllMzhkNDE4M2FiMGUxNTUzNGNjNzg5OTQ=
[2025-03-12 10:14:40] INFO -   - Page 15 => 10 caregivers, saved to raw_data\USA\07008\search_of_childcare\babysitting\range_0_25\page_15.json
[2025-03-12 10:14:40] INFO -   - Next endCursor: U2VlZD0wLEluZGV4PTE1MCxQYWdlU2Nyb2xsSWQ9NWUwYTMzNDllMzhkNDE4M2FiMGUxNTUzNGNjNzg5OTQ=
[2025-03-12 10:14:43] INFO -   - Page 16 => 10 caregivers, saved to raw_data\USA\07008\search_of_childcare\babysitting\range_0_25\page_16.json
[2025-03-12 10:14:43] INFO -   - Next endCursor: U2VlZD0wLEluZGV4PTE2MCxQYWdlU2Nyb2xsSWQ9NWUwYTMzNDllMzhkNDE4M2FiMGUxNTUzNGNjNzg5OTQ=
[2025-03-12 10:14:45] INFO -   - Page 17 => 10 caregivers, saved to raw_data\USA\07008\search_of_childcare\babysitting\range_0_25\page_17.json
[2025-03-12 10:14:45] INFO -   - Next endCursor: U2VlZD0wLEluZGV4PTE3MCxQYWdlU2Nyb2xsSWQ9NWUwYTMzNDllMzhkNDE4M2FiMGUxNTUzNGNjNzg5OTQ=
[2025-03-12 10:14:47] INFO -   - Page 18 => 10 caregivers, saved to raw_data\USA\07008\search_of_childcare\babysitting\range_0_25\page_18.json
[2025-03-12 10:14:47] INFO -   - Next endCursor: U2VlZD0wLEluZGV4PTE4MCxQYWdlU2Nyb2xsSWQ9NWUwYTMzNDllMzhkNDE4M2FiMGUxNTUzNGNjNzg5OTQ=
[2025-03-12 10:14:49] INFO -   - Page 19 => 10 caregivers, saved to raw_data\USA\07008\search_of_childcare\babysitting\range_0_25\page_19.json
[2025-03-12 10:14:49] INFO -   - Next endCursor: U2VlZD0wLEluZGV4PTE5MCxQYWdlU2Nyb2xsSWQ9NWUwYTMzNDllMzhkNDE4M2FiMGUxNTUzNGNjNzg5OTQ=
[2025-03-12 10:14:52] INFO -   - Page 20 => 10 caregivers, saved to raw_data\USA\07008\search_of_childcare\babysitting\range_0_25\page_20.json
[2025-03-12 10:14:52] INFO -   - Next endCursor: U2VlZD0wLEluZGV4PTIwMCxQYWdlU2Nyb2xsSWQ9NWUwYTMzNDllMzhkNDE4M2FiMGUxNTUzNGNjNzg5OTQ=
[2025-03-12 10:14:54] INFO -   - Page 21 => 10 caregivers, saved to raw_data\USA\07008\search_of_childcare\babysitting\range_0_25\page_21.json
[2025-03-12 10:14:54] INFO -   - Next endCursor: U2VlZD0wLEluZGV4PTIxMCxQYWdlU2Nyb2xsSWQ9NWUwYTMzNDllMzhkNDE4M2FiMGUxNTUzNGNjNzg5OTQ=
[2025-03-12 10:14:56] INFO -   - Page 22 => 10 caregivers, saved to raw_data\USA\07008\search_of_childcare\babysitting\range_0_25\page_22.json
[2025-03-12 10:14:56] INFO -   - Next endCursor: U2VlZD0wLEluZGV4PTIyMCxQYWdlU2Nyb2xsSWQ9NWUwYTMzNDllMzhkNDE4M2FiMGUxNTUzNGNjNzg5OTQ=
[2025-03-12 10:14:59] INFO -   - Page 23 => 10 caregivers, saved to raw_data\USA\07008\search_of_childcare\babysitting\range_0_25\page_23.json
[2025-03-12 10:14:59] INFO -   - Next endCursor: U2VlZD0wLEluZGV4PTIzMCxQYWdlU2Nyb2xsSWQ9NWUwYTMzNDllMzhkNDE4M2FiMGUxNTUzNGNjNzg5OTQ=
[2025-03-12 10:15:01] INFO -   - Page 24 => 10 caregivers, saved to raw_data\USA\07008\search_of_childcare\babysitting\range_0_25\page_24.json
[2025-03-12 10:15:01] INFO -   - Next endCursor: U2VlZD0wLEluZGV4PTI0MCxQYWdlU2Nyb2xsSWQ9NWUwYTMzNDllMzhkNDE4M2FiMGUxNTUzNGNjNzg5OTQ=
[2025-03-12 10:15:03] INFO -   - Page 25 => 10 caregivers, saved to raw_data\USA\07008\search_of_childcare\babysitting\range_0_25\page_25.json
[2025-03-12 10:15:03] INFO -   - Next endCursor: U2VlZD0wLEluZGV4PTI1MCxQYWdlU2Nyb2xsSWQ9NWUwYTMzNDllMzhkNDE4M2FiMGUxNTUzNGNjNzg5OTQ=
[2025-03-12 10:15:05] INFO -   - Page 26 => 10 caregivers, saved to raw_data\USA\07008\search_of_childcare\babysitting\range_0_25\page_26.json
[2025-03-12 10:15:05] INFO -   - Next endCursor: U2VlZD0wLEluZGV4PTI2MCxQYWdlU2Nyb2xsSWQ9NWUwYTMzNDllMzhkNDE4M2FiMGUxNTUzNGNjNzg5OTQ=
[2025-03-12 10:15:08] INFO -   - Page 27 => 10 caregivers, saved to raw_data\USA\07008\search_of_childcare\babysitting\range_0_25\page_27.json
[2025-03-12 10:15:08] INFO -   - Next endCursor: U2VlZD0wLEluZGV4PTI3MCxQYWdlU2Nyb2xsSWQ9NWUwYTMzNDllMzhkNDE4M2FiMGUxNTUzNGNjNzg5OTQ=
[2025-03-12 10:15:10] INFO -   - Page 28 => 10 caregivers, saved to raw_data\USA\07008\search_of_childcare\babysitting\range_0_25\page_28.json
[2025-03-12 10:15:10] INFO -   - Next endCursor: U2VlZD0wLEluZGV4PTI4MCxQYWdlU2Nyb2xsSWQ9NWUwYTMzNDllMzhkNDE4M2FiMGUxNTUzNGNjNzg5OTQ=
[2025-03-12 10:15:12] INFO -   - Page 29 => 10 caregivers, saved to raw_data\USA\07008\search_of_childcare\babysitting\range_0_25\page_29.json
[2025-03-12 10:15:12] INFO -   - Next endCursor: U2VlZD0wLEluZGV4PTI5MCxQYWdlU2Nyb2xsSWQ9NWUwYTMzNDllMzhkNDE4M2FiMGUxNTUzNGNjNzg5OTQ=
[2025-03-12 10:15:15] INFO -   - Page 30 => 10 caregivers, saved to raw_data\USA\07008\search_of_childcare\babysitting\range_0_25\page_30.json
[2025-03-12 10:15:15] INFO -   - Next endCursor: U2VlZD0wLEluZGV4PTMwMCxQYWdlU2Nyb2xsSWQ9NWUwYTMzNDllMzhkNDE4M2FiMGUxNTUzNGNjNzg5OTQ=
[2025-03-12 10:15:17] INFO -   - Page 31 => 3 caregivers, saved to raw_data\USA\07008\search_of_childcare\babysitting\range_0_25\page_31.json
[2025-03-12 10:15:17] INFO - Finished range [0, 25] with status='success'. Total pages: 31, total caregivers: 303.
[2025-03-12 10:15:17] INFO - Checking pay range [26, 50]...
[2025-03-12 10:15:19] INFO -   => totalHits = 652
[2025-03-12 10:15:19] INFO -   => Splitting into [26, 38] and [39, 50].
[2025-03-12 10:15:19] INFO - Checking pay range [26, 38]...
[2025-03-12 10:15:22] INFO -   => totalHits = 650
[2025-03-12 10:15:22] INFO -   => Splitting into [26, 32] and [33, 38].
[2025-03-12 10:15:22] INFO - Checking pay range [39, 50]...
[2025-03-12 10:15:24] INFO -   => totalHits = 2
[2025-03-12 10:15:24] INFO - Fetching data for pay range [39, 50]...
[2025-03-12 10:15:26] INFO -   - Page 1 => 2 caregivers, saved to raw_data\USA\07008\search_of_childcare\babysitting\range_39_50\page_1.json
[2025-03-12 10:15:26] INFO - Finished range [39, 50] with status='success'. Total pages: 1, total caregivers: 2.
[2025-03-12 10:15:26] INFO - Checking pay range [26, 32]...
[2025-03-12 10:15:28] INFO -   => totalHits = 643
[2025-03-12 10:15:28] INFO -   => Splitting into [26, 29] and [30, 32].
[2025-03-12 10:15:28] INFO - Checking pay range [33, 38]...
[2025-03-12 10:15:31] INFO -   => totalHits = 7
[2025-03-12 10:15:31] INFO - Fetching data for pay range [33, 38]...
[2025-03-12 10:15:33] INFO -   - Page 1 => 7 caregivers, saved to raw_data\USA\07008\search_of_childcare\babysitting\range_33_38\page_1.json
[2025-03-12 10:15:33] INFO - Finished range [33, 38] with status='success'. Total pages: 1, total caregivers: 7.
[2025-03-12 10:15:33] INFO - Checking pay range [26, 29]...
[2025-03-12 10:15:35] INFO -   => totalHits = 622
[2025-03-12 10:15:35] INFO -   => Splitting into [26, 27] and [28, 29].
[2025-03-12 10:15:35] INFO - Checking pay range [30, 32]...
[2025-03-12 10:15:38] INFO -   => totalHits = 21
[2025-03-12 10:15:38] INFO - Fetching data for pay range [30, 32]...
[2025-03-12 10:15:40] INFO -   - Page 1 => 10 caregivers, saved to raw_data\USA\07008\search_of_childcare\babysitting\range_30_32\page_1.json
[2025-03-12 10:15:40] INFO -   - Next endCursor: U2VlZD0wLEluZGV4PTEwLFBhZ2VTY3JvbGxJZD1hODc5OTdlNWEzNzE0Njg3YWM4N2NhZDA5YzhlMTBiOQ==
[2025-03-12 10:15:42] INFO -   - Page 2 => 10 caregivers, saved to raw_data\USA\07008\search_of_childcare\babysitting\range_30_32\page_2.json
[2025-03-12 10:15:42] INFO -   - Next endCursor: U2VlZD0wLEluZGV4PTIwLFBhZ2VTY3JvbGxJZD1hODc5OTdlNWEzNzE0Njg3YWM4N2NhZDA5YzhlMTBiOQ==
[2025-03-12 10:15:44] INFO -   - Page 3 => 1 caregivers, saved to raw_data\USA\07008\search_of_childcare\babysitting\range_30_32\page_3.json
[2025-03-12 10:15:44] INFO - Finished range [30, 32] with status='success'. Total pages: 3, total caregivers: 21.
[2025-03-12 10:15:44] INFO - Checking pay range [26, 27]...
[2025-03-12 10:15:47] INFO -   => totalHits = 531
[2025-03-12 10:15:47] INFO -   => Splitting into [26, 26] and [27, 27].
[2025-03-12 10:15:47] INFO - Checking pay range [28, 29]...
[2025-03-12 10:15:49] INFO -   => totalHits = 91
[2025-03-12 10:15:49] INFO - Fetching data for pay range [28, 29]...
[2025-03-12 10:15:52] INFO -   - Page 1 => 10 caregivers, saved to raw_data\USA\07008\search_of_childcare\babysitting\range_28_29\page_1.json
[2025-03-12 10:15:52] INFO -   - Next endCursor: U2VlZD0wLEluZGV4PTEwLFBhZ2VTY3JvbGxJZD0xZGY5NWI0NTJiODA0MWQzOTM1ZGMzM2ZiZWJjOTQ2OA==
[2025-03-12 10:15:54] INFO -   - Page 2 => 10 caregivers, saved to raw_data\USA\07008\search_of_childcare\babysitting\range_28_29\page_2.json
[2025-03-12 10:15:54] INFO -   - Next endCursor: U2VlZD0wLEluZGV4PTIwLFBhZ2VTY3JvbGxJZD0xZGY5NWI0NTJiODA0MWQzOTM1ZGMzM2ZiZWJjOTQ2OA==
[2025-03-12 10:15:56] INFO -   - Page 3 => 10 caregivers, saved to raw_data\USA\07008\search_of_childcare\babysitting\range_28_29\page_3.json
[2025-03-12 10:15:56] INFO -   - Next endCursor: U2VlZD0wLEluZGV4PTMwLFBhZ2VTY3JvbGxJZD0xZGY5NWI0NTJiODA0MWQzOTM1ZGMzM2ZiZWJjOTQ2OA==
[2025-03-12 10:15:59] INFO -   - Page 4 => 10 caregivers, saved to raw_data\USA\07008\search_of_childcare\babysitting\range_28_29\page_4.json
[2025-03-12 10:15:59] INFO -   - Next endCursor: U2VlZD0wLEluZGV4PTQwLFBhZ2VTY3JvbGxJZD0xZGY5NWI0NTJiODA0MWQzOTM1ZGMzM2ZiZWJjOTQ2OA==
[2025-03-12 10:16:01] INFO -   - Page 5 => 10 caregivers, saved to raw_data\USA\07008\search_of_childcare\babysitting\range_28_29\page_5.json
[2025-03-12 10:16:01] INFO -   - Next endCursor: U2VlZD0wLEluZGV4PTUwLFBhZ2VTY3JvbGxJZD0xZGY5NWI0NTJiODA0MWQzOTM1ZGMzM2ZiZWJjOTQ2OA==
[2025-03-12 10:16:03] INFO -   - Page 6 => 10 caregivers, saved to raw_data\USA\07008\search_of_childcare\babysitting\range_28_29\page_6.json
[2025-03-12 10:16:03] INFO -   - Next endCursor: U2VlZD0wLEluZGV4PTYwLFBhZ2VTY3JvbGxJZD0xZGY5NWI0NTJiODA0MWQzOTM1ZGMzM2ZiZWJjOTQ2OA==
[2025-03-12 10:16:05] INFO -   - Page 7 => 10 caregivers, saved to raw_data\USA\07008\search_of_childcare\babysitting\range_28_29\page_7.json
[2025-03-12 10:16:05] INFO -   - Next endCursor: U2VlZD0wLEluZGV4PTcwLFBhZ2VTY3JvbGxJZD0xZGY5NWI0NTJiODA0MWQzOTM1ZGMzM2ZiZWJjOTQ2OA==
[2025-03-12 10:16:07] INFO -   - Page 8 => 10 caregivers, saved to raw_data\USA\07008\search_of_childcare\babysitting\range_28_29\page_8.json
[2025-03-12 10:16:07] INFO -   - Next endCursor: U2VlZD0wLEluZGV4PTgwLFBhZ2VTY3JvbGxJZD0xZGY5NWI0NTJiODA0MWQzOTM1ZGMzM2ZiZWJjOTQ2OA==
[2025-03-12 10:16:09] INFO -   - Page 9 => 10 caregivers, saved to raw_data\USA\07008\search_of_childcare\babysitting\range_28_29\page_9.json
[2025-03-12 10:16:09] INFO -   - Next endCursor: U2VlZD0wLEluZGV4PTkwLFBhZ2VTY3JvbGxJZD0xZGY5NWI0NTJiODA0MWQzOTM1ZGMzM2ZiZWJjOTQ2OA==
[2025-03-12 10:16:11] INFO -   - Page 10 => 1 caregivers, saved to raw_data\USA\07008\search_of_childcare\babysitting\range_28_29\page_10.json
[2025-03-12 10:16:11] INFO - Finished range [28, 29] with status='success'. Total pages: 10, total caregivers: 91.
[2025-03-12 10:16:11] INFO - Checking pay range [26, 26]...
[2025-03-12 10:16:14] INFO -   => totalHits = 218
[2025-03-12 10:16:14] INFO - Fetching data for pay range [26, 26]...
[2025-03-12 10:16:16] INFO -   - Page 1 => 10 caregivers, saved to raw_data\USA\07008\search_of_childcare\babysitting\range_26_26\page_1.json
[2025-03-12 10:16:16] INFO -   - Next endCursor: U2VlZD0wLEluZGV4PTEwLFBhZ2VTY3JvbGxJZD0xYTZlMTY3YTI5ZDM0ZmEwOTlhMzNlYWE1ZWJiY2FkZA==
[2025-03-12 10:16:19] INFO -   - Page 2 => 10 caregivers, saved to raw_data\USA\07008\search_of_childcare\babysitting\range_26_26\page_2.json
[2025-03-12 10:16:19] INFO -   - Next endCursor: U2VlZD0wLEluZGV4PTIwLFBhZ2VTY3JvbGxJZD0xYTZlMTY3YTI5ZDM0ZmEwOTlhMzNlYWE1ZWJiY2FkZA==
[2025-03-12 10:16:21] INFO -   - Page 3 => 10 caregivers, saved to raw_data\USA\07008\search_of_childcare\babysitting\range_26_26\page_3.json
[2025-03-12 10:16:21] INFO -   - Next endCursor: U2VlZD0wLEluZGV4PTMwLFBhZ2VTY3JvbGxJZD0xYTZlMTY3YTI5ZDM0ZmEwOTlhMzNlYWE1ZWJiY2FkZA==
[2025-03-12 10:16:23] INFO -   - Page 4 => 10 caregivers, saved to raw_data\USA\07008\search_of_childcare\babysitting\range_26_26\page_4.json
[2025-03-12 10:16:23] INFO -   - Next endCursor: U2VlZD0wLEluZGV4PTQwLFBhZ2VTY3JvbGxJZD0xYTZlMTY3YTI5ZDM0ZmEwOTlhMzNlYWE1ZWJiY2FkZA==
[2025-03-12 10:16:25] INFO -   - Page 5 => 10 caregivers, saved to raw_data\USA\07008\search_of_childcare\babysitting\range_26_26\page_5.json
[2025-03-12 10:16:25] INFO -   - Next endCursor: U2VlZD0wLEluZGV4PTUwLFBhZ2VTY3JvbGxJZD0xYTZlMTY3YTI5ZDM0ZmEwOTlhMzNlYWE1ZWJiY2FkZA==
[2025-03-12 10:16:28] INFO -   - Page 6 => 10 caregivers, saved to raw_data\USA\07008\search_of_childcare\babysitting\range_26_26\page_6.json
[2025-03-12 10:16:28] INFO -   - Next endCursor: U2VlZD0wLEluZGV4PTYwLFBhZ2VTY3JvbGxJZD0xYTZlMTY3YTI5ZDM0ZmEwOTlhMzNlYWE1ZWJiY2FkZA==
[2025-03-12 10:16:30] INFO -   - Page 7 => 10 caregivers, saved to raw_data\USA\07008\search_of_childcare\babysitting\range_26_26\page_7.json
[2025-03-12 10:16:30] INFO -   - Next endCursor: U2VlZD0wLEluZGV4PTcwLFBhZ2VTY3JvbGxJZD0xYTZlMTY3YTI5ZDM0ZmEwOTlhMzNlYWE1ZWJiY2FkZA==
[2025-03-12 10:16:32] INFO -   - Page 8 => 10 caregivers, saved to raw_data\USA\07008\search_of_childcare\babysitting\range_26_26\page_8.json
[2025-03-12 10:16:32] INFO -   - Next endCursor: U2VlZD0wLEluZGV4PTgwLFBhZ2VTY3JvbGxJZD0xYTZlMTY3YTI5ZDM0ZmEwOTlhMzNlYWE1ZWJiY2FkZA==
[2025-03-12 10:16:34] INFO -   - Page 9 => 10 caregivers, saved to raw_data\USA\07008\search_of_childcare\babysitting\range_26_26\page_9.json
[2025-03-12 10:16:34] INFO -   - Next endCursor: U2VlZD0wLEluZGV4PTkwLFBhZ2VTY3JvbGxJZD0xYTZlMTY3YTI5ZDM0ZmEwOTlhMzNlYWE1ZWJiY2FkZA==
[2025-03-12 10:16:37] INFO -   - Page 10 => 10 caregivers, saved to raw_data\USA\07008\search_of_childcare\babysitting\range_26_26\page_10.json
[2025-03-12 10:16:37] INFO -   - Next endCursor: U2VlZD0wLEluZGV4PTEwMCxQYWdlU2Nyb2xsSWQ9MWE2ZTE2N2EyOWQzNGZhMDk5YTMzZWFhNWViYmNhZGQ=
[2025-03-12 10:16:39] INFO -   - Page 11 => 10 caregivers, saved to raw_data\USA\07008\search_of_childcare\babysitting\range_26_26\page_11.json
[2025-03-12 10:16:39] INFO -   - Next endCursor: U2VlZD0wLEluZGV4PTExMCxQYWdlU2Nyb2xsSWQ9MWE2ZTE2N2EyOWQzNGZhMDk5YTMzZWFhNWViYmNhZGQ=
[2025-03-12 10:16:41] INFO -   - Page 12 => 10 caregivers, saved to raw_data\USA\07008\search_of_childcare\babysitting\range_26_26\page_12.json
[2025-03-12 10:16:41] INFO -   - Next endCursor: U2VlZD0wLEluZGV4PTEyMCxQYWdlU2Nyb2xsSWQ9MWE2ZTE2N2EyOWQzNGZhMDk5YTMzZWFhNWViYmNhZGQ=
[2025-03-12 10:16:43] INFO -   - Page 13 => 10 caregivers, saved to raw_data\USA\07008\search_of_childcare\babysitting\range_26_26\page_13.json
[2025-03-12 10:16:43] INFO -   - Next endCursor: U2VlZD0wLEluZGV4PTEzMCxQYWdlU2Nyb2xsSWQ9MWE2ZTE2N2EyOWQzNGZhMDk5YTMzZWFhNWViYmNhZGQ=
[2025-03-12 10:16:46] INFO -   - Page 14 => 10 caregivers, saved to raw_data\USA\07008\search_of_childcare\babysitting\range_26_26\page_14.json
[2025-03-12 10:16:46] INFO -   - Next endCursor: U2VlZD0wLEluZGV4PTE0MCxQYWdlU2Nyb2xsSWQ9MWE2ZTE2N2EyOWQzNGZhMDk5YTMzZWFhNWViYmNhZGQ=
[2025-03-12 10:16:48] INFO -   - Page 15 => 10 caregivers, saved to raw_data\USA\07008\search_of_childcare\babysitting\range_26_26\page_15.json
[2025-03-12 10:16:48] INFO -   - Next endCursor: U2VlZD0wLEluZGV4PTE1MCxQYWdlU2Nyb2xsSWQ9MWE2ZTE2N2EyOWQzNGZhMDk5YTMzZWFhNWViYmNhZGQ=
[2025-03-12 10:16:50] INFO -   - Page 16 => 10 caregivers, saved to raw_data\USA\07008\search_of_childcare\babysitting\range_26_26\page_16.json
[2025-03-12 10:16:50] INFO -   - Next endCursor: U2VlZD0wLEluZGV4PTE2MCxQYWdlU2Nyb2xsSWQ9MWE2ZTE2N2EyOWQzNGZhMDk5YTMzZWFhNWViYmNhZGQ=
[2025-03-12 10:16:52] INFO -   - Page 17 => 10 caregivers, saved to raw_data\USA\07008\search_of_childcare\babysitting\range_26_26\page_17.json
[2025-03-12 10:16:52] INFO -   - Next endCursor: U2VlZD0wLEluZGV4PTE3MCxQYWdlU2Nyb2xsSWQ9MWE2ZTE2N2EyOWQzNGZhMDk5YTMzZWFhNWViYmNhZGQ=
[2025-03-12 10:16:55] INFO -   - Page 18 => 10 caregivers, saved to raw_data\USA\07008\search_of_childcare\babysitting\range_26_26\page_18.json
[2025-03-12 10:16:55] INFO -   - Next endCursor: U2VlZD0wLEluZGV4PTE4MCxQYWdlU2Nyb2xsSWQ9MWE2ZTE2N2EyOWQzNGZhMDk5YTMzZWFhNWViYmNhZGQ=
[2025-03-12 10:16:57] INFO -   - Page 19 => 10 caregivers, saved to raw_data\USA\07008\search_of_childcare\babysitting\range_26_26\page_19.json
[2025-03-12 10:16:57] INFO -   - Next endCursor: U2VlZD0wLEluZGV4PTE5MCxQYWdlU2Nyb2xsSWQ9MWE2ZTE2N2EyOWQzNGZhMDk5YTMzZWFhNWViYmNhZGQ=
[2025-03-12 10:16:59] INFO -   - Page 20 => 10 caregivers, saved to raw_data\USA\07008\search_of_childcare\babysitting\range_26_26\page_20.json
[2025-03-12 10:16:59] INFO -   - Next endCursor: U2VlZD0wLEluZGV4PTIwMCxQYWdlU2Nyb2xsSWQ9MWE2ZTE2N2EyOWQzNGZhMDk5YTMzZWFhNWViYmNhZGQ=
[2025-03-12 10:17:01] INFO -   - Page 21 => 10 caregivers, saved to raw_data\USA\07008\search_of_childcare\babysitting\range_26_26\page_21.json
[2025-03-12 10:17:01] INFO -   - Next endCursor: U2VlZD0wLEluZGV4PTIxMCxQYWdlU2Nyb2xsSWQ9MWE2ZTE2N2EyOWQzNGZhMDk5YTMzZWFhNWViYmNhZGQ=
[2025-03-12 10:17:03] INFO -   - Page 22 => 8 caregivers, saved to raw_data\USA\07008\search_of_childcare\babysitting\range_26_26\page_22.json
[2025-03-12 10:17:03] INFO - Finished range [26, 26] with status='success'. Total pages: 22, total caregivers: 218.
[2025-03-12 10:17:04] INFO - Checking pay range [27, 27]...
[2025-03-12 10:17:06] INFO -   => totalHits = 313
[2025-03-12 10:17:06] INFO - Fetching data for pay range [27, 27]...
[2025-03-12 10:17:09] INFO -   - Page 1 => 10 caregivers, saved to raw_data\USA\07008\search_of_childcare\babysitting\range_27_27\page_1.json
[2025-03-12 10:17:09] INFO -   - Next endCursor: U2VlZD0wLEluZGV4PTEwLFBhZ2VTY3JvbGxJZD0wOGFlNzI3NTRiZTQ0NDgxYWRkZmRhNjMxODc0NzFiZQ==
[2025-03-12 10:17:11] INFO -   - Page 2 => 10 caregivers, saved to raw_data\USA\07008\search_of_childcare\babysitting\range_27_27\page_2.json
[2025-03-12 10:17:11] INFO -   - Next endCursor: U2VlZD0wLEluZGV4PTIwLFBhZ2VTY3JvbGxJZD0wOGFlNzI3NTRiZTQ0NDgxYWRkZmRhNjMxODc0NzFiZQ==
[2025-03-12 10:17:13] INFO -   - Page 3 => 10 caregivers, saved to raw_data\USA\07008\search_of_childcare\babysitting\range_27_27\page_3.json
[2025-03-12 10:17:13] INFO -   - Next endCursor: U2VlZD0wLEluZGV4PTMwLFBhZ2VTY3JvbGxJZD0wOGFlNzI3NTRiZTQ0NDgxYWRkZmRhNjMxODc0NzFiZQ==
[2025-03-12 10:17:15] INFO -   - Page 4 => 10 caregivers, saved to raw_data\USA\07008\search_of_childcare\babysitting\range_27_27\page_4.json
[2025-03-12 10:17:15] INFO -   - Next endCursor: U2VlZD0wLEluZGV4PTQwLFBhZ2VTY3JvbGxJZD0wOGFlNzI3NTRiZTQ0NDgxYWRkZmRhNjMxODc0NzFiZQ==
[2025-03-12 10:17:18] INFO -   - Page 5 => 10 caregivers, saved to raw_data\USA\07008\search_of_childcare\babysitting\range_27_27\page_5.json
[2025-03-12 10:17:18] INFO -   - Next endCursor: U2VlZD0wLEluZGV4PTUwLFBhZ2VTY3JvbGxJZD0wOGFlNzI3NTRiZTQ0NDgxYWRkZmRhNjMxODc0NzFiZQ==
[2025-03-12 10:17:20] INFO -   - Page 6 => 10 caregivers, saved to raw_data\USA\07008\search_of_childcare\babysitting\range_27_27\page_6.json
[2025-03-12 10:17:20] INFO -   - Next endCursor: U2VlZD0wLEluZGV4PTYwLFBhZ2VTY3JvbGxJZD0wOGFlNzI3NTRiZTQ0NDgxYWRkZmRhNjMxODc0NzFiZQ==
[2025-03-12 10:17:22] INFO -   - Page 7 => 10 caregivers, saved to raw_data\USA\07008\search_of_childcare\babysitting\range_27_27\page_7.json
[2025-03-12 10:17:22] INFO -   - Next endCursor: U2VlZD0wLEluZGV4PTcwLFBhZ2VTY3JvbGxJZD0wOGFlNzI3NTRiZTQ0NDgxYWRkZmRhNjMxODc0NzFiZQ==
[2025-03-12 10:17:25] INFO -   - Page 8 => 10 caregivers, saved to raw_data\USA\07008\search_of_childcare\babysitting\range_27_27\page_8.json
[2025-03-12 10:17:25] INFO -   - Next endCursor: U2VlZD0wLEluZGV4PTgwLFBhZ2VTY3JvbGxJZD0wOGFlNzI3NTRiZTQ0NDgxYWRkZmRhNjMxODc0NzFiZQ==
[2025-03-12 10:17:27] INFO -   - Page 9 => 10 caregivers, saved to raw_data\USA\07008\search_of_childcare\babysitting\range_27_27\page_9.json
[2025-03-12 10:17:27] INFO -   - Next endCursor: U2VlZD0wLEluZGV4PTkwLFBhZ2VTY3JvbGxJZD0wOGFlNzI3NTRiZTQ0NDgxYWRkZmRhNjMxODc0NzFiZQ==
[2025-03-12 10:17:29] INFO -   - Page 10 => 10 caregivers, saved to raw_data\USA\07008\search_of_childcare\babysitting\range_27_27\page_10.json
[2025-03-12 10:17:29] INFO -   - Next endCursor: U2VlZD0wLEluZGV4PTEwMCxQYWdlU2Nyb2xsSWQ9MDhhZTcyNzU0YmU0NDQ4MWFkZGZkYTYzMTg3NDcxYmU=
[2025-03-12 10:17:31] INFO -   - Page 11 => 10 caregivers, saved to raw_data\USA\07008\search_of_childcare\babysitting\range_27_27\page_11.json
[2025-03-12 10:17:31] INFO -   - Next endCursor: U2VlZD0wLEluZGV4PTExMCxQYWdlU2Nyb2xsSWQ9MDhhZTcyNzU0YmU0NDQ4MWFkZGZkYTYzMTg3NDcxYmU=
[2025-03-12 10:17:34] INFO -   - Page 12 => 10 caregivers, saved to raw_data\USA\07008\search_of_childcare\babysitting\range_27_27\page_12.json
[2025-03-12 10:17:34] INFO -   - Next endCursor: U2VlZD0wLEluZGV4PTEyMCxQYWdlU2Nyb2xsSWQ9MDhhZTcyNzU0YmU0NDQ4MWFkZGZkYTYzMTg3NDcxYmU=
[2025-03-12 10:17:36] INFO -   - Page 13 => 10 caregivers, saved to raw_data\USA\07008\search_of_childcare\babysitting\range_27_27\page_13.json
[2025-03-12 10:17:36] INFO -   - Next endCursor: U2VlZD0wLEluZGV4PTEzMCxQYWdlU2Nyb2xsSWQ9MDhhZTcyNzU0YmU0NDQ4MWFkZGZkYTYzMTg3NDcxYmU=
[2025-03-12 10:17:38] INFO -   - Page 14 => 10 caregivers, saved to raw_data\USA\07008\search_of_childcare\babysitting\range_27_27\page_14.json
[2025-03-12 10:17:38] INFO -   - Next endCursor: U2VlZD0wLEluZGV4PTE0MCxQYWdlU2Nyb2xsSWQ9MDhhZTcyNzU0YmU0NDQ4MWFkZGZkYTYzMTg3NDcxYmU=
[2025-03-12 10:17:40] INFO -   - Page 15 => 10 caregivers, saved to raw_data\USA\07008\search_of_childcare\babysitting\range_27_27\page_15.json
[2025-03-12 10:17:40] INFO -   - Next endCursor: U2VlZD0wLEluZGV4PTE1MCxQYWdlU2Nyb2xsSWQ9MDhhZTcyNzU0YmU0NDQ4MWFkZGZkYTYzMTg3NDcxYmU=
[2025-03-12 10:17:43] INFO -   - Page 16 => 10 caregivers, saved to raw_data\USA\07008\search_of_childcare\babysitting\range_27_27\page_16.json
[2025-03-12 10:17:43] INFO -   - Next endCursor: U2VlZD0wLEluZGV4PTE2MCxQYWdlU2Nyb2xsSWQ9MDhhZTcyNzU0YmU0NDQ4MWFkZGZkYTYzMTg3NDcxYmU=
[2025-03-12 10:17:45] INFO -   - Page 17 => 10 caregivers, saved to raw_data\USA\07008\search_of_childcare\babysitting\range_27_27\page_17.json
[2025-03-12 10:17:45] INFO -   - Next endCursor: U2VlZD0wLEluZGV4PTE3MCxQYWdlU2Nyb2xsSWQ9MDhhZTcyNzU0YmU0NDQ4MWFkZGZkYTYzMTg3NDcxYmU=
[2025-03-12 10:17:47] INFO -   - Page 18 => 10 caregivers, saved to raw_data\USA\07008\search_of_childcare\babysitting\range_27_27\page_18.json
[2025-03-12 10:17:47] INFO -   - Next endCursor: U2VlZD0wLEluZGV4PTE4MCxQYWdlU2Nyb2xsSWQ9MDhhZTcyNzU0YmU0NDQ4MWFkZGZkYTYzMTg3NDcxYmU=
[2025-03-12 10:17:50] INFO -   - Page 19 => 10 caregivers, saved to raw_data\USA\07008\search_of_childcare\babysitting\range_27_27\page_19.json
[2025-03-12 10:17:50] INFO -   - Next endCursor: U2VlZD0wLEluZGV4PTE5MCxQYWdlU2Nyb2xsSWQ9MDhhZTcyNzU0YmU0NDQ4MWFkZGZkYTYzMTg3NDcxYmU=
[2025-03-12 10:17:52] INFO -   - Page 20 => 10 caregivers, saved to raw_data\USA\07008\search_of_childcare\babysitting\range_27_27\page_20.json
[2025-03-12 10:17:52] INFO -   - Next endCursor: U2VlZD0wLEluZGV4PTIwMCxQYWdlU2Nyb2xsSWQ9MDhhZTcyNzU0YmU0NDQ4MWFkZGZkYTYzMTg3NDcxYmU=
[2025-03-12 10:17:54] INFO -   - Page 21 => 10 caregivers, saved to raw_data\USA\07008\search_of_childcare\babysitting\range_27_27\page_21.json
[2025-03-12 10:17:54] INFO -   - Next endCursor: U2VlZD0wLEluZGV4PTIxMCxQYWdlU2Nyb2xsSWQ9MDhhZTcyNzU0YmU0NDQ4MWFkZGZkYTYzMTg3NDcxYmU=
[2025-03-12 10:17:56] INFO -   - Page 22 => 10 caregivers, saved to raw_data\USA\07008\search_of_childcare\babysitting\range_27_27\page_22.json
[2025-03-12 10:17:56] INFO -   - Next endCursor: U2VlZD0wLEluZGV4PTIyMCxQYWdlU2Nyb2xsSWQ9MDhhZTcyNzU0YmU0NDQ4MWFkZGZkYTYzMTg3NDcxYmU=
[2025-03-12 10:17:58] INFO -   - Page 23 => 10 caregivers, saved to raw_data\USA\07008\search_of_childcare\babysitting\range_27_27\page_23.json
[2025-03-12 10:17:58] INFO -   - Next endCursor: U2VlZD0wLEluZGV4PTIzMCxQYWdlU2Nyb2xsSWQ9MDhhZTcyNzU0YmU0NDQ4MWFkZGZkYTYzMTg3NDcxYmU=
[2025-03-12 10:18:00] INFO -   - Page 24 => 10 caregivers, saved to raw_data\USA\07008\search_of_childcare\babysitting\range_27_27\page_24.json
[2025-03-12 10:18:00] INFO -   - Next endCursor: U2VlZD0wLEluZGV4PTI0MCxQYWdlU2Nyb2xsSWQ9MDhhZTcyNzU0YmU0NDQ4MWFkZGZkYTYzMTg3NDcxYmU=
[2025-03-12 10:18:03] INFO -   - Page 25 => 10 caregivers, saved to raw_data\USA\07008\search_of_childcare\babysitting\range_27_27\page_25.json
[2025-03-12 10:18:03] INFO -   - Next endCursor: U2VlZD0wLEluZGV4PTI1MCxQYWdlU2Nyb2xsSWQ9MDhhZTcyNzU0YmU0NDQ4MWFkZGZkYTYzMTg3NDcxYmU=
[2025-03-12 10:18:05] INFO -   - Page 26 => 10 caregivers, saved to raw_data\USA\07008\search_of_childcare\babysitting\range_27_27\page_26.json
[2025-03-12 10:18:05] INFO -   - Next endCursor: U2VlZD0wLEluZGV4PTI2MCxQYWdlU2Nyb2xsSWQ9MDhhZTcyNzU0YmU0NDQ4MWFkZGZkYTYzMTg3NDcxYmU=
[2025-03-12 10:18:07] INFO -   - Page 27 => 10 caregivers, saved to raw_data\USA\07008\search_of_childcare\babysitting\range_27_27\page_27.json
[2025-03-12 10:18:07] INFO -   - Next endCursor: U2VlZD0wLEluZGV4PTI3MCxQYWdlU2Nyb2xsSWQ9MDhhZTcyNzU0YmU0NDQ4MWFkZGZkYTYzMTg3NDcxYmU=
[2025-03-12 10:18:10] INFO -   - Page 28 => 10 caregivers, saved to raw_data\USA\07008\search_of_childcare\babysitting\range_27_27\page_28.json
[2025-03-12 10:18:10] INFO -   - Next endCursor: U2VlZD0wLEluZGV4PTI4MCxQYWdlU2Nyb2xsSWQ9MDhhZTcyNzU0YmU0NDQ4MWFkZGZkYTYzMTg3NDcxYmU=
[2025-03-12 10:18:12] INFO -   - Page 29 => 10 caregivers, saved to raw_data\USA\07008\search_of_childcare\babysitting\range_27_27\page_29.json
[2025-03-12 10:18:12] INFO -   - Next endCursor: U2VlZD0wLEluZGV4PTI5MCxQYWdlU2Nyb2xsSWQ9MDhhZTcyNzU0YmU0NDQ4MWFkZGZkYTYzMTg3NDcxYmU=
[2025-03-12 10:18:14] INFO -   - Page 30 => 10 caregivers, saved to raw_data\USA\07008\search_of_childcare\babysitting\range_27_27\page_30.json
[2025-03-12 10:18:14] INFO -   - Next endCursor: U2VlZD0wLEluZGV4PTMwMCxQYWdlU2Nyb2xsSWQ9MDhhZTcyNzU0YmU0NDQ4MWFkZGZkYTYzMTg3NDcxYmU=
[2025-03-12 10:18:16] INFO -   - Page 31 => 10 caregivers, saved to raw_data\USA\07008\search_of_childcare\babysitting\range_27_27\page_31.json
[2025-03-12 10:18:16] INFO -   - Next endCursor: U2VlZD0wLEluZGV4PTMxMCxQYWdlU2Nyb2xsSWQ9MDhhZTcyNzU0YmU0NDQ4MWFkZGZkYTYzMTg3NDcxYmU=
[2025-03-12 10:18:18] INFO -   - Page 32 => 3 caregivers, saved to raw_data\USA\07008\search_of_childcare\babysitting\range_27_27\page_32.json
[2025-03-12 10:18:18] INFO - Finished range [27, 27] with status='success'. Total pages: 32, total caregivers: 313.
[2025-03-12 10:18:18] INFO - All pay range segments processed. Scraping complete!
