[2025-04-02 17:04:19] INFO - Log file initialized at: raw_data\USA\10002\search_of_childcare\nanny\scrape_nanny.log
[2025-04-02 17:04:19] INFO - Starting scraping for USA/10002, care_type='childcare', sub_type='nanny', pay range [0, 100].
[2025-04-02 17:04:19] INFO - Run ID: 33f72dbd-0bf9-42f4-b11b-2ad9f81837c9
[2025-04-02 17:04:19] INFO - Checking pay range [0, 100]...
[2025-04-02 17:04:21] INFO -   => totalHits = 6572
[2025-04-02 17:04:21] INFO -   => Splitting into [0, 50] and [51, 100].
[2025-04-02 17:04:21] INFO - Checking pay range [0, 50]...
[2025-04-02 17:04:23] INFO -   => totalHits = 6567
[2025-04-02 17:04:23] INFO -   => Splitting into [0, 25] and [26, 50].
[2025-04-02 17:04:23] INFO - Checking pay range [51, 100]...
[2025-04-02 17:04:24] INFO -   => totalHits = 5
[2025-04-02 17:04:24] INFO - Fetching data for pay range [51, 100]...
[2025-04-02 17:04:25] INFO -   - Page 1 => 5 caregivers, saved to raw_data\USA\10002\search_of_childcare\nanny\range_51_100\page_1.json
[2025-04-02 17:04:25] INFO - Finished range [51, 100] with status='success'. Total pages: 1, total caregivers: 5.
[2025-04-02 17:04:25] INFO - Checking pay range [0, 25]...
[2025-04-02 17:04:27] INFO -   => totalHits = 2024
[2025-04-02 17:04:27] INFO -   => Splitting into [0, 12] and [13, 25].
[2025-04-02 17:04:27] INFO - Checking pay range [26, 50]...
[2025-04-02 17:04:28] INFO -   => totalHits = 4542
[2025-04-02 17:04:28] INFO -   => Splitting into [26, 38] and [39, 50].
[2025-04-02 17:04:28] INFO - Checking pay range [0, 12]...
[2025-04-02 17:04:30] INFO -   => totalHits = 9
[2025-04-02 17:04:30] INFO - Fetching data for pay range [0, 12]...
[2025-04-02 17:04:31] INFO -   - Page 1 => 9 caregivers, saved to raw_data\USA\10002\search_of_childcare\nanny\range_0_12\page_1.json
[2025-04-02 17:04:31] INFO - Finished range [0, 12] with status='success'. Total pages: 1, total caregivers: 9.
[2025-04-02 17:04:31] INFO - Checking pay range [13, 25]...
[2025-04-02 17:04:33] INFO -   => totalHits = 2016
[2025-04-02 17:04:33] INFO -   => Splitting into [13, 19] and [20, 25].
[2025-04-02 17:04:33] INFO - Checking pay range [26, 38]...
[2025-04-02 17:04:34] INFO -   => totalHits = 4486
[2025-04-02 17:04:34] INFO -   => Splitting into [26, 32] and [33, 38].
[2025-04-02 17:04:34] INFO - Checking pay range [39, 50]...
[2025-04-02 17:04:36] INFO -   => totalHits = 56
[2025-04-02 17:04:36] INFO - Fetching data for pay range [39, 50]...
[2025-04-02 17:04:37] INFO -   - Page 1 => 10 caregivers, saved to raw_data\USA\10002\search_of_childcare\nanny\range_39_50\page_1.json
[2025-04-02 17:04:37] INFO -   - Next endCursor: U2VlZD0wLEluZGV4PTEwLFBhZ2VTY3JvbGxJZD02MDBiZTIzYTM0YWY0ZDU0ODExNmI2YWQzMGI1NDk3ZQ==
[2025-04-02 17:04:39] INFO -   - Page 2 => 10 caregivers, saved to raw_data\USA\10002\search_of_childcare\nanny\range_39_50\page_2.json
[2025-04-02 17:04:39] INFO -   - Next endCursor: U2VlZD0wLEluZGV4PTIwLFBhZ2VTY3JvbGxJZD02MDBiZTIzYTM0YWY0ZDU0ODExNmI2YWQzMGI1NDk3ZQ==
[2025-04-02 17:04:40] INFO -   - Page 3 => 10 caregivers, saved to raw_data\USA\10002\search_of_childcare\nanny\range_39_50\page_3.json
[2025-04-02 17:04:40] INFO -   - Next endCursor: U2VlZD0wLEluZGV4PTMwLFBhZ2VTY3JvbGxJZD02MDBiZTIzYTM0YWY0ZDU0ODExNmI2YWQzMGI1NDk3ZQ==
[2025-04-02 17:04:41] INFO -   - Page 4 => 10 caregivers, saved to raw_data\USA\10002\search_of_childcare\nanny\range_39_50\page_4.json
[2025-04-02 17:04:41] INFO -   - Next endCursor: U2VlZD0wLEluZGV4PTQwLFBhZ2VTY3JvbGxJZD02MDBiZTIzYTM0YWY0ZDU0ODExNmI2YWQzMGI1NDk3ZQ==
[2025-04-02 17:04:42] INFO -   - Page 5 => 10 caregivers, saved to raw_data\USA\10002\search_of_childcare\nanny\range_39_50\page_5.json
[2025-04-02 17:04:42] INFO -   - Next endCursor: U2VlZD0wLEluZGV4PTUwLFBhZ2VTY3JvbGxJZD02MDBiZTIzYTM0YWY0ZDU0ODExNmI2YWQzMGI1NDk3ZQ==
[2025-04-02 17:04:44] INFO -   - Page 6 => 6 caregivers, saved to raw_data\USA\10002\search_of_childcare\nanny\range_39_50\page_6.json
[2025-04-02 17:04:44] INFO - Finished range [39, 50] with status='success'. Total pages: 6, total caregivers: 56.
[2025-04-02 17:04:44] INFO - Checking pay range [13, 19]...
[2025-04-02 17:04:45] INFO -   => totalHits = 378
[2025-04-02 17:04:45] INFO - Fetching data for pay range [13, 19]...
[2025-04-02 17:04:47] INFO -   - Page 1 => 10 caregivers, saved to raw_data\USA\10002\search_of_childcare\nanny\range_13_19\page_1.json
[2025-04-02 17:04:47] INFO -   - Next endCursor: U2VlZD0wLEluZGV4PTEwLFBhZ2VTY3JvbGxJZD01ZTVmYmQzMjcyZGQ0MjhhOWU5NzNiYTExOTBmZjE0Mg==
[2025-04-02 17:04:48] INFO -   - Page 2 => 10 caregivers, saved to raw_data\USA\10002\search_of_childcare\nanny\range_13_19\page_2.json
[2025-04-02 17:04:48] INFO -   - Next endCursor: U2VlZD0wLEluZGV4PTIwLFBhZ2VTY3JvbGxJZD01ZTVmYmQzMjcyZGQ0MjhhOWU5NzNiYTExOTBmZjE0Mg==
[2025-04-02 17:04:49] INFO -   - Page 3 => 10 caregivers, saved to raw_data\USA\10002\search_of_childcare\nanny\range_13_19\page_3.json
[2025-04-02 17:04:49] INFO -   - Next endCursor: U2VlZD0wLEluZGV4PTMwLFBhZ2VTY3JvbGxJZD01ZTVmYmQzMjcyZGQ0MjhhOWU5NzNiYTExOTBmZjE0Mg==
[2025-04-02 17:04:51] INFO -   - Page 4 => 10 caregivers, saved to raw_data\USA\10002\search_of_childcare\nanny\range_13_19\page_4.json
[2025-04-02 17:04:51] INFO -   - Next endCursor: U2VlZD0wLEluZGV4PTQwLFBhZ2VTY3JvbGxJZD01ZTVmYmQzMjcyZGQ0MjhhOWU5NzNiYTExOTBmZjE0Mg==
[2025-04-02 17:04:52] INFO -   - Page 5 => 10 caregivers, saved to raw_data\USA\10002\search_of_childcare\nanny\range_13_19\page_5.json
[2025-04-02 17:04:52] INFO -   - Next endCursor: U2VlZD0wLEluZGV4PTUwLFBhZ2VTY3JvbGxJZD01ZTVmYmQzMjcyZGQ0MjhhOWU5NzNiYTExOTBmZjE0Mg==
[2025-04-02 17:04:53] INFO -   - Page 6 => 10 caregivers, saved to raw_data\USA\10002\search_of_childcare\nanny\range_13_19\page_6.json
[2025-04-02 17:04:53] INFO -   - Next endCursor: U2VlZD0wLEluZGV4PTYwLFBhZ2VTY3JvbGxJZD01ZTVmYmQzMjcyZGQ0MjhhOWU5NzNiYTExOTBmZjE0Mg==
[2025-04-02 17:04:55] INFO -   - Page 7 => 10 caregivers, saved to raw_data\USA\10002\search_of_childcare\nanny\range_13_19\page_7.json
[2025-04-02 17:04:55] INFO -   - Next endCursor: U2VlZD0wLEluZGV4PTcwLFBhZ2VTY3JvbGxJZD01ZTVmYmQzMjcyZGQ0MjhhOWU5NzNiYTExOTBmZjE0Mg==
[2025-04-02 17:04:56] INFO -   - Page 8 => 10 caregivers, saved to raw_data\USA\10002\search_of_childcare\nanny\range_13_19\page_8.json
[2025-04-02 17:04:56] INFO -   - Next endCursor: U2VlZD0wLEluZGV4PTgwLFBhZ2VTY3JvbGxJZD01ZTVmYmQzMjcyZGQ0MjhhOWU5NzNiYTExOTBmZjE0Mg==
[2025-04-02 17:04:57] INFO -   - Page 9 => 10 caregivers, saved to raw_data\USA\10002\search_of_childcare\nanny\range_13_19\page_9.json
[2025-04-02 17:04:57] INFO -   - Next endCursor: U2VlZD0wLEluZGV4PTkwLFBhZ2VTY3JvbGxJZD01ZTVmYmQzMjcyZGQ0MjhhOWU5NzNiYTExOTBmZjE0Mg==
[2025-04-02 17:04:59] INFO -   - Page 10 => 10 caregivers, saved to raw_data\USA\10002\search_of_childcare\nanny\range_13_19\page_10.json
[2025-04-02 17:04:59] INFO -   - Next endCursor: U2VlZD0wLEluZGV4PTEwMCxQYWdlU2Nyb2xsSWQ9NWU1ZmJkMzI3MmRkNDI4YTllOTczYmExMTkwZmYxNDI=
[2025-04-02 17:05:00] INFO -   - Page 11 => 10 caregivers, saved to raw_data\USA\10002\search_of_childcare\nanny\range_13_19\page_11.json
[2025-04-02 17:05:00] INFO -   - Next endCursor: U2VlZD0wLEluZGV4PTExMCxQYWdlU2Nyb2xsSWQ9NWU1ZmJkMzI3MmRkNDI4YTllOTczYmExMTkwZmYxNDI=
[2025-04-02 17:05:01] INFO -   - Page 12 => 10 caregivers, saved to raw_data\USA\10002\search_of_childcare\nanny\range_13_19\page_12.json
[2025-04-02 17:05:01] INFO -   - Next endCursor: U2VlZD0wLEluZGV4PTEyMCxQYWdlU2Nyb2xsSWQ9NWU1ZmJkMzI3MmRkNDI4YTllOTczYmExMTkwZmYxNDI=
[2025-04-02 17:05:03] INFO -   - Page 13 => 10 caregivers, saved to raw_data\USA\10002\search_of_childcare\nanny\range_13_19\page_13.json
[2025-04-02 17:05:03] INFO -   - Next endCursor: U2VlZD0wLEluZGV4PTEzMCxQYWdlU2Nyb2xsSWQ9NWU1ZmJkMzI3MmRkNDI4YTllOTczYmExMTkwZmYxNDI=
[2025-04-02 17:05:05] INFO -   - Page 14 => 10 caregivers, saved to raw_data\USA\10002\search_of_childcare\nanny\range_13_19\page_14.json
[2025-04-02 17:05:05] INFO -   - Next endCursor: U2VlZD0wLEluZGV4PTE0MCxQYWdlU2Nyb2xsSWQ9NWU1ZmJkMzI3MmRkNDI4YTllOTczYmExMTkwZmYxNDI=
[2025-04-02 17:05:06] INFO -   - Page 15 => 10 caregivers, saved to raw_data\USA\10002\search_of_childcare\nanny\range_13_19\page_15.json
[2025-04-02 17:05:06] INFO -   - Next endCursor: U2VlZD0wLEluZGV4PTE1MCxQYWdlU2Nyb2xsSWQ9NWU1ZmJkMzI3MmRkNDI4YTllOTczYmExMTkwZmYxNDI=
[2025-04-02 17:05:08] INFO -   - Page 16 => 10 caregivers, saved to raw_data\USA\10002\search_of_childcare\nanny\range_13_19\page_16.json
[2025-04-02 17:05:08] INFO -   - Next endCursor: U2VlZD0wLEluZGV4PTE2MCxQYWdlU2Nyb2xsSWQ9NWU1ZmJkMzI3MmRkNDI4YTllOTczYmExMTkwZmYxNDI=
[2025-04-02 17:05:09] INFO -   - Page 17 => 10 caregivers, saved to raw_data\USA\10002\search_of_childcare\nanny\range_13_19\page_17.json
[2025-04-02 17:05:09] INFO -   - Next endCursor: U2VlZD0wLEluZGV4PTE3MCxQYWdlU2Nyb2xsSWQ9NWU1ZmJkMzI3MmRkNDI4YTllOTczYmExMTkwZmYxNDI=
[2025-04-02 17:05:10] INFO -   - Page 18 => 10 caregivers, saved to raw_data\USA\10002\search_of_childcare\nanny\range_13_19\page_18.json
[2025-04-02 17:05:10] INFO -   - Next endCursor: U2VlZD0wLEluZGV4PTE4MCxQYWdlU2Nyb2xsSWQ9NWU1ZmJkMzI3MmRkNDI4YTllOTczYmExMTkwZmYxNDI=
[2025-04-02 17:05:12] INFO -   - Page 19 => 10 caregivers, saved to raw_data\USA\10002\search_of_childcare\nanny\range_13_19\page_19.json
[2025-04-02 17:05:12] INFO -   - Next endCursor: U2VlZD0wLEluZGV4PTE5MCxQYWdlU2Nyb2xsSWQ9NWU1ZmJkMzI3MmRkNDI4YTllOTczYmExMTkwZmYxNDI=
[2025-04-02 17:05:13] INFO -   - Page 20 => 10 caregivers, saved to raw_data\USA\10002\search_of_childcare\nanny\range_13_19\page_20.json
[2025-04-02 17:05:13] INFO -   - Next endCursor: U2VlZD0wLEluZGV4PTIwMCxQYWdlU2Nyb2xsSWQ9NWU1ZmJkMzI3MmRkNDI4YTllOTczYmExMTkwZmYxNDI=
[2025-04-02 17:05:15] INFO -   - Page 21 => 10 caregivers, saved to raw_data\USA\10002\search_of_childcare\nanny\range_13_19\page_21.json
[2025-04-02 17:05:15] INFO -   - Next endCursor: U2VlZD0wLEluZGV4PTIxMCxQYWdlU2Nyb2xsSWQ9NWU1ZmJkMzI3MmRkNDI4YTllOTczYmExMTkwZmYxNDI=
[2025-04-02 17:05:16] INFO -   - Page 22 => 10 caregivers, saved to raw_data\USA\10002\search_of_childcare\nanny\range_13_19\page_22.json
[2025-04-02 17:05:16] INFO -   - Next endCursor: U2VlZD0wLEluZGV4PTIyMCxQYWdlU2Nyb2xsSWQ9NWU1ZmJkMzI3MmRkNDI4YTllOTczYmExMTkwZmYxNDI=
[2025-04-02 17:05:17] INFO -   - Page 23 => 10 caregivers, saved to raw_data\USA\10002\search_of_childcare\nanny\range_13_19\page_23.json
[2025-04-02 17:05:17] INFO -   - Next endCursor: U2VlZD0wLEluZGV4PTIzMCxQYWdlU2Nyb2xsSWQ9NWU1ZmJkMzI3MmRkNDI4YTllOTczYmExMTkwZmYxNDI=
[2025-04-02 17:05:19] INFO -   - Page 24 => 10 caregivers, saved to raw_data\USA\10002\search_of_childcare\nanny\range_13_19\page_24.json
[2025-04-02 17:05:19] INFO -   - Next endCursor: U2VlZD0wLEluZGV4PTI0MCxQYWdlU2Nyb2xsSWQ9NWU1ZmJkMzI3MmRkNDI4YTllOTczYmExMTkwZmYxNDI=
[2025-04-02 17:05:20] INFO -   - Page 25 => 10 caregivers, saved to raw_data\USA\10002\search_of_childcare\nanny\range_13_19\page_25.json
[2025-04-02 17:05:20] INFO -   - Next endCursor: U2VlZD0wLEluZGV4PTI1MCxQYWdlU2Nyb2xsSWQ9NWU1ZmJkMzI3MmRkNDI4YTllOTczYmExMTkwZmYxNDI=
[2025-04-02 17:05:22] INFO -   - Page 26 => 10 caregivers, saved to raw_data\USA\10002\search_of_childcare\nanny\range_13_19\page_26.json
[2025-04-02 17:05:22] INFO -   - Next endCursor: U2VlZD0wLEluZGV4PTI2MCxQYWdlU2Nyb2xsSWQ9NWU1ZmJkMzI3MmRkNDI4YTllOTczYmExMTkwZmYxNDI=
[2025-04-02 17:05:23] INFO -   - Page 27 => 10 caregivers, saved to raw_data\USA\10002\search_of_childcare\nanny\range_13_19\page_27.json
[2025-04-02 17:05:23] INFO -   - Next endCursor: U2VlZD0wLEluZGV4PTI3MCxQYWdlU2Nyb2xsSWQ9NWU1ZmJkMzI3MmRkNDI4YTllOTczYmExMTkwZmYxNDI=
[2025-04-02 17:05:25] INFO -   - Page 28 => 10 caregivers, saved to raw_data\USA\10002\search_of_childcare\nanny\range_13_19\page_28.json
[2025-04-02 17:05:25] INFO -   - Next endCursor: U2VlZD0wLEluZGV4PTI4MCxQYWdlU2Nyb2xsSWQ9NWU1ZmJkMzI3MmRkNDI4YTllOTczYmExMTkwZmYxNDI=
[2025-04-02 17:05:26] INFO -   - Page 29 => 10 caregivers, saved to raw_data\USA\10002\search_of_childcare\nanny\range_13_19\page_29.json
[2025-04-02 17:05:26] INFO -   - Next endCursor: U2VlZD0wLEluZGV4PTI5MCxQYWdlU2Nyb2xsSWQ9NWU1ZmJkMzI3MmRkNDI4YTllOTczYmExMTkwZmYxNDI=
[2025-04-02 17:05:27] INFO -   - Page 30 => 10 caregivers, saved to raw_data\USA\10002\search_of_childcare\nanny\range_13_19\page_30.json
[2025-04-02 17:05:27] INFO -   - Next endCursor: U2VlZD0wLEluZGV4PTMwMCxQYWdlU2Nyb2xsSWQ9NWU1ZmJkMzI3MmRkNDI4YTllOTczYmExMTkwZmYxNDI=
[2025-04-02 17:05:29] INFO -   - Page 31 => 10 caregivers, saved to raw_data\USA\10002\search_of_childcare\nanny\range_13_19\page_31.json
[2025-04-02 17:05:29] INFO -   - Next endCursor: U2VlZD0wLEluZGV4PTMxMCxQYWdlU2Nyb2xsSWQ9NWU1ZmJkMzI3MmRkNDI4YTllOTczYmExMTkwZmYxNDI=
[2025-04-02 17:05:30] INFO -   - Page 32 => 10 caregivers, saved to raw_data\USA\10002\search_of_childcare\nanny\range_13_19\page_32.json
[2025-04-02 17:05:30] INFO -   - Next endCursor: U2VlZD0wLEluZGV4PTMyMCxQYWdlU2Nyb2xsSWQ9NWU1ZmJkMzI3MmRkNDI4YTllOTczYmExMTkwZmYxNDI=
[2025-04-02 17:05:32] INFO -   - Page 33 => 10 caregivers, saved to raw_data\USA\10002\search_of_childcare\nanny\range_13_19\page_33.json
[2025-04-02 17:05:32] INFO -   - Next endCursor: U2VlZD0wLEluZGV4PTMzMCxQYWdlU2Nyb2xsSWQ9NWU1ZmJkMzI3MmRkNDI4YTllOTczYmExMTkwZmYxNDI=
[2025-04-02 17:05:33] INFO -   - Page 34 => 10 caregivers, saved to raw_data\USA\10002\search_of_childcare\nanny\range_13_19\page_34.json
[2025-04-02 17:05:33] INFO -   - Next endCursor: U2VlZD0wLEluZGV4PTM0MCxQYWdlU2Nyb2xsSWQ9NWU1ZmJkMzI3MmRkNDI4YTllOTczYmExMTkwZmYxNDI=
[2025-04-02 17:05:35] INFO -   - Page 35 => 10 caregivers, saved to raw_data\USA\10002\search_of_childcare\nanny\range_13_19\page_35.json
[2025-04-02 17:05:35] INFO -   - Next endCursor: U2VlZD0wLEluZGV4PTM1MCxQYWdlU2Nyb2xsSWQ9NWU1ZmJkMzI3MmRkNDI4YTllOTczYmExMTkwZmYxNDI=
[2025-04-02 17:05:36] INFO -   - Page 36 => 10 caregivers, saved to raw_data\USA\10002\search_of_childcare\nanny\range_13_19\page_36.json
[2025-04-02 17:05:36] INFO -   - Next endCursor: U2VlZD0wLEluZGV4PTM2MCxQYWdlU2Nyb2xsSWQ9NWU1ZmJkMzI3MmRkNDI4YTllOTczYmExMTkwZmYxNDI=
[2025-04-02 17:05:37] INFO -   - Page 37 => 10 caregivers, saved to raw_data\USA\10002\search_of_childcare\nanny\range_13_19\page_37.json
[2025-04-02 17:05:37] INFO -   - Next endCursor: U2VlZD0wLEluZGV4PTM3MCxQYWdlU2Nyb2xsSWQ9NWU1ZmJkMzI3MmRkNDI4YTllOTczYmExMTkwZmYxNDI=
[2025-04-02 17:05:39] INFO -   - Page 38 => 8 caregivers, saved to raw_data\USA\10002\search_of_childcare\nanny\range_13_19\page_38.json
[2025-04-02 17:05:39] INFO - Finished range [13, 19] with status='success'. Total pages: 38, total caregivers: 378.
[2025-04-02 17:05:39] INFO - Checking pay range [20, 25]...
[2025-04-02 17:05:40] INFO -   => totalHits = 1638
[2025-04-02 17:05:40] INFO -   => Splitting into [20, 22] and [23, 25].
[2025-04-02 17:05:40] INFO - Checking pay range [26, 32]...
[2025-04-02 17:05:42] INFO -   => totalHits = 4385
[2025-04-02 17:05:42] INFO -   => Splitting into [26, 29] and [30, 32].
[2025-04-02 17:05:42] INFO - Checking pay range [33, 38]...
[2025-04-02 17:05:43] INFO -   => totalHits = 101
[2025-04-02 17:05:43] INFO - Fetching data for pay range [33, 38]...
[2025-04-02 17:05:44] INFO -   - Page 1 => 10 caregivers, saved to raw_data\USA\10002\search_of_childcare\nanny\range_33_38\page_1.json
[2025-04-02 17:05:44] INFO -   - Next endCursor: U2VlZD0wLEluZGV4PTEwLFBhZ2VTY3JvbGxJZD03ZGQyMTFjM2YxMjI0NDcyYTdhOWIwNDMyYWQ1MmU3Mw==
[2025-04-02 17:05:46] INFO -   - Page 2 => 10 caregivers, saved to raw_data\USA\10002\search_of_childcare\nanny\range_33_38\page_2.json
[2025-04-02 17:05:46] INFO -   - Next endCursor: U2VlZD0wLEluZGV4PTIwLFBhZ2VTY3JvbGxJZD03ZGQyMTFjM2YxMjI0NDcyYTdhOWIwNDMyYWQ1MmU3Mw==
[2025-04-02 17:05:47] INFO -   - Page 3 => 10 caregivers, saved to raw_data\USA\10002\search_of_childcare\nanny\range_33_38\page_3.json
[2025-04-02 17:05:47] INFO -   - Next endCursor: U2VlZD0wLEluZGV4PTMwLFBhZ2VTY3JvbGxJZD03ZGQyMTFjM2YxMjI0NDcyYTdhOWIwNDMyYWQ1MmU3Mw==
[2025-04-02 17:05:48] INFO -   - Page 4 => 10 caregivers, saved to raw_data\USA\10002\search_of_childcare\nanny\range_33_38\page_4.json
[2025-04-02 17:05:48] INFO -   - Next endCursor: U2VlZD0wLEluZGV4PTQwLFBhZ2VTY3JvbGxJZD03ZGQyMTFjM2YxMjI0NDcyYTdhOWIwNDMyYWQ1MmU3Mw==
[2025-04-02 17:05:50] INFO -   - Page 5 => 10 caregivers, saved to raw_data\USA\10002\search_of_childcare\nanny\range_33_38\page_5.json
[2025-04-02 17:05:50] INFO -   - Next endCursor: U2VlZD0wLEluZGV4PTUwLFBhZ2VTY3JvbGxJZD03ZGQyMTFjM2YxMjI0NDcyYTdhOWIwNDMyYWQ1MmU3Mw==
[2025-04-02 17:05:51] INFO -   - Page 6 => 10 caregivers, saved to raw_data\USA\10002\search_of_childcare\nanny\range_33_38\page_6.json
[2025-04-02 17:05:51] INFO -   - Next endCursor: U2VlZD0wLEluZGV4PTYwLFBhZ2VTY3JvbGxJZD03ZGQyMTFjM2YxMjI0NDcyYTdhOWIwNDMyYWQ1MmU3Mw==
[2025-04-02 17:05:52] INFO -   - Page 7 => 10 caregivers, saved to raw_data\USA\10002\search_of_childcare\nanny\range_33_38\page_7.json
[2025-04-02 17:05:52] INFO -   - Next endCursor: U2VlZD0wLEluZGV4PTcwLFBhZ2VTY3JvbGxJZD03ZGQyMTFjM2YxMjI0NDcyYTdhOWIwNDMyYWQ1MmU3Mw==
[2025-04-02 17:05:54] INFO -   - Page 8 => 10 caregivers, saved to raw_data\USA\10002\search_of_childcare\nanny\range_33_38\page_8.json
[2025-04-02 17:05:54] INFO -   - Next endCursor: U2VlZD0wLEluZGV4PTgwLFBhZ2VTY3JvbGxJZD03ZGQyMTFjM2YxMjI0NDcyYTdhOWIwNDMyYWQ1MmU3Mw==
[2025-04-02 17:05:55] INFO -   - Page 9 => 10 caregivers, saved to raw_data\USA\10002\search_of_childcare\nanny\range_33_38\page_9.json
[2025-04-02 17:05:55] INFO -   - Next endCursor: U2VlZD0wLEluZGV4PTkwLFBhZ2VTY3JvbGxJZD03ZGQyMTFjM2YxMjI0NDcyYTdhOWIwNDMyYWQ1MmU3Mw==
[2025-04-02 17:05:57] INFO -   - Page 10 => 10 caregivers, saved to raw_data\USA\10002\search_of_childcare\nanny\range_33_38\page_10.json
[2025-04-02 17:05:57] INFO -   - Next endCursor: U2VlZD0wLEluZGV4PTEwMCxQYWdlU2Nyb2xsSWQ9N2RkMjExYzNmMTIyNDQ3MmE3YTliMDQzMmFkNTJlNzM=
[2025-04-02 17:05:59] INFO -   - Page 11 => 1 caregivers, saved to raw_data\USA\10002\search_of_childcare\nanny\range_33_38\page_11.json
[2025-04-02 17:05:59] INFO - Finished range [33, 38] with status='success'. Total pages: 11, total caregivers: 101.
[2025-04-02 17:05:59] INFO - Checking pay range [20, 22]...
[2025-04-02 17:06:00] INFO -   => totalHits = 776
[2025-04-02 17:06:00] INFO -   => Splitting into [20, 21] and [22, 22].
[2025-04-02 17:06:00] INFO - Checking pay range [23, 25]...
[2025-04-02 17:06:02] INFO -   => totalHits = 862
[2025-04-02 17:06:02] INFO -   => Splitting into [23, 24] and [25, 25].
[2025-04-02 17:06:02] INFO - Checking pay range [26, 29]...
[2025-04-02 17:06:03] INFO -   => totalHits = 3973
[2025-04-02 17:06:03] INFO -   => Splitting into [26, 27] and [28, 29].
[2025-04-02 17:06:03] INFO - Checking pay range [30, 32]...
[2025-04-02 17:06:05] INFO -   => totalHits = 412
[2025-04-02 17:06:05] INFO - Fetching data for pay range [30, 32]...
[2025-04-02 17:06:06] INFO -   - Page 1 => 10 caregivers, saved to raw_data\USA\10002\search_of_childcare\nanny\range_30_32\page_1.json
[2025-04-02 17:06:06] INFO -   - Next endCursor: U2VlZD0wLEluZGV4PTEwLFBhZ2VTY3JvbGxJZD00MmE0OGZjNmIzY2Q0N2Q3YmJiYjllY2NjNjQwNTlhYg==
[2025-04-02 17:06:07] INFO -   - Page 2 => 10 caregivers, saved to raw_data\USA\10002\search_of_childcare\nanny\range_30_32\page_2.json
[2025-04-02 17:06:07] INFO -   - Next endCursor: U2VlZD0wLEluZGV4PTIwLFBhZ2VTY3JvbGxJZD00MmE0OGZjNmIzY2Q0N2Q3YmJiYjllY2NjNjQwNTlhYg==
[2025-04-02 17:06:09] INFO -   - Page 3 => 10 caregivers, saved to raw_data\USA\10002\search_of_childcare\nanny\range_30_32\page_3.json
[2025-04-02 17:06:09] INFO -   - Next endCursor: U2VlZD0wLEluZGV4PTMwLFBhZ2VTY3JvbGxJZD00MmE0OGZjNmIzY2Q0N2Q3YmJiYjllY2NjNjQwNTlhYg==
[2025-04-02 17:06:11] INFO -   - Page 4 => 10 caregivers, saved to raw_data\USA\10002\search_of_childcare\nanny\range_30_32\page_4.json
[2025-04-02 17:06:11] INFO -   - Next endCursor: U2VlZD0wLEluZGV4PTQwLFBhZ2VTY3JvbGxJZD00MmE0OGZjNmIzY2Q0N2Q3YmJiYjllY2NjNjQwNTlhYg==
[2025-04-02 17:06:12] INFO -   - Page 5 => 10 caregivers, saved to raw_data\USA\10002\search_of_childcare\nanny\range_30_32\page_5.json
[2025-04-02 17:06:12] INFO -   - Next endCursor: U2VlZD0wLEluZGV4PTUwLFBhZ2VTY3JvbGxJZD00MmE0OGZjNmIzY2Q0N2Q3YmJiYjllY2NjNjQwNTlhYg==
[2025-04-02 17:06:14] INFO -   - Page 6 => 10 caregivers, saved to raw_data\USA\10002\search_of_childcare\nanny\range_30_32\page_6.json
[2025-04-02 17:06:14] INFO -   - Next endCursor: U2VlZD0wLEluZGV4PTYwLFBhZ2VTY3JvbGxJZD00MmE0OGZjNmIzY2Q0N2Q3YmJiYjllY2NjNjQwNTlhYg==
[2025-04-02 17:06:16] INFO -   - Page 7 => 10 caregivers, saved to raw_data\USA\10002\search_of_childcare\nanny\range_30_32\page_7.json
[2025-04-02 17:06:16] INFO -   - Next endCursor: U2VlZD0wLEluZGV4PTcwLFBhZ2VTY3JvbGxJZD00MmE0OGZjNmIzY2Q0N2Q3YmJiYjllY2NjNjQwNTlhYg==
[2025-04-02 17:06:18] INFO -   - Page 8 => 10 caregivers, saved to raw_data\USA\10002\search_of_childcare\nanny\range_30_32\page_8.json
[2025-04-02 17:06:18] INFO -   - Next endCursor: U2VlZD0wLEluZGV4PTgwLFBhZ2VTY3JvbGxJZD00MmE0OGZjNmIzY2Q0N2Q3YmJiYjllY2NjNjQwNTlhYg==
[2025-04-02 17:06:19] INFO -   - Page 9 => 10 caregivers, saved to raw_data\USA\10002\search_of_childcare\nanny\range_30_32\page_9.json
[2025-04-02 17:06:19] INFO -   - Next endCursor: U2VlZD0wLEluZGV4PTkwLFBhZ2VTY3JvbGxJZD00MmE0OGZjNmIzY2Q0N2Q3YmJiYjllY2NjNjQwNTlhYg==
[2025-04-02 17:06:21] INFO -   - Page 10 => 10 caregivers, saved to raw_data\USA\10002\search_of_childcare\nanny\range_30_32\page_10.json
[2025-04-02 17:06:21] INFO -   - Next endCursor: U2VlZD0wLEluZGV4PTEwMCxQYWdlU2Nyb2xsSWQ9NDJhNDhmYzZiM2NkNDdkN2JiYmI5ZWNjYzY0MDU5YWI=
[2025-04-02 17:06:22] INFO -   - Page 11 => 10 caregivers, saved to raw_data\USA\10002\search_of_childcare\nanny\range_30_32\page_11.json
[2025-04-02 17:06:22] INFO -   - Next endCursor: U2VlZD0wLEluZGV4PTExMCxQYWdlU2Nyb2xsSWQ9NDJhNDhmYzZiM2NkNDdkN2JiYmI5ZWNjYzY0MDU5YWI=
[2025-04-02 17:06:23] INFO -   - Page 12 => 10 caregivers, saved to raw_data\USA\10002\search_of_childcare\nanny\range_30_32\page_12.json
[2025-04-02 17:06:23] INFO -   - Next endCursor: U2VlZD0wLEluZGV4PTEyMCxQYWdlU2Nyb2xsSWQ9NDJhNDhmYzZiM2NkNDdkN2JiYmI5ZWNjYzY0MDU5YWI=
[2025-04-02 17:06:25] INFO -   - Page 13 => 10 caregivers, saved to raw_data\USA\10002\search_of_childcare\nanny\range_30_32\page_13.json
[2025-04-02 17:06:25] INFO -   - Next endCursor: U2VlZD0wLEluZGV4PTEzMCxQYWdlU2Nyb2xsSWQ9NDJhNDhmYzZiM2NkNDdkN2JiYmI5ZWNjYzY0MDU5YWI=
[2025-04-02 17:06:27] INFO -   - Page 14 => 10 caregivers, saved to raw_data\USA\10002\search_of_childcare\nanny\range_30_32\page_14.json
[2025-04-02 17:06:27] INFO -   - Next endCursor: U2VlZD0wLEluZGV4PTE0MCxQYWdlU2Nyb2xsSWQ9NDJhNDhmYzZiM2NkNDdkN2JiYmI5ZWNjYzY0MDU5YWI=
[2025-04-02 17:06:29] INFO -   - Page 15 => 10 caregivers, saved to raw_data\USA\10002\search_of_childcare\nanny\range_30_32\page_15.json
[2025-04-02 17:06:29] INFO -   - Next endCursor: U2VlZD0wLEluZGV4PTE1MCxQYWdlU2Nyb2xsSWQ9NDJhNDhmYzZiM2NkNDdkN2JiYmI5ZWNjYzY0MDU5YWI=
[2025-04-02 17:06:30] INFO -   - Page 16 => 10 caregivers, saved to raw_data\USA\10002\search_of_childcare\nanny\range_30_32\page_16.json
[2025-04-02 17:06:30] INFO -   - Next endCursor: U2VlZD0wLEluZGV4PTE2MCxQYWdlU2Nyb2xsSWQ9NDJhNDhmYzZiM2NkNDdkN2JiYmI5ZWNjYzY0MDU5YWI=
[2025-04-02 17:06:32] INFO -   - Page 17 => 10 caregivers, saved to raw_data\USA\10002\search_of_childcare\nanny\range_30_32\page_17.json
[2025-04-02 17:06:32] INFO -   - Next endCursor: U2VlZD0wLEluZGV4PTE3MCxQYWdlU2Nyb2xsSWQ9NDJhNDhmYzZiM2NkNDdkN2JiYmI5ZWNjYzY0MDU5YWI=
[2025-04-02 17:06:33] INFO -   - Page 18 => 10 caregivers, saved to raw_data\USA\10002\search_of_childcare\nanny\range_30_32\page_18.json
[2025-04-02 17:06:33] INFO -   - Next endCursor: U2VlZD0wLEluZGV4PTE4MCxQYWdlU2Nyb2xsSWQ9NDJhNDhmYzZiM2NkNDdkN2JiYmI5ZWNjYzY0MDU5YWI=
[2025-04-02 17:06:34] INFO -   - Page 19 => 10 caregivers, saved to raw_data\USA\10002\search_of_childcare\nanny\range_30_32\page_19.json
[2025-04-02 17:06:34] INFO -   - Next endCursor: U2VlZD0wLEluZGV4PTE5MCxQYWdlU2Nyb2xsSWQ9NDJhNDhmYzZiM2NkNDdkN2JiYmI5ZWNjYzY0MDU5YWI=
[2025-04-02 17:06:36] INFO -   - Page 20 => 10 caregivers, saved to raw_data\USA\10002\search_of_childcare\nanny\range_30_32\page_20.json
[2025-04-02 17:06:36] INFO -   - Next endCursor: U2VlZD0wLEluZGV4PTIwMCxQYWdlU2Nyb2xsSWQ9NDJhNDhmYzZiM2NkNDdkN2JiYmI5ZWNjYzY0MDU5YWI=
[2025-04-02 17:06:37] INFO -   - Page 21 => 10 caregivers, saved to raw_data\USA\10002\search_of_childcare\nanny\range_30_32\page_21.json
[2025-04-02 17:06:37] INFO -   - Next endCursor: U2VlZD0wLEluZGV4PTIxMCxQYWdlU2Nyb2xsSWQ9NDJhNDhmYzZiM2NkNDdkN2JiYmI5ZWNjYzY0MDU5YWI=
[2025-04-02 17:06:38] INFO -   - Page 22 => 10 caregivers, saved to raw_data\USA\10002\search_of_childcare\nanny\range_30_32\page_22.json
[2025-04-02 17:06:38] INFO -   - Next endCursor: U2VlZD0wLEluZGV4PTIyMCxQYWdlU2Nyb2xsSWQ9NDJhNDhmYzZiM2NkNDdkN2JiYmI5ZWNjYzY0MDU5YWI=
[2025-04-02 17:06:40] INFO -   - Page 23 => 10 caregivers, saved to raw_data\USA\10002\search_of_childcare\nanny\range_30_32\page_23.json
[2025-04-02 17:06:40] INFO -   - Next endCursor: U2VlZD0wLEluZGV4PTIzMCxQYWdlU2Nyb2xsSWQ9NDJhNDhmYzZiM2NkNDdkN2JiYmI5ZWNjYzY0MDU5YWI=
[2025-04-02 17:06:41] INFO -   - Page 24 => 10 caregivers, saved to raw_data\USA\10002\search_of_childcare\nanny\range_30_32\page_24.json
[2025-04-02 17:06:41] INFO -   - Next endCursor: U2VlZD0wLEluZGV4PTI0MCxQYWdlU2Nyb2xsSWQ9NDJhNDhmYzZiM2NkNDdkN2JiYmI5ZWNjYzY0MDU5YWI=
[2025-04-02 17:06:43] INFO -   - Page 25 => 10 caregivers, saved to raw_data\USA\10002\search_of_childcare\nanny\range_30_32\page_25.json
[2025-04-02 17:06:43] INFO -   - Next endCursor: U2VlZD0wLEluZGV4PTI1MCxQYWdlU2Nyb2xsSWQ9NDJhNDhmYzZiM2NkNDdkN2JiYmI5ZWNjYzY0MDU5YWI=
[2025-04-02 17:06:44] INFO -   - Page 26 => 10 caregivers, saved to raw_data\USA\10002\search_of_childcare\nanny\range_30_32\page_26.json
[2025-04-02 17:06:44] INFO -   - Next endCursor: U2VlZD0wLEluZGV4PTI2MCxQYWdlU2Nyb2xsSWQ9NDJhNDhmYzZiM2NkNDdkN2JiYmI5ZWNjYzY0MDU5YWI=
[2025-04-02 17:06:46] INFO -   - Page 27 => 10 caregivers, saved to raw_data\USA\10002\search_of_childcare\nanny\range_30_32\page_27.json
[2025-04-02 17:06:46] INFO -   - Next endCursor: U2VlZD0wLEluZGV4PTI3MCxQYWdlU2Nyb2xsSWQ9NDJhNDhmYzZiM2NkNDdkN2JiYmI5ZWNjYzY0MDU5YWI=
[2025-04-02 17:06:47] INFO -   - Page 28 => 10 caregivers, saved to raw_data\USA\10002\search_of_childcare\nanny\range_30_32\page_28.json
[2025-04-02 17:06:47] INFO -   - Next endCursor: U2VlZD0wLEluZGV4PTI4MCxQYWdlU2Nyb2xsSWQ9NDJhNDhmYzZiM2NkNDdkN2JiYmI5ZWNjYzY0MDU5YWI=
[2025-04-02 17:06:49] INFO -   - Page 29 => 10 caregivers, saved to raw_data\USA\10002\search_of_childcare\nanny\range_30_32\page_29.json
[2025-04-02 17:06:49] INFO -   - Next endCursor: U2VlZD0wLEluZGV4PTI5MCxQYWdlU2Nyb2xsSWQ9NDJhNDhmYzZiM2NkNDdkN2JiYmI5ZWNjYzY0MDU5YWI=
[2025-04-02 17:06:51] INFO -   - Page 30 => 10 caregivers, saved to raw_data\USA\10002\search_of_childcare\nanny\range_30_32\page_30.json
[2025-04-02 17:06:51] INFO -   - Next endCursor: U2VlZD0wLEluZGV4PTMwMCxQYWdlU2Nyb2xsSWQ9NDJhNDhmYzZiM2NkNDdkN2JiYmI5ZWNjYzY0MDU5YWI=
[2025-04-02 17:06:52] INFO -   - Page 31 => 10 caregivers, saved to raw_data\USA\10002\search_of_childcare\nanny\range_30_32\page_31.json
[2025-04-02 17:06:52] INFO -   - Next endCursor: U2VlZD0wLEluZGV4PTMxMCxQYWdlU2Nyb2xsSWQ9NDJhNDhmYzZiM2NkNDdkN2JiYmI5ZWNjYzY0MDU5YWI=
[2025-04-02 17:06:54] INFO -   - Page 32 => 10 caregivers, saved to raw_data\USA\10002\search_of_childcare\nanny\range_30_32\page_32.json
[2025-04-02 17:06:54] INFO -   - Next endCursor: U2VlZD0wLEluZGV4PTMyMCxQYWdlU2Nyb2xsSWQ9NDJhNDhmYzZiM2NkNDdkN2JiYmI5ZWNjYzY0MDU5YWI=
[2025-04-02 17:06:55] INFO -   - Page 33 => 10 caregivers, saved to raw_data\USA\10002\search_of_childcare\nanny\range_30_32\page_33.json
[2025-04-02 17:06:55] INFO -   - Next endCursor: U2VlZD0wLEluZGV4PTMzMCxQYWdlU2Nyb2xsSWQ9NDJhNDhmYzZiM2NkNDdkN2JiYmI5ZWNjYzY0MDU5YWI=
[2025-04-02 17:06:57] INFO -   - Page 34 => 10 caregivers, saved to raw_data\USA\10002\search_of_childcare\nanny\range_30_32\page_34.json
[2025-04-02 17:06:57] INFO -   - Next endCursor: U2VlZD0wLEluZGV4PTM0MCxQYWdlU2Nyb2xsSWQ9NDJhNDhmYzZiM2NkNDdkN2JiYmI5ZWNjYzY0MDU5YWI=
[2025-04-02 17:06:58] INFO -   - Page 35 => 10 caregivers, saved to raw_data\USA\10002\search_of_childcare\nanny\range_30_32\page_35.json
[2025-04-02 17:06:58] INFO -   - Next endCursor: U2VlZD0wLEluZGV4PTM1MCxQYWdlU2Nyb2xsSWQ9NDJhNDhmYzZiM2NkNDdkN2JiYmI5ZWNjYzY0MDU5YWI=
[2025-04-02 17:07:00] INFO -   - Page 36 => 10 caregivers, saved to raw_data\USA\10002\search_of_childcare\nanny\range_30_32\page_36.json
[2025-04-02 17:07:00] INFO -   - Next endCursor: U2VlZD0wLEluZGV4PTM2MCxQYWdlU2Nyb2xsSWQ9NDJhNDhmYzZiM2NkNDdkN2JiYmI5ZWNjYzY0MDU5YWI=
[2025-04-02 17:07:01] INFO -   - Page 37 => 10 caregivers, saved to raw_data\USA\10002\search_of_childcare\nanny\range_30_32\page_37.json
[2025-04-02 17:07:01] INFO -   - Next endCursor: U2VlZD0wLEluZGV4PTM3MCxQYWdlU2Nyb2xsSWQ9NDJhNDhmYzZiM2NkNDdkN2JiYmI5ZWNjYzY0MDU5YWI=
[2025-04-02 17:07:02] INFO -   - Page 38 => 10 caregivers, saved to raw_data\USA\10002\search_of_childcare\nanny\range_30_32\page_38.json
[2025-04-02 17:07:02] INFO -   - Next endCursor: U2VlZD0wLEluZGV4PTM4MCxQYWdlU2Nyb2xsSWQ9NDJhNDhmYzZiM2NkNDdkN2JiYmI5ZWNjYzY0MDU5YWI=
[2025-04-02 17:07:03] INFO -   - Page 39 => 10 caregivers, saved to raw_data\USA\10002\search_of_childcare\nanny\range_30_32\page_39.json
[2025-04-02 17:07:03] INFO -   - Next endCursor: U2VlZD0wLEluZGV4PTM5MCxQYWdlU2Nyb2xsSWQ9NDJhNDhmYzZiM2NkNDdkN2JiYmI5ZWNjYzY0MDU5YWI=
[2025-04-02 17:07:05] INFO -   - Page 40 => 10 caregivers, saved to raw_data\USA\10002\search_of_childcare\nanny\range_30_32\page_40.json
[2025-04-02 17:07:05] INFO -   - Next endCursor: U2VlZD0wLEluZGV4PTQwMCxQYWdlU2Nyb2xsSWQ9NDJhNDhmYzZiM2NkNDdkN2JiYmI5ZWNjYzY0MDU5YWI=
[2025-04-02 17:07:06] INFO -   - Page 41 => 10 caregivers, saved to raw_data\USA\10002\search_of_childcare\nanny\range_30_32\page_41.json
[2025-04-02 17:07:06] INFO -   - Next endCursor: U2VlZD0wLEluZGV4PTQxMCxQYWdlU2Nyb2xsSWQ9NDJhNDhmYzZiM2NkNDdkN2JiYmI5ZWNjYzY0MDU5YWI=
[2025-04-02 17:07:07] INFO -   - Page 42 => 2 caregivers, saved to raw_data\USA\10002\search_of_childcare\nanny\range_30_32\page_42.json
[2025-04-02 17:07:07] INFO - Finished range [30, 32] with status='success'. Total pages: 42, total caregivers: 412.
[2025-04-02 17:07:07] INFO - Checking pay range [20, 21]...
[2025-04-02 17:07:09] INFO -   => totalHits = 628
[2025-04-02 17:07:09] INFO -   => Splitting into [20, 20] and [21, 21].
[2025-04-02 17:07:09] INFO - Checking pay range [22, 22]...
[2025-04-02 17:07:10] INFO -   => totalHits = 148
[2025-04-02 17:07:10] INFO - Fetching data for pay range [22, 22]...
[2025-04-02 17:07:12] INFO -   - Page 1 => 10 caregivers, saved to raw_data\USA\10002\search_of_childcare\nanny\range_22_22\page_1.json
[2025-04-02 17:07:12] INFO -   - Next endCursor: U2VlZD0wLEluZGV4PTEwLFBhZ2VTY3JvbGxJZD00ZjNlYTk2OTFjNzI0ZDkzYWU2NjFhYmQwOTdmYTI4ZQ==
[2025-04-02 17:07:13] INFO -   - Page 2 => 10 caregivers, saved to raw_data\USA\10002\search_of_childcare\nanny\range_22_22\page_2.json
[2025-04-02 17:07:13] INFO -   - Next endCursor: U2VlZD0wLEluZGV4PTIwLFBhZ2VTY3JvbGxJZD00ZjNlYTk2OTFjNzI0ZDkzYWU2NjFhYmQwOTdmYTI4ZQ==
[2025-04-02 17:07:14] INFO -   - Page 3 => 10 caregivers, saved to raw_data\USA\10002\search_of_childcare\nanny\range_22_22\page_3.json
[2025-04-02 17:07:14] INFO -   - Next endCursor: U2VlZD0wLEluZGV4PTMwLFBhZ2VTY3JvbGxJZD00ZjNlYTk2OTFjNzI0ZDkzYWU2NjFhYmQwOTdmYTI4ZQ==
[2025-04-02 17:07:16] INFO -   - Page 4 => 10 caregivers, saved to raw_data\USA\10002\search_of_childcare\nanny\range_22_22\page_4.json
[2025-04-02 17:07:16] INFO -   - Next endCursor: U2VlZD0wLEluZGV4PTQwLFBhZ2VTY3JvbGxJZD00ZjNlYTk2OTFjNzI0ZDkzYWU2NjFhYmQwOTdmYTI4ZQ==
[2025-04-02 17:07:17] INFO -   - Page 5 => 10 caregivers, saved to raw_data\USA\10002\search_of_childcare\nanny\range_22_22\page_5.json
[2025-04-02 17:07:17] INFO -   - Next endCursor: U2VlZD0wLEluZGV4PTUwLFBhZ2VTY3JvbGxJZD00ZjNlYTk2OTFjNzI0ZDkzYWU2NjFhYmQwOTdmYTI4ZQ==
[2025-04-02 17:07:18] INFO -   - Page 6 => 10 caregivers, saved to raw_data\USA\10002\search_of_childcare\nanny\range_22_22\page_6.json
[2025-04-02 17:07:18] INFO -   - Next endCursor: U2VlZD0wLEluZGV4PTYwLFBhZ2VTY3JvbGxJZD00ZjNlYTk2OTFjNzI0ZDkzYWU2NjFhYmQwOTdmYTI4ZQ==
[2025-04-02 17:07:19] INFO -   - Page 7 => 10 caregivers, saved to raw_data\USA\10002\search_of_childcare\nanny\range_22_22\page_7.json
[2025-04-02 17:07:19] INFO -   - Next endCursor: U2VlZD0wLEluZGV4PTcwLFBhZ2VTY3JvbGxJZD00ZjNlYTk2OTFjNzI0ZDkzYWU2NjFhYmQwOTdmYTI4ZQ==
[2025-04-02 17:07:21] INFO -   - Page 8 => 10 caregivers, saved to raw_data\USA\10002\search_of_childcare\nanny\range_22_22\page_8.json
[2025-04-02 17:07:21] INFO -   - Next endCursor: U2VlZD0wLEluZGV4PTgwLFBhZ2VTY3JvbGxJZD00ZjNlYTk2OTFjNzI0ZDkzYWU2NjFhYmQwOTdmYTI4ZQ==
[2025-04-02 17:07:22] INFO -   - Page 9 => 10 caregivers, saved to raw_data\USA\10002\search_of_childcare\nanny\range_22_22\page_9.json
[2025-04-02 17:07:22] INFO -   - Next endCursor: U2VlZD0wLEluZGV4PTkwLFBhZ2VTY3JvbGxJZD00ZjNlYTk2OTFjNzI0ZDkzYWU2NjFhYmQwOTdmYTI4ZQ==
[2025-04-02 17:07:24] INFO -   - Page 10 => 10 caregivers, saved to raw_data\USA\10002\search_of_childcare\nanny\range_22_22\page_10.json
[2025-04-02 17:07:24] INFO -   - Next endCursor: U2VlZD0wLEluZGV4PTEwMCxQYWdlU2Nyb2xsSWQ9NGYzZWE5NjkxYzcyNGQ5M2FlNjYxYWJkMDk3ZmEyOGU=
[2025-04-02 17:07:25] INFO -   - Page 11 => 10 caregivers, saved to raw_data\USA\10002\search_of_childcare\nanny\range_22_22\page_11.json
[2025-04-02 17:07:25] INFO -   - Next endCursor: U2VlZD0wLEluZGV4PTExMCxQYWdlU2Nyb2xsSWQ9NGYzZWE5NjkxYzcyNGQ5M2FlNjYxYWJkMDk3ZmEyOGU=
[2025-04-02 17:07:26] INFO -   - Page 12 => 10 caregivers, saved to raw_data\USA\10002\search_of_childcare\nanny\range_22_22\page_12.json
[2025-04-02 17:07:26] INFO -   - Next endCursor: U2VlZD0wLEluZGV4PTEyMCxQYWdlU2Nyb2xsSWQ9NGYzZWE5NjkxYzcyNGQ5M2FlNjYxYWJkMDk3ZmEyOGU=
[2025-04-02 17:07:28] INFO -   - Page 13 => 10 caregivers, saved to raw_data\USA\10002\search_of_childcare\nanny\range_22_22\page_13.json
[2025-04-02 17:07:28] INFO -   - Next endCursor: U2VlZD0wLEluZGV4PTEzMCxQYWdlU2Nyb2xsSWQ9NGYzZWE5NjkxYzcyNGQ5M2FlNjYxYWJkMDk3ZmEyOGU=
[2025-04-02 17:07:29] INFO -   - Page 14 => 10 caregivers, saved to raw_data\USA\10002\search_of_childcare\nanny\range_22_22\page_14.json
[2025-04-02 17:07:29] INFO -   - Next endCursor: U2VlZD0wLEluZGV4PTE0MCxQYWdlU2Nyb2xsSWQ9NGYzZWE5NjkxYzcyNGQ5M2FlNjYxYWJkMDk3ZmEyOGU=
[2025-04-02 17:07:31] INFO -   - Page 15 => 8 caregivers, saved to raw_data\USA\10002\search_of_childcare\nanny\range_22_22\page_15.json
[2025-04-02 17:07:31] INFO - Finished range [22, 22] with status='success'. Total pages: 15, total caregivers: 148.
[2025-04-02 17:07:31] INFO - Checking pay range [23, 24]...
[2025-04-02 17:07:32] INFO -   => totalHits = 108
[2025-04-02 17:07:32] INFO - Fetching data for pay range [23, 24]...
[2025-04-02 17:07:34] INFO -   - Page 1 => 10 caregivers, saved to raw_data\USA\10002\search_of_childcare\nanny\range_23_24\page_1.json
[2025-04-02 17:07:34] INFO -   - Next endCursor: U2VlZD0wLEluZGV4PTEwLFBhZ2VTY3JvbGxJZD0xNGZjZjMxYTg2YWU0YmRiOWE0OGUwNjFhYTk1MDkzYg==
[2025-04-02 17:07:35] INFO -   - Page 2 => 10 caregivers, saved to raw_data\USA\10002\search_of_childcare\nanny\range_23_24\page_2.json
[2025-04-02 17:07:35] INFO -   - Next endCursor: U2VlZD0wLEluZGV4PTIwLFBhZ2VTY3JvbGxJZD0xNGZjZjMxYTg2YWU0YmRiOWE0OGUwNjFhYTk1MDkzYg==
[2025-04-02 17:07:37] INFO -   - Page 3 => 10 caregivers, saved to raw_data\USA\10002\search_of_childcare\nanny\range_23_24\page_3.json
[2025-04-02 17:07:37] INFO -   - Next endCursor: U2VlZD0wLEluZGV4PTMwLFBhZ2VTY3JvbGxJZD0xNGZjZjMxYTg2YWU0YmRiOWE0OGUwNjFhYTk1MDkzYg==
[2025-04-02 17:07:38] INFO -   - Page 4 => 10 caregivers, saved to raw_data\USA\10002\search_of_childcare\nanny\range_23_24\page_4.json
[2025-04-02 17:07:38] INFO -   - Next endCursor: U2VlZD0wLEluZGV4PTQwLFBhZ2VTY3JvbGxJZD0xNGZjZjMxYTg2YWU0YmRiOWE0OGUwNjFhYTk1MDkzYg==
[2025-04-02 17:07:39] INFO -   - Page 5 => 10 caregivers, saved to raw_data\USA\10002\search_of_childcare\nanny\range_23_24\page_5.json
[2025-04-02 17:07:39] INFO -   - Next endCursor: U2VlZD0wLEluZGV4PTUwLFBhZ2VTY3JvbGxJZD0xNGZjZjMxYTg2YWU0YmRiOWE0OGUwNjFhYTk1MDkzYg==
[2025-04-02 17:07:41] INFO -   - Page 6 => 10 caregivers, saved to raw_data\USA\10002\search_of_childcare\nanny\range_23_24\page_6.json
[2025-04-02 17:07:41] INFO -   - Next endCursor: U2VlZD0wLEluZGV4PTYwLFBhZ2VTY3JvbGxJZD0xNGZjZjMxYTg2YWU0YmRiOWE0OGUwNjFhYTk1MDkzYg==
[2025-04-02 17:07:42] INFO -   - Page 7 => 10 caregivers, saved to raw_data\USA\10002\search_of_childcare\nanny\range_23_24\page_7.json
[2025-04-02 17:07:42] INFO -   - Next endCursor: U2VlZD0wLEluZGV4PTcwLFBhZ2VTY3JvbGxJZD0xNGZjZjMxYTg2YWU0YmRiOWE0OGUwNjFhYTk1MDkzYg==
[2025-04-02 17:07:43] INFO -   - Page 8 => 10 caregivers, saved to raw_data\USA\10002\search_of_childcare\nanny\range_23_24\page_8.json
[2025-04-02 17:07:43] INFO -   - Next endCursor: U2VlZD0wLEluZGV4PTgwLFBhZ2VTY3JvbGxJZD0xNGZjZjMxYTg2YWU0YmRiOWE0OGUwNjFhYTk1MDkzYg==
[2025-04-02 17:07:44] INFO -   - Page 9 => 10 caregivers, saved to raw_data\USA\10002\search_of_childcare\nanny\range_23_24\page_9.json
[2025-04-02 17:07:44] INFO -   - Next endCursor: U2VlZD0wLEluZGV4PTkwLFBhZ2VTY3JvbGxJZD0xNGZjZjMxYTg2YWU0YmRiOWE0OGUwNjFhYTk1MDkzYg==
[2025-04-02 17:07:46] INFO -   - Page 10 => 10 caregivers, saved to raw_data\USA\10002\search_of_childcare\nanny\range_23_24\page_10.json
[2025-04-02 17:07:46] INFO -   - Next endCursor: U2VlZD0wLEluZGV4PTEwMCxQYWdlU2Nyb2xsSWQ9MTRmY2YzMWE4NmFlNGJkYjlhNDhlMDYxYWE5NTA5M2I=
[2025-04-02 17:07:47] INFO -   - Page 11 => 8 caregivers, saved to raw_data\USA\10002\search_of_childcare\nanny\range_23_24\page_11.json
[2025-04-02 17:07:47] INFO - Finished range [23, 24] with status='success'. Total pages: 11, total caregivers: 108.
[2025-04-02 17:07:47] INFO - Checking pay range [25, 25]...
[2025-04-02 17:07:48] INFO -   => totalHits = 754
[2025-04-02 17:07:48] INFO - Single-value payrange=[25, 25] has >500 hits => run attribute combos...
[2025-04-02 17:07:48] INFO - Generated 128 attribute combinations.
[2025-04-02 17:08:50] INFO - Doing reverse sorting (SORT_ORDER_REVIEW_RATING_DESCENDING) on Combo: []...
[2025-04-02 17:09:50] INFO - doing SORT_ORDER_RECOMMENDED_DESCENDING on Combo: []...
[2025-04-02 17:10:47] INFO - doing SORT_ORDER_DISTANCE_ASCENDING on Combo: []...
[2025-04-02 17:11:42] INFO - Aggregated 728 unique caregiver IDs for payrange=[25, 25].
[2025-04-02 17:11:42] INFO - Original totalHits from get_total_hits_for_range = 754.
[2025-04-02 17:11:42] INFO - Created aggregated page file: raw_data\USA\10002\search_of_childcare\nanny\range_25_25\page_attributes.json
[2025-04-02 17:11:42] INFO - Checking pay range [26, 27]...
[2025-04-02 17:11:44] INFO -   => totalHits = 101
[2025-04-02 17:11:44] INFO - Fetching data for pay range [26, 27]...
[2025-04-02 17:11:45] INFO -   - Page 1 => 10 caregivers, saved to raw_data\USA\10002\search_of_childcare\nanny\range_26_27\page_1.json
[2025-04-02 17:11:45] INFO -   - Next endCursor: U2VlZD0wLEluZGV4PTEwLFBhZ2VTY3JvbGxJZD05OGU2NzRhMmRiNDI0OWVjYjJjYjcwYzU1MTE1YTYwOA==
[2025-04-02 17:11:47] INFO -   - Page 2 => 10 caregivers, saved to raw_data\USA\10002\search_of_childcare\nanny\range_26_27\page_2.json
[2025-04-02 17:11:47] INFO -   - Next endCursor: U2VlZD0wLEluZGV4PTIwLFBhZ2VTY3JvbGxJZD05OGU2NzRhMmRiNDI0OWVjYjJjYjcwYzU1MTE1YTYwOA==
[2025-04-02 17:11:48] INFO -   - Page 3 => 10 caregivers, saved to raw_data\USA\10002\search_of_childcare\nanny\range_26_27\page_3.json
[2025-04-02 17:11:48] INFO -   - Next endCursor: U2VlZD0wLEluZGV4PTMwLFBhZ2VTY3JvbGxJZD05OGU2NzRhMmRiNDI0OWVjYjJjYjcwYzU1MTE1YTYwOA==
[2025-04-02 17:11:49] INFO -   - Page 4 => 10 caregivers, saved to raw_data\USA\10002\search_of_childcare\nanny\range_26_27\page_4.json
[2025-04-02 17:11:49] INFO -   - Next endCursor: U2VlZD0wLEluZGV4PTQwLFBhZ2VTY3JvbGxJZD05OGU2NzRhMmRiNDI0OWVjYjJjYjcwYzU1MTE1YTYwOA==
[2025-04-02 17:11:51] INFO -   - Page 5 => 10 caregivers, saved to raw_data\USA\10002\search_of_childcare\nanny\range_26_27\page_5.json
[2025-04-02 17:11:51] INFO -   - Next endCursor: U2VlZD0wLEluZGV4PTUwLFBhZ2VTY3JvbGxJZD05OGU2NzRhMmRiNDI0OWVjYjJjYjcwYzU1MTE1YTYwOA==
[2025-04-02 17:11:52] INFO -   - Page 6 => 10 caregivers, saved to raw_data\USA\10002\search_of_childcare\nanny\range_26_27\page_6.json
[2025-04-02 17:11:52] INFO -   - Next endCursor: U2VlZD0wLEluZGV4PTYwLFBhZ2VTY3JvbGxJZD05OGU2NzRhMmRiNDI0OWVjYjJjYjcwYzU1MTE1YTYwOA==
[2025-04-02 17:11:54] INFO -   - Page 7 => 10 caregivers, saved to raw_data\USA\10002\search_of_childcare\nanny\range_26_27\page_7.json
[2025-04-02 17:11:54] INFO -   - Next endCursor: U2VlZD0wLEluZGV4PTcwLFBhZ2VTY3JvbGxJZD05OGU2NzRhMmRiNDI0OWVjYjJjYjcwYzU1MTE1YTYwOA==
[2025-04-02 17:11:55] INFO -   - Page 8 => 10 caregivers, saved to raw_data\USA\10002\search_of_childcare\nanny\range_26_27\page_8.json
[2025-04-02 17:11:55] INFO -   - Next endCursor: U2VlZD0wLEluZGV4PTgwLFBhZ2VTY3JvbGxJZD05OGU2NzRhMmRiNDI0OWVjYjJjYjcwYzU1MTE1YTYwOA==
[2025-04-02 17:11:56] INFO -   - Page 9 => 10 caregivers, saved to raw_data\USA\10002\search_of_childcare\nanny\range_26_27\page_9.json
[2025-04-02 17:11:56] INFO -   - Next endCursor: U2VlZD0wLEluZGV4PTkwLFBhZ2VTY3JvbGxJZD05OGU2NzRhMmRiNDI0OWVjYjJjYjcwYzU1MTE1YTYwOA==
[2025-04-02 17:11:58] INFO -   - Page 10 => 10 caregivers, saved to raw_data\USA\10002\search_of_childcare\nanny\range_26_27\page_10.json
[2025-04-02 17:11:58] INFO -   - Next endCursor: U2VlZD0wLEluZGV4PTEwMCxQYWdlU2Nyb2xsSWQ9OThlNjc0YTJkYjQyNDllY2IyY2I3MGM1NTExNWE2MDg=
[2025-04-02 17:11:59] INFO -   - Page 11 => 1 caregivers, saved to raw_data\USA\10002\search_of_childcare\nanny\range_26_27\page_11.json
[2025-04-02 17:11:59] INFO - Finished range [26, 27] with status='success'. Total pages: 11, total caregivers: 101.
[2025-04-02 17:11:59] INFO - Checking pay range [28, 29]...
[2025-04-02 17:12:01] INFO -   => totalHits = 3871
[2025-04-02 17:12:01] INFO -   => Splitting into [28, 28] and [29, 29].
[2025-04-02 17:12:01] INFO - Checking pay range [20, 20]...
[2025-04-02 17:12:02] INFO -   => totalHits = 587
[2025-04-02 17:12:02] INFO - Single-value payrange=[20, 20] has >500 hits => run attribute combos...
[2025-04-02 17:12:02] INFO - Generated 128 attribute combinations.
[2025-04-02 17:13:01] INFO - Doing reverse sorting (SORT_ORDER_REVIEW_RATING_DESCENDING) on Combo: ['COLLEGE_EDUCATED', 'NON_SMOKER']...
[2025-04-02 17:13:02] INFO - Doing reverse sorting (SORT_ORDER_REVIEW_RATING_DESCENDING) on Combo: ['NON_SMOKER']...
[2025-04-02 17:13:02] INFO - Doing reverse sorting (SORT_ORDER_REVIEW_RATING_DESCENDING) on Combo: []...
[2025-04-02 17:13:04] INFO - Doing reverse sorting (SORT_ORDER_REVIEW_RATING_DESCENDING) on Combo: ['COLLEGE_EDUCATED']...
[2025-04-02 17:14:01] INFO - doing SORT_ORDER_RECOMMENDED_DESCENDING on Combo: []...
[2025-04-02 17:14:01] INFO - doing SORT_ORDER_RECOMMENDED_DESCENDING on Combo: ['COLLEGE_EDUCATED', 'NON_SMOKER']...
[2025-04-02 17:14:01] INFO - doing SORT_ORDER_RECOMMENDED_DESCENDING on Combo: ['NON_SMOKER']...
[2025-04-02 17:14:02] INFO - doing SORT_ORDER_RECOMMENDED_DESCENDING on Combo: ['COLLEGE_EDUCATED']...
[2025-04-02 17:14:57] INFO - doing SORT_ORDER_DISTANCE_ASCENDING on Combo: ['COLLEGE_EDUCATED', 'NON_SMOKER']...
[2025-04-02 17:14:58] INFO - doing SORT_ORDER_DISTANCE_ASCENDING on Combo: []...
[2025-04-02 17:14:58] INFO - doing SORT_ORDER_DISTANCE_ASCENDING on Combo: ['NON_SMOKER']...
[2025-04-02 17:14:59] INFO - doing SORT_ORDER_DISTANCE_ASCENDING on Combo: ['COLLEGE_EDUCATED']...
[2025-04-02 17:15:57] INFO - Aggregated 578 unique caregiver IDs for payrange=[20, 20].
[2025-04-02 17:15:57] INFO - Original totalHits from get_total_hits_for_range = 587.
[2025-04-02 17:15:57] INFO - Created aggregated page file: raw_data\USA\10002\search_of_childcare\nanny\range_20_20\page_attributes.json
[2025-04-02 17:15:57] INFO - Checking pay range [21, 21]...
[2025-04-02 17:15:58] INFO -   => totalHits = 41
[2025-04-02 17:15:58] INFO - Fetching data for pay range [21, 21]...
[2025-04-02 17:16:00] INFO -   - Page 1 => 10 caregivers, saved to raw_data\USA\10002\search_of_childcare\nanny\range_21_21\page_1.json
[2025-04-02 17:16:00] INFO -   - Next endCursor: U2VlZD0wLEluZGV4PTEwLFBhZ2VTY3JvbGxJZD0wZTJlOWM1YjdiYTY0ZGU0ODg5MjFkZGI1ZDhjOWRkNg==
[2025-04-02 17:16:01] INFO -   - Page 2 => 10 caregivers, saved to raw_data\USA\10002\search_of_childcare\nanny\range_21_21\page_2.json
[2025-04-02 17:16:01] INFO -   - Next endCursor: U2VlZD0wLEluZGV4PTIwLFBhZ2VTY3JvbGxJZD0wZTJlOWM1YjdiYTY0ZGU0ODg5MjFkZGI1ZDhjOWRkNg==
[2025-04-02 17:16:02] INFO -   - Page 3 => 10 caregivers, saved to raw_data\USA\10002\search_of_childcare\nanny\range_21_21\page_3.json
[2025-04-02 17:16:02] INFO -   - Next endCursor: U2VlZD0wLEluZGV4PTMwLFBhZ2VTY3JvbGxJZD0wZTJlOWM1YjdiYTY0ZGU0ODg5MjFkZGI1ZDhjOWRkNg==
[2025-04-02 17:16:04] INFO -   - Page 4 => 10 caregivers, saved to raw_data\USA\10002\search_of_childcare\nanny\range_21_21\page_4.json
[2025-04-02 17:16:04] INFO -   - Next endCursor: U2VlZD0wLEluZGV4PTQwLFBhZ2VTY3JvbGxJZD0wZTJlOWM1YjdiYTY0ZGU0ODg5MjFkZGI1ZDhjOWRkNg==
[2025-04-02 17:16:06] INFO -   - Page 5 => 1 caregivers, saved to raw_data\USA\10002\search_of_childcare\nanny\range_21_21\page_5.json
[2025-04-02 17:16:06] INFO - Finished range [21, 21] with status='success'. Total pages: 5, total caregivers: 41.
[2025-04-02 17:16:06] INFO - Checking pay range [28, 28]...
[2025-04-02 17:16:07] INFO -   => totalHits = 3795
[2025-04-02 17:16:07] INFO - Single-value payrange=[28, 28] has >500 hits => run attribute combos...
[2025-04-02 17:16:07] INFO - Generated 128 attribute combinations.
[2025-04-02 17:17:05] INFO - Doing reverse sorting (SORT_ORDER_REVIEW_RATING_DESCENDING) on Combo: ['EXPERIENCE_WITH_SPECIAL_NEEDS']...
[2025-04-02 17:17:06] INFO - Doing reverse sorting (SORT_ORDER_REVIEW_RATING_DESCENDING) on Combo: ['COMFORTABLE_WITH_PETS', 'OWN_TRANSPORTATION']...
[2025-04-02 17:17:07] INFO - Doing reverse sorting (SORT_ORDER_REVIEW_RATING_DESCENDING) on Combo: ['COLLEGE_EDUCATED', 'EXPERIENCE_WITH_SPECIAL_NEEDS']...
[2025-04-02 17:17:07] INFO - Doing reverse sorting (SORT_ORDER_REVIEW_RATING_DESCENDING) on Combo: ['NON_SMOKER']...
[2025-04-02 17:17:07] INFO - Doing reverse sorting (SORT_ORDER_REVIEW_RATING_DESCENDING) on Combo: ['COLLEGE_EDUCATED', 'NON_SMOKER']...
[2025-04-02 17:17:08] INFO - Doing reverse sorting (SORT_ORDER_REVIEW_RATING_DESCENDING) on Combo: ['OWN_TRANSPORTATION']...
[2025-04-02 17:17:08] INFO - Doing reverse sorting (SORT_ORDER_REVIEW_RATING_DESCENDING) on Combo: ['COLLEGE_EDUCATED', 'OWN_TRANSPORTATION']...
[2025-04-02 17:17:08] INFO - Doing reverse sorting (SORT_ORDER_REVIEW_RATING_DESCENDING) on Combo: ['COLLEGE_EDUCATED']...
[2025-04-02 17:17:08] INFO - Doing reverse sorting (SORT_ORDER_REVIEW_RATING_DESCENDING) on Combo: ['COLLEGE_EDUCATED', 'FIRST_AID_TRAINED']...
[2025-04-02 17:17:08] INFO - Doing reverse sorting (SORT_ORDER_REVIEW_RATING_DESCENDING) on Combo: ['COMFORTABLE_WITH_PETS', 'NON_SMOKER']...
[2025-04-02 17:17:09] INFO - Doing reverse sorting (SORT_ORDER_REVIEW_RATING_DESCENDING) on Combo: ['COLLEGE_EDUCATED', 'COMFORTABLE_WITH_PETS']...
[2025-04-02 17:17:09] INFO - Doing reverse sorting (SORT_ORDER_REVIEW_RATING_DESCENDING) on Combo: []...
[2025-04-02 17:17:09] INFO - Doing reverse sorting (SORT_ORDER_REVIEW_RATING_DESCENDING) on Combo: ['COLLEGE_EDUCATED', 'CPR_TRAINED']...
[2025-04-02 17:17:10] INFO - Doing reverse sorting (SORT_ORDER_REVIEW_RATING_DESCENDING) on Combo: ['COMFORTABLE_WITH_PETS']...
[2025-04-02 17:18:04] INFO - doing SORT_ORDER_RECOMMENDED_DESCENDING on Combo: ['COMFORTABLE_WITH_PETS', 'OWN_TRANSPORTATION']...
[2025-04-02 17:18:05] INFO - doing SORT_ORDER_RECOMMENDED_DESCENDING on Combo: ['EXPERIENCE_WITH_SPECIAL_NEEDS']...
[2025-04-02 17:18:07] INFO - Doing reverse sorting (SORT_ORDER_REVIEW_RATING_DESCENDING) on Combo: ['COMFORTABLE_WITH_PETS', 'EXPERIENCE_WITH_SPECIAL_NEEDS']...
[2025-04-02 17:18:07] INFO - doing SORT_ORDER_RECOMMENDED_DESCENDING on Combo: ['COLLEGE_EDUCATED', 'OWN_TRANSPORTATION']...
[2025-04-02 17:18:08] INFO - doing SORT_ORDER_RECOMMENDED_DESCENDING on Combo: ['COLLEGE_EDUCATED', 'EXPERIENCE_WITH_SPECIAL_NEEDS']...
[2025-04-02 17:18:09] INFO - doing SORT_ORDER_RECOMMENDED_DESCENDING on Combo: ['COLLEGE_EDUCATED', 'NON_SMOKER']...
[2025-04-02 17:18:09] INFO - Doing reverse sorting (SORT_ORDER_REVIEW_RATING_DESCENDING) on Combo: ['COMFORTABLE_WITH_PETS', 'CPR_TRAINED']...
[2025-04-02 17:18:10] INFO - doing SORT_ORDER_RECOMMENDED_DESCENDING on Combo: ['COMFORTABLE_WITH_PETS', 'NON_SMOKER']...
[2025-04-02 17:18:10] INFO - doing SORT_ORDER_RECOMMENDED_DESCENDING on Combo: ['NON_SMOKER']...
[2025-04-02 17:18:11] INFO - doing SORT_ORDER_RECOMMENDED_DESCENDING on Combo: []...
[2025-04-02 17:18:11] INFO - doing SORT_ORDER_RECOMMENDED_DESCENDING on Combo: ['COLLEGE_EDUCATED']...
[2025-04-02 17:18:11] INFO - doing SORT_ORDER_RECOMMENDED_DESCENDING on Combo: ['OWN_TRANSPORTATION']...
[2025-04-02 17:18:13] INFO - doing SORT_ORDER_RECOMMENDED_DESCENDING on Combo: ['COMFORTABLE_WITH_PETS']...
[2025-04-02 17:18:13] INFO - doing SORT_ORDER_RECOMMENDED_DESCENDING on Combo: ['COLLEGE_EDUCATED', 'FIRST_AID_TRAINED']...
[2025-04-02 17:18:14] INFO - doing SORT_ORDER_RECOMMENDED_DESCENDING on Combo: ['COLLEGE_EDUCATED', 'CPR_TRAINED']...
[2025-04-02 17:18:16] INFO - doing SORT_ORDER_RECOMMENDED_DESCENDING on Combo: ['COLLEGE_EDUCATED', 'COMFORTABLE_WITH_PETS']...
[2025-04-02 17:19:04] INFO - doing SORT_ORDER_DISTANCE_ASCENDING on Combo: ['COMFORTABLE_WITH_PETS', 'OWN_TRANSPORTATION']...
[2025-04-02 17:19:07] INFO - doing SORT_ORDER_DISTANCE_ASCENDING on Combo: ['COLLEGE_EDUCATED', 'OWN_TRANSPORTATION']...
[2025-04-02 17:19:08] INFO - doing SORT_ORDER_RECOMMENDED_DESCENDING on Combo: ['COMFORTABLE_WITH_PETS', 'EXPERIENCE_WITH_SPECIAL_NEEDS']...
[2025-04-02 17:19:09] INFO - doing SORT_ORDER_DISTANCE_ASCENDING on Combo: ['EXPERIENCE_WITH_SPECIAL_NEEDS']...
[2025-04-02 17:19:09] INFO - doing SORT_ORDER_DISTANCE_ASCENDING on Combo: ['COLLEGE_EDUCATED', 'EXPERIENCE_WITH_SPECIAL_NEEDS']...
[2025-04-02 17:19:11] INFO - doing SORT_ORDER_DISTANCE_ASCENDING on Combo: ['COLLEGE_EDUCATED', 'NON_SMOKER']...
[2025-04-02 17:19:12] INFO - doing SORT_ORDER_RECOMMENDED_DESCENDING on Combo: ['COMFORTABLE_WITH_PETS', 'CPR_TRAINED']...
[2025-04-02 17:19:12] INFO - doing SORT_ORDER_DISTANCE_ASCENDING on Combo: []...
[2025-04-02 17:19:12] INFO - doing SORT_ORDER_DISTANCE_ASCENDING on Combo: ['COMFORTABLE_WITH_PETS', 'NON_SMOKER']...
[2025-04-02 17:19:12] INFO - doing SORT_ORDER_DISTANCE_ASCENDING on Combo: ['COLLEGE_EDUCATED']...
[2025-04-02 17:19:13] INFO - doing SORT_ORDER_DISTANCE_ASCENDING on Combo: ['NON_SMOKER']...
[2025-04-02 17:19:13] INFO - doing SORT_ORDER_DISTANCE_ASCENDING on Combo: ['OWN_TRANSPORTATION']...
[2025-04-02 17:19:17] INFO - doing SORT_ORDER_DISTANCE_ASCENDING on Combo: ['COLLEGE_EDUCATED', 'CPR_TRAINED']...
[2025-04-02 17:19:18] INFO - doing SORT_ORDER_DISTANCE_ASCENDING on Combo: ['COLLEGE_EDUCATED', 'COMFORTABLE_WITH_PETS']...
[2025-04-02 17:19:22] INFO - doing SORT_ORDER_DISTANCE_ASCENDING on Combo: ['COMFORTABLE_WITH_PETS']...
[2025-04-02 17:19:23] INFO - doing SORT_ORDER_DISTANCE_ASCENDING on Combo: ['COLLEGE_EDUCATED', 'FIRST_AID_TRAINED']...
[2025-04-02 17:20:09] INFO - doing SORT_ORDER_DISTANCE_ASCENDING on Combo: ['COMFORTABLE_WITH_PETS', 'EXPERIENCE_WITH_SPECIAL_NEEDS']...
[2025-04-02 17:20:14] INFO - doing SORT_ORDER_DISTANCE_ASCENDING on Combo: ['COMFORTABLE_WITH_PETS', 'CPR_TRAINED']...
[2025-04-02 17:21:04] INFO - Doing reverse sorting (SORT_ORDER_REVIEW_RATING_DESCENDING) on Combo: ['NON_SMOKER', 'OWN_TRANSPORTATION']...
[2025-04-02 17:21:04] INFO - Doing reverse sorting (SORT_ORDER_REVIEW_RATING_DESCENDING) on Combo: ['COMFORTABLE_WITH_PETS', 'FIRST_AID_TRAINED']...
[2025-04-02 17:21:10] INFO - Doing reverse sorting (SORT_ORDER_REVIEW_RATING_DESCENDING) on Combo: ['NON_SMOKER', 'EXPERIENCE_WITH_SPECIAL_NEEDS']...
[2025-04-02 17:21:12] INFO - Doing reverse sorting (SORT_ORDER_REVIEW_RATING_DESCENDING) on Combo: ['NON_SMOKER', 'CPR_TRAINED']...
[2025-04-02 17:21:14] INFO - Doing reverse sorting (SORT_ORDER_REVIEW_RATING_DESCENDING) on Combo: ['NON_SMOKER', 'FIRST_AID_TRAINED']...
[2025-04-02 17:21:18] INFO - Doing reverse sorting (SORT_ORDER_REVIEW_RATING_DESCENDING) on Combo: ['CPR_TRAINED', 'FIRST_AID_TRAINED']...
[2025-04-02 17:21:20] INFO - Doing reverse sorting (SORT_ORDER_REVIEW_RATING_DESCENDING) on Combo: ['COLLEGE_EDUCATED', 'COMFORTABLE_WITH_PETS', 'NON_SMOKER']...
[2025-04-02 17:21:30] INFO - Doing reverse sorting (SORT_ORDER_REVIEW_RATING_DESCENDING) on Combo: ['COLLEGE_EDUCATED', 'COMFORTABLE_WITH_PETS', 'CPR_TRAINED']...
[2025-04-02 17:21:52] INFO - Doing reverse sorting (SORT_ORDER_REVIEW_RATING_DESCENDING) on Combo: ['COLLEGE_EDUCATED', 'COMFORTABLE_WITH_PETS', 'FIRST_AID_TRAINED']...
[2025-04-02 17:22:04] INFO - doing SORT_ORDER_RECOMMENDED_DESCENDING on Combo: ['NON_SMOKER', 'OWN_TRANSPORTATION']...
[2025-04-02 17:22:06] INFO - doing SORT_ORDER_RECOMMENDED_DESCENDING on Combo: ['COMFORTABLE_WITH_PETS', 'FIRST_AID_TRAINED']...
[2025-04-02 17:22:06] INFO - Doing reverse sorting (SORT_ORDER_REVIEW_RATING_DESCENDING) on Combo: ['COLLEGE_EDUCATED', 'NON_SMOKER', 'EXPERIENCE_WITH_SPECIAL_NEEDS']...
[2025-04-02 17:22:09] INFO - doing SORT_ORDER_RECOMMENDED_DESCENDING on Combo: ['NON_SMOKER', 'EXPERIENCE_WITH_SPECIAL_NEEDS']...
[2025-04-02 17:22:11] INFO - Doing reverse sorting (SORT_ORDER_REVIEW_RATING_DESCENDING) on Combo: ['COLLEGE_EDUCATED', 'NON_SMOKER', 'CPR_TRAINED']...
[2025-04-02 17:22:12] INFO - Doing reverse sorting (SORT_ORDER_REVIEW_RATING_DESCENDING) on Combo: ['COLLEGE_EDUCATED', 'NON_SMOKER', 'FIRST_AID_TRAINED']...
[2025-04-02 17:22:13] INFO - doing SORT_ORDER_RECOMMENDED_DESCENDING on Combo: ['NON_SMOKER', 'CPR_TRAINED']...
[2025-04-02 17:22:17] INFO - doing SORT_ORDER_RECOMMENDED_DESCENDING on Combo: ['NON_SMOKER', 'FIRST_AID_TRAINED']...
[2025-04-02 17:22:19] INFO - doing SORT_ORDER_RECOMMENDED_DESCENDING on Combo: ['CPR_TRAINED', 'FIRST_AID_TRAINED']...
[2025-04-02 17:22:21] INFO - doing SORT_ORDER_RECOMMENDED_DESCENDING on Combo: ['COLLEGE_EDUCATED', 'COMFORTABLE_WITH_PETS', 'NON_SMOKER']...
[2025-04-02 17:22:32] INFO - doing SORT_ORDER_RECOMMENDED_DESCENDING on Combo: ['COLLEGE_EDUCATED', 'COMFORTABLE_WITH_PETS', 'CPR_TRAINED']...
[2025-04-02 17:22:57] INFO - doing SORT_ORDER_RECOMMENDED_DESCENDING on Combo: ['COLLEGE_EDUCATED', 'COMFORTABLE_WITH_PETS', 'FIRST_AID_TRAINED']...
[2025-04-02 17:23:01] INFO - Doing reverse sorting (SORT_ORDER_REVIEW_RATING_DESCENDING) on Combo: ['COMFORTABLE_WITH_PETS', 'NON_SMOKER', 'OWN_TRANSPORTATION']...
[2025-04-02 17:23:02] INFO - Doing reverse sorting (SORT_ORDER_REVIEW_RATING_DESCENDING) on Combo: ['COLLEGE_EDUCATED', 'CPR_TRAINED', 'FIRST_AID_TRAINED']...
[2025-04-02 17:23:05] INFO - doing SORT_ORDER_DISTANCE_ASCENDING on Combo: ['NON_SMOKER', 'OWN_TRANSPORTATION']...
[2025-04-02 17:23:10] INFO - doing SORT_ORDER_DISTANCE_ASCENDING on Combo: ['COMFORTABLE_WITH_PETS', 'FIRST_AID_TRAINED']...
[2025-04-02 17:23:10] INFO - doing SORT_ORDER_RECOMMENDED_DESCENDING on Combo: ['COLLEGE_EDUCATED', 'NON_SMOKER', 'EXPERIENCE_WITH_SPECIAL_NEEDS']...
[2025-04-02 17:23:14] INFO - doing SORT_ORDER_RECOMMENDED_DESCENDING on Combo: ['COLLEGE_EDUCATED', 'NON_SMOKER', 'CPR_TRAINED']...
[2025-04-02 17:23:14] INFO - doing SORT_ORDER_DISTANCE_ASCENDING on Combo: ['NON_SMOKER', 'EXPERIENCE_WITH_SPECIAL_NEEDS']...
[2025-04-02 17:23:14] INFO - doing SORT_ORDER_RECOMMENDED_DESCENDING on Combo: ['COLLEGE_EDUCATED', 'NON_SMOKER', 'FIRST_AID_TRAINED']...
[2025-04-02 17:23:18] INFO - doing SORT_ORDER_DISTANCE_ASCENDING on Combo: ['NON_SMOKER', 'CPR_TRAINED']...
[2025-04-02 17:23:20] INFO - Doing reverse sorting (SORT_ORDER_REVIEW_RATING_DESCENDING) on Combo: ['COMFORTABLE_WITH_PETS', 'NON_SMOKER', 'EXPERIENCE_WITH_SPECIAL_NEEDS']...
[2025-04-02 17:23:22] INFO - doing SORT_ORDER_DISTANCE_ASCENDING on Combo: ['NON_SMOKER', 'FIRST_AID_TRAINED']...
[2025-04-02 17:23:24] INFO - doing SORT_ORDER_DISTANCE_ASCENDING on Combo: ['COLLEGE_EDUCATED', 'COMFORTABLE_WITH_PETS', 'NON_SMOKER']...
[2025-04-02 17:23:25] INFO - doing SORT_ORDER_DISTANCE_ASCENDING on Combo: ['CPR_TRAINED', 'FIRST_AID_TRAINED']...
[2025-04-02 17:23:36] INFO - doing SORT_ORDER_DISTANCE_ASCENDING on Combo: ['COLLEGE_EDUCATED', 'COMFORTABLE_WITH_PETS', 'CPR_TRAINED']...
[2025-04-02 17:23:47] INFO - Doing reverse sorting (SORT_ORDER_REVIEW_RATING_DESCENDING) on Combo: ['COMFORTABLE_WITH_PETS', 'NON_SMOKER', 'CPR_TRAINED']...
[2025-04-02 17:24:01] INFO - doing SORT_ORDER_DISTANCE_ASCENDING on Combo: ['COLLEGE_EDUCATED', 'COMFORTABLE_WITH_PETS', 'FIRST_AID_TRAINED']...
[2025-04-02 17:24:01] INFO - doing SORT_ORDER_RECOMMENDED_DESCENDING on Combo: ['COMFORTABLE_WITH_PETS', 'NON_SMOKER', 'OWN_TRANSPORTATION']...
[2025-04-02 17:24:07] INFO - doing SORT_ORDER_RECOMMENDED_DESCENDING on Combo: ['COLLEGE_EDUCATED', 'CPR_TRAINED', 'FIRST_AID_TRAINED']...
[2025-04-02 17:24:12] INFO - doing SORT_ORDER_DISTANCE_ASCENDING on Combo: ['COLLEGE_EDUCATED', 'NON_SMOKER', 'EXPERIENCE_WITH_SPECIAL_NEEDS']...
[2025-04-02 17:24:17] INFO - doing SORT_ORDER_DISTANCE_ASCENDING on Combo: ['COLLEGE_EDUCATED', 'NON_SMOKER', 'FIRST_AID_TRAINED']...
[2025-04-02 17:24:18] INFO - doing SORT_ORDER_DISTANCE_ASCENDING on Combo: ['COLLEGE_EDUCATED', 'NON_SMOKER', 'CPR_TRAINED']...
[2025-04-02 17:24:20] INFO - doing SORT_ORDER_RECOMMENDED_DESCENDING on Combo: ['COMFORTABLE_WITH_PETS', 'NON_SMOKER', 'EXPERIENCE_WITH_SPECIAL_NEEDS']...
[2025-04-02 17:24:53] INFO - doing SORT_ORDER_RECOMMENDED_DESCENDING on Combo: ['COMFORTABLE_WITH_PETS', 'NON_SMOKER', 'CPR_TRAINED']...
[2025-04-02 17:25:06] INFO - doing SORT_ORDER_DISTANCE_ASCENDING on Combo: ['COMFORTABLE_WITH_PETS', 'NON_SMOKER', 'OWN_TRANSPORTATION']...
[2025-04-02 17:25:08] INFO - Doing reverse sorting (SORT_ORDER_REVIEW_RATING_DESCENDING) on Combo: ['COMFORTABLE_WITH_PETS', 'NON_SMOKER', 'FIRST_AID_TRAINED']...
[2025-04-02 17:25:10] INFO - doing SORT_ORDER_DISTANCE_ASCENDING on Combo: ['COLLEGE_EDUCATED', 'CPR_TRAINED', 'FIRST_AID_TRAINED']...
[2025-04-02 17:25:22] INFO - doing SORT_ORDER_DISTANCE_ASCENDING on Combo: ['COMFORTABLE_WITH_PETS', 'NON_SMOKER', 'EXPERIENCE_WITH_SPECIAL_NEEDS']...
[2025-04-02 17:25:29] INFO - Doing reverse sorting (SORT_ORDER_REVIEW_RATING_DESCENDING) on Combo: ['COMFORTABLE_WITH_PETS', 'CPR_TRAINED', 'FIRST_AID_TRAINED']...
[2025-04-02 17:25:59] INFO - doing SORT_ORDER_DISTANCE_ASCENDING on Combo: ['COMFORTABLE_WITH_PETS', 'NON_SMOKER', 'CPR_TRAINED']...
[2025-04-02 17:26:08] INFO - Doing reverse sorting (SORT_ORDER_REVIEW_RATING_DESCENDING) on Combo: ['NON_SMOKER', 'CPR_TRAINED', 'FIRST_AID_TRAINED']...
[2025-04-02 17:26:10] INFO - doing SORT_ORDER_RECOMMENDED_DESCENDING on Combo: ['COMFORTABLE_WITH_PETS', 'NON_SMOKER', 'FIRST_AID_TRAINED']...
[2025-04-02 17:26:24] INFO - Doing reverse sorting (SORT_ORDER_REVIEW_RATING_DESCENDING) on Combo: ['COLLEGE_EDUCATED', 'COMFORTABLE_WITH_PETS', 'NON_SMOKER', 'CPR_TRAINED']...
[2025-04-02 17:26:27] INFO - Doing reverse sorting (SORT_ORDER_REVIEW_RATING_DESCENDING) on Combo: ['COLLEGE_EDUCATED', 'COMFORTABLE_WITH_PETS', 'NON_SMOKER', 'FIRST_AID_TRAINED']...
[2025-04-02 17:26:32] INFO - doing SORT_ORDER_RECOMMENDED_DESCENDING on Combo: ['COMFORTABLE_WITH_PETS', 'CPR_TRAINED', 'FIRST_AID_TRAINED']...
[2025-04-02 17:27:05] INFO - Doing reverse sorting (SORT_ORDER_REVIEW_RATING_DESCENDING) on Combo: ['COLLEGE_EDUCATED', 'COMFORTABLE_WITH_PETS', 'CPR_TRAINED', 'FIRST_AID_TRAINED']...
[2025-04-02 17:27:14] INFO - doing SORT_ORDER_RECOMMENDED_DESCENDING on Combo: ['NON_SMOKER', 'CPR_TRAINED', 'FIRST_AID_TRAINED']...
[2025-04-02 17:27:14] INFO - doing SORT_ORDER_DISTANCE_ASCENDING on Combo: ['COMFORTABLE_WITH_PETS', 'NON_SMOKER', 'FIRST_AID_TRAINED']...
[2025-04-02 17:27:21] INFO - Doing reverse sorting (SORT_ORDER_REVIEW_RATING_DESCENDING) on Combo: ['COLLEGE_EDUCATED', 'NON_SMOKER', 'CPR_TRAINED', 'FIRST_AID_TRAINED']...
[2025-04-02 17:27:27] INFO - doing SORT_ORDER_RECOMMENDED_DESCENDING on Combo: ['COLLEGE_EDUCATED', 'COMFORTABLE_WITH_PETS', 'NON_SMOKER', 'CPR_TRAINED']...
[2025-04-02 17:27:31] INFO - doing SORT_ORDER_RECOMMENDED_DESCENDING on Combo: ['COLLEGE_EDUCATED', 'COMFORTABLE_WITH_PETS', 'NON_SMOKER', 'FIRST_AID_TRAINED']...
[2025-04-02 17:27:36] INFO - doing SORT_ORDER_DISTANCE_ASCENDING on Combo: ['COMFORTABLE_WITH_PETS', 'CPR_TRAINED', 'FIRST_AID_TRAINED']...
[2025-04-02 17:28:00] INFO - Doing reverse sorting (SORT_ORDER_REVIEW_RATING_DESCENDING) on Combo: ['COMFORTABLE_WITH_PETS', 'NON_SMOKER', 'CPR_TRAINED', 'FIRST_AID_TRAINED']...
[2025-04-02 17:28:08] INFO - doing SORT_ORDER_RECOMMENDED_DESCENDING on Combo: ['COLLEGE_EDUCATED', 'COMFORTABLE_WITH_PETS', 'CPR_TRAINED', 'FIRST_AID_TRAINED']...
[2025-04-02 17:28:18] INFO - doing SORT_ORDER_DISTANCE_ASCENDING on Combo: ['NON_SMOKER', 'CPR_TRAINED', 'FIRST_AID_TRAINED']...
[2025-04-02 17:28:24] INFO - doing SORT_ORDER_RECOMMENDED_DESCENDING on Combo: ['COLLEGE_EDUCATED', 'NON_SMOKER', 'CPR_TRAINED', 'FIRST_AID_TRAINED']...
[2025-04-02 17:28:32] INFO - doing SORT_ORDER_DISTANCE_ASCENDING on Combo: ['COLLEGE_EDUCATED', 'COMFORTABLE_WITH_PETS', 'NON_SMOKER', 'CPR_TRAINED']...
[2025-04-02 17:28:34] INFO - doing SORT_ORDER_DISTANCE_ASCENDING on Combo: ['COLLEGE_EDUCATED', 'COMFORTABLE_WITH_PETS', 'NON_SMOKER', 'FIRST_AID_TRAINED']...
[2025-04-02 17:29:00] INFO - doing SORT_ORDER_RECOMMENDED_DESCENDING on Combo: ['COMFORTABLE_WITH_PETS', 'NON_SMOKER', 'CPR_TRAINED', 'FIRST_AID_TRAINED']...
[2025-04-02 17:29:10] INFO - doing SORT_ORDER_DISTANCE_ASCENDING on Combo: ['COLLEGE_EDUCATED', 'COMFORTABLE_WITH_PETS', 'CPR_TRAINED', 'FIRST_AID_TRAINED']...
[2025-04-02 17:29:25] INFO - doing SORT_ORDER_DISTANCE_ASCENDING on Combo: ['COLLEGE_EDUCATED', 'NON_SMOKER', 'CPR_TRAINED', 'FIRST_AID_TRAINED']...
[2025-04-02 17:30:01] INFO - doing SORT_ORDER_DISTANCE_ASCENDING on Combo: ['COMFORTABLE_WITH_PETS', 'NON_SMOKER', 'CPR_TRAINED', 'FIRST_AID_TRAINED']...
[2025-04-02 17:31:00] INFO - Aggregated 1890 unique caregiver IDs for payrange=[28, 28].
[2025-04-02 17:31:00] INFO - Original totalHits from get_total_hits_for_range = 3795.
[2025-04-02 17:31:00] INFO - Created aggregated page file: raw_data\USA\10002\search_of_childcare\nanny\range_28_28\page_attributes.json
[2025-04-02 17:31:00] INFO - Checking pay range [29, 29]...
[2025-04-02 17:31:02] INFO -   => totalHits = 77
[2025-04-02 17:31:02] INFO - Fetching data for pay range [29, 29]...
[2025-04-02 17:31:04] INFO -   - Page 1 => 10 caregivers, saved to raw_data\USA\10002\search_of_childcare\nanny\range_29_29\page_1.json
[2025-04-02 17:31:04] INFO -   - Next endCursor: U2VlZD0wLEluZGV4PTEwLFBhZ2VTY3JvbGxJZD00ZDM0OTIyMjM1MmI0YmViYTgwMmU3MDBhYmIwNjdmOA==
[2025-04-02 17:31:05] INFO -   - Page 2 => 10 caregivers, saved to raw_data\USA\10002\search_of_childcare\nanny\range_29_29\page_2.json
[2025-04-02 17:31:05] INFO -   - Next endCursor: U2VlZD0wLEluZGV4PTIwLFBhZ2VTY3JvbGxJZD00ZDM0OTIyMjM1MmI0YmViYTgwMmU3MDBhYmIwNjdmOA==
[2025-04-02 17:31:07] INFO -   - Page 3 => 10 caregivers, saved to raw_data\USA\10002\search_of_childcare\nanny\range_29_29\page_3.json
[2025-04-02 17:31:07] INFO -   - Next endCursor: U2VlZD0wLEluZGV4PTMwLFBhZ2VTY3JvbGxJZD00ZDM0OTIyMjM1MmI0YmViYTgwMmU3MDBhYmIwNjdmOA==
[2025-04-02 17:31:08] INFO -   - Page 4 => 10 caregivers, saved to raw_data\USA\10002\search_of_childcare\nanny\range_29_29\page_4.json
[2025-04-02 17:31:08] INFO -   - Next endCursor: U2VlZD0wLEluZGV4PTQwLFBhZ2VTY3JvbGxJZD00ZDM0OTIyMjM1MmI0YmViYTgwMmU3MDBhYmIwNjdmOA==
[2025-04-02 17:31:09] INFO -   - Page 5 => 10 caregivers, saved to raw_data\USA\10002\search_of_childcare\nanny\range_29_29\page_5.json
[2025-04-02 17:31:09] INFO -   - Next endCursor: U2VlZD0wLEluZGV4PTUwLFBhZ2VTY3JvbGxJZD00ZDM0OTIyMjM1MmI0YmViYTgwMmU3MDBhYmIwNjdmOA==
[2025-04-02 17:31:11] INFO -   - Page 6 => 10 caregivers, saved to raw_data\USA\10002\search_of_childcare\nanny\range_29_29\page_6.json
[2025-04-02 17:31:11] INFO -   - Next endCursor: U2VlZD0wLEluZGV4PTYwLFBhZ2VTY3JvbGxJZD00ZDM0OTIyMjM1MmI0YmViYTgwMmU3MDBhYmIwNjdmOA==
[2025-04-02 17:31:12] INFO -   - Page 7 => 10 caregivers, saved to raw_data\USA\10002\search_of_childcare\nanny\range_29_29\page_7.json
[2025-04-02 17:31:12] INFO -   - Next endCursor: U2VlZD0wLEluZGV4PTcwLFBhZ2VTY3JvbGxJZD00ZDM0OTIyMjM1MmI0YmViYTgwMmU3MDBhYmIwNjdmOA==
[2025-04-02 17:31:13] INFO -   - Page 8 => 7 caregivers, saved to raw_data\USA\10002\search_of_childcare\nanny\range_29_29\page_8.json
[2025-04-02 17:31:13] INFO - Finished range [29, 29] with status='success'. Total pages: 8, total caregivers: 77.
[2025-04-02 17:31:13] INFO - All pay range segments processed. Scraping complete!
