[2025-04-07 11:32:09] INFO - Logger initialized. Log file: data\raw\yoopies\75000\seniorcare\carer\scrape_carer.log
[2025-04-07 11:32:09] INFO - Initialized directory structure and metadata stubs up to: data\raw\yoopies\75000\seniorcare\carer
[2025-04-07 11:32:09] INFO - --- Starting Yoopies Scrape Run ---
[2025-04-07 11:32:09] INFO - Run ID: 8e513a69-4738-49ae-9e5f-8893774387f4
[2025-04-07 11:32:09] INFO - Target: yoopies/75000/seniorcare/carer
[2025-04-07 11:32:09] INFO - Starting profile fetch for 75000 (Paris) - seniorcare/carer. Run ID: 8e513a69-4738-49ae-9e5f-8893774387f4
[2025-04-07 11:32:09] INFO - Requesting page 0...
[2025-04-07 11:32:28] INFO - Total profiles expected for this search: 7806
[2025-04-07 11:32:28] INFO - Saved page 0 (100 profiles) to data\raw\yoopies\75000\seniorcare\carer\page_0.json
[2025-04-07 11:32:28] DEBUG - Next page number: 1
[2025-04-07 11:32:28] DEBUG - Sleeping for 0.92 seconds...
[2025-04-07 11:32:29] INFO - Requesting page 1...
[2025-04-07 11:32:48] INFO - Saved page 1 (100 profiles) to data\raw\yoopies\75000\seniorcare\carer\page_1.json
[2025-04-07 11:32:48] DEBUG - Next page number: 2
[2025-04-07 11:32:48] DEBUG - Sleeping for 0.6 seconds...
[2025-04-07 11:32:49] INFO - Requesting page 2...
[2025-04-07 11:33:09] INFO - Saved page 2 (100 profiles) to data\raw\yoopies\75000\seniorcare\carer\page_2.json
[2025-04-07 11:33:09] DEBUG - Next page number: 3
[2025-04-07 11:33:09] DEBUG - Sleeping for 0.63 seconds...
[2025-04-07 11:33:09] INFO - Requesting page 3...
[2025-04-07 11:33:29] INFO - Saved page 3 (100 profiles) to data\raw\yoopies\75000\seniorcare\carer\page_3.json
[2025-04-07 11:33:29] DEBUG - Next page number: 4
[2025-04-07 11:33:29] DEBUG - Sleeping for 0.71 seconds...
[2025-04-07 11:33:29] INFO - Requesting page 4...
[2025-04-07 11:33:50] INFO - Saved page 4 (100 profiles) to data\raw\yoopies\75000\seniorcare\carer\page_4.json
[2025-04-07 11:33:50] DEBUG - Next page number: 5
[2025-04-07 11:33:50] DEBUG - Sleeping for 0.99 seconds...
[2025-04-07 11:33:51] INFO - Requesting page 5...
[2025-04-07 11:34:12] INFO - Saved page 5 (100 profiles) to data\raw\yoopies\75000\seniorcare\carer\page_5.json
[2025-04-07 11:34:12] DEBUG - Next page number: 6
[2025-04-07 11:34:12] DEBUG - Sleeping for 0.7 seconds...
[2025-04-07 11:34:12] INFO - Requesting page 6...
[2025-04-07 11:34:32] INFO - Saved page 6 (100 profiles) to data\raw\yoopies\75000\seniorcare\carer\page_6.json
[2025-04-07 11:34:32] DEBUG - Next page number: 7
[2025-04-07 11:34:32] DEBUG - Sleeping for 0.63 seconds...
[2025-04-07 11:34:32] INFO - Requesting page 7...
[2025-04-07 11:34:51] INFO - Saved page 7 (100 profiles) to data\raw\yoopies\75000\seniorcare\carer\page_7.json
[2025-04-07 11:34:51] DEBUG - Next page number: 8
[2025-04-07 11:34:51] DEBUG - Sleeping for 0.96 seconds...
[2025-04-07 11:34:52] INFO - Requesting page 8...
[2025-04-07 11:35:12] INFO - Saved page 8 (100 profiles) to data\raw\yoopies\75000\seniorcare\carer\page_8.json
[2025-04-07 11:35:12] DEBUG - Next page number: 9
[2025-04-07 11:35:12] DEBUG - Sleeping for 0.76 seconds...
[2025-04-07 11:35:13] INFO - Requesting page 9...
[2025-04-07 11:35:32] INFO - Saved page 9 (100 profiles) to data\raw\yoopies\75000\seniorcare\carer\page_9.json
[2025-04-07 11:35:32] DEBUG - Next page number: 10
[2025-04-07 11:35:32] DEBUG - Sleeping for 0.56 seconds...
[2025-04-07 11:35:33] INFO - Requesting page 10...
[2025-04-07 11:35:52] INFO - Saved page 10 (100 profiles) to data\raw\yoopies\75000\seniorcare\carer\page_10.json
[2025-04-07 11:35:52] DEBUG - Next page number: 11
[2025-04-07 11:35:52] DEBUG - Sleeping for 0.58 seconds...
[2025-04-07 11:35:52] INFO - Requesting page 11...
[2025-04-07 11:36:13] INFO - Saved page 11 (100 profiles) to data\raw\yoopies\75000\seniorcare\carer\page_11.json
[2025-04-07 11:36:13] DEBUG - Next page number: 12
[2025-04-07 11:36:13] DEBUG - Sleeping for 0.69 seconds...
[2025-04-07 11:36:14] INFO - Requesting page 12...
[2025-04-07 11:36:34] INFO - Saved page 12 (100 profiles) to data\raw\yoopies\75000\seniorcare\carer\page_12.json
[2025-04-07 11:36:34] DEBUG - Next page number: 13
[2025-04-07 11:36:34] DEBUG - Sleeping for 0.93 seconds...
[2025-04-07 11:36:34] INFO - Requesting page 13...
[2025-04-07 11:36:53] INFO - Saved page 13 (100 profiles) to data\raw\yoopies\75000\seniorcare\carer\page_13.json
[2025-04-07 11:36:53] DEBUG - Next page number: 14
[2025-04-07 11:36:53] DEBUG - Sleeping for 1.03 seconds...
[2025-04-07 11:36:54] INFO - Requesting page 14...
[2025-04-07 11:37:15] INFO - Saved page 14 (100 profiles) to data\raw\yoopies\75000\seniorcare\carer\page_14.json
[2025-04-07 11:37:15] DEBUG - Next page number: 15
[2025-04-07 11:37:15] DEBUG - Sleeping for 0.95 seconds...
[2025-04-07 11:37:16] INFO - Requesting page 15...
[2025-04-07 11:37:34] INFO - Saved page 15 (100 profiles) to data\raw\yoopies\75000\seniorcare\carer\page_15.json
[2025-04-07 11:37:34] DEBUG - Next page number: 16
[2025-04-07 11:37:34] DEBUG - Sleeping for 0.67 seconds...
[2025-04-07 11:37:34] INFO - Requesting page 16...
[2025-04-07 11:37:54] INFO - Saved page 16 (100 profiles) to data\raw\yoopies\75000\seniorcare\carer\page_16.json
[2025-04-07 11:37:54] DEBUG - Next page number: 17
[2025-04-07 11:37:54] DEBUG - Sleeping for 0.88 seconds...
[2025-04-07 11:37:55] INFO - Requesting page 17...
[2025-04-07 11:38:13] INFO - Saved page 17 (100 profiles) to data\raw\yoopies\75000\seniorcare\carer\page_17.json
[2025-04-07 11:38:13] DEBUG - Next page number: 18
[2025-04-07 11:38:13] DEBUG - Sleeping for 0.77 seconds...
[2025-04-07 11:38:14] INFO - Requesting page 18...
[2025-04-07 11:38:34] INFO - Saved page 18 (100 profiles) to data\raw\yoopies\75000\seniorcare\carer\page_18.json
[2025-04-07 11:38:34] DEBUG - Next page number: 19
[2025-04-07 11:38:34] DEBUG - Sleeping for 0.66 seconds...
[2025-04-07 11:38:34] INFO - Requesting page 19...
[2025-04-07 11:38:53] INFO - Saved page 19 (100 profiles) to data\raw\yoopies\75000\seniorcare\carer\page_19.json
[2025-04-07 11:38:53] DEBUG - Next page number: 20
[2025-04-07 11:38:53] DEBUG - Sleeping for 0.99 seconds...
[2025-04-07 11:38:54] INFO - Requesting page 20...
[2025-04-07 11:39:13] INFO - Saved page 20 (100 profiles) to data\raw\yoopies\75000\seniorcare\carer\page_20.json
[2025-04-07 11:39:13] DEBUG - Next page number: 21
[2025-04-07 11:39:13] DEBUG - Sleeping for 0.58 seconds...
[2025-04-07 11:39:13] INFO - Requesting page 21...
[2025-04-07 11:39:32] INFO - Saved page 21 (100 profiles) to data\raw\yoopies\75000\seniorcare\carer\page_21.json
[2025-04-07 11:39:32] DEBUG - Next page number: 22
[2025-04-07 11:39:32] DEBUG - Sleeping for 0.55 seconds...
[2025-04-07 11:39:32] INFO - Requesting page 22...
[2025-04-07 11:39:51] INFO - Saved page 22 (100 profiles) to data\raw\yoopies\75000\seniorcare\carer\page_22.json
[2025-04-07 11:39:51] DEBUG - Next page number: 23
[2025-04-07 11:39:51] DEBUG - Sleeping for 0.88 seconds...
[2025-04-07 11:39:52] INFO - Requesting page 23...
[2025-04-07 11:40:12] INFO - Saved page 23 (100 profiles) to data\raw\yoopies\75000\seniorcare\carer\page_23.json
[2025-04-07 11:40:12] DEBUG - Next page number: 24
[2025-04-07 11:40:12] DEBUG - Sleeping for 0.97 seconds...
[2025-04-07 11:40:13] INFO - Requesting page 24...
[2025-04-07 11:40:34] INFO - Saved page 24 (100 profiles) to data\raw\yoopies\75000\seniorcare\carer\page_24.json
[2025-04-07 11:40:34] DEBUG - Next page number: 25
[2025-04-07 11:40:34] DEBUG - Sleeping for 1.1 seconds...
[2025-04-07 11:40:35] INFO - Requesting page 25...
[2025-04-07 11:40:55] INFO - Saved page 25 (100 profiles) to data\raw\yoopies\75000\seniorcare\carer\page_25.json
[2025-04-07 11:40:55] DEBUG - Next page number: 26
[2025-04-07 11:40:55] DEBUG - Sleeping for 0.88 seconds...
[2025-04-07 11:40:55] INFO - Requesting page 26...
[2025-04-07 11:41:15] INFO - Saved page 26 (100 profiles) to data\raw\yoopies\75000\seniorcare\carer\page_26.json
[2025-04-07 11:41:15] DEBUG - Next page number: 27
[2025-04-07 11:41:15] DEBUG - Sleeping for 0.82 seconds...
[2025-04-07 11:41:15] INFO - Requesting page 27...
[2025-04-07 11:41:35] INFO - Saved page 27 (100 profiles) to data\raw\yoopies\75000\seniorcare\carer\page_27.json
[2025-04-07 11:41:35] DEBUG - Next page number: 28
[2025-04-07 11:41:35] DEBUG - Sleeping for 0.69 seconds...
[2025-04-07 11:41:36] INFO - Requesting page 28...
[2025-04-07 11:41:56] INFO - Saved page 28 (100 profiles) to data\raw\yoopies\75000\seniorcare\carer\page_28.json
[2025-04-07 11:41:56] DEBUG - Next page number: 29
[2025-04-07 11:41:56] DEBUG - Sleeping for 1.08 seconds...
[2025-04-07 11:41:58] INFO - Requesting page 29...
[2025-04-07 11:42:17] INFO - Saved page 29 (100 profiles) to data\raw\yoopies\75000\seniorcare\carer\page_29.json
[2025-04-07 11:42:17] DEBUG - Next page number: 30
[2025-04-07 11:42:17] DEBUG - Sleeping for 0.95 seconds...
[2025-04-07 11:42:18] INFO - Requesting page 30...
[2025-04-07 11:42:38] INFO - Saved page 30 (100 profiles) to data\raw\yoopies\75000\seniorcare\carer\page_30.json
[2025-04-07 11:42:38] DEBUG - Next page number: 31
[2025-04-07 11:42:38] DEBUG - Sleeping for 0.88 seconds...
[2025-04-07 11:42:39] INFO - Requesting page 31...
[2025-04-07 11:42:56] INFO - Saved page 31 (100 profiles) to data\raw\yoopies\75000\seniorcare\carer\page_31.json
[2025-04-07 11:42:56] DEBUG - Next page number: 32
[2025-04-07 11:42:56] DEBUG - Sleeping for 0.8 seconds...
[2025-04-07 11:42:57] INFO - Requesting page 32...
[2025-04-07 11:43:15] INFO - Saved page 32 (100 profiles) to data\raw\yoopies\75000\seniorcare\carer\page_32.json
[2025-04-07 11:43:15] DEBUG - Next page number: 33
[2025-04-07 11:43:15] DEBUG - Sleeping for 1.06 seconds...
[2025-04-07 11:43:16] INFO - Requesting page 33...
[2025-04-07 11:43:35] INFO - Saved page 33 (100 profiles) to data\raw\yoopies\75000\seniorcare\carer\page_33.json
[2025-04-07 11:43:35] DEBUG - Next page number: 34
[2025-04-07 11:43:35] DEBUG - Sleeping for 0.67 seconds...
[2025-04-07 11:43:36] INFO - Requesting page 34...
[2025-04-07 11:43:54] INFO - Saved page 34 (100 profiles) to data\raw\yoopies\75000\seniorcare\carer\page_34.json
[2025-04-07 11:43:54] DEBUG - Next page number: 35
[2025-04-07 11:43:54] DEBUG - Sleeping for 0.56 seconds...
[2025-04-07 11:43:55] INFO - Requesting page 35...
[2025-04-07 11:44:13] INFO - Saved page 35 (100 profiles) to data\raw\yoopies\75000\seniorcare\carer\page_35.json
[2025-04-07 11:44:13] DEBUG - Next page number: 36
[2025-04-07 11:44:13] DEBUG - Sleeping for 0.98 seconds...
[2025-04-07 11:44:14] INFO - Requesting page 36...
