[2025-04-03 15:59:43] INFO - Log file initialized at: raw_data\USA\30306\search_of_seniorcare\inhome\scrape_inhome.log
[2025-04-03 15:59:43] INFO - Starting scraping for USA/30306, care_type='seniorcare', sub_type='inhome', pay range [0, 100].
[2025-04-03 15:59:43] INFO - Run ID: 5b58a10e-7849-486c-82c7-cd11ecfb6606
[2025-04-03 15:59:43] INFO - Checking pay range [0, 100]...
[2025-04-03 15:59:44] INFO -   => totalHits = 674
[2025-04-03 15:59:44] INFO -   => Splitting into [0, 50] and [51, 100].
[2025-04-03 15:59:44] INFO - Checking pay range [0, 50]...
[2025-04-03 15:59:45] INFO -   => totalHits = 674
[2025-04-03 15:59:45] INFO -   => Splitting into [0, 25] and [26, 50].
[2025-04-03 15:59:45] INFO - Checking pay range [51, 100]...
[2025-04-03 15:59:46] INFO -   => totalHits = 0
[2025-04-03 15:59:46] INFO - Fetching data for pay range [51, 100]...
[2025-04-03 15:59:47] INFO -   - Page 1 => 0 caregivers, saved to raw_data\USA\30306\search_of_seniorcare\inhome\range_51_100\page_1.json
[2025-04-03 15:59:47] INFO - Finished range [51, 100] with status='success'. Total pages: 1, total caregivers: 0.
[2025-04-03 15:59:47] INFO - Checking pay range [0, 25]...
[2025-04-03 15:59:48] INFO -   => totalHits = 607
[2025-04-03 15:59:48] INFO -   => Splitting into [0, 12] and [13, 25].
[2025-04-03 15:59:48] INFO - Checking pay range [26, 50]...
[2025-04-03 15:59:49] INFO -   => totalHits = 67
[2025-04-03 15:59:49] INFO - Fetching data for pay range [26, 50]...
[2025-04-03 15:59:50] INFO -   - Page 1 => 10 caregivers, saved to raw_data\USA\30306\search_of_seniorcare\inhome\range_26_50\page_1.json
[2025-04-03 15:59:50] INFO -   - Next endCursor: U2VlZD0wLEluZGV4PTEwLFBhZ2VTY3JvbGxJZD02N2FkZTg3M2Q1MTI0MzQyYmQ5MDhkYTAyMWQzMDA4Yw==
[2025-04-03 15:59:51] INFO -   - Page 2 => 10 caregivers, saved to raw_data\USA\30306\search_of_seniorcare\inhome\range_26_50\page_2.json
[2025-04-03 15:59:51] INFO -   - Next endCursor: U2VlZD0wLEluZGV4PTIwLFBhZ2VTY3JvbGxJZD02N2FkZTg3M2Q1MTI0MzQyYmQ5MDhkYTAyMWQzMDA4Yw==
[2025-04-03 15:59:52] INFO -   - Page 3 => 10 caregivers, saved to raw_data\USA\30306\search_of_seniorcare\inhome\range_26_50\page_3.json
[2025-04-03 15:59:52] INFO -   - Next endCursor: U2VlZD0wLEluZGV4PTMwLFBhZ2VTY3JvbGxJZD02N2FkZTg3M2Q1MTI0MzQyYmQ5MDhkYTAyMWQzMDA4Yw==
[2025-04-03 15:59:53] INFO -   - Page 4 => 10 caregivers, saved to raw_data\USA\30306\search_of_seniorcare\inhome\range_26_50\page_4.json
[2025-04-03 15:59:53] INFO -   - Next endCursor: U2VlZD0wLEluZGV4PTQwLFBhZ2VTY3JvbGxJZD02N2FkZTg3M2Q1MTI0MzQyYmQ5MDhkYTAyMWQzMDA4Yw==
[2025-04-03 15:59:54] INFO -   - Page 5 => 10 caregivers, saved to raw_data\USA\30306\search_of_seniorcare\inhome\range_26_50\page_5.json
[2025-04-03 15:59:54] INFO -   - Next endCursor: U2VlZD0wLEluZGV4PTUwLFBhZ2VTY3JvbGxJZD02N2FkZTg3M2Q1MTI0MzQyYmQ5MDhkYTAyMWQzMDA4Yw==
[2025-04-03 15:59:55] INFO -   - Page 6 => 10 caregivers, saved to raw_data\USA\30306\search_of_seniorcare\inhome\range_26_50\page_6.json
[2025-04-03 15:59:55] INFO -   - Next endCursor: U2VlZD0wLEluZGV4PTYwLFBhZ2VTY3JvbGxJZD02N2FkZTg3M2Q1MTI0MzQyYmQ5MDhkYTAyMWQzMDA4Yw==
[2025-04-03 15:59:56] INFO -   - Page 7 => 7 caregivers, saved to raw_data\USA\30306\search_of_seniorcare\inhome\range_26_50\page_7.json
[2025-04-03 15:59:56] INFO - Finished range [26, 50] with status='success'. Total pages: 7, total caregivers: 67.
[2025-04-03 15:59:56] INFO - Checking pay range [0, 12]...
[2025-04-03 15:59:57] INFO -   => totalHits = 138
[2025-04-03 15:59:57] INFO - Fetching data for pay range [0, 12]...
[2025-04-03 15:59:59] INFO -   - Page 1 => 10 caregivers, saved to raw_data\USA\30306\search_of_seniorcare\inhome\range_0_12\page_1.json
[2025-04-03 15:59:59] INFO -   - Next endCursor: U2VlZD0wLEluZGV4PTEwLFBhZ2VTY3JvbGxJZD03Zjk4NjU5ZGI1Mjg0MjcwOTg0ZDg5MTVhNmVlMzc5Yw==
[2025-04-03 16:00:00] INFO -   - Page 2 => 10 caregivers, saved to raw_data\USA\30306\search_of_seniorcare\inhome\range_0_12\page_2.json
[2025-04-03 16:00:00] INFO -   - Next endCursor: U2VlZD0wLEluZGV4PTIwLFBhZ2VTY3JvbGxJZD03Zjk4NjU5ZGI1Mjg0MjcwOTg0ZDg5MTVhNmVlMzc5Yw==
[2025-04-03 16:00:01] INFO -   - Page 3 => 10 caregivers, saved to raw_data\USA\30306\search_of_seniorcare\inhome\range_0_12\page_3.json
[2025-04-03 16:00:01] INFO -   - Next endCursor: U2VlZD0wLEluZGV4PTMwLFBhZ2VTY3JvbGxJZD03Zjk4NjU5ZGI1Mjg0MjcwOTg0ZDg5MTVhNmVlMzc5Yw==
[2025-04-03 16:00:02] INFO -   - Page 4 => 10 caregivers, saved to raw_data\USA\30306\search_of_seniorcare\inhome\range_0_12\page_4.json
[2025-04-03 16:00:02] INFO -   - Next endCursor: U2VlZD0wLEluZGV4PTQwLFBhZ2VTY3JvbGxJZD03Zjk4NjU5ZGI1Mjg0MjcwOTg0ZDg5MTVhNmVlMzc5Yw==
[2025-04-03 16:00:03] INFO -   - Page 5 => 10 caregivers, saved to raw_data\USA\30306\search_of_seniorcare\inhome\range_0_12\page_5.json
[2025-04-03 16:00:03] INFO -   - Next endCursor: U2VlZD0wLEluZGV4PTUwLFBhZ2VTY3JvbGxJZD03Zjk4NjU5ZGI1Mjg0MjcwOTg0ZDg5MTVhNmVlMzc5Yw==
[2025-04-03 16:00:04] INFO -   - Page 6 => 10 caregivers, saved to raw_data\USA\30306\search_of_seniorcare\inhome\range_0_12\page_6.json
[2025-04-03 16:00:04] INFO -   - Next endCursor: U2VlZD0wLEluZGV4PTYwLFBhZ2VTY3JvbGxJZD03Zjk4NjU5ZGI1Mjg0MjcwOTg0ZDg5MTVhNmVlMzc5Yw==
[2025-04-03 16:00:05] INFO -   - Page 7 => 10 caregivers, saved to raw_data\USA\30306\search_of_seniorcare\inhome\range_0_12\page_7.json
[2025-04-03 16:00:05] INFO -   - Next endCursor: U2VlZD0wLEluZGV4PTcwLFBhZ2VTY3JvbGxJZD03Zjk4NjU5ZGI1Mjg0MjcwOTg0ZDg5MTVhNmVlMzc5Yw==
[2025-04-03 16:00:06] INFO -   - Page 8 => 10 caregivers, saved to raw_data\USA\30306\search_of_seniorcare\inhome\range_0_12\page_8.json
[2025-04-03 16:00:06] INFO -   - Next endCursor: U2VlZD0wLEluZGV4PTgwLFBhZ2VTY3JvbGxJZD03Zjk4NjU5ZGI1Mjg0MjcwOTg0ZDg5MTVhNmVlMzc5Yw==
[2025-04-03 16:00:07] INFO -   - Page 9 => 10 caregivers, saved to raw_data\USA\30306\search_of_seniorcare\inhome\range_0_12\page_9.json
[2025-04-03 16:00:07] INFO -   - Next endCursor: U2VlZD0wLEluZGV4PTkwLFBhZ2VTY3JvbGxJZD03Zjk4NjU5ZGI1Mjg0MjcwOTg0ZDg5MTVhNmVlMzc5Yw==
[2025-04-03 16:00:08] INFO -   - Page 10 => 10 caregivers, saved to raw_data\USA\30306\search_of_seniorcare\inhome\range_0_12\page_10.json
[2025-04-03 16:00:08] INFO -   - Next endCursor: U2VlZD0wLEluZGV4PTEwMCxQYWdlU2Nyb2xsSWQ9N2Y5ODY1OWRiNTI4NDI3MDk4NGQ4OTE1YTZlZTM3OWM=
[2025-04-03 16:00:09] INFO -   - Page 11 => 10 caregivers, saved to raw_data\USA\30306\search_of_seniorcare\inhome\range_0_12\page_11.json
[2025-04-03 16:00:09] INFO -   - Next endCursor: U2VlZD0wLEluZGV4PTExMCxQYWdlU2Nyb2xsSWQ9N2Y5ODY1OWRiNTI4NDI3MDk4NGQ4OTE1YTZlZTM3OWM=
[2025-04-03 16:00:10] INFO -   - Page 12 => 10 caregivers, saved to raw_data\USA\30306\search_of_seniorcare\inhome\range_0_12\page_12.json
[2025-04-03 16:00:10] INFO -   - Next endCursor: U2VlZD0wLEluZGV4PTEyMCxQYWdlU2Nyb2xsSWQ9N2Y5ODY1OWRiNTI4NDI3MDk4NGQ4OTE1YTZlZTM3OWM=
[2025-04-03 16:00:11] INFO -   - Page 13 => 10 caregivers, saved to raw_data\USA\30306\search_of_seniorcare\inhome\range_0_12\page_13.json
[2025-04-03 16:00:11] INFO -   - Next endCursor: U2VlZD0wLEluZGV4PTEzMCxQYWdlU2Nyb2xsSWQ9N2Y5ODY1OWRiNTI4NDI3MDk4NGQ4OTE1YTZlZTM3OWM=
[2025-04-03 16:00:12] INFO -   - Page 14 => 8 caregivers, saved to raw_data\USA\30306\search_of_seniorcare\inhome\range_0_12\page_14.json
[2025-04-03 16:00:12] INFO - Finished range [0, 12] with status='success'. Total pages: 14, total caregivers: 138.
[2025-04-03 16:00:12] INFO - Checking pay range [13, 25]...
[2025-04-03 16:00:13] INFO -   => totalHits = 469
[2025-04-03 16:00:13] INFO - Fetching data for pay range [13, 25]...
[2025-04-03 16:00:14] INFO -   - Page 1 => 10 caregivers, saved to raw_data\USA\30306\search_of_seniorcare\inhome\range_13_25\page_1.json
[2025-04-03 16:00:14] INFO -   - Next endCursor: U2VlZD0wLEluZGV4PTEwLFBhZ2VTY3JvbGxJZD1kNjZlZmRhMGJmNjM0YjlkOTQ5MThhNTEyNzIwY2NlMg==
[2025-04-03 16:00:15] INFO -   - Page 2 => 10 caregivers, saved to raw_data\USA\30306\search_of_seniorcare\inhome\range_13_25\page_2.json
[2025-04-03 16:00:15] INFO -   - Next endCursor: U2VlZD0wLEluZGV4PTIwLFBhZ2VTY3JvbGxJZD1kNjZlZmRhMGJmNjM0YjlkOTQ5MThhNTEyNzIwY2NlMg==
[2025-04-03 16:00:17] INFO -   - Page 3 => 10 caregivers, saved to raw_data\USA\30306\search_of_seniorcare\inhome\range_13_25\page_3.json
[2025-04-03 16:00:17] INFO -   - Next endCursor: U2VlZD0wLEluZGV4PTMwLFBhZ2VTY3JvbGxJZD1kNjZlZmRhMGJmNjM0YjlkOTQ5MThhNTEyNzIwY2NlMg==
[2025-04-03 16:00:18] INFO -   - Page 4 => 10 caregivers, saved to raw_data\USA\30306\search_of_seniorcare\inhome\range_13_25\page_4.json
[2025-04-03 16:00:18] INFO -   - Next endCursor: U2VlZD0wLEluZGV4PTQwLFBhZ2VTY3JvbGxJZD1kNjZlZmRhMGJmNjM0YjlkOTQ5MThhNTEyNzIwY2NlMg==
[2025-04-03 16:00:19] INFO -   - Page 5 => 10 caregivers, saved to raw_data\USA\30306\search_of_seniorcare\inhome\range_13_25\page_5.json
[2025-04-03 16:00:19] INFO -   - Next endCursor: U2VlZD0wLEluZGV4PTUwLFBhZ2VTY3JvbGxJZD1kNjZlZmRhMGJmNjM0YjlkOTQ5MThhNTEyNzIwY2NlMg==
[2025-04-03 16:00:20] INFO -   - Page 6 => 10 caregivers, saved to raw_data\USA\30306\search_of_seniorcare\inhome\range_13_25\page_6.json
[2025-04-03 16:00:20] INFO -   - Next endCursor: U2VlZD0wLEluZGV4PTYwLFBhZ2VTY3JvbGxJZD1kNjZlZmRhMGJmNjM0YjlkOTQ5MThhNTEyNzIwY2NlMg==
[2025-04-03 16:00:22] INFO -   - Page 7 => 10 caregivers, saved to raw_data\USA\30306\search_of_seniorcare\inhome\range_13_25\page_7.json
[2025-04-03 16:00:22] INFO -   - Next endCursor: U2VlZD0wLEluZGV4PTcwLFBhZ2VTY3JvbGxJZD1kNjZlZmRhMGJmNjM0YjlkOTQ5MThhNTEyNzIwY2NlMg==
[2025-04-03 16:00:23] INFO -   - Page 8 => 10 caregivers, saved to raw_data\USA\30306\search_of_seniorcare\inhome\range_13_25\page_8.json
[2025-04-03 16:00:23] INFO -   - Next endCursor: U2VlZD0wLEluZGV4PTgwLFBhZ2VTY3JvbGxJZD1kNjZlZmRhMGJmNjM0YjlkOTQ5MThhNTEyNzIwY2NlMg==
[2025-04-03 16:00:24] INFO -   - Page 9 => 10 caregivers, saved to raw_data\USA\30306\search_of_seniorcare\inhome\range_13_25\page_9.json
[2025-04-03 16:00:24] INFO -   - Next endCursor: U2VlZD0wLEluZGV4PTkwLFBhZ2VTY3JvbGxJZD1kNjZlZmRhMGJmNjM0YjlkOTQ5MThhNTEyNzIwY2NlMg==
[2025-04-03 16:00:25] INFO -   - Page 10 => 10 caregivers, saved to raw_data\USA\30306\search_of_seniorcare\inhome\range_13_25\page_10.json
[2025-04-03 16:00:25] INFO -   - Next endCursor: U2VlZD0wLEluZGV4PTEwMCxQYWdlU2Nyb2xsSWQ9ZDY2ZWZkYTBiZjYzNGI5ZDk0OTE4YTUxMjcyMGNjZTI=
[2025-04-03 16:00:27] INFO -   - Page 11 => 10 caregivers, saved to raw_data\USA\30306\search_of_seniorcare\inhome\range_13_25\page_11.json
[2025-04-03 16:00:27] INFO -   - Next endCursor: U2VlZD0wLEluZGV4PTExMCxQYWdlU2Nyb2xsSWQ9ZDY2ZWZkYTBiZjYzNGI5ZDk0OTE4YTUxMjcyMGNjZTI=
[2025-04-03 16:00:28] INFO -   - Page 12 => 10 caregivers, saved to raw_data\USA\30306\search_of_seniorcare\inhome\range_13_25\page_12.json
[2025-04-03 16:00:28] INFO -   - Next endCursor: U2VlZD0wLEluZGV4PTEyMCxQYWdlU2Nyb2xsSWQ9ZDY2ZWZkYTBiZjYzNGI5ZDk0OTE4YTUxMjcyMGNjZTI=
[2025-04-03 16:00:29] INFO -   - Page 13 => 10 caregivers, saved to raw_data\USA\30306\search_of_seniorcare\inhome\range_13_25\page_13.json
[2025-04-03 16:00:29] INFO -   - Next endCursor: U2VlZD0wLEluZGV4PTEzMCxQYWdlU2Nyb2xsSWQ9ZDY2ZWZkYTBiZjYzNGI5ZDk0OTE4YTUxMjcyMGNjZTI=
[2025-04-03 16:00:30] INFO -   - Page 14 => 10 caregivers, saved to raw_data\USA\30306\search_of_seniorcare\inhome\range_13_25\page_14.json
[2025-04-03 16:00:30] INFO -   - Next endCursor: U2VlZD0wLEluZGV4PTE0MCxQYWdlU2Nyb2xsSWQ9ZDY2ZWZkYTBiZjYzNGI5ZDk0OTE4YTUxMjcyMGNjZTI=
[2025-04-03 16:00:31] INFO -   - Page 15 => 10 caregivers, saved to raw_data\USA\30306\search_of_seniorcare\inhome\range_13_25\page_15.json
[2025-04-03 16:00:31] INFO -   - Next endCursor: U2VlZD0wLEluZGV4PTE1MCxQYWdlU2Nyb2xsSWQ9ZDY2ZWZkYTBiZjYzNGI5ZDk0OTE4YTUxMjcyMGNjZTI=
[2025-04-03 16:00:32] INFO -   - Page 16 => 10 caregivers, saved to raw_data\USA\30306\search_of_seniorcare\inhome\range_13_25\page_16.json
[2025-04-03 16:00:32] INFO -   - Next endCursor: U2VlZD0wLEluZGV4PTE2MCxQYWdlU2Nyb2xsSWQ9ZDY2ZWZkYTBiZjYzNGI5ZDk0OTE4YTUxMjcyMGNjZTI=
[2025-04-03 16:00:34] INFO -   - Page 17 => 10 caregivers, saved to raw_data\USA\30306\search_of_seniorcare\inhome\range_13_25\page_17.json
[2025-04-03 16:00:34] INFO -   - Next endCursor: U2VlZD0wLEluZGV4PTE3MCxQYWdlU2Nyb2xsSWQ9ZDY2ZWZkYTBiZjYzNGI5ZDk0OTE4YTUxMjcyMGNjZTI=
[2025-04-03 16:00:35] INFO -   - Page 18 => 10 caregivers, saved to raw_data\USA\30306\search_of_seniorcare\inhome\range_13_25\page_18.json
[2025-04-03 16:00:35] INFO -   - Next endCursor: U2VlZD0wLEluZGV4PTE4MCxQYWdlU2Nyb2xsSWQ9ZDY2ZWZkYTBiZjYzNGI5ZDk0OTE4YTUxMjcyMGNjZTI=
[2025-04-03 16:00:36] INFO -   - Page 19 => 10 caregivers, saved to raw_data\USA\30306\search_of_seniorcare\inhome\range_13_25\page_19.json
[2025-04-03 16:00:36] INFO -   - Next endCursor: U2VlZD0wLEluZGV4PTE5MCxQYWdlU2Nyb2xsSWQ9ZDY2ZWZkYTBiZjYzNGI5ZDk0OTE4YTUxMjcyMGNjZTI=
[2025-04-03 16:00:37] INFO -   - Page 20 => 10 caregivers, saved to raw_data\USA\30306\search_of_seniorcare\inhome\range_13_25\page_20.json
[2025-04-03 16:00:37] INFO -   - Next endCursor: U2VlZD0wLEluZGV4PTIwMCxQYWdlU2Nyb2xsSWQ9ZDY2ZWZkYTBiZjYzNGI5ZDk0OTE4YTUxMjcyMGNjZTI=
[2025-04-03 16:00:39] INFO -   - Page 21 => 10 caregivers, saved to raw_data\USA\30306\search_of_seniorcare\inhome\range_13_25\page_21.json
[2025-04-03 16:00:39] INFO -   - Next endCursor: U2VlZD0wLEluZGV4PTIxMCxQYWdlU2Nyb2xsSWQ9ZDY2ZWZkYTBiZjYzNGI5ZDk0OTE4YTUxMjcyMGNjZTI=
[2025-04-03 16:00:40] INFO -   - Page 22 => 10 caregivers, saved to raw_data\USA\30306\search_of_seniorcare\inhome\range_13_25\page_22.json
[2025-04-03 16:00:40] INFO -   - Next endCursor: U2VlZD0wLEluZGV4PTIyMCxQYWdlU2Nyb2xsSWQ9ZDY2ZWZkYTBiZjYzNGI5ZDk0OTE4YTUxMjcyMGNjZTI=
[2025-04-03 16:00:41] INFO -   - Page 23 => 10 caregivers, saved to raw_data\USA\30306\search_of_seniorcare\inhome\range_13_25\page_23.json
[2025-04-03 16:00:41] INFO -   - Next endCursor: U2VlZD0wLEluZGV4PTIzMCxQYWdlU2Nyb2xsSWQ9ZDY2ZWZkYTBiZjYzNGI5ZDk0OTE4YTUxMjcyMGNjZTI=
[2025-04-03 16:00:42] INFO -   - Page 24 => 10 caregivers, saved to raw_data\USA\30306\search_of_seniorcare\inhome\range_13_25\page_24.json
[2025-04-03 16:00:42] INFO -   - Next endCursor: U2VlZD0wLEluZGV4PTI0MCxQYWdlU2Nyb2xsSWQ9ZDY2ZWZkYTBiZjYzNGI5ZDk0OTE4YTUxMjcyMGNjZTI=
[2025-04-03 16:00:43] INFO -   - Page 25 => 10 caregivers, saved to raw_data\USA\30306\search_of_seniorcare\inhome\range_13_25\page_25.json
[2025-04-03 16:00:43] INFO -   - Next endCursor: U2VlZD0wLEluZGV4PTI1MCxQYWdlU2Nyb2xsSWQ9ZDY2ZWZkYTBiZjYzNGI5ZDk0OTE4YTUxMjcyMGNjZTI=
[2025-04-03 16:00:44] INFO -   - Page 26 => 10 caregivers, saved to raw_data\USA\30306\search_of_seniorcare\inhome\range_13_25\page_26.json
[2025-04-03 16:00:44] INFO -   - Next endCursor: U2VlZD0wLEluZGV4PTI2MCxQYWdlU2Nyb2xsSWQ9ZDY2ZWZkYTBiZjYzNGI5ZDk0OTE4YTUxMjcyMGNjZTI=
[2025-04-03 16:00:45] INFO -   - Page 27 => 10 caregivers, saved to raw_data\USA\30306\search_of_seniorcare\inhome\range_13_25\page_27.json
[2025-04-03 16:00:45] INFO -   - Next endCursor: U2VlZD0wLEluZGV4PTI3MCxQYWdlU2Nyb2xsSWQ9ZDY2ZWZkYTBiZjYzNGI5ZDk0OTE4YTUxMjcyMGNjZTI=
[2025-04-03 16:00:47] INFO -   - Page 28 => 10 caregivers, saved to raw_data\USA\30306\search_of_seniorcare\inhome\range_13_25\page_28.json
[2025-04-03 16:00:47] INFO -   - Next endCursor: U2VlZD0wLEluZGV4PTI4MCxQYWdlU2Nyb2xsSWQ9ZDY2ZWZkYTBiZjYzNGI5ZDk0OTE4YTUxMjcyMGNjZTI=
[2025-04-03 16:00:47] INFO -   - Page 29 => 10 caregivers, saved to raw_data\USA\30306\search_of_seniorcare\inhome\range_13_25\page_29.json
[2025-04-03 16:00:48] INFO -   - Next endCursor: U2VlZD0wLEluZGV4PTI5MCxQYWdlU2Nyb2xsSWQ9ZDY2ZWZkYTBiZjYzNGI5ZDk0OTE4YTUxMjcyMGNjZTI=
[2025-04-03 16:00:49] INFO -   - Page 30 => 10 caregivers, saved to raw_data\USA\30306\search_of_seniorcare\inhome\range_13_25\page_30.json
[2025-04-03 16:00:49] INFO -   - Next endCursor: U2VlZD0wLEluZGV4PTMwMCxQYWdlU2Nyb2xsSWQ9ZDY2ZWZkYTBiZjYzNGI5ZDk0OTE4YTUxMjcyMGNjZTI=
[2025-04-03 16:00:50] INFO -   - Page 31 => 10 caregivers, saved to raw_data\USA\30306\search_of_seniorcare\inhome\range_13_25\page_31.json
[2025-04-03 16:00:50] INFO -   - Next endCursor: U2VlZD0wLEluZGV4PTMxMCxQYWdlU2Nyb2xsSWQ9ZDY2ZWZkYTBiZjYzNGI5ZDk0OTE4YTUxMjcyMGNjZTI=
[2025-04-03 16:00:51] INFO -   - Page 32 => 10 caregivers, saved to raw_data\USA\30306\search_of_seniorcare\inhome\range_13_25\page_32.json
[2025-04-03 16:00:51] INFO -   - Next endCursor: U2VlZD0wLEluZGV4PTMyMCxQYWdlU2Nyb2xsSWQ9ZDY2ZWZkYTBiZjYzNGI5ZDk0OTE4YTUxMjcyMGNjZTI=
[2025-04-03 16:00:52] INFO -   - Page 33 => 10 caregivers, saved to raw_data\USA\30306\search_of_seniorcare\inhome\range_13_25\page_33.json
[2025-04-03 16:00:52] INFO -   - Next endCursor: U2VlZD0wLEluZGV4PTMzMCxQYWdlU2Nyb2xsSWQ9ZDY2ZWZkYTBiZjYzNGI5ZDk0OTE4YTUxMjcyMGNjZTI=
[2025-04-03 16:00:54] INFO -   - Page 34 => 10 caregivers, saved to raw_data\USA\30306\search_of_seniorcare\inhome\range_13_25\page_34.json
[2025-04-03 16:00:54] INFO -   - Next endCursor: U2VlZD0wLEluZGV4PTM0MCxQYWdlU2Nyb2xsSWQ9ZDY2ZWZkYTBiZjYzNGI5ZDk0OTE4YTUxMjcyMGNjZTI=
[2025-04-03 16:00:54] INFO -   - Page 35 => 10 caregivers, saved to raw_data\USA\30306\search_of_seniorcare\inhome\range_13_25\page_35.json
[2025-04-03 16:00:54] INFO -   - Next endCursor: U2VlZD0wLEluZGV4PTM1MCxQYWdlU2Nyb2xsSWQ9ZDY2ZWZkYTBiZjYzNGI5ZDk0OTE4YTUxMjcyMGNjZTI=
[2025-04-03 16:00:56] INFO -   - Page 36 => 10 caregivers, saved to raw_data\USA\30306\search_of_seniorcare\inhome\range_13_25\page_36.json
[2025-04-03 16:00:56] INFO -   - Next endCursor: U2VlZD0wLEluZGV4PTM2MCxQYWdlU2Nyb2xsSWQ9ZDY2ZWZkYTBiZjYzNGI5ZDk0OTE4YTUxMjcyMGNjZTI=
[2025-04-03 16:00:57] INFO -   - Page 37 => 10 caregivers, saved to raw_data\USA\30306\search_of_seniorcare\inhome\range_13_25\page_37.json
[2025-04-03 16:00:57] INFO -   - Next endCursor: U2VlZD0wLEluZGV4PTM3MCxQYWdlU2Nyb2xsSWQ9ZDY2ZWZkYTBiZjYzNGI5ZDk0OTE4YTUxMjcyMGNjZTI=
[2025-04-03 16:00:58] INFO -   - Page 38 => 10 caregivers, saved to raw_data\USA\30306\search_of_seniorcare\inhome\range_13_25\page_38.json
[2025-04-03 16:00:58] INFO -   - Next endCursor: U2VlZD0wLEluZGV4PTM4MCxQYWdlU2Nyb2xsSWQ9ZDY2ZWZkYTBiZjYzNGI5ZDk0OTE4YTUxMjcyMGNjZTI=
[2025-04-03 16:00:59] INFO -   - Page 39 => 10 caregivers, saved to raw_data\USA\30306\search_of_seniorcare\inhome\range_13_25\page_39.json
[2025-04-03 16:00:59] INFO -   - Next endCursor: U2VlZD0wLEluZGV4PTM5MCxQYWdlU2Nyb2xsSWQ9ZDY2ZWZkYTBiZjYzNGI5ZDk0OTE4YTUxMjcyMGNjZTI=
[2025-04-03 16:01:00] INFO -   - Page 40 => 10 caregivers, saved to raw_data\USA\30306\search_of_seniorcare\inhome\range_13_25\page_40.json
[2025-04-03 16:01:00] INFO -   - Next endCursor: U2VlZD0wLEluZGV4PTQwMCxQYWdlU2Nyb2xsSWQ9ZDY2ZWZkYTBiZjYzNGI5ZDk0OTE4YTUxMjcyMGNjZTI=
[2025-04-03 16:01:01] INFO -   - Page 41 => 10 caregivers, saved to raw_data\USA\30306\search_of_seniorcare\inhome\range_13_25\page_41.json
[2025-04-03 16:01:01] INFO -   - Next endCursor: U2VlZD0wLEluZGV4PTQxMCxQYWdlU2Nyb2xsSWQ9ZDY2ZWZkYTBiZjYzNGI5ZDk0OTE4YTUxMjcyMGNjZTI=
[2025-04-03 16:01:03] INFO -   - Page 42 => 10 caregivers, saved to raw_data\USA\30306\search_of_seniorcare\inhome\range_13_25\page_42.json
[2025-04-03 16:01:03] INFO -   - Next endCursor: U2VlZD0wLEluZGV4PTQyMCxQYWdlU2Nyb2xsSWQ9ZDY2ZWZkYTBiZjYzNGI5ZDk0OTE4YTUxMjcyMGNjZTI=
[2025-04-03 16:01:04] INFO -   - Page 43 => 10 caregivers, saved to raw_data\USA\30306\search_of_seniorcare\inhome\range_13_25\page_43.json
[2025-04-03 16:01:04] INFO -   - Next endCursor: U2VlZD0wLEluZGV4PTQzMCxQYWdlU2Nyb2xsSWQ9ZDY2ZWZkYTBiZjYzNGI5ZDk0OTE4YTUxMjcyMGNjZTI=
[2025-04-03 16:01:05] INFO -   - Page 44 => 10 caregivers, saved to raw_data\USA\30306\search_of_seniorcare\inhome\range_13_25\page_44.json
[2025-04-03 16:01:05] INFO -   - Next endCursor: U2VlZD0wLEluZGV4PTQ0MCxQYWdlU2Nyb2xsSWQ9ZDY2ZWZkYTBiZjYzNGI5ZDk0OTE4YTUxMjcyMGNjZTI=
[2025-04-03 16:01:07] INFO -   - Page 45 => 10 caregivers, saved to raw_data\USA\30306\search_of_seniorcare\inhome\range_13_25\page_45.json
[2025-04-03 16:01:07] INFO -   - Next endCursor: U2VlZD0wLEluZGV4PTQ1MCxQYWdlU2Nyb2xsSWQ9ZDY2ZWZkYTBiZjYzNGI5ZDk0OTE4YTUxMjcyMGNjZTI=
[2025-04-03 16:01:08] INFO -   - Page 46 => 10 caregivers, saved to raw_data\USA\30306\search_of_seniorcare\inhome\range_13_25\page_46.json
[2025-04-03 16:01:08] INFO -   - Next endCursor: U2VlZD0wLEluZGV4PTQ2MCxQYWdlU2Nyb2xsSWQ9ZDY2ZWZkYTBiZjYzNGI5ZDk0OTE4YTUxMjcyMGNjZTI=
[2025-04-03 16:01:09] INFO -   - Page 47 => 9 caregivers, saved to raw_data\USA\30306\search_of_seniorcare\inhome\range_13_25\page_47.json
[2025-04-03 16:01:09] INFO - Finished range [13, 25] with status='success'. Total pages: 47, total caregivers: 469.
[2025-04-03 16:01:09] INFO - All pay range segments processed. Scraping complete!
