[2025-04-02 15:35:18] INFO - Log file initialized at: raw_data\USA\10002\search_of_childcare\babysitting\scrape_babysitting.log
[2025-04-02 15:35:18] INFO - Starting scraping for USA/10002, care_type='childcare', sub_type='babysitting', pay range [0, 100].
[2025-04-02 15:35:18] INFO - Run ID: d01893ec-7ffb-4306-95d1-4545a01d1f45
[2025-04-02 15:35:18] INFO - Checking pay range [0, 100]...
[2025-04-02 15:35:20] INFO -   => totalHits = 6572
[2025-04-02 15:35:20] INFO -   => Splitting into [0, 50] and [51, 100].
[2025-04-02 15:35:20] INFO - Checking pay range [0, 50]...
[2025-04-02 15:35:22] INFO -   => totalHits = 6567
[2025-04-02 15:35:22] INFO -   => Splitting into [0, 25] and [26, 50].
[2025-04-02 15:35:22] INFO - Checking pay range [51, 100]...
[2025-04-02 15:35:23] INFO -   => totalHits = 5
[2025-04-02 15:35:23] INFO - Fetching data for pay range [51, 100]...
[2025-04-02 15:35:25] INFO -   - Page 1 => 5 caregivers, saved to raw_data\USA\10002\search_of_childcare\babysitting\range_51_100\page_1.json
[2025-04-02 15:35:25] INFO - Finished range [51, 100] with status='success'. Total pages: 1, total caregivers: 5.
[2025-04-02 15:35:25] INFO - Checking pay range [0, 25]...
[2025-04-02 15:35:26] INFO -   => totalHits = 2025
[2025-04-02 15:35:26] INFO -   => Splitting into [0, 12] and [13, 25].
[2025-04-02 15:35:26] INFO - Checking pay range [26, 50]...
[2025-04-02 15:35:28] INFO -   => totalHits = 4542
[2025-04-02 15:35:28] INFO -   => Splitting into [26, 38] and [39, 50].
[2025-04-02 15:35:28] INFO - Checking pay range [0, 12]...
[2025-04-02 15:35:29] INFO -   => totalHits = 9
[2025-04-02 15:35:29] INFO - Fetching data for pay range [0, 12]...
[2025-04-02 15:35:31] INFO -   - Page 1 => 9 caregivers, saved to raw_data\USA\10002\search_of_childcare\babysitting\range_0_12\page_1.json
[2025-04-02 15:35:31] INFO - Finished range [0, 12] with status='success'. Total pages: 1, total caregivers: 9.
[2025-04-02 15:35:31] INFO - Checking pay range [13, 25]...
[2025-04-02 15:35:32] INFO -   => totalHits = 2016
[2025-04-02 15:35:32] INFO -   => Splitting into [13, 19] and [20, 25].
[2025-04-02 15:35:32] INFO - Checking pay range [26, 38]...
[2025-04-02 15:35:34] INFO -   => totalHits = 4486
[2025-04-02 15:35:34] INFO -   => Splitting into [26, 32] and [33, 38].
[2025-04-02 15:35:34] INFO - Checking pay range [39, 50]...
[2025-04-02 15:35:35] INFO -   => totalHits = 56
[2025-04-02 15:35:35] INFO - Fetching data for pay range [39, 50]...
[2025-04-02 15:35:37] INFO -   - Page 1 => 10 caregivers, saved to raw_data\USA\10002\search_of_childcare\babysitting\range_39_50\page_1.json
[2025-04-02 15:35:37] INFO -   - Next endCursor: U2VlZD0wLEluZGV4PTEwLFBhZ2VTY3JvbGxJZD1mNTBhMzg2YjQwNTU0ODc1YTJmZTBlNTc3MDU4MzVmNA==
[2025-04-02 15:35:38] INFO -   - Page 2 => 10 caregivers, saved to raw_data\USA\10002\search_of_childcare\babysitting\range_39_50\page_2.json
[2025-04-02 15:35:38] INFO -   - Next endCursor: U2VlZD0wLEluZGV4PTIwLFBhZ2VTY3JvbGxJZD1mNTBhMzg2YjQwNTU0ODc1YTJmZTBlNTc3MDU4MzVmNA==
[2025-04-02 15:35:39] INFO -   - Page 3 => 10 caregivers, saved to raw_data\USA\10002\search_of_childcare\babysitting\range_39_50\page_3.json
[2025-04-02 15:35:39] INFO -   - Next endCursor: U2VlZD0wLEluZGV4PTMwLFBhZ2VTY3JvbGxJZD1mNTBhMzg2YjQwNTU0ODc1YTJmZTBlNTc3MDU4MzVmNA==
[2025-04-02 15:35:41] INFO -   - Page 4 => 10 caregivers, saved to raw_data\USA\10002\search_of_childcare\babysitting\range_39_50\page_4.json
[2025-04-02 15:35:41] INFO -   - Next endCursor: U2VlZD0wLEluZGV4PTQwLFBhZ2VTY3JvbGxJZD1mNTBhMzg2YjQwNTU0ODc1YTJmZTBlNTc3MDU4MzVmNA==
[2025-04-02 15:35:42] INFO -   - Page 5 => 10 caregivers, saved to raw_data\USA\10002\search_of_childcare\babysitting\range_39_50\page_5.json
[2025-04-02 15:35:42] INFO -   - Next endCursor: U2VlZD0wLEluZGV4PTUwLFBhZ2VTY3JvbGxJZD1mNTBhMzg2YjQwNTU0ODc1YTJmZTBlNTc3MDU4MzVmNA==
[2025-04-02 15:35:43] INFO -   - Page 6 => 6 caregivers, saved to raw_data\USA\10002\search_of_childcare\babysitting\range_39_50\page_6.json
[2025-04-02 15:35:43] INFO - Finished range [39, 50] with status='success'. Total pages: 6, total caregivers: 56.
[2025-04-02 15:35:43] INFO - Checking pay range [13, 19]...
[2025-04-02 15:35:45] INFO -   => totalHits = 378
[2025-04-02 15:35:45] INFO - Fetching data for pay range [13, 19]...
[2025-04-02 15:35:47] INFO -   - Page 1 => 10 caregivers, saved to raw_data\USA\10002\search_of_childcare\babysitting\range_13_19\page_1.json
[2025-04-02 15:35:47] INFO -   - Next endCursor: U2VlZD0wLEluZGV4PTEwLFBhZ2VTY3JvbGxJZD02OWU5OGU5ZjJlNjU0YjViYjU4ZjY5OWIyNjBiM2M5NA==
[2025-04-02 15:35:48] INFO -   - Page 2 => 10 caregivers, saved to raw_data\USA\10002\search_of_childcare\babysitting\range_13_19\page_2.json
[2025-04-02 15:35:48] INFO -   - Next endCursor: U2VlZD0wLEluZGV4PTIwLFBhZ2VTY3JvbGxJZD02OWU5OGU5ZjJlNjU0YjViYjU4ZjY5OWIyNjBiM2M5NA==
[2025-04-02 15:35:51] INFO -   - Page 3 => 10 caregivers, saved to raw_data\USA\10002\search_of_childcare\babysitting\range_13_19\page_3.json
[2025-04-02 15:35:51] INFO -   - Next endCursor: U2VlZD0wLEluZGV4PTMwLFBhZ2VTY3JvbGxJZD02OWU5OGU5ZjJlNjU0YjViYjU4ZjY5OWIyNjBiM2M5NA==
[2025-04-02 15:35:52] INFO -   - Page 4 => 10 caregivers, saved to raw_data\USA\10002\search_of_childcare\babysitting\range_13_19\page_4.json
[2025-04-02 15:35:52] INFO -   - Next endCursor: U2VlZD0wLEluZGV4PTQwLFBhZ2VTY3JvbGxJZD02OWU5OGU5ZjJlNjU0YjViYjU4ZjY5OWIyNjBiM2M5NA==
[2025-04-02 15:35:54] INFO -   - Page 5 => 10 caregivers, saved to raw_data\USA\10002\search_of_childcare\babysitting\range_13_19\page_5.json
[2025-04-02 15:35:54] INFO -   - Next endCursor: U2VlZD0wLEluZGV4PTUwLFBhZ2VTY3JvbGxJZD02OWU5OGU5ZjJlNjU0YjViYjU4ZjY5OWIyNjBiM2M5NA==
[2025-04-02 15:35:55] INFO -   - Page 6 => 10 caregivers, saved to raw_data\USA\10002\search_of_childcare\babysitting\range_13_19\page_6.json
[2025-04-02 15:35:55] INFO -   - Next endCursor: U2VlZD0wLEluZGV4PTYwLFBhZ2VTY3JvbGxJZD02OWU5OGU5ZjJlNjU0YjViYjU4ZjY5OWIyNjBiM2M5NA==
[2025-04-02 15:35:57] INFO -   - Page 7 => 10 caregivers, saved to raw_data\USA\10002\search_of_childcare\babysitting\range_13_19\page_7.json
[2025-04-02 15:35:57] INFO -   - Next endCursor: U2VlZD0wLEluZGV4PTcwLFBhZ2VTY3JvbGxJZD02OWU5OGU5ZjJlNjU0YjViYjU4ZjY5OWIyNjBiM2M5NA==
[2025-04-02 15:35:58] INFO -   - Page 8 => 10 caregivers, saved to raw_data\USA\10002\search_of_childcare\babysitting\range_13_19\page_8.json
[2025-04-02 15:35:58] INFO -   - Next endCursor: U2VlZD0wLEluZGV4PTgwLFBhZ2VTY3JvbGxJZD02OWU5OGU5ZjJlNjU0YjViYjU4ZjY5OWIyNjBiM2M5NA==
[2025-04-02 15:35:59] INFO -   - Page 9 => 10 caregivers, saved to raw_data\USA\10002\search_of_childcare\babysitting\range_13_19\page_9.json
[2025-04-02 15:35:59] INFO -   - Next endCursor: U2VlZD0wLEluZGV4PTkwLFBhZ2VTY3JvbGxJZD02OWU5OGU5ZjJlNjU0YjViYjU4ZjY5OWIyNjBiM2M5NA==
[2025-04-02 15:36:01] INFO -   - Page 10 => 10 caregivers, saved to raw_data\USA\10002\search_of_childcare\babysitting\range_13_19\page_10.json
[2025-04-02 15:36:01] INFO -   - Next endCursor: U2VlZD0wLEluZGV4PTEwMCxQYWdlU2Nyb2xsSWQ9NjllOThlOWYyZTY1NGI1YmI1OGY2OTliMjYwYjNjOTQ=
[2025-04-02 15:36:02] INFO -   - Page 11 => 10 caregivers, saved to raw_data\USA\10002\search_of_childcare\babysitting\range_13_19\page_11.json
[2025-04-02 15:36:02] INFO -   - Next endCursor: U2VlZD0wLEluZGV4PTExMCxQYWdlU2Nyb2xsSWQ9NjllOThlOWYyZTY1NGI1YmI1OGY2OTliMjYwYjNjOTQ=
[2025-04-02 15:36:04] INFO -   - Page 12 => 10 caregivers, saved to raw_data\USA\10002\search_of_childcare\babysitting\range_13_19\page_12.json
[2025-04-02 15:36:04] INFO -   - Next endCursor: U2VlZD0wLEluZGV4PTEyMCxQYWdlU2Nyb2xsSWQ9NjllOThlOWYyZTY1NGI1YmI1OGY2OTliMjYwYjNjOTQ=
[2025-04-02 15:36:05] INFO -   - Page 13 => 10 caregivers, saved to raw_data\USA\10002\search_of_childcare\babysitting\range_13_19\page_13.json
[2025-04-02 15:36:05] INFO -   - Next endCursor: U2VlZD0wLEluZGV4PTEzMCxQYWdlU2Nyb2xsSWQ9NjllOThlOWYyZTY1NGI1YmI1OGY2OTliMjYwYjNjOTQ=
[2025-04-02 15:36:07] INFO -   - Page 14 => 10 caregivers, saved to raw_data\USA\10002\search_of_childcare\babysitting\range_13_19\page_14.json
[2025-04-02 15:36:07] INFO -   - Next endCursor: U2VlZD0wLEluZGV4PTE0MCxQYWdlU2Nyb2xsSWQ9NjllOThlOWYyZTY1NGI1YmI1OGY2OTliMjYwYjNjOTQ=
[2025-04-02 15:36:08] INFO -   - Page 15 => 10 caregivers, saved to raw_data\USA\10002\search_of_childcare\babysitting\range_13_19\page_15.json
[2025-04-02 15:36:08] INFO -   - Next endCursor: U2VlZD0wLEluZGV4PTE1MCxQYWdlU2Nyb2xsSWQ9NjllOThlOWYyZTY1NGI1YmI1OGY2OTliMjYwYjNjOTQ=
[2025-04-02 15:36:10] INFO -   - Page 16 => 10 caregivers, saved to raw_data\USA\10002\search_of_childcare\babysitting\range_13_19\page_16.json
[2025-04-02 15:36:10] INFO -   - Next endCursor: U2VlZD0wLEluZGV4PTE2MCxQYWdlU2Nyb2xsSWQ9NjllOThlOWYyZTY1NGI1YmI1OGY2OTliMjYwYjNjOTQ=
[2025-04-02 15:36:11] INFO -   - Page 17 => 10 caregivers, saved to raw_data\USA\10002\search_of_childcare\babysitting\range_13_19\page_17.json
[2025-04-02 15:36:11] INFO -   - Next endCursor: U2VlZD0wLEluZGV4PTE3MCxQYWdlU2Nyb2xsSWQ9NjllOThlOWYyZTY1NGI1YmI1OGY2OTliMjYwYjNjOTQ=
[2025-04-02 15:36:12] INFO -   - Page 18 => 10 caregivers, saved to raw_data\USA\10002\search_of_childcare\babysitting\range_13_19\page_18.json
[2025-04-02 15:36:12] INFO -   - Next endCursor: U2VlZD0wLEluZGV4PTE4MCxQYWdlU2Nyb2xsSWQ9NjllOThlOWYyZTY1NGI1YmI1OGY2OTliMjYwYjNjOTQ=
[2025-04-02 15:36:14] INFO -   - Page 19 => 10 caregivers, saved to raw_data\USA\10002\search_of_childcare\babysitting\range_13_19\page_19.json
[2025-04-02 15:36:14] INFO -   - Next endCursor: U2VlZD0wLEluZGV4PTE5MCxQYWdlU2Nyb2xsSWQ9NjllOThlOWYyZTY1NGI1YmI1OGY2OTliMjYwYjNjOTQ=
[2025-04-02 15:36:15] INFO -   - Page 20 => 10 caregivers, saved to raw_data\USA\10002\search_of_childcare\babysitting\range_13_19\page_20.json
[2025-04-02 15:36:15] INFO -   - Next endCursor: U2VlZD0wLEluZGV4PTIwMCxQYWdlU2Nyb2xsSWQ9NjllOThlOWYyZTY1NGI1YmI1OGY2OTliMjYwYjNjOTQ=
[2025-04-02 15:36:17] INFO -   - Page 21 => 10 caregivers, saved to raw_data\USA\10002\search_of_childcare\babysitting\range_13_19\page_21.json
[2025-04-02 15:36:17] INFO -   - Next endCursor: U2VlZD0wLEluZGV4PTIxMCxQYWdlU2Nyb2xsSWQ9NjllOThlOWYyZTY1NGI1YmI1OGY2OTliMjYwYjNjOTQ=
[2025-04-02 15:36:18] INFO -   - Page 22 => 10 caregivers, saved to raw_data\USA\10002\search_of_childcare\babysitting\range_13_19\page_22.json
[2025-04-02 15:36:18] INFO -   - Next endCursor: U2VlZD0wLEluZGV4PTIyMCxQYWdlU2Nyb2xsSWQ9NjllOThlOWYyZTY1NGI1YmI1OGY2OTliMjYwYjNjOTQ=
[2025-04-02 15:36:20] INFO -   - Page 23 => 10 caregivers, saved to raw_data\USA\10002\search_of_childcare\babysitting\range_13_19\page_23.json
[2025-04-02 15:36:20] INFO -   - Next endCursor: U2VlZD0wLEluZGV4PTIzMCxQYWdlU2Nyb2xsSWQ9NjllOThlOWYyZTY1NGI1YmI1OGY2OTliMjYwYjNjOTQ=
[2025-04-02 15:36:22] INFO -   - Page 24 => 10 caregivers, saved to raw_data\USA\10002\search_of_childcare\babysitting\range_13_19\page_24.json
[2025-04-02 15:36:22] INFO -   - Next endCursor: U2VlZD0wLEluZGV4PTI0MCxQYWdlU2Nyb2xsSWQ9NjllOThlOWYyZTY1NGI1YmI1OGY2OTliMjYwYjNjOTQ=
[2025-04-02 15:36:23] INFO -   - Page 25 => 10 caregivers, saved to raw_data\USA\10002\search_of_childcare\babysitting\range_13_19\page_25.json
[2025-04-02 15:36:23] INFO -   - Next endCursor: U2VlZD0wLEluZGV4PTI1MCxQYWdlU2Nyb2xsSWQ9NjllOThlOWYyZTY1NGI1YmI1OGY2OTliMjYwYjNjOTQ=
[2025-04-02 15:36:24] INFO -   - Page 26 => 10 caregivers, saved to raw_data\USA\10002\search_of_childcare\babysitting\range_13_19\page_26.json
[2025-04-02 15:36:24] INFO -   - Next endCursor: U2VlZD0wLEluZGV4PTI2MCxQYWdlU2Nyb2xsSWQ9NjllOThlOWYyZTY1NGI1YmI1OGY2OTliMjYwYjNjOTQ=
[2025-04-02 15:36:26] INFO -   - Page 27 => 10 caregivers, saved to raw_data\USA\10002\search_of_childcare\babysitting\range_13_19\page_27.json
[2025-04-02 15:36:26] INFO -   - Next endCursor: U2VlZD0wLEluZGV4PTI3MCxQYWdlU2Nyb2xsSWQ9NjllOThlOWYyZTY1NGI1YmI1OGY2OTliMjYwYjNjOTQ=
[2025-04-02 15:36:27] INFO -   - Page 28 => 10 caregivers, saved to raw_data\USA\10002\search_of_childcare\babysitting\range_13_19\page_28.json
[2025-04-02 15:36:27] INFO -   - Next endCursor: U2VlZD0wLEluZGV4PTI4MCxQYWdlU2Nyb2xsSWQ9NjllOThlOWYyZTY1NGI1YmI1OGY2OTliMjYwYjNjOTQ=
[2025-04-02 15:36:29] INFO -   - Page 29 => 10 caregivers, saved to raw_data\USA\10002\search_of_childcare\babysitting\range_13_19\page_29.json
[2025-04-02 15:36:29] INFO -   - Next endCursor: U2VlZD0wLEluZGV4PTI5MCxQYWdlU2Nyb2xsSWQ9NjllOThlOWYyZTY1NGI1YmI1OGY2OTliMjYwYjNjOTQ=
[2025-04-02 15:36:30] INFO -   - Page 30 => 10 caregivers, saved to raw_data\USA\10002\search_of_childcare\babysitting\range_13_19\page_30.json
[2025-04-02 15:36:30] INFO -   - Next endCursor: U2VlZD0wLEluZGV4PTMwMCxQYWdlU2Nyb2xsSWQ9NjllOThlOWYyZTY1NGI1YmI1OGY2OTliMjYwYjNjOTQ=
[2025-04-02 15:36:32] INFO -   - Page 31 => 10 caregivers, saved to raw_data\USA\10002\search_of_childcare\babysitting\range_13_19\page_31.json
[2025-04-02 15:36:32] INFO -   - Next endCursor: U2VlZD0wLEluZGV4PTMxMCxQYWdlU2Nyb2xsSWQ9NjllOThlOWYyZTY1NGI1YmI1OGY2OTliMjYwYjNjOTQ=
[2025-04-02 15:36:33] INFO -   - Page 32 => 10 caregivers, saved to raw_data\USA\10002\search_of_childcare\babysitting\range_13_19\page_32.json
[2025-04-02 15:36:33] INFO -   - Next endCursor: U2VlZD0wLEluZGV4PTMyMCxQYWdlU2Nyb2xsSWQ9NjllOThlOWYyZTY1NGI1YmI1OGY2OTliMjYwYjNjOTQ=
[2025-04-02 15:36:35] INFO -   - Page 33 => 10 caregivers, saved to raw_data\USA\10002\search_of_childcare\babysitting\range_13_19\page_33.json
[2025-04-02 15:36:35] INFO -   - Next endCursor: U2VlZD0wLEluZGV4PTMzMCxQYWdlU2Nyb2xsSWQ9NjllOThlOWYyZTY1NGI1YmI1OGY2OTliMjYwYjNjOTQ=
[2025-04-02 15:36:36] INFO -   - Page 34 => 10 caregivers, saved to raw_data\USA\10002\search_of_childcare\babysitting\range_13_19\page_34.json
[2025-04-02 15:36:36] INFO -   - Next endCursor: U2VlZD0wLEluZGV4PTM0MCxQYWdlU2Nyb2xsSWQ9NjllOThlOWYyZTY1NGI1YmI1OGY2OTliMjYwYjNjOTQ=
[2025-04-02 15:36:38] INFO -   - Page 35 => 10 caregivers, saved to raw_data\USA\10002\search_of_childcare\babysitting\range_13_19\page_35.json
[2025-04-02 15:36:38] INFO -   - Next endCursor: U2VlZD0wLEluZGV4PTM1MCxQYWdlU2Nyb2xsSWQ9NjllOThlOWYyZTY1NGI1YmI1OGY2OTliMjYwYjNjOTQ=
[2025-04-02 15:36:39] INFO -   - Page 36 => 10 caregivers, saved to raw_data\USA\10002\search_of_childcare\babysitting\range_13_19\page_36.json
[2025-04-02 15:36:39] INFO -   - Next endCursor: U2VlZD0wLEluZGV4PTM2MCxQYWdlU2Nyb2xsSWQ9NjllOThlOWYyZTY1NGI1YmI1OGY2OTliMjYwYjNjOTQ=
[2025-04-02 15:36:41] INFO -   - Page 37 => 10 caregivers, saved to raw_data\USA\10002\search_of_childcare\babysitting\range_13_19\page_37.json
[2025-04-02 15:36:41] INFO -   - Next endCursor: U2VlZD0wLEluZGV4PTM3MCxQYWdlU2Nyb2xsSWQ9NjllOThlOWYyZTY1NGI1YmI1OGY2OTliMjYwYjNjOTQ=
[2025-04-02 15:36:42] INFO -   - Page 38 => 8 caregivers, saved to raw_data\USA\10002\search_of_childcare\babysitting\range_13_19\page_38.json
[2025-04-02 15:36:42] INFO - Finished range [13, 19] with status='success'. Total pages: 38, total caregivers: 378.
[2025-04-02 15:36:42] INFO - Checking pay range [20, 25]...
[2025-04-02 15:36:44] INFO -   => totalHits = 1638
[2025-04-02 15:36:44] INFO -   => Splitting into [20, 22] and [23, 25].
[2025-04-02 15:36:44] INFO - Checking pay range [26, 32]...
[2025-04-02 15:36:45] INFO -   => totalHits = 4385
[2025-04-02 15:36:45] INFO -   => Splitting into [26, 29] and [30, 32].
[2025-04-02 15:36:45] INFO - Checking pay range [33, 38]...
[2025-04-02 15:36:47] INFO -   => totalHits = 101
[2025-04-02 15:36:47] INFO - Fetching data for pay range [33, 38]...
[2025-04-02 15:36:48] INFO -   - Page 1 => 10 caregivers, saved to raw_data\USA\10002\search_of_childcare\babysitting\range_33_38\page_1.json
[2025-04-02 15:36:48] INFO -   - Next endCursor: U2VlZD0wLEluZGV4PTEwLFBhZ2VTY3JvbGxJZD1jZDRkYzFiY2MyNzA0YjkzYWQ1ODkxZDVhMTFlOWE2MQ==
[2025-04-02 15:36:50] INFO -   - Page 2 => 10 caregivers, saved to raw_data\USA\10002\search_of_childcare\babysitting\range_33_38\page_2.json
[2025-04-02 15:36:50] INFO -   - Next endCursor: U2VlZD0wLEluZGV4PTIwLFBhZ2VTY3JvbGxJZD1jZDRkYzFiY2MyNzA0YjkzYWQ1ODkxZDVhMTFlOWE2MQ==
[2025-04-02 15:36:51] INFO -   - Page 3 => 10 caregivers, saved to raw_data\USA\10002\search_of_childcare\babysitting\range_33_38\page_3.json
[2025-04-02 15:36:51] INFO -   - Next endCursor: U2VlZD0wLEluZGV4PTMwLFBhZ2VTY3JvbGxJZD1jZDRkYzFiY2MyNzA0YjkzYWQ1ODkxZDVhMTFlOWE2MQ==
[2025-04-02 15:36:53] INFO -   - Page 4 => 10 caregivers, saved to raw_data\USA\10002\search_of_childcare\babysitting\range_33_38\page_4.json
[2025-04-02 15:36:53] INFO -   - Next endCursor: U2VlZD0wLEluZGV4PTQwLFBhZ2VTY3JvbGxJZD1jZDRkYzFiY2MyNzA0YjkzYWQ1ODkxZDVhMTFlOWE2MQ==
[2025-04-02 15:36:54] INFO -   - Page 5 => 10 caregivers, saved to raw_data\USA\10002\search_of_childcare\babysitting\range_33_38\page_5.json
[2025-04-02 15:36:54] INFO -   - Next endCursor: U2VlZD0wLEluZGV4PTUwLFBhZ2VTY3JvbGxJZD1jZDRkYzFiY2MyNzA0YjkzYWQ1ODkxZDVhMTFlOWE2MQ==
[2025-04-02 15:36:56] INFO -   - Page 6 => 10 caregivers, saved to raw_data\USA\10002\search_of_childcare\babysitting\range_33_38\page_6.json
[2025-04-02 15:36:56] INFO -   - Next endCursor: U2VlZD0wLEluZGV4PTYwLFBhZ2VTY3JvbGxJZD1jZDRkYzFiY2MyNzA0YjkzYWQ1ODkxZDVhMTFlOWE2MQ==
[2025-04-02 15:36:57] INFO -   - Page 7 => 10 caregivers, saved to raw_data\USA\10002\search_of_childcare\babysitting\range_33_38\page_7.json
[2025-04-02 15:36:57] INFO -   - Next endCursor: U2VlZD0wLEluZGV4PTcwLFBhZ2VTY3JvbGxJZD1jZDRkYzFiY2MyNzA0YjkzYWQ1ODkxZDVhMTFlOWE2MQ==
[2025-04-02 15:36:58] INFO -   - Page 8 => 10 caregivers, saved to raw_data\USA\10002\search_of_childcare\babysitting\range_33_38\page_8.json
[2025-04-02 15:36:58] INFO -   - Next endCursor: U2VlZD0wLEluZGV4PTgwLFBhZ2VTY3JvbGxJZD1jZDRkYzFiY2MyNzA0YjkzYWQ1ODkxZDVhMTFlOWE2MQ==
[2025-04-02 15:37:00] INFO -   - Page 9 => 10 caregivers, saved to raw_data\USA\10002\search_of_childcare\babysitting\range_33_38\page_9.json
[2025-04-02 15:37:00] INFO -   - Next endCursor: U2VlZD0wLEluZGV4PTkwLFBhZ2VTY3JvbGxJZD1jZDRkYzFiY2MyNzA0YjkzYWQ1ODkxZDVhMTFlOWE2MQ==
[2025-04-02 15:37:01] INFO -   - Page 10 => 10 caregivers, saved to raw_data\USA\10002\search_of_childcare\babysitting\range_33_38\page_10.json
[2025-04-02 15:37:01] INFO -   - Next endCursor: U2VlZD0wLEluZGV4PTEwMCxQYWdlU2Nyb2xsSWQ9Y2Q0ZGMxYmNjMjcwNGI5M2FkNTg5MWQ1YTExZTlhNjE=
[2025-04-02 15:37:02] INFO -   - Page 11 => 1 caregivers, saved to raw_data\USA\10002\search_of_childcare\babysitting\range_33_38\page_11.json
[2025-04-02 15:37:02] INFO - Finished range [33, 38] with status='success'. Total pages: 11, total caregivers: 101.
[2025-04-02 15:37:02] INFO - Checking pay range [20, 22]...
[2025-04-02 15:37:04] INFO -   => totalHits = 776
[2025-04-02 15:37:04] INFO -   => Splitting into [20, 21] and [22, 22].
[2025-04-02 15:37:04] INFO - Checking pay range [23, 25]...
[2025-04-02 15:37:05] INFO -   => totalHits = 862
[2025-04-02 15:37:05] INFO -   => Splitting into [23, 24] and [25, 25].
[2025-04-02 15:37:05] INFO - Checking pay range [26, 29]...
[2025-04-02 15:37:07] INFO -   => totalHits = 3973
[2025-04-02 15:37:07] INFO -   => Splitting into [26, 27] and [28, 29].
[2025-04-02 15:37:07] INFO - Checking pay range [30, 32]...
[2025-04-02 15:37:08] INFO -   => totalHits = 412
[2025-04-02 15:37:08] INFO - Fetching data for pay range [30, 32]...
[2025-04-02 15:37:10] INFO -   - Page 1 => 10 caregivers, saved to raw_data\USA\10002\search_of_childcare\babysitting\range_30_32\page_1.json
[2025-04-02 15:37:10] INFO -   - Next endCursor: U2VlZD0wLEluZGV4PTEwLFBhZ2VTY3JvbGxJZD00MTJiNmY1N2U2MGU0MDU2Yjc2ZDcxM2E1ZTI5Y2I1NA==
[2025-04-02 15:37:11] INFO -   - Page 2 => 10 caregivers, saved to raw_data\USA\10002\search_of_childcare\babysitting\range_30_32\page_2.json
[2025-04-02 15:37:11] INFO -   - Next endCursor: U2VlZD0wLEluZGV4PTIwLFBhZ2VTY3JvbGxJZD00MTJiNmY1N2U2MGU0MDU2Yjc2ZDcxM2E1ZTI5Y2I1NA==
[2025-04-02 15:37:13] INFO -   - Page 3 => 10 caregivers, saved to raw_data\USA\10002\search_of_childcare\babysitting\range_30_32\page_3.json
[2025-04-02 15:37:13] INFO -   - Next endCursor: U2VlZD0wLEluZGV4PTMwLFBhZ2VTY3JvbGxJZD00MTJiNmY1N2U2MGU0MDU2Yjc2ZDcxM2E1ZTI5Y2I1NA==
[2025-04-02 15:37:14] INFO -   - Page 4 => 10 caregivers, saved to raw_data\USA\10002\search_of_childcare\babysitting\range_30_32\page_4.json
[2025-04-02 15:37:14] INFO -   - Next endCursor: U2VlZD0wLEluZGV4PTQwLFBhZ2VTY3JvbGxJZD00MTJiNmY1N2U2MGU0MDU2Yjc2ZDcxM2E1ZTI5Y2I1NA==
[2025-04-02 15:37:15] INFO -   - Page 5 => 10 caregivers, saved to raw_data\USA\10002\search_of_childcare\babysitting\range_30_32\page_5.json
[2025-04-02 15:37:15] INFO -   - Next endCursor: U2VlZD0wLEluZGV4PTUwLFBhZ2VTY3JvbGxJZD00MTJiNmY1N2U2MGU0MDU2Yjc2ZDcxM2E1ZTI5Y2I1NA==
[2025-04-02 15:37:17] INFO -   - Page 6 => 10 caregivers, saved to raw_data\USA\10002\search_of_childcare\babysitting\range_30_32\page_6.json
[2025-04-02 15:37:17] INFO -   - Next endCursor: U2VlZD0wLEluZGV4PTYwLFBhZ2VTY3JvbGxJZD00MTJiNmY1N2U2MGU0MDU2Yjc2ZDcxM2E1ZTI5Y2I1NA==
[2025-04-02 15:37:18] INFO -   - Page 7 => 10 caregivers, saved to raw_data\USA\10002\search_of_childcare\babysitting\range_30_32\page_7.json
[2025-04-02 15:37:18] INFO -   - Next endCursor: U2VlZD0wLEluZGV4PTcwLFBhZ2VTY3JvbGxJZD00MTJiNmY1N2U2MGU0MDU2Yjc2ZDcxM2E1ZTI5Y2I1NA==
[2025-04-02 15:37:20] INFO -   - Page 8 => 10 caregivers, saved to raw_data\USA\10002\search_of_childcare\babysitting\range_30_32\page_8.json
[2025-04-02 15:37:20] INFO -   - Next endCursor: U2VlZD0wLEluZGV4PTgwLFBhZ2VTY3JvbGxJZD00MTJiNmY1N2U2MGU0MDU2Yjc2ZDcxM2E1ZTI5Y2I1NA==
[2025-04-02 15:37:22] INFO -   - Page 9 => 10 caregivers, saved to raw_data\USA\10002\search_of_childcare\babysitting\range_30_32\page_9.json
[2025-04-02 15:37:22] INFO -   - Next endCursor: U2VlZD0wLEluZGV4PTkwLFBhZ2VTY3JvbGxJZD00MTJiNmY1N2U2MGU0MDU2Yjc2ZDcxM2E1ZTI5Y2I1NA==
[2025-04-02 15:37:24] INFO -   - Page 10 => 10 caregivers, saved to raw_data\USA\10002\search_of_childcare\babysitting\range_30_32\page_10.json
[2025-04-02 15:37:24] INFO -   - Next endCursor: U2VlZD0wLEluZGV4PTEwMCxQYWdlU2Nyb2xsSWQ9NDEyYjZmNTdlNjBlNDA1NmI3NmQ3MTNhNWUyOWNiNTQ=
[2025-04-02 15:37:25] INFO -   - Page 11 => 10 caregivers, saved to raw_data\USA\10002\search_of_childcare\babysitting\range_30_32\page_11.json
[2025-04-02 15:37:25] INFO -   - Next endCursor: U2VlZD0wLEluZGV4PTExMCxQYWdlU2Nyb2xsSWQ9NDEyYjZmNTdlNjBlNDA1NmI3NmQ3MTNhNWUyOWNiNTQ=
[2025-04-02 15:37:26] INFO -   - Page 12 => 10 caregivers, saved to raw_data\USA\10002\search_of_childcare\babysitting\range_30_32\page_12.json
[2025-04-02 15:37:26] INFO -   - Next endCursor: U2VlZD0wLEluZGV4PTEyMCxQYWdlU2Nyb2xsSWQ9NDEyYjZmNTdlNjBlNDA1NmI3NmQ3MTNhNWUyOWNiNTQ=
[2025-04-02 15:37:28] INFO -   - Page 13 => 10 caregivers, saved to raw_data\USA\10002\search_of_childcare\babysitting\range_30_32\page_13.json
[2025-04-02 15:37:28] INFO -   - Next endCursor: U2VlZD0wLEluZGV4PTEzMCxQYWdlU2Nyb2xsSWQ9NDEyYjZmNTdlNjBlNDA1NmI3NmQ3MTNhNWUyOWNiNTQ=
[2025-04-02 15:37:29] INFO -   - Page 14 => 10 caregivers, saved to raw_data\USA\10002\search_of_childcare\babysitting\range_30_32\page_14.json
[2025-04-02 15:37:29] INFO -   - Next endCursor: U2VlZD0wLEluZGV4PTE0MCxQYWdlU2Nyb2xsSWQ9NDEyYjZmNTdlNjBlNDA1NmI3NmQ3MTNhNWUyOWNiNTQ=
[2025-04-02 15:37:31] INFO -   - Page 15 => 10 caregivers, saved to raw_data\USA\10002\search_of_childcare\babysitting\range_30_32\page_15.json
[2025-04-02 15:37:31] INFO -   - Next endCursor: U2VlZD0wLEluZGV4PTE1MCxQYWdlU2Nyb2xsSWQ9NDEyYjZmNTdlNjBlNDA1NmI3NmQ3MTNhNWUyOWNiNTQ=
[2025-04-02 15:37:32] INFO -   - Page 16 => 10 caregivers, saved to raw_data\USA\10002\search_of_childcare\babysitting\range_30_32\page_16.json
[2025-04-02 15:37:32] INFO -   - Next endCursor: U2VlZD0wLEluZGV4PTE2MCxQYWdlU2Nyb2xsSWQ9NDEyYjZmNTdlNjBlNDA1NmI3NmQ3MTNhNWUyOWNiNTQ=
[2025-04-02 15:37:34] INFO -   - Page 17 => 10 caregivers, saved to raw_data\USA\10002\search_of_childcare\babysitting\range_30_32\page_17.json
[2025-04-02 15:37:34] INFO -   - Next endCursor: U2VlZD0wLEluZGV4PTE3MCxQYWdlU2Nyb2xsSWQ9NDEyYjZmNTdlNjBlNDA1NmI3NmQ3MTNhNWUyOWNiNTQ=
[2025-04-02 15:37:35] INFO -   - Page 18 => 10 caregivers, saved to raw_data\USA\10002\search_of_childcare\babysitting\range_30_32\page_18.json
[2025-04-02 15:37:35] INFO -   - Next endCursor: U2VlZD0wLEluZGV4PTE4MCxQYWdlU2Nyb2xsSWQ9NDEyYjZmNTdlNjBlNDA1NmI3NmQ3MTNhNWUyOWNiNTQ=
[2025-04-02 15:37:36] INFO -   - Page 19 => 10 caregivers, saved to raw_data\USA\10002\search_of_childcare\babysitting\range_30_32\page_19.json
[2025-04-02 15:37:36] INFO -   - Next endCursor: U2VlZD0wLEluZGV4PTE5MCxQYWdlU2Nyb2xsSWQ9NDEyYjZmNTdlNjBlNDA1NmI3NmQ3MTNhNWUyOWNiNTQ=
[2025-04-02 15:37:38] INFO -   - Page 20 => 10 caregivers, saved to raw_data\USA\10002\search_of_childcare\babysitting\range_30_32\page_20.json
[2025-04-02 15:37:38] INFO -   - Next endCursor: U2VlZD0wLEluZGV4PTIwMCxQYWdlU2Nyb2xsSWQ9NDEyYjZmNTdlNjBlNDA1NmI3NmQ3MTNhNWUyOWNiNTQ=
[2025-04-02 15:37:39] INFO -   - Page 21 => 10 caregivers, saved to raw_data\USA\10002\search_of_childcare\babysitting\range_30_32\page_21.json
[2025-04-02 15:37:39] INFO -   - Next endCursor: U2VlZD0wLEluZGV4PTIxMCxQYWdlU2Nyb2xsSWQ9NDEyYjZmNTdlNjBlNDA1NmI3NmQ3MTNhNWUyOWNiNTQ=
[2025-04-02 15:37:41] INFO -   - Page 22 => 10 caregivers, saved to raw_data\USA\10002\search_of_childcare\babysitting\range_30_32\page_22.json
[2025-04-02 15:37:41] INFO -   - Next endCursor: U2VlZD0wLEluZGV4PTIyMCxQYWdlU2Nyb2xsSWQ9NDEyYjZmNTdlNjBlNDA1NmI3NmQ3MTNhNWUyOWNiNTQ=
[2025-04-02 15:37:42] INFO -   - Page 23 => 10 caregivers, saved to raw_data\USA\10002\search_of_childcare\babysitting\range_30_32\page_23.json
[2025-04-02 15:37:42] INFO -   - Next endCursor: U2VlZD0wLEluZGV4PTIzMCxQYWdlU2Nyb2xsSWQ9NDEyYjZmNTdlNjBlNDA1NmI3NmQ3MTNhNWUyOWNiNTQ=
[2025-04-02 15:37:44] INFO -   - Page 24 => 10 caregivers, saved to raw_data\USA\10002\search_of_childcare\babysitting\range_30_32\page_24.json
[2025-04-02 15:37:44] INFO -   - Next endCursor: U2VlZD0wLEluZGV4PTI0MCxQYWdlU2Nyb2xsSWQ9NDEyYjZmNTdlNjBlNDA1NmI3NmQ3MTNhNWUyOWNiNTQ=
[2025-04-02 15:37:45] INFO -   - Page 25 => 10 caregivers, saved to raw_data\USA\10002\search_of_childcare\babysitting\range_30_32\page_25.json
[2025-04-02 15:37:45] INFO -   - Next endCursor: U2VlZD0wLEluZGV4PTI1MCxQYWdlU2Nyb2xsSWQ9NDEyYjZmNTdlNjBlNDA1NmI3NmQ3MTNhNWUyOWNiNTQ=
[2025-04-02 15:37:47] INFO -   - Page 26 => 10 caregivers, saved to raw_data\USA\10002\search_of_childcare\babysitting\range_30_32\page_26.json
[2025-04-02 15:37:47] INFO -   - Next endCursor: U2VlZD0wLEluZGV4PTI2MCxQYWdlU2Nyb2xsSWQ9NDEyYjZmNTdlNjBlNDA1NmI3NmQ3MTNhNWUyOWNiNTQ=
[2025-04-02 15:37:48] INFO -   - Page 27 => 10 caregivers, saved to raw_data\USA\10002\search_of_childcare\babysitting\range_30_32\page_27.json
[2025-04-02 15:37:48] INFO -   - Next endCursor: U2VlZD0wLEluZGV4PTI3MCxQYWdlU2Nyb2xsSWQ9NDEyYjZmNTdlNjBlNDA1NmI3NmQ3MTNhNWUyOWNiNTQ=
[2025-04-02 15:37:50] INFO -   - Page 28 => 10 caregivers, saved to raw_data\USA\10002\search_of_childcare\babysitting\range_30_32\page_28.json
[2025-04-02 15:37:50] INFO -   - Next endCursor: U2VlZD0wLEluZGV4PTI4MCxQYWdlU2Nyb2xsSWQ9NDEyYjZmNTdlNjBlNDA1NmI3NmQ3MTNhNWUyOWNiNTQ=
[2025-04-02 15:37:51] INFO -   - Page 29 => 10 caregivers, saved to raw_data\USA\10002\search_of_childcare\babysitting\range_30_32\page_29.json
[2025-04-02 15:37:51] INFO -   - Next endCursor: U2VlZD0wLEluZGV4PTI5MCxQYWdlU2Nyb2xsSWQ9NDEyYjZmNTdlNjBlNDA1NmI3NmQ3MTNhNWUyOWNiNTQ=
[2025-04-02 15:37:52] INFO -   - Page 30 => 10 caregivers, saved to raw_data\USA\10002\search_of_childcare\babysitting\range_30_32\page_30.json
[2025-04-02 15:37:52] INFO -   - Next endCursor: U2VlZD0wLEluZGV4PTMwMCxQYWdlU2Nyb2xsSWQ9NDEyYjZmNTdlNjBlNDA1NmI3NmQ3MTNhNWUyOWNiNTQ=
[2025-04-02 15:37:54] INFO -   - Page 31 => 10 caregivers, saved to raw_data\USA\10002\search_of_childcare\babysitting\range_30_32\page_31.json
[2025-04-02 15:37:54] INFO -   - Next endCursor: U2VlZD0wLEluZGV4PTMxMCxQYWdlU2Nyb2xsSWQ9NDEyYjZmNTdlNjBlNDA1NmI3NmQ3MTNhNWUyOWNiNTQ=
[2025-04-02 15:37:55] INFO -   - Page 32 => 10 caregivers, saved to raw_data\USA\10002\search_of_childcare\babysitting\range_30_32\page_32.json
[2025-04-02 15:37:55] INFO -   - Next endCursor: U2VlZD0wLEluZGV4PTMyMCxQYWdlU2Nyb2xsSWQ9NDEyYjZmNTdlNjBlNDA1NmI3NmQ3MTNhNWUyOWNiNTQ=
[2025-04-02 15:37:56] INFO -   - Page 33 => 10 caregivers, saved to raw_data\USA\10002\search_of_childcare\babysitting\range_30_32\page_33.json
[2025-04-02 15:37:56] INFO -   - Next endCursor: U2VlZD0wLEluZGV4PTMzMCxQYWdlU2Nyb2xsSWQ9NDEyYjZmNTdlNjBlNDA1NmI3NmQ3MTNhNWUyOWNiNTQ=
[2025-04-02 15:37:58] INFO -   - Page 34 => 10 caregivers, saved to raw_data\USA\10002\search_of_childcare\babysitting\range_30_32\page_34.json
[2025-04-02 15:37:58] INFO -   - Next endCursor: U2VlZD0wLEluZGV4PTM0MCxQYWdlU2Nyb2xsSWQ9NDEyYjZmNTdlNjBlNDA1NmI3NmQ3MTNhNWUyOWNiNTQ=
[2025-04-02 15:37:59] INFO -   - Page 35 => 10 caregivers, saved to raw_data\USA\10002\search_of_childcare\babysitting\range_30_32\page_35.json
[2025-04-02 15:37:59] INFO -   - Next endCursor: U2VlZD0wLEluZGV4PTM1MCxQYWdlU2Nyb2xsSWQ9NDEyYjZmNTdlNjBlNDA1NmI3NmQ3MTNhNWUyOWNiNTQ=
[2025-04-02 15:38:01] INFO -   - Page 36 => 10 caregivers, saved to raw_data\USA\10002\search_of_childcare\babysitting\range_30_32\page_36.json
[2025-04-02 15:38:01] INFO -   - Next endCursor: U2VlZD0wLEluZGV4PTM2MCxQYWdlU2Nyb2xsSWQ9NDEyYjZmNTdlNjBlNDA1NmI3NmQ3MTNhNWUyOWNiNTQ=
[2025-04-02 15:38:03] INFO -   - Page 37 => 10 caregivers, saved to raw_data\USA\10002\search_of_childcare\babysitting\range_30_32\page_37.json
[2025-04-02 15:38:03] INFO -   - Next endCursor: U2VlZD0wLEluZGV4PTM3MCxQYWdlU2Nyb2xsSWQ9NDEyYjZmNTdlNjBlNDA1NmI3NmQ3MTNhNWUyOWNiNTQ=
[2025-04-02 15:38:04] INFO -   - Page 38 => 10 caregivers, saved to raw_data\USA\10002\search_of_childcare\babysitting\range_30_32\page_38.json
[2025-04-02 15:38:04] INFO -   - Next endCursor: U2VlZD0wLEluZGV4PTM4MCxQYWdlU2Nyb2xsSWQ9NDEyYjZmNTdlNjBlNDA1NmI3NmQ3MTNhNWUyOWNiNTQ=
[2025-04-02 15:38:05] INFO -   - Page 39 => 10 caregivers, saved to raw_data\USA\10002\search_of_childcare\babysitting\range_30_32\page_39.json
[2025-04-02 15:38:05] INFO -   - Next endCursor: U2VlZD0wLEluZGV4PTM5MCxQYWdlU2Nyb2xsSWQ9NDEyYjZmNTdlNjBlNDA1NmI3NmQ3MTNhNWUyOWNiNTQ=
[2025-04-02 15:38:07] INFO -   - Page 40 => 10 caregivers, saved to raw_data\USA\10002\search_of_childcare\babysitting\range_30_32\page_40.json
[2025-04-02 15:38:07] INFO -   - Next endCursor: U2VlZD0wLEluZGV4PTQwMCxQYWdlU2Nyb2xsSWQ9NDEyYjZmNTdlNjBlNDA1NmI3NmQ3MTNhNWUyOWNiNTQ=
[2025-04-02 15:38:08] INFO -   - Page 41 => 10 caregivers, saved to raw_data\USA\10002\search_of_childcare\babysitting\range_30_32\page_41.json
[2025-04-02 15:38:08] INFO -   - Next endCursor: U2VlZD0wLEluZGV4PTQxMCxQYWdlU2Nyb2xsSWQ9NDEyYjZmNTdlNjBlNDA1NmI3NmQ3MTNhNWUyOWNiNTQ=
[2025-04-02 15:38:10] INFO -   - Page 42 => 2 caregivers, saved to raw_data\USA\10002\search_of_childcare\babysitting\range_30_32\page_42.json
[2025-04-02 15:38:10] INFO - Finished range [30, 32] with status='success'. Total pages: 42, total caregivers: 412.
[2025-04-02 15:38:10] INFO - Checking pay range [20, 21]...
[2025-04-02 15:38:12] INFO -   => totalHits = 628
[2025-04-02 15:38:12] INFO -   => Splitting into [20, 20] and [21, 21].
[2025-04-02 15:38:12] INFO - Checking pay range [22, 22]...
[2025-04-02 15:38:13] INFO -   => totalHits = 148
[2025-04-02 15:38:13] INFO - Fetching data for pay range [22, 22]...
[2025-04-02 15:38:14] INFO -   - Page 1 => 10 caregivers, saved to raw_data\USA\10002\search_of_childcare\babysitting\range_22_22\page_1.json
[2025-04-02 15:38:14] INFO -   - Next endCursor: U2VlZD0wLEluZGV4PTEwLFBhZ2VTY3JvbGxJZD02MGFjYjQxZmI1YmI0ZWZjYjdmOTJlNWQ4NmRjYzFhNw==
[2025-04-02 15:38:15] INFO -   - Page 2 => 10 caregivers, saved to raw_data\USA\10002\search_of_childcare\babysitting\range_22_22\page_2.json
[2025-04-02 15:38:15] INFO -   - Next endCursor: U2VlZD0wLEluZGV4PTIwLFBhZ2VTY3JvbGxJZD02MGFjYjQxZmI1YmI0ZWZjYjdmOTJlNWQ4NmRjYzFhNw==
[2025-04-02 15:38:17] INFO -   - Page 3 => 10 caregivers, saved to raw_data\USA\10002\search_of_childcare\babysitting\range_22_22\page_3.json
[2025-04-02 15:38:17] INFO -   - Next endCursor: U2VlZD0wLEluZGV4PTMwLFBhZ2VTY3JvbGxJZD02MGFjYjQxZmI1YmI0ZWZjYjdmOTJlNWQ4NmRjYzFhNw==
[2025-04-02 15:38:18] INFO -   - Page 4 => 10 caregivers, saved to raw_data\USA\10002\search_of_childcare\babysitting\range_22_22\page_4.json
[2025-04-02 15:38:18] INFO -   - Next endCursor: U2VlZD0wLEluZGV4PTQwLFBhZ2VTY3JvbGxJZD02MGFjYjQxZmI1YmI0ZWZjYjdmOTJlNWQ4NmRjYzFhNw==
[2025-04-02 15:38:20] INFO -   - Page 5 => 10 caregivers, saved to raw_data\USA\10002\search_of_childcare\babysitting\range_22_22\page_5.json
[2025-04-02 15:38:20] INFO -   - Next endCursor: U2VlZD0wLEluZGV4PTUwLFBhZ2VTY3JvbGxJZD02MGFjYjQxZmI1YmI0ZWZjYjdmOTJlNWQ4NmRjYzFhNw==
[2025-04-02 15:38:22] INFO -   - Page 6 => 10 caregivers, saved to raw_data\USA\10002\search_of_childcare\babysitting\range_22_22\page_6.json
[2025-04-02 15:38:22] INFO -   - Next endCursor: U2VlZD0wLEluZGV4PTYwLFBhZ2VTY3JvbGxJZD02MGFjYjQxZmI1YmI0ZWZjYjdmOTJlNWQ4NmRjYzFhNw==
[2025-04-02 15:38:23] INFO -   - Page 7 => 10 caregivers, saved to raw_data\USA\10002\search_of_childcare\babysitting\range_22_22\page_7.json
[2025-04-02 15:38:23] INFO -   - Next endCursor: U2VlZD0wLEluZGV4PTcwLFBhZ2VTY3JvbGxJZD02MGFjYjQxZmI1YmI0ZWZjYjdmOTJlNWQ4NmRjYzFhNw==
[2025-04-02 15:38:24] INFO -   - Page 8 => 10 caregivers, saved to raw_data\USA\10002\search_of_childcare\babysitting\range_22_22\page_8.json
[2025-04-02 15:38:24] INFO -   - Next endCursor: U2VlZD0wLEluZGV4PTgwLFBhZ2VTY3JvbGxJZD02MGFjYjQxZmI1YmI0ZWZjYjdmOTJlNWQ4NmRjYzFhNw==
[2025-04-02 15:38:26] INFO -   - Page 9 => 10 caregivers, saved to raw_data\USA\10002\search_of_childcare\babysitting\range_22_22\page_9.json
[2025-04-02 15:38:26] INFO -   - Next endCursor: U2VlZD0wLEluZGV4PTkwLFBhZ2VTY3JvbGxJZD02MGFjYjQxZmI1YmI0ZWZjYjdmOTJlNWQ4NmRjYzFhNw==
[2025-04-02 15:38:27] INFO -   - Page 10 => 10 caregivers, saved to raw_data\USA\10002\search_of_childcare\babysitting\range_22_22\page_10.json
[2025-04-02 15:38:27] INFO -   - Next endCursor: U2VlZD0wLEluZGV4PTEwMCxQYWdlU2Nyb2xsSWQ9NjBhY2I0MWZiNWJiNGVmY2I3ZjkyZTVkODZkY2MxYTc=
[2025-04-02 15:38:29] INFO -   - Page 11 => 10 caregivers, saved to raw_data\USA\10002\search_of_childcare\babysitting\range_22_22\page_11.json
[2025-04-02 15:38:29] INFO -   - Next endCursor: U2VlZD0wLEluZGV4PTExMCxQYWdlU2Nyb2xsSWQ9NjBhY2I0MWZiNWJiNGVmY2I3ZjkyZTVkODZkY2MxYTc=
[2025-04-02 15:38:30] INFO -   - Page 12 => 10 caregivers, saved to raw_data\USA\10002\search_of_childcare\babysitting\range_22_22\page_12.json
[2025-04-02 15:38:30] INFO -   - Next endCursor: U2VlZD0wLEluZGV4PTEyMCxQYWdlU2Nyb2xsSWQ9NjBhY2I0MWZiNWJiNGVmY2I3ZjkyZTVkODZkY2MxYTc=
[2025-04-02 15:38:32] INFO -   - Page 13 => 10 caregivers, saved to raw_data\USA\10002\search_of_childcare\babysitting\range_22_22\page_13.json
[2025-04-02 15:38:32] INFO -   - Next endCursor: U2VlZD0wLEluZGV4PTEzMCxQYWdlU2Nyb2xsSWQ9NjBhY2I0MWZiNWJiNGVmY2I3ZjkyZTVkODZkY2MxYTc=
[2025-04-02 15:38:33] INFO -   - Page 14 => 10 caregivers, saved to raw_data\USA\10002\search_of_childcare\babysitting\range_22_22\page_14.json
[2025-04-02 15:38:33] INFO -   - Next endCursor: U2VlZD0wLEluZGV4PTE0MCxQYWdlU2Nyb2xsSWQ9NjBhY2I0MWZiNWJiNGVmY2I3ZjkyZTVkODZkY2MxYTc=
[2025-04-02 15:38:35] INFO -   - Page 15 => 8 caregivers, saved to raw_data\USA\10002\search_of_childcare\babysitting\range_22_22\page_15.json
[2025-04-02 15:38:35] INFO - Finished range [22, 22] with status='success'. Total pages: 15, total caregivers: 148.
[2025-04-02 15:38:35] INFO - Checking pay range [23, 24]...
[2025-04-02 15:38:36] INFO -   => totalHits = 108
[2025-04-02 15:38:36] INFO - Fetching data for pay range [23, 24]...
[2025-04-02 15:38:37] INFO -   - Page 1 => 10 caregivers, saved to raw_data\USA\10002\search_of_childcare\babysitting\range_23_24\page_1.json
[2025-04-02 15:38:37] INFO -   - Next endCursor: U2VlZD0wLEluZGV4PTEwLFBhZ2VTY3JvbGxJZD0wMTQyNGUwNjc4NTc0MzE4OGFjNGEwYjY3MjI2MzRhYw==
[2025-04-02 15:38:39] INFO -   - Page 2 => 10 caregivers, saved to raw_data\USA\10002\search_of_childcare\babysitting\range_23_24\page_2.json
[2025-04-02 15:38:39] INFO -   - Next endCursor: U2VlZD0wLEluZGV4PTIwLFBhZ2VTY3JvbGxJZD0wMTQyNGUwNjc4NTc0MzE4OGFjNGEwYjY3MjI2MzRhYw==
[2025-04-02 15:38:40] INFO -   - Page 3 => 10 caregivers, saved to raw_data\USA\10002\search_of_childcare\babysitting\range_23_24\page_3.json
[2025-04-02 15:38:40] INFO -   - Next endCursor: U2VlZD0wLEluZGV4PTMwLFBhZ2VTY3JvbGxJZD0wMTQyNGUwNjc4NTc0MzE4OGFjNGEwYjY3MjI2MzRhYw==
[2025-04-02 15:38:42] INFO -   - Page 4 => 10 caregivers, saved to raw_data\USA\10002\search_of_childcare\babysitting\range_23_24\page_4.json
[2025-04-02 15:38:42] INFO -   - Next endCursor: U2VlZD0wLEluZGV4PTQwLFBhZ2VTY3JvbGxJZD0wMTQyNGUwNjc4NTc0MzE4OGFjNGEwYjY3MjI2MzRhYw==
[2025-04-02 15:38:43] INFO -   - Page 5 => 10 caregivers, saved to raw_data\USA\10002\search_of_childcare\babysitting\range_23_24\page_5.json
[2025-04-02 15:38:43] INFO -   - Next endCursor: U2VlZD0wLEluZGV4PTUwLFBhZ2VTY3JvbGxJZD0wMTQyNGUwNjc4NTc0MzE4OGFjNGEwYjY3MjI2MzRhYw==
[2025-04-02 15:38:45] INFO -   - Page 6 => 10 caregivers, saved to raw_data\USA\10002\search_of_childcare\babysitting\range_23_24\page_6.json
[2025-04-02 15:38:45] INFO -   - Next endCursor: U2VlZD0wLEluZGV4PTYwLFBhZ2VTY3JvbGxJZD0wMTQyNGUwNjc4NTc0MzE4OGFjNGEwYjY3MjI2MzRhYw==
[2025-04-02 15:38:46] INFO -   - Page 7 => 10 caregivers, saved to raw_data\USA\10002\search_of_childcare\babysitting\range_23_24\page_7.json
[2025-04-02 15:38:46] INFO -   - Next endCursor: U2VlZD0wLEluZGV4PTcwLFBhZ2VTY3JvbGxJZD0wMTQyNGUwNjc4NTc0MzE4OGFjNGEwYjY3MjI2MzRhYw==
[2025-04-02 15:38:48] INFO -   - Page 8 => 10 caregivers, saved to raw_data\USA\10002\search_of_childcare\babysitting\range_23_24\page_8.json
[2025-04-02 15:38:48] INFO -   - Next endCursor: U2VlZD0wLEluZGV4PTgwLFBhZ2VTY3JvbGxJZD0wMTQyNGUwNjc4NTc0MzE4OGFjNGEwYjY3MjI2MzRhYw==
[2025-04-02 15:38:49] INFO -   - Page 9 => 10 caregivers, saved to raw_data\USA\10002\search_of_childcare\babysitting\range_23_24\page_9.json
[2025-04-02 15:38:49] INFO -   - Next endCursor: U2VlZD0wLEluZGV4PTkwLFBhZ2VTY3JvbGxJZD0wMTQyNGUwNjc4NTc0MzE4OGFjNGEwYjY3MjI2MzRhYw==
[2025-04-02 15:38:50] INFO -   - Page 10 => 10 caregivers, saved to raw_data\USA\10002\search_of_childcare\babysitting\range_23_24\page_10.json
[2025-04-02 15:38:50] INFO -   - Next endCursor: U2VlZD0wLEluZGV4PTEwMCxQYWdlU2Nyb2xsSWQ9MDE0MjRlMDY3ODU3NDMxODhhYzRhMGI2NzIyNjM0YWM=
[2025-04-02 15:38:52] INFO -   - Page 11 => 8 caregivers, saved to raw_data\USA\10002\search_of_childcare\babysitting\range_23_24\page_11.json
[2025-04-02 15:38:52] INFO - Finished range [23, 24] with status='success'. Total pages: 11, total caregivers: 108.
[2025-04-02 15:38:52] INFO - Checking pay range [25, 25]...
[2025-04-02 15:38:53] INFO -   => totalHits = 754
[2025-04-02 15:38:53] INFO - Single-value payrange=[25, 25] has >500 hits => run attribute combos...
[2025-04-02 15:38:53] INFO - Generated 128 attribute combinations.
[2025-04-02 15:39:52] INFO - Doing reverse sorting (SORT_ORDER_REVIEW_RATING_DESCENDING) on Combo: ['COLLEGE_EDUCATED', 'NON_SMOKER']...
[2025-04-02 15:39:52] INFO - Doing reverse sorting (SORT_ORDER_REVIEW_RATING_DESCENDING) on Combo: ['COMFORTABLE_WITH_PETS', 'NON_SMOKER']...
[2025-04-02 15:39:53] INFO - Doing reverse sorting (SORT_ORDER_REVIEW_RATING_DESCENDING) on Combo: []...
[2025-04-02 15:39:53] INFO - Doing reverse sorting (SORT_ORDER_REVIEW_RATING_DESCENDING) on Combo: ['NON_SMOKER']...
[2025-04-02 15:39:54] INFO - Doing reverse sorting (SORT_ORDER_REVIEW_RATING_DESCENDING) on Combo: ['COLLEGE_EDUCATED']...
[2025-04-02 15:39:56] INFO - Doing reverse sorting (SORT_ORDER_REVIEW_RATING_DESCENDING) on Combo: ['COMFORTABLE_WITH_PETS']...
[2025-04-02 15:39:59] INFO - Doing reverse sorting (SORT_ORDER_REVIEW_RATING_DESCENDING) on Combo: ['COLLEGE_EDUCATED', 'COMFORTABLE_WITH_PETS']...
[2025-04-02 15:40:45] INFO - Doing reverse sorting (SORT_ORDER_REVIEW_RATING_DESCENDING) on Combo: ['COLLEGE_EDUCATED', 'COMFORTABLE_WITH_PETS', 'NON_SMOKER']...
[2025-04-02 15:40:54] INFO - doing SORT_ORDER_RECOMMENDED_DESCENDING on Combo: ['COLLEGE_EDUCATED', 'NON_SMOKER']...
[2025-04-02 15:40:55] INFO - doing SORT_ORDER_RECOMMENDED_DESCENDING on Combo: []...
[2025-04-02 15:40:55] INFO - doing SORT_ORDER_RECOMMENDED_DESCENDING on Combo: ['COMFORTABLE_WITH_PETS', 'NON_SMOKER']...
[2025-04-02 15:40:55] INFO - doing SORT_ORDER_RECOMMENDED_DESCENDING on Combo: ['NON_SMOKER']...
[2025-04-02 15:40:57] INFO - doing SORT_ORDER_RECOMMENDED_DESCENDING on Combo: ['COLLEGE_EDUCATED']...
[2025-04-02 15:40:58] INFO - doing SORT_ORDER_RECOMMENDED_DESCENDING on Combo: ['COMFORTABLE_WITH_PETS']...
[2025-04-02 15:41:01] INFO - doing SORT_ORDER_RECOMMENDED_DESCENDING on Combo: ['COLLEGE_EDUCATED', 'COMFORTABLE_WITH_PETS']...
[2025-04-02 15:41:46] INFO - doing SORT_ORDER_RECOMMENDED_DESCENDING on Combo: ['COLLEGE_EDUCATED', 'COMFORTABLE_WITH_PETS', 'NON_SMOKER']...
[2025-04-02 15:41:55] INFO - doing SORT_ORDER_DISTANCE_ASCENDING on Combo: ['COLLEGE_EDUCATED', 'NON_SMOKER']...
[2025-04-02 15:41:56] INFO - doing SORT_ORDER_DISTANCE_ASCENDING on Combo: ['NON_SMOKER']...
[2025-04-02 15:41:57] INFO - doing SORT_ORDER_DISTANCE_ASCENDING on Combo: []...
[2025-04-02 15:41:57] INFO - doing SORT_ORDER_DISTANCE_ASCENDING on Combo: ['COMFORTABLE_WITH_PETS']...
[2025-04-02 15:41:57] INFO - doing SORT_ORDER_DISTANCE_ASCENDING on Combo: ['COMFORTABLE_WITH_PETS', 'NON_SMOKER']...
[2025-04-02 15:41:58] INFO - doing SORT_ORDER_DISTANCE_ASCENDING on Combo: ['COLLEGE_EDUCATED']...
[2025-04-02 15:42:03] INFO - doing SORT_ORDER_DISTANCE_ASCENDING on Combo: ['COLLEGE_EDUCATED', 'COMFORTABLE_WITH_PETS']...
[2025-04-02 15:42:44] INFO - doing SORT_ORDER_DISTANCE_ASCENDING on Combo: ['COLLEGE_EDUCATED', 'COMFORTABLE_WITH_PETS', 'NON_SMOKER']...
[2025-04-02 15:43:41] INFO - Aggregated 728 unique caregiver IDs for payrange=[25, 25].
[2025-04-02 15:43:41] INFO - Original totalHits from get_total_hits_for_range = 754.
[2025-04-02 15:43:41] INFO - Created aggregated page file: raw_data\USA\10002\search_of_childcare\babysitting\range_25_25\page_attributes.json
[2025-04-02 15:43:41] INFO - Checking pay range [26, 27]...
[2025-04-02 15:43:42] INFO -   => totalHits = 101
[2025-04-02 15:43:43] INFO - Fetching data for pay range [26, 27]...
[2025-04-02 15:43:44] INFO -   - Page 1 => 10 caregivers, saved to raw_data\USA\10002\search_of_childcare\babysitting\range_26_27\page_1.json
[2025-04-02 15:43:44] INFO -   - Next endCursor: U2VlZD0wLEluZGV4PTEwLFBhZ2VTY3JvbGxJZD03MDc2MWI5NDZhMWQ0MTIxYTM0YzQ5NzZjZGUzNWJjZA==
[2025-04-02 15:43:46] INFO -   - Page 2 => 10 caregivers, saved to raw_data\USA\10002\search_of_childcare\babysitting\range_26_27\page_2.json
[2025-04-02 15:43:46] INFO -   - Next endCursor: U2VlZD0wLEluZGV4PTIwLFBhZ2VTY3JvbGxJZD03MDc2MWI5NDZhMWQ0MTIxYTM0YzQ5NzZjZGUzNWJjZA==
[2025-04-02 15:43:48] INFO -   - Page 3 => 10 caregivers, saved to raw_data\USA\10002\search_of_childcare\babysitting\range_26_27\page_3.json
[2025-04-02 15:43:48] INFO -   - Next endCursor: U2VlZD0wLEluZGV4PTMwLFBhZ2VTY3JvbGxJZD03MDc2MWI5NDZhMWQ0MTIxYTM0YzQ5NzZjZGUzNWJjZA==
[2025-04-02 15:43:50] INFO -   - Page 4 => 10 caregivers, saved to raw_data\USA\10002\search_of_childcare\babysitting\range_26_27\page_4.json
[2025-04-02 15:43:50] INFO -   - Next endCursor: U2VlZD0wLEluZGV4PTQwLFBhZ2VTY3JvbGxJZD03MDc2MWI5NDZhMWQ0MTIxYTM0YzQ5NzZjZGUzNWJjZA==
[2025-04-02 15:43:51] INFO -   - Page 5 => 10 caregivers, saved to raw_data\USA\10002\search_of_childcare\babysitting\range_26_27\page_5.json
[2025-04-02 15:43:51] INFO -   - Next endCursor: U2VlZD0wLEluZGV4PTUwLFBhZ2VTY3JvbGxJZD03MDc2MWI5NDZhMWQ0MTIxYTM0YzQ5NzZjZGUzNWJjZA==
[2025-04-02 15:43:53] INFO -   - Page 6 => 10 caregivers, saved to raw_data\USA\10002\search_of_childcare\babysitting\range_26_27\page_6.json
[2025-04-02 15:43:53] INFO -   - Next endCursor: U2VlZD0wLEluZGV4PTYwLFBhZ2VTY3JvbGxJZD03MDc2MWI5NDZhMWQ0MTIxYTM0YzQ5NzZjZGUzNWJjZA==
[2025-04-02 15:43:55] INFO -   - Page 7 => 10 caregivers, saved to raw_data\USA\10002\search_of_childcare\babysitting\range_26_27\page_7.json
[2025-04-02 15:43:55] INFO -   - Next endCursor: U2VlZD0wLEluZGV4PTcwLFBhZ2VTY3JvbGxJZD03MDc2MWI5NDZhMWQ0MTIxYTM0YzQ5NzZjZGUzNWJjZA==
[2025-04-02 15:43:56] INFO -   - Page 8 => 10 caregivers, saved to raw_data\USA\10002\search_of_childcare\babysitting\range_26_27\page_8.json
[2025-04-02 15:43:56] INFO -   - Next endCursor: U2VlZD0wLEluZGV4PTgwLFBhZ2VTY3JvbGxJZD03MDc2MWI5NDZhMWQ0MTIxYTM0YzQ5NzZjZGUzNWJjZA==
[2025-04-02 15:43:57] INFO -   - Page 9 => 10 caregivers, saved to raw_data\USA\10002\search_of_childcare\babysitting\range_26_27\page_9.json
[2025-04-02 15:43:57] INFO -   - Next endCursor: U2VlZD0wLEluZGV4PTkwLFBhZ2VTY3JvbGxJZD03MDc2MWI5NDZhMWQ0MTIxYTM0YzQ5NzZjZGUzNWJjZA==
[2025-04-02 15:43:59] INFO -   - Page 10 => 10 caregivers, saved to raw_data\USA\10002\search_of_childcare\babysitting\range_26_27\page_10.json
[2025-04-02 15:43:59] INFO -   - Next endCursor: U2VlZD0wLEluZGV4PTEwMCxQYWdlU2Nyb2xsSWQ9NzA3NjFiOTQ2YTFkNDEyMWEzNGM0OTc2Y2RlMzViY2Q=
[2025-04-02 15:44:00] INFO -   - Page 11 => 1 caregivers, saved to raw_data\USA\10002\search_of_childcare\babysitting\range_26_27\page_11.json
[2025-04-02 15:44:00] INFO - Finished range [26, 27] with status='success'. Total pages: 11, total caregivers: 101.
[2025-04-02 15:44:00] INFO - Checking pay range [28, 29]...
[2025-04-02 15:44:03] INFO -   => totalHits = 3872
[2025-04-02 15:44:03] INFO -   => Splitting into [28, 28] and [29, 29].
[2025-04-02 15:44:03] INFO - Checking pay range [20, 20]...
[2025-04-02 15:44:04] INFO -   => totalHits = 587
[2025-04-02 15:44:04] INFO - Single-value payrange=[20, 20] has >500 hits => run attribute combos...
[2025-04-02 15:44:04] INFO - Generated 128 attribute combinations.
[2025-04-02 15:45:11] INFO - Doing reverse sorting (SORT_ORDER_REVIEW_RATING_DESCENDING) on Combo: ['NON_SMOKER']...
[2025-04-02 15:45:11] INFO - Doing reverse sorting (SORT_ORDER_REVIEW_RATING_DESCENDING) on Combo: ['COLLEGE_EDUCATED']...
[2025-04-02 15:45:12] INFO - Doing reverse sorting (SORT_ORDER_REVIEW_RATING_DESCENDING) on Combo: []...
[2025-04-02 15:45:13] INFO - Doing reverse sorting (SORT_ORDER_REVIEW_RATING_DESCENDING) on Combo: ['COLLEGE_EDUCATED', 'NON_SMOKER']...
[2025-04-02 15:46:12] INFO - doing SORT_ORDER_RECOMMENDED_DESCENDING on Combo: ['COLLEGE_EDUCATED']...
[2025-04-02 15:46:14] INFO - doing SORT_ORDER_RECOMMENDED_DESCENDING on Combo: []...
[2025-04-02 15:46:15] INFO - doing SORT_ORDER_RECOMMENDED_DESCENDING on Combo: ['NON_SMOKER']...
[2025-04-02 15:46:20] INFO - doing SORT_ORDER_RECOMMENDED_DESCENDING on Combo: ['COLLEGE_EDUCATED', 'NON_SMOKER']...
[2025-04-02 15:47:11] INFO - doing SORT_ORDER_DISTANCE_ASCENDING on Combo: ['COLLEGE_EDUCATED']...
[2025-04-02 15:47:13] INFO - doing SORT_ORDER_DISTANCE_ASCENDING on Combo: []...
[2025-04-02 15:47:17] INFO - doing SORT_ORDER_DISTANCE_ASCENDING on Combo: ['NON_SMOKER']...
[2025-04-02 15:47:21] INFO - doing SORT_ORDER_DISTANCE_ASCENDING on Combo: ['COLLEGE_EDUCATED', 'NON_SMOKER']...
[2025-04-02 15:48:21] INFO - Aggregated 578 unique caregiver IDs for payrange=[20, 20].
[2025-04-02 15:48:21] INFO - Original totalHits from get_total_hits_for_range = 587.
[2025-04-02 15:48:21] INFO - Created aggregated page file: raw_data\USA\10002\search_of_childcare\babysitting\range_20_20\page_attributes.json
[2025-04-02 15:48:21] INFO - Checking pay range [21, 21]...
[2025-04-02 15:48:22] INFO -   => totalHits = 41
[2025-04-02 15:48:22] INFO - Fetching data for pay range [21, 21]...
[2025-04-02 15:48:23] INFO -   - Page 1 => 10 caregivers, saved to raw_data\USA\10002\search_of_childcare\babysitting\range_21_21\page_1.json
[2025-04-02 15:48:23] INFO -   - Next endCursor: U2VlZD0wLEluZGV4PTEwLFBhZ2VTY3JvbGxJZD01YmJjMDg4NzlmYjk0OTZkYjBlMmEwYmY5MGY2NWUwNw==
[2025-04-02 15:48:25] INFO -   - Page 2 => 10 caregivers, saved to raw_data\USA\10002\search_of_childcare\babysitting\range_21_21\page_2.json
[2025-04-02 15:48:25] INFO -   - Next endCursor: U2VlZD0wLEluZGV4PTIwLFBhZ2VTY3JvbGxJZD01YmJjMDg4NzlmYjk0OTZkYjBlMmEwYmY5MGY2NWUwNw==
[2025-04-02 15:48:26] INFO -   - Page 3 => 10 caregivers, saved to raw_data\USA\10002\search_of_childcare\babysitting\range_21_21\page_3.json
[2025-04-02 15:48:26] INFO -   - Next endCursor: U2VlZD0wLEluZGV4PTMwLFBhZ2VTY3JvbGxJZD01YmJjMDg4NzlmYjk0OTZkYjBlMmEwYmY5MGY2NWUwNw==
[2025-04-02 15:48:28] INFO -   - Page 4 => 10 caregivers, saved to raw_data\USA\10002\search_of_childcare\babysitting\range_21_21\page_4.json
[2025-04-02 15:48:28] INFO -   - Next endCursor: U2VlZD0wLEluZGV4PTQwLFBhZ2VTY3JvbGxJZD01YmJjMDg4NzlmYjk0OTZkYjBlMmEwYmY5MGY2NWUwNw==
[2025-04-02 15:48:29] INFO -   - Page 5 => 1 caregivers, saved to raw_data\USA\10002\search_of_childcare\babysitting\range_21_21\page_5.json
[2025-04-02 15:48:29] INFO - Finished range [21, 21] with status='success'. Total pages: 5, total caregivers: 41.
[2025-04-02 15:48:29] INFO - Checking pay range [28, 28]...
[2025-04-02 15:48:30] INFO -   => totalHits = 3795
[2025-04-02 15:48:30] INFO - Single-value payrange=[28, 28] has >500 hits => run attribute combos...
[2025-04-02 15:48:30] INFO - Generated 128 attribute combinations.
[2025-04-02 15:49:32] INFO - Doing reverse sorting (SORT_ORDER_REVIEW_RATING_DESCENDING) on Combo: ['OWN_TRANSPORTATION']...
[2025-04-02 15:49:33] INFO - Doing reverse sorting (SORT_ORDER_REVIEW_RATING_DESCENDING) on Combo: ['COMFORTABLE_WITH_PETS', 'OWN_TRANSPORTATION']...
[2025-04-02 15:49:34] INFO - Doing reverse sorting (SORT_ORDER_REVIEW_RATING_DESCENDING) on Combo: ['COLLEGE_EDUCATED', 'OWN_TRANSPORTATION']...
[2025-04-02 15:49:34] INFO - Doing reverse sorting (SORT_ORDER_REVIEW_RATING_DESCENDING) on Combo: ['COLLEGE_EDUCATED', 'EXPERIENCE_WITH_SPECIAL_NEEDS']...
[2025-04-02 15:49:35] INFO - Doing reverse sorting (SORT_ORDER_REVIEW_RATING_DESCENDING) on Combo: ['EXPERIENCE_WITH_SPECIAL_NEEDS']...
[2025-04-02 15:49:36] INFO - Doing reverse sorting (SORT_ORDER_REVIEW_RATING_DESCENDING) on Combo: ['COLLEGE_EDUCATED', 'FIRST_AID_TRAINED']...
[2025-04-02 15:49:36] INFO - Doing reverse sorting (SORT_ORDER_REVIEW_RATING_DESCENDING) on Combo: ['NON_SMOKER']...
[2025-04-02 15:49:37] INFO - Doing reverse sorting (SORT_ORDER_REVIEW_RATING_DESCENDING) on Combo: ['COLLEGE_EDUCATED']...
[2025-04-02 15:49:37] INFO - Doing reverse sorting (SORT_ORDER_REVIEW_RATING_DESCENDING) on Combo: []...
[2025-04-02 15:49:37] INFO - Doing reverse sorting (SORT_ORDER_REVIEW_RATING_DESCENDING) on Combo: ['COMFORTABLE_WITH_PETS']...
[2025-04-02 15:49:37] INFO - Doing reverse sorting (SORT_ORDER_REVIEW_RATING_DESCENDING) on Combo: ['CPR_TRAINED']...
[2025-04-02 15:49:37] INFO - Doing reverse sorting (SORT_ORDER_REVIEW_RATING_DESCENDING) on Combo: ['FIRST_AID_TRAINED']...
[2025-04-02 15:49:38] INFO - Doing reverse sorting (SORT_ORDER_REVIEW_RATING_DESCENDING) on Combo: ['COLLEGE_EDUCATED', 'COMFORTABLE_WITH_PETS']...
[2025-04-02 15:49:39] INFO - Doing reverse sorting (SORT_ORDER_REVIEW_RATING_DESCENDING) on Combo: ['COMFORTABLE_WITH_PETS', 'NON_SMOKER']...
[2025-04-02 15:49:39] INFO - Doing reverse sorting (SORT_ORDER_REVIEW_RATING_DESCENDING) on Combo: ['COLLEGE_EDUCATED', 'NON_SMOKER']...
[2025-04-02 15:49:39] INFO - Doing reverse sorting (SORT_ORDER_REVIEW_RATING_DESCENDING) on Combo: ['COLLEGE_EDUCATED', 'CPR_TRAINED']...
[2025-04-02 15:50:34] INFO - doing SORT_ORDER_RECOMMENDED_DESCENDING on Combo: ['OWN_TRANSPORTATION']...
[2025-04-02 15:50:36] INFO - doing SORT_ORDER_RECOMMENDED_DESCENDING on Combo: ['COLLEGE_EDUCATED', 'OWN_TRANSPORTATION']...
[2025-04-02 15:50:41] INFO - doing SORT_ORDER_RECOMMENDED_DESCENDING on Combo: ['EXPERIENCE_WITH_SPECIAL_NEEDS']...
[2025-04-02 15:50:42] INFO - doing SORT_ORDER_RECOMMENDED_DESCENDING on Combo: ['NON_SMOKER']...
[2025-04-02 15:50:42] INFO - doing SORT_ORDER_RECOMMENDED_DESCENDING on Combo: ['CPR_TRAINED']...
[2025-04-02 15:50:42] INFO - doing SORT_ORDER_RECOMMENDED_DESCENDING on Combo: ['COLLEGE_EDUCATED', 'NON_SMOKER']...
[2025-04-02 15:50:42] INFO - doing SORT_ORDER_RECOMMENDED_DESCENDING on Combo: ['COLLEGE_EDUCATED', 'EXPERIENCE_WITH_SPECIAL_NEEDS']...
[2025-04-02 15:50:43] INFO - doing SORT_ORDER_RECOMMENDED_DESCENDING on Combo: ['COLLEGE_EDUCATED', 'FIRST_AID_TRAINED']...
[2025-04-02 15:50:43] INFO - doing SORT_ORDER_RECOMMENDED_DESCENDING on Combo: ['COLLEGE_EDUCATED', 'COMFORTABLE_WITH_PETS']...
[2025-04-02 15:50:43] INFO - doing SORT_ORDER_RECOMMENDED_DESCENDING on Combo: ['COMFORTABLE_WITH_PETS']...
[2025-04-02 15:50:43] INFO - doing SORT_ORDER_RECOMMENDED_DESCENDING on Combo: []...
[2025-04-02 15:50:44] INFO - doing SORT_ORDER_RECOMMENDED_DESCENDING on Combo: ['COMFORTABLE_WITH_PETS', 'OWN_TRANSPORTATION']...
[2025-04-02 15:50:44] INFO - doing SORT_ORDER_RECOMMENDED_DESCENDING on Combo: ['COMFORTABLE_WITH_PETS', 'NON_SMOKER']...
[2025-04-02 15:50:45] INFO - doing SORT_ORDER_RECOMMENDED_DESCENDING on Combo: ['COLLEGE_EDUCATED', 'CPR_TRAINED']...
[2025-04-02 15:50:46] INFO - doing SORT_ORDER_RECOMMENDED_DESCENDING on Combo: ['COLLEGE_EDUCATED']...
[2025-04-02 15:50:53] INFO - doing SORT_ORDER_RECOMMENDED_DESCENDING on Combo: ['FIRST_AID_TRAINED']...
[2025-04-02 15:51:33] INFO - doing SORT_ORDER_DISTANCE_ASCENDING on Combo: ['OWN_TRANSPORTATION']...
[2025-04-02 15:51:37] INFO - doing SORT_ORDER_DISTANCE_ASCENDING on Combo: ['COLLEGE_EDUCATED', 'OWN_TRANSPORTATION']...
[2025-04-02 15:51:40] INFO - doing SORT_ORDER_DISTANCE_ASCENDING on Combo: ['EXPERIENCE_WITH_SPECIAL_NEEDS']...
[2025-04-02 15:51:41] INFO - doing SORT_ORDER_DISTANCE_ASCENDING on Combo: ['CPR_TRAINED']...
[2025-04-02 15:51:43] INFO - doing SORT_ORDER_DISTANCE_ASCENDING on Combo: ['COLLEGE_EDUCATED', 'FIRST_AID_TRAINED']...
[2025-04-02 15:51:43] INFO - doing SORT_ORDER_DISTANCE_ASCENDING on Combo: ['COLLEGE_EDUCATED', 'EXPERIENCE_WITH_SPECIAL_NEEDS']...
[2025-04-02 15:51:43] INFO - doing SORT_ORDER_DISTANCE_ASCENDING on Combo: ['NON_SMOKER']...
[2025-04-02 15:51:44] INFO - doing SORT_ORDER_DISTANCE_ASCENDING on Combo: ['COMFORTABLE_WITH_PETS', 'OWN_TRANSPORTATION']...
[2025-04-02 15:51:44] INFO - doing SORT_ORDER_DISTANCE_ASCENDING on Combo: ['COLLEGE_EDUCATED', 'NON_SMOKER']...
[2025-04-02 15:51:44] INFO - doing SORT_ORDER_DISTANCE_ASCENDING on Combo: []...
[2025-04-02 15:51:45] INFO - doing SORT_ORDER_DISTANCE_ASCENDING on Combo: ['COLLEGE_EDUCATED', 'COMFORTABLE_WITH_PETS']...
[2025-04-02 15:51:46] INFO - doing SORT_ORDER_DISTANCE_ASCENDING on Combo: ['COMFORTABLE_WITH_PETS', 'NON_SMOKER']...
[2025-04-02 15:51:46] INFO - doing SORT_ORDER_DISTANCE_ASCENDING on Combo: ['COLLEGE_EDUCATED']...
[2025-04-02 15:51:47] INFO - doing SORT_ORDER_DISTANCE_ASCENDING on Combo: ['COMFORTABLE_WITH_PETS']...
[2025-04-02 15:51:48] INFO - doing SORT_ORDER_DISTANCE_ASCENDING on Combo: ['COLLEGE_EDUCATED', 'CPR_TRAINED']...
[2025-04-02 15:51:54] INFO - doing SORT_ORDER_DISTANCE_ASCENDING on Combo: ['FIRST_AID_TRAINED']...
[2025-04-02 15:53:31] INFO - Doing reverse sorting (SORT_ORDER_REVIEW_RATING_DESCENDING) on Combo: ['COMFORTABLE_WITH_PETS', 'EXPERIENCE_WITH_SPECIAL_NEEDS']...
[2025-04-02 15:53:40] INFO - Doing reverse sorting (SORT_ORDER_REVIEW_RATING_DESCENDING) on Combo: ['NON_SMOKER', 'OWN_TRANSPORTATION']...
[2025-04-02 15:53:41] INFO - Doing reverse sorting (SORT_ORDER_REVIEW_RATING_DESCENDING) on Combo: ['NON_SMOKER', 'EXPERIENCE_WITH_SPECIAL_NEEDS']...
[2025-04-02 15:53:43] INFO - Doing reverse sorting (SORT_ORDER_REVIEW_RATING_DESCENDING) on Combo: ['COMFORTABLE_WITH_PETS', 'CPR_TRAINED']...
[2025-04-02 15:53:44] INFO - Doing reverse sorting (SORT_ORDER_REVIEW_RATING_DESCENDING) on Combo: ['COMFORTABLE_WITH_PETS', 'FIRST_AID_TRAINED']...
[2025-04-02 15:53:44] INFO - Doing reverse sorting (SORT_ORDER_REVIEW_RATING_DESCENDING) on Combo: ['NON_SMOKER', 'CPR_TRAINED']...
[2025-04-02 15:53:47] INFO - Doing reverse sorting (SORT_ORDER_REVIEW_RATING_DESCENDING) on Combo: ['NON_SMOKER', 'FIRST_AID_TRAINED']...
[2025-04-02 15:53:49] INFO - Doing reverse sorting (SORT_ORDER_REVIEW_RATING_DESCENDING) on Combo: ['CPR_TRAINED', 'FIRST_AID_TRAINED']...
[2025-04-02 15:53:55] INFO - Doing reverse sorting (SORT_ORDER_REVIEW_RATING_DESCENDING) on Combo: ['COLLEGE_EDUCATED', 'COMFORTABLE_WITH_PETS', 'NON_SMOKER']...
[2025-04-02 15:54:07] INFO - Doing reverse sorting (SORT_ORDER_REVIEW_RATING_DESCENDING) on Combo: ['COLLEGE_EDUCATED', 'COMFORTABLE_WITH_PETS', 'CPR_TRAINED']...
[2025-04-02 15:54:27] INFO - Doing reverse sorting (SORT_ORDER_REVIEW_RATING_DESCENDING) on Combo: ['COLLEGE_EDUCATED', 'COMFORTABLE_WITH_PETS', 'FIRST_AID_TRAINED']...
[2025-04-02 15:54:33] INFO - doing SORT_ORDER_RECOMMENDED_DESCENDING on Combo: ['COMFORTABLE_WITH_PETS', 'EXPERIENCE_WITH_SPECIAL_NEEDS']...
[2025-04-02 15:54:38] INFO - doing SORT_ORDER_RECOMMENDED_DESCENDING on Combo: ['NON_SMOKER', 'OWN_TRANSPORTATION']...
[2025-04-02 15:54:40] INFO - Doing reverse sorting (SORT_ORDER_REVIEW_RATING_DESCENDING) on Combo: ['COLLEGE_EDUCATED', 'NON_SMOKER', 'EXPERIENCE_WITH_SPECIAL_NEEDS']...
[2025-04-02 15:54:41] INFO - doing SORT_ORDER_RECOMMENDED_DESCENDING on Combo: ['NON_SMOKER', 'EXPERIENCE_WITH_SPECIAL_NEEDS']...
[2025-04-02 15:54:46] INFO - doing SORT_ORDER_RECOMMENDED_DESCENDING on Combo: ['COMFORTABLE_WITH_PETS', 'FIRST_AID_TRAINED']...
[2025-04-02 15:54:46] INFO - doing SORT_ORDER_RECOMMENDED_DESCENDING on Combo: ['NON_SMOKER', 'CPR_TRAINED']...
[2025-04-02 15:54:47] INFO - doing SORT_ORDER_RECOMMENDED_DESCENDING on Combo: ['COMFORTABLE_WITH_PETS', 'CPR_TRAINED']...
[2025-04-02 15:54:48] INFO - doing SORT_ORDER_RECOMMENDED_DESCENDING on Combo: ['NON_SMOKER', 'FIRST_AID_TRAINED']...
[2025-04-02 15:54:49] INFO - Doing reverse sorting (SORT_ORDER_REVIEW_RATING_DESCENDING) on Combo: ['COLLEGE_EDUCATED', 'NON_SMOKER', 'CPR_TRAINED']...
[2025-04-02 15:54:52] INFO - Doing reverse sorting (SORT_ORDER_REVIEW_RATING_DESCENDING) on Combo: ['COLLEGE_EDUCATED', 'NON_SMOKER', 'FIRST_AID_TRAINED']...
[2025-04-02 15:54:53] INFO - doing SORT_ORDER_RECOMMENDED_DESCENDING on Combo: ['CPR_TRAINED', 'FIRST_AID_TRAINED']...
[2025-04-02 15:54:56] INFO - doing SORT_ORDER_RECOMMENDED_DESCENDING on Combo: ['COLLEGE_EDUCATED', 'COMFORTABLE_WITH_PETS', 'NON_SMOKER']...
[2025-04-02 15:55:12] INFO - doing SORT_ORDER_RECOMMENDED_DESCENDING on Combo: ['COLLEGE_EDUCATED', 'COMFORTABLE_WITH_PETS', 'CPR_TRAINED']...
[2025-04-02 15:55:33] INFO - doing SORT_ORDER_DISTANCE_ASCENDING on Combo: ['COMFORTABLE_WITH_PETS', 'EXPERIENCE_WITH_SPECIAL_NEEDS']...
[2025-04-02 15:55:35] INFO - doing SORT_ORDER_RECOMMENDED_DESCENDING on Combo: ['COLLEGE_EDUCATED', 'COMFORTABLE_WITH_PETS', 'FIRST_AID_TRAINED']...
[2025-04-02 15:55:38] INFO - doing SORT_ORDER_DISTANCE_ASCENDING on Combo: ['NON_SMOKER', 'OWN_TRANSPORTATION']...
[2025-04-02 15:55:39] INFO - doing SORT_ORDER_RECOMMENDED_DESCENDING on Combo: ['COLLEGE_EDUCATED', 'NON_SMOKER', 'EXPERIENCE_WITH_SPECIAL_NEEDS']...
[2025-04-02 15:55:40] INFO - doing SORT_ORDER_DISTANCE_ASCENDING on Combo: ['NON_SMOKER', 'EXPERIENCE_WITH_SPECIAL_NEEDS']...
[2025-04-02 15:55:45] INFO - doing SORT_ORDER_DISTANCE_ASCENDING on Combo: ['NON_SMOKER', 'CPR_TRAINED']...
[2025-04-02 15:55:47] INFO - doing SORT_ORDER_DISTANCE_ASCENDING on Combo: ['COMFORTABLE_WITH_PETS', 'FIRST_AID_TRAINED']...
[2025-04-02 15:55:50] INFO - doing SORT_ORDER_RECOMMENDED_DESCENDING on Combo: ['COLLEGE_EDUCATED', 'NON_SMOKER', 'FIRST_AID_TRAINED']...
[2025-04-02 15:55:51] INFO - doing SORT_ORDER_DISTANCE_ASCENDING on Combo: ['NON_SMOKER', 'FIRST_AID_TRAINED']...
[2025-04-02 15:55:52] INFO - doing SORT_ORDER_DISTANCE_ASCENDING on Combo: ['COMFORTABLE_WITH_PETS', 'CPR_TRAINED']...
[2025-04-02 15:55:53] INFO - doing SORT_ORDER_RECOMMENDED_DESCENDING on Combo: ['COLLEGE_EDUCATED', 'NON_SMOKER', 'CPR_TRAINED']...
[2025-04-02 15:55:54] INFO - doing SORT_ORDER_DISTANCE_ASCENDING on Combo: ['CPR_TRAINED', 'FIRST_AID_TRAINED']...
[2025-04-02 15:55:57] INFO - doing SORT_ORDER_DISTANCE_ASCENDING on Combo: ['COLLEGE_EDUCATED', 'COMFORTABLE_WITH_PETS', 'NON_SMOKER']...
[2025-04-02 15:56:17] INFO - doing SORT_ORDER_DISTANCE_ASCENDING on Combo: ['COLLEGE_EDUCATED', 'COMFORTABLE_WITH_PETS', 'CPR_TRAINED']...
[2025-04-02 15:56:29] INFO - Doing reverse sorting (SORT_ORDER_REVIEW_RATING_DESCENDING) on Combo: ['COLLEGE_EDUCATED', 'CPR_TRAINED', 'FIRST_AID_TRAINED']...
[2025-04-02 15:56:38] INFO - doing SORT_ORDER_DISTANCE_ASCENDING on Combo: ['COLLEGE_EDUCATED', 'COMFORTABLE_WITH_PETS', 'FIRST_AID_TRAINED']...
[2025-04-02 15:56:40] INFO - doing SORT_ORDER_DISTANCE_ASCENDING on Combo: ['COLLEGE_EDUCATED', 'NON_SMOKER', 'EXPERIENCE_WITH_SPECIAL_NEEDS']...
[2025-04-02 15:56:48] INFO - Doing reverse sorting (SORT_ORDER_REVIEW_RATING_DESCENDING) on Combo: ['COMFORTABLE_WITH_PETS', 'NON_SMOKER', 'OWN_TRANSPORTATION']...
[2025-04-02 15:56:51] INFO - doing SORT_ORDER_DISTANCE_ASCENDING on Combo: ['COLLEGE_EDUCATED', 'NON_SMOKER', 'FIRST_AID_TRAINED']...
[2025-04-02 15:56:57] INFO - doing SORT_ORDER_DISTANCE_ASCENDING on Combo: ['COLLEGE_EDUCATED', 'NON_SMOKER', 'CPR_TRAINED']...
[2025-04-02 15:57:33] INFO - doing SORT_ORDER_RECOMMENDED_DESCENDING on Combo: ['COLLEGE_EDUCATED', 'CPR_TRAINED', 'FIRST_AID_TRAINED']...
[2025-04-02 15:57:33] INFO - Doing reverse sorting (SORT_ORDER_REVIEW_RATING_DESCENDING) on Combo: ['COMFORTABLE_WITH_PETS', 'NON_SMOKER', 'EXPERIENCE_WITH_SPECIAL_NEEDS']...
[2025-04-02 15:57:40] INFO - Doing reverse sorting (SORT_ORDER_REVIEW_RATING_DESCENDING) on Combo: ['COMFORTABLE_WITH_PETS', 'NON_SMOKER', 'FIRST_AID_TRAINED']...
[2025-04-02 15:57:44] INFO - Doing reverse sorting (SORT_ORDER_REVIEW_RATING_DESCENDING) on Combo: ['COMFORTABLE_WITH_PETS', 'NON_SMOKER', 'CPR_TRAINED']...
[2025-04-02 15:57:46] INFO - doing SORT_ORDER_RECOMMENDED_DESCENDING on Combo: ['COMFORTABLE_WITH_PETS', 'NON_SMOKER', 'OWN_TRANSPORTATION']...
[2025-04-02 15:58:00] INFO - Doing reverse sorting (SORT_ORDER_REVIEW_RATING_DESCENDING) on Combo: ['COMFORTABLE_WITH_PETS', 'CPR_TRAINED', 'FIRST_AID_TRAINED']...
[2025-04-02 15:58:32] INFO - doing SORT_ORDER_RECOMMENDED_DESCENDING on Combo: ['COMFORTABLE_WITH_PETS', 'NON_SMOKER', 'EXPERIENCE_WITH_SPECIAL_NEEDS']...
[2025-04-02 15:58:35] INFO - doing SORT_ORDER_DISTANCE_ASCENDING on Combo: ['COLLEGE_EDUCATED', 'CPR_TRAINED', 'FIRST_AID_TRAINED']...
[2025-04-02 15:58:41] INFO - doing SORT_ORDER_RECOMMENDED_DESCENDING on Combo: ['COMFORTABLE_WITH_PETS', 'NON_SMOKER', 'FIRST_AID_TRAINED']...
[2025-04-02 15:58:44] INFO - Doing reverse sorting (SORT_ORDER_REVIEW_RATING_DESCENDING) on Combo: ['NON_SMOKER', 'CPR_TRAINED', 'FIRST_AID_TRAINED']...
[2025-04-02 15:58:46] INFO - doing SORT_ORDER_DISTANCE_ASCENDING on Combo: ['COMFORTABLE_WITH_PETS', 'NON_SMOKER', 'OWN_TRANSPORTATION']...
[2025-04-02 15:58:50] INFO - doing SORT_ORDER_RECOMMENDED_DESCENDING on Combo: ['COMFORTABLE_WITH_PETS', 'NON_SMOKER', 'CPR_TRAINED']...
[2025-04-02 15:58:53] INFO - Doing reverse sorting (SORT_ORDER_REVIEW_RATING_DESCENDING) on Combo: ['COLLEGE_EDUCATED', 'COMFORTABLE_WITH_PETS', 'NON_SMOKER', 'FIRST_AID_TRAINED']...
[2025-04-02 15:58:57] INFO - Doing reverse sorting (SORT_ORDER_REVIEW_RATING_DESCENDING) on Combo: ['COLLEGE_EDUCATED', 'COMFORTABLE_WITH_PETS', 'NON_SMOKER', 'CPR_TRAINED']...
[2025-04-02 15:58:59] INFO - doing SORT_ORDER_RECOMMENDED_DESCENDING on Combo: ['COMFORTABLE_WITH_PETS', 'CPR_TRAINED', 'FIRST_AID_TRAINED']...
[2025-04-02 15:59:31] INFO - Doing reverse sorting (SORT_ORDER_REVIEW_RATING_DESCENDING) on Combo: ['COLLEGE_EDUCATED', 'COMFORTABLE_WITH_PETS', 'CPR_TRAINED', 'FIRST_AID_TRAINED']...
[2025-04-02 15:59:32] INFO - doing SORT_ORDER_DISTANCE_ASCENDING on Combo: ['COMFORTABLE_WITH_PETS', 'NON_SMOKER', 'EXPERIENCE_WITH_SPECIAL_NEEDS']...
[2025-04-02 15:59:50] INFO - doing SORT_ORDER_DISTANCE_ASCENDING on Combo: ['COMFORTABLE_WITH_PETS', 'NON_SMOKER', 'FIRST_AID_TRAINED']...
[2025-04-02 15:59:51] INFO - doing SORT_ORDER_RECOMMENDED_DESCENDING on Combo: ['NON_SMOKER', 'CPR_TRAINED', 'FIRST_AID_TRAINED']...
[2025-04-02 16:00:02] INFO - doing SORT_ORDER_DISTANCE_ASCENDING on Combo: ['COMFORTABLE_WITH_PETS', 'NON_SMOKER', 'CPR_TRAINED']...
[2025-04-02 16:00:03] INFO - doing SORT_ORDER_RECOMMENDED_DESCENDING on Combo: ['COLLEGE_EDUCATED', 'COMFORTABLE_WITH_PETS', 'NON_SMOKER', 'FIRST_AID_TRAINED']...
[2025-04-02 16:00:05] INFO - Doing reverse sorting (SORT_ORDER_REVIEW_RATING_DESCENDING) on Combo: ['COLLEGE_EDUCATED', 'NON_SMOKER', 'CPR_TRAINED', 'FIRST_AID_TRAINED']...
[2025-04-02 16:00:08] INFO - doing SORT_ORDER_RECOMMENDED_DESCENDING on Combo: ['COLLEGE_EDUCATED', 'COMFORTABLE_WITH_PETS', 'NON_SMOKER', 'CPR_TRAINED']...
[2025-04-02 16:00:09] INFO - doing SORT_ORDER_DISTANCE_ASCENDING on Combo: ['COMFORTABLE_WITH_PETS', 'CPR_TRAINED', 'FIRST_AID_TRAINED']...
[2025-04-02 16:00:40] INFO - doing SORT_ORDER_RECOMMENDED_DESCENDING on Combo: ['COLLEGE_EDUCATED', 'COMFORTABLE_WITH_PETS', 'CPR_TRAINED', 'FIRST_AID_TRAINED']...
[2025-04-02 16:00:52] INFO - Doing reverse sorting (SORT_ORDER_REVIEW_RATING_DESCENDING) on Combo: ['COMFORTABLE_WITH_PETS', 'NON_SMOKER', 'CPR_TRAINED', 'FIRST_AID_TRAINED']...
[2025-04-02 16:00:54] INFO - doing SORT_ORDER_DISTANCE_ASCENDING on Combo: ['NON_SMOKER', 'CPR_TRAINED', 'FIRST_AID_TRAINED']...
[2025-04-02 16:01:05] INFO - doing SORT_ORDER_DISTANCE_ASCENDING on Combo: ['COLLEGE_EDUCATED', 'COMFORTABLE_WITH_PETS', 'NON_SMOKER', 'FIRST_AID_TRAINED']...
[2025-04-02 16:01:11] INFO - doing SORT_ORDER_RECOMMENDED_DESCENDING on Combo: ['COLLEGE_EDUCATED', 'NON_SMOKER', 'CPR_TRAINED', 'FIRST_AID_TRAINED']...
[2025-04-02 16:01:17] INFO - doing SORT_ORDER_DISTANCE_ASCENDING on Combo: ['COLLEGE_EDUCATED', 'COMFORTABLE_WITH_PETS', 'NON_SMOKER', 'CPR_TRAINED']...
[2025-04-02 16:01:42] INFO - doing SORT_ORDER_DISTANCE_ASCENDING on Combo: ['COLLEGE_EDUCATED', 'COMFORTABLE_WITH_PETS', 'CPR_TRAINED', 'FIRST_AID_TRAINED']...
[2025-04-02 16:01:50] INFO - Doing reverse sorting (SORT_ORDER_REVIEW_RATING_DESCENDING) on Combo: ['COLLEGE_EDUCATED', 'COMFORTABLE_WITH_PETS', 'NON_SMOKER', 'CPR_TRAINED', 'FIRST_AID_TRAINED']...
[2025-04-02 16:01:56] INFO - doing SORT_ORDER_RECOMMENDED_DESCENDING on Combo: ['COMFORTABLE_WITH_PETS', 'NON_SMOKER', 'CPR_TRAINED', 'FIRST_AID_TRAINED']...
[2025-04-02 16:02:14] INFO - doing SORT_ORDER_DISTANCE_ASCENDING on Combo: ['COLLEGE_EDUCATED', 'NON_SMOKER', 'CPR_TRAINED', 'FIRST_AID_TRAINED']...
[2025-04-02 16:02:51] INFO - doing SORT_ORDER_RECOMMENDED_DESCENDING on Combo: ['COLLEGE_EDUCATED', 'COMFORTABLE_WITH_PETS', 'NON_SMOKER', 'CPR_TRAINED', 'FIRST_AID_TRAINED']...
[2025-04-02 16:02:57] INFO - doing SORT_ORDER_DISTANCE_ASCENDING on Combo: ['COMFORTABLE_WITH_PETS', 'NON_SMOKER', 'CPR_TRAINED', 'FIRST_AID_TRAINED']...
[2025-04-02 16:03:49] INFO - doing SORT_ORDER_DISTANCE_ASCENDING on Combo: ['COLLEGE_EDUCATED', 'COMFORTABLE_WITH_PETS', 'NON_SMOKER', 'CPR_TRAINED', 'FIRST_AID_TRAINED']...
[2025-04-02 16:04:47] INFO - Aggregated 1886 unique caregiver IDs for payrange=[28, 28].
[2025-04-02 16:04:47] INFO - Original totalHits from get_total_hits_for_range = 3795.
[2025-04-02 16:04:47] INFO - Created aggregated page file: raw_data\USA\10002\search_of_childcare\babysitting\range_28_28\page_attributes.json
[2025-04-02 16:04:47] INFO - Checking pay range [29, 29]...
[2025-04-02 16:04:48] INFO -   => totalHits = 77
[2025-04-02 16:04:48] INFO - Fetching data for pay range [29, 29]...
[2025-04-02 16:04:50] INFO -   - Page 1 => 10 caregivers, saved to raw_data\USA\10002\search_of_childcare\babysitting\range_29_29\page_1.json
[2025-04-02 16:04:50] INFO -   - Next endCursor: U2VlZD0wLEluZGV4PTEwLFBhZ2VTY3JvbGxJZD0xZTRjZDM2ZDRmZTY0NzA1YTVjY2E5ZWVkMDhhMTM5Nw==
[2025-04-02 16:04:51] INFO -   - Page 2 => 10 caregivers, saved to raw_data\USA\10002\search_of_childcare\babysitting\range_29_29\page_2.json
[2025-04-02 16:04:51] INFO -   - Next endCursor: U2VlZD0wLEluZGV4PTIwLFBhZ2VTY3JvbGxJZD0xZTRjZDM2ZDRmZTY0NzA1YTVjY2E5ZWVkMDhhMTM5Nw==
[2025-04-02 16:04:53] INFO -   - Page 3 => 10 caregivers, saved to raw_data\USA\10002\search_of_childcare\babysitting\range_29_29\page_3.json
[2025-04-02 16:04:53] INFO -   - Next endCursor: U2VlZD0wLEluZGV4PTMwLFBhZ2VTY3JvbGxJZD0xZTRjZDM2ZDRmZTY0NzA1YTVjY2E5ZWVkMDhhMTM5Nw==
[2025-04-02 16:04:55] INFO -   - Page 4 => 10 caregivers, saved to raw_data\USA\10002\search_of_childcare\babysitting\range_29_29\page_4.json
[2025-04-02 16:04:55] INFO -   - Next endCursor: U2VlZD0wLEluZGV4PTQwLFBhZ2VTY3JvbGxJZD0xZTRjZDM2ZDRmZTY0NzA1YTVjY2E5ZWVkMDhhMTM5Nw==
[2025-04-02 16:04:56] INFO -   - Page 5 => 10 caregivers, saved to raw_data\USA\10002\search_of_childcare\babysitting\range_29_29\page_5.json
[2025-04-02 16:04:56] INFO -   - Next endCursor: U2VlZD0wLEluZGV4PTUwLFBhZ2VTY3JvbGxJZD0xZTRjZDM2ZDRmZTY0NzA1YTVjY2E5ZWVkMDhhMTM5Nw==
[2025-04-02 16:04:58] INFO -   - Page 6 => 10 caregivers, saved to raw_data\USA\10002\search_of_childcare\babysitting\range_29_29\page_6.json
[2025-04-02 16:04:58] INFO -   - Next endCursor: U2VlZD0wLEluZGV4PTYwLFBhZ2VTY3JvbGxJZD0xZTRjZDM2ZDRmZTY0NzA1YTVjY2E5ZWVkMDhhMTM5Nw==
[2025-04-02 16:04:59] INFO -   - Page 7 => 10 caregivers, saved to raw_data\USA\10002\search_of_childcare\babysitting\range_29_29\page_7.json
[2025-04-02 16:04:59] INFO -   - Next endCursor: U2VlZD0wLEluZGV4PTcwLFBhZ2VTY3JvbGxJZD0xZTRjZDM2ZDRmZTY0NzA1YTVjY2E5ZWVkMDhhMTM5Nw==
[2025-04-02 16:05:00] INFO -   - Page 8 => 7 caregivers, saved to raw_data\USA\10002\search_of_childcare\babysitting\range_29_29\page_8.json
[2025-04-02 16:05:00] INFO - Finished range [29, 29] with status='success'. Total pages: 8, total caregivers: 77.
[2025-04-02 16:05:00] INFO - All pay range segments processed. Scraping complete!
