[2025-04-02 17:39:55] INFO - Log file initialized at: raw_data\USA\10002\search_of_seniorcare\inhome\scrape_inhome.log
[2025-04-02 17:39:55] INFO - Starting scraping for USA/10002, care_type='seniorcare', sub_type='inhome', pay range [0, 100].
[2025-04-02 17:39:55] INFO - Run ID: a67d27dc-a67c-43e2-84f1-0a39426aaad0
[2025-04-02 17:39:55] INFO - Checking pay range [0, 100]...
[2025-04-02 17:39:56] INFO -   => totalHits = 3322
[2025-04-02 17:39:56] INFO -   => Splitting into [0, 50] and [51, 100].
[2025-04-02 17:39:56] INFO - Checking pay range [0, 50]...
[2025-04-02 17:39:58] INFO -   => totalHits = 3320
[2025-04-02 17:39:58] INFO -   => Splitting into [0, 25] and [26, 50].
[2025-04-02 17:39:58] INFO - Checking pay range [51, 100]...
[2025-04-02 17:39:59] INFO -   => totalHits = 2
[2025-04-02 17:39:59] INFO - Fetching data for pay range [51, 100]...
[2025-04-02 17:40:00] INFO -   - Page 1 => 2 caregivers, saved to raw_data\USA\10002\search_of_seniorcare\inhome\range_51_100\page_1.json
[2025-04-02 17:40:00] INFO - Finished range [51, 100] with status='success'. Total pages: 1, total caregivers: 2.
[2025-04-02 17:40:00] INFO - Checking pay range [0, 25]...
[2025-04-02 17:40:01] INFO -   => totalHits = 2743
[2025-04-02 17:40:01] INFO -   => Splitting into [0, 12] and [13, 25].
[2025-04-02 17:40:01] INFO - Checking pay range [26, 50]...
[2025-04-02 17:40:02] INFO -   => totalHits = 577
[2025-04-02 17:40:02] INFO -   => Splitting into [26, 38] and [39, 50].
[2025-04-02 17:40:02] INFO - Checking pay range [0, 12]...
[2025-04-02 17:40:03] INFO -   => totalHits = 28
[2025-04-02 17:40:03] INFO - Fetching data for pay range [0, 12]...
[2025-04-02 17:40:04] INFO -   - Page 1 => 10 caregivers, saved to raw_data\USA\10002\search_of_seniorcare\inhome\range_0_12\page_1.json
[2025-04-02 17:40:04] INFO -   - Next endCursor: U2VlZD0wLEluZGV4PTEwLFBhZ2VTY3JvbGxJZD1jMmYwMzVlYzRhOWY0MDdlYjU3YTgzY2I3YTQ2ZDBiMQ==
[2025-04-02 17:40:05] INFO -   - Page 2 => 10 caregivers, saved to raw_data\USA\10002\search_of_seniorcare\inhome\range_0_12\page_2.json
[2025-04-02 17:40:05] INFO -   - Next endCursor: U2VlZD0wLEluZGV4PTIwLFBhZ2VTY3JvbGxJZD1jMmYwMzVlYzRhOWY0MDdlYjU3YTgzY2I3YTQ2ZDBiMQ==
[2025-04-02 17:40:07] INFO -   - Page 3 => 8 caregivers, saved to raw_data\USA\10002\search_of_seniorcare\inhome\range_0_12\page_3.json
[2025-04-02 17:40:07] INFO - Finished range [0, 12] with status='success'. Total pages: 3, total caregivers: 28.
[2025-04-02 17:40:07] INFO - Checking pay range [13, 25]...
[2025-04-02 17:40:08] INFO -   => totalHits = 2715
[2025-04-02 17:40:08] INFO -   => Splitting into [13, 19] and [20, 25].
[2025-04-02 17:40:08] INFO - Checking pay range [26, 38]...
[2025-04-02 17:40:09] INFO -   => totalHits = 508
[2025-04-02 17:40:09] INFO -   => Splitting into [26, 32] and [33, 38].
[2025-04-02 17:40:09] INFO - Checking pay range [39, 50]...
[2025-04-02 17:40:10] INFO -   => totalHits = 69
[2025-04-02 17:40:10] INFO - Fetching data for pay range [39, 50]...
[2025-04-02 17:40:11] INFO -   - Page 1 => 10 caregivers, saved to raw_data\USA\10002\search_of_seniorcare\inhome\range_39_50\page_1.json
[2025-04-02 17:40:11] INFO -   - Next endCursor: U2VlZD0wLEluZGV4PTEwLFBhZ2VTY3JvbGxJZD0yMjU2M2U0MGQ0ODk0YjVhODc1NjhkNzI1N2M4OGIyNA==
[2025-04-02 17:40:12] INFO -   - Page 2 => 10 caregivers, saved to raw_data\USA\10002\search_of_seniorcare\inhome\range_39_50\page_2.json
[2025-04-02 17:40:12] INFO -   - Next endCursor: U2VlZD0wLEluZGV4PTIwLFBhZ2VTY3JvbGxJZD0yMjU2M2U0MGQ0ODk0YjVhODc1NjhkNzI1N2M4OGIyNA==
[2025-04-02 17:40:13] INFO -   - Page 3 => 10 caregivers, saved to raw_data\USA\10002\search_of_seniorcare\inhome\range_39_50\page_3.json
[2025-04-02 17:40:13] INFO -   - Next endCursor: U2VlZD0wLEluZGV4PTMwLFBhZ2VTY3JvbGxJZD0yMjU2M2U0MGQ0ODk0YjVhODc1NjhkNzI1N2M4OGIyNA==
[2025-04-02 17:40:15] INFO -   - Page 4 => 10 caregivers, saved to raw_data\USA\10002\search_of_seniorcare\inhome\range_39_50\page_4.json
[2025-04-02 17:40:15] INFO -   - Next endCursor: U2VlZD0wLEluZGV4PTQwLFBhZ2VTY3JvbGxJZD0yMjU2M2U0MGQ0ODk0YjVhODc1NjhkNzI1N2M4OGIyNA==
[2025-04-02 17:40:16] INFO -   - Page 5 => 10 caregivers, saved to raw_data\USA\10002\search_of_seniorcare\inhome\range_39_50\page_5.json
[2025-04-02 17:40:16] INFO -   - Next endCursor: U2VlZD0wLEluZGV4PTUwLFBhZ2VTY3JvbGxJZD0yMjU2M2U0MGQ0ODk0YjVhODc1NjhkNzI1N2M4OGIyNA==
[2025-04-02 17:40:17] INFO -   - Page 6 => 10 caregivers, saved to raw_data\USA\10002\search_of_seniorcare\inhome\range_39_50\page_6.json
[2025-04-02 17:40:17] INFO -   - Next endCursor: U2VlZD0wLEluZGV4PTYwLFBhZ2VTY3JvbGxJZD0yMjU2M2U0MGQ0ODk0YjVhODc1NjhkNzI1N2M4OGIyNA==
[2025-04-02 17:40:18] INFO -   - Page 7 => 9 caregivers, saved to raw_data\USA\10002\search_of_seniorcare\inhome\range_39_50\page_7.json
[2025-04-02 17:40:18] INFO - Finished range [39, 50] with status='success'. Total pages: 7, total caregivers: 69.
[2025-04-02 17:40:18] INFO - Checking pay range [13, 19]...
[2025-04-02 17:40:19] INFO -   => totalHits = 1277
[2025-04-02 17:40:19] INFO -   => Splitting into [13, 16] and [17, 19].
[2025-04-02 17:40:19] INFO - Checking pay range [20, 25]...
[2025-04-02 17:40:20] INFO -   => totalHits = 1438
[2025-04-02 17:40:20] INFO -   => Splitting into [20, 22] and [23, 25].
[2025-04-02 17:40:20] INFO - Checking pay range [26, 32]...
[2025-04-02 17:40:21] INFO -   => totalHits = 388
[2025-04-02 17:40:21] INFO - Fetching data for pay range [26, 32]...
[2025-04-02 17:40:23] INFO -   - Page 1 => 10 caregivers, saved to raw_data\USA\10002\search_of_seniorcare\inhome\range_26_32\page_1.json
[2025-04-02 17:40:23] INFO -   - Next endCursor: U2VlZD0wLEluZGV4PTEwLFBhZ2VTY3JvbGxJZD0wNzZkZmZhOWM5ODk0OTIzOGI3N2FkMWJlZmZjMjQwNQ==
[2025-04-02 17:40:24] INFO -   - Page 2 => 10 caregivers, saved to raw_data\USA\10002\search_of_seniorcare\inhome\range_26_32\page_2.json
[2025-04-02 17:40:24] INFO -   - Next endCursor: U2VlZD0wLEluZGV4PTIwLFBhZ2VTY3JvbGxJZD0wNzZkZmZhOWM5ODk0OTIzOGI3N2FkMWJlZmZjMjQwNQ==
[2025-04-02 17:40:25] INFO -   - Page 3 => 10 caregivers, saved to raw_data\USA\10002\search_of_seniorcare\inhome\range_26_32\page_3.json
[2025-04-02 17:40:25] INFO -   - Next endCursor: U2VlZD0wLEluZGV4PTMwLFBhZ2VTY3JvbGxJZD0wNzZkZmZhOWM5ODk0OTIzOGI3N2FkMWJlZmZjMjQwNQ==
[2025-04-02 17:40:26] INFO -   - Page 4 => 10 caregivers, saved to raw_data\USA\10002\search_of_seniorcare\inhome\range_26_32\page_4.json
[2025-04-02 17:40:26] INFO -   - Next endCursor: U2VlZD0wLEluZGV4PTQwLFBhZ2VTY3JvbGxJZD0wNzZkZmZhOWM5ODk0OTIzOGI3N2FkMWJlZmZjMjQwNQ==
[2025-04-02 17:40:27] INFO -   - Page 5 => 10 caregivers, saved to raw_data\USA\10002\search_of_seniorcare\inhome\range_26_32\page_5.json
[2025-04-02 17:40:27] INFO -   - Next endCursor: U2VlZD0wLEluZGV4PTUwLFBhZ2VTY3JvbGxJZD0wNzZkZmZhOWM5ODk0OTIzOGI3N2FkMWJlZmZjMjQwNQ==
[2025-04-02 17:40:28] INFO -   - Page 6 => 10 caregivers, saved to raw_data\USA\10002\search_of_seniorcare\inhome\range_26_32\page_6.json
[2025-04-02 17:40:28] INFO -   - Next endCursor: U2VlZD0wLEluZGV4PTYwLFBhZ2VTY3JvbGxJZD0wNzZkZmZhOWM5ODk0OTIzOGI3N2FkMWJlZmZjMjQwNQ==
[2025-04-02 17:40:29] INFO -   - Page 7 => 10 caregivers, saved to raw_data\USA\10002\search_of_seniorcare\inhome\range_26_32\page_7.json
[2025-04-02 17:40:29] INFO -   - Next endCursor: U2VlZD0wLEluZGV4PTcwLFBhZ2VTY3JvbGxJZD0wNzZkZmZhOWM5ODk0OTIzOGI3N2FkMWJlZmZjMjQwNQ==
[2025-04-02 17:40:30] INFO -   - Page 8 => 10 caregivers, saved to raw_data\USA\10002\search_of_seniorcare\inhome\range_26_32\page_8.json
[2025-04-02 17:40:30] INFO -   - Next endCursor: U2VlZD0wLEluZGV4PTgwLFBhZ2VTY3JvbGxJZD0wNzZkZmZhOWM5ODk0OTIzOGI3N2FkMWJlZmZjMjQwNQ==
[2025-04-02 17:40:32] INFO -   - Page 9 => 10 caregivers, saved to raw_data\USA\10002\search_of_seniorcare\inhome\range_26_32\page_9.json
[2025-04-02 17:40:32] INFO -   - Next endCursor: U2VlZD0wLEluZGV4PTkwLFBhZ2VTY3JvbGxJZD0wNzZkZmZhOWM5ODk0OTIzOGI3N2FkMWJlZmZjMjQwNQ==
[2025-04-02 17:40:33] INFO -   - Page 10 => 10 caregivers, saved to raw_data\USA\10002\search_of_seniorcare\inhome\range_26_32\page_10.json
[2025-04-02 17:40:33] INFO -   - Next endCursor: U2VlZD0wLEluZGV4PTEwMCxQYWdlU2Nyb2xsSWQ9MDc2ZGZmYTljOTg5NDkyMzhiNzdhZDFiZWZmYzI0MDU=
[2025-04-02 17:40:35] INFO -   - Page 11 => 10 caregivers, saved to raw_data\USA\10002\search_of_seniorcare\inhome\range_26_32\page_11.json
[2025-04-02 17:40:35] INFO -   - Next endCursor: U2VlZD0wLEluZGV4PTExMCxQYWdlU2Nyb2xsSWQ9MDc2ZGZmYTljOTg5NDkyMzhiNzdhZDFiZWZmYzI0MDU=
[2025-04-02 17:40:36] INFO -   - Page 12 => 10 caregivers, saved to raw_data\USA\10002\search_of_seniorcare\inhome\range_26_32\page_12.json
[2025-04-02 17:40:36] INFO -   - Next endCursor: U2VlZD0wLEluZGV4PTEyMCxQYWdlU2Nyb2xsSWQ9MDc2ZGZmYTljOTg5NDkyMzhiNzdhZDFiZWZmYzI0MDU=
[2025-04-02 17:40:37] INFO -   - Page 13 => 10 caregivers, saved to raw_data\USA\10002\search_of_seniorcare\inhome\range_26_32\page_13.json
[2025-04-02 17:40:37] INFO -   - Next endCursor: U2VlZD0wLEluZGV4PTEzMCxQYWdlU2Nyb2xsSWQ9MDc2ZGZmYTljOTg5NDkyMzhiNzdhZDFiZWZmYzI0MDU=
[2025-04-02 17:40:38] INFO -   - Page 14 => 10 caregivers, saved to raw_data\USA\10002\search_of_seniorcare\inhome\range_26_32\page_14.json
[2025-04-02 17:40:38] INFO -   - Next endCursor: U2VlZD0wLEluZGV4PTE0MCxQYWdlU2Nyb2xsSWQ9MDc2ZGZmYTljOTg5NDkyMzhiNzdhZDFiZWZmYzI0MDU=
[2025-04-02 17:40:39] INFO -   - Page 15 => 10 caregivers, saved to raw_data\USA\10002\search_of_seniorcare\inhome\range_26_32\page_15.json
[2025-04-02 17:40:39] INFO -   - Next endCursor: U2VlZD0wLEluZGV4PTE1MCxQYWdlU2Nyb2xsSWQ9MDc2ZGZmYTljOTg5NDkyMzhiNzdhZDFiZWZmYzI0MDU=
[2025-04-02 17:40:41] INFO -   - Page 16 => 10 caregivers, saved to raw_data\USA\10002\search_of_seniorcare\inhome\range_26_32\page_16.json
[2025-04-02 17:40:41] INFO -   - Next endCursor: U2VlZD0wLEluZGV4PTE2MCxQYWdlU2Nyb2xsSWQ9MDc2ZGZmYTljOTg5NDkyMzhiNzdhZDFiZWZmYzI0MDU=
[2025-04-02 17:40:42] INFO -   - Page 17 => 10 caregivers, saved to raw_data\USA\10002\search_of_seniorcare\inhome\range_26_32\page_17.json
[2025-04-02 17:40:42] INFO -   - Next endCursor: U2VlZD0wLEluZGV4PTE3MCxQYWdlU2Nyb2xsSWQ9MDc2ZGZmYTljOTg5NDkyMzhiNzdhZDFiZWZmYzI0MDU=
[2025-04-02 17:40:43] INFO -   - Page 18 => 10 caregivers, saved to raw_data\USA\10002\search_of_seniorcare\inhome\range_26_32\page_18.json
[2025-04-02 17:40:43] INFO -   - Next endCursor: U2VlZD0wLEluZGV4PTE4MCxQYWdlU2Nyb2xsSWQ9MDc2ZGZmYTljOTg5NDkyMzhiNzdhZDFiZWZmYzI0MDU=
[2025-04-02 17:40:45] INFO -   - Page 19 => 10 caregivers, saved to raw_data\USA\10002\search_of_seniorcare\inhome\range_26_32\page_19.json
[2025-04-02 17:40:45] INFO -   - Next endCursor: U2VlZD0wLEluZGV4PTE5MCxQYWdlU2Nyb2xsSWQ9MDc2ZGZmYTljOTg5NDkyMzhiNzdhZDFiZWZmYzI0MDU=
[2025-04-02 17:40:46] INFO -   - Page 20 => 10 caregivers, saved to raw_data\USA\10002\search_of_seniorcare\inhome\range_26_32\page_20.json
[2025-04-02 17:40:46] INFO -   - Next endCursor: U2VlZD0wLEluZGV4PTIwMCxQYWdlU2Nyb2xsSWQ9MDc2ZGZmYTljOTg5NDkyMzhiNzdhZDFiZWZmYzI0MDU=
[2025-04-02 17:40:47] INFO -   - Page 21 => 10 caregivers, saved to raw_data\USA\10002\search_of_seniorcare\inhome\range_26_32\page_21.json
[2025-04-02 17:40:47] INFO -   - Next endCursor: U2VlZD0wLEluZGV4PTIxMCxQYWdlU2Nyb2xsSWQ9MDc2ZGZmYTljOTg5NDkyMzhiNzdhZDFiZWZmYzI0MDU=
[2025-04-02 17:40:48] INFO -   - Page 22 => 10 caregivers, saved to raw_data\USA\10002\search_of_seniorcare\inhome\range_26_32\page_22.json
[2025-04-02 17:40:48] INFO -   - Next endCursor: U2VlZD0wLEluZGV4PTIyMCxQYWdlU2Nyb2xsSWQ9MDc2ZGZmYTljOTg5NDkyMzhiNzdhZDFiZWZmYzI0MDU=
[2025-04-02 17:40:49] INFO -   - Page 23 => 10 caregivers, saved to raw_data\USA\10002\search_of_seniorcare\inhome\range_26_32\page_23.json
[2025-04-02 17:40:49] INFO -   - Next endCursor: U2VlZD0wLEluZGV4PTIzMCxQYWdlU2Nyb2xsSWQ9MDc2ZGZmYTljOTg5NDkyMzhiNzdhZDFiZWZmYzI0MDU=
[2025-04-02 17:40:50] INFO -   - Page 24 => 10 caregivers, saved to raw_data\USA\10002\search_of_seniorcare\inhome\range_26_32\page_24.json
[2025-04-02 17:40:50] INFO -   - Next endCursor: U2VlZD0wLEluZGV4PTI0MCxQYWdlU2Nyb2xsSWQ9MDc2ZGZmYTljOTg5NDkyMzhiNzdhZDFiZWZmYzI0MDU=
[2025-04-02 17:40:52] INFO -   - Page 25 => 10 caregivers, saved to raw_data\USA\10002\search_of_seniorcare\inhome\range_26_32\page_25.json
[2025-04-02 17:40:52] INFO -   - Next endCursor: U2VlZD0wLEluZGV4PTI1MCxQYWdlU2Nyb2xsSWQ9MDc2ZGZmYTljOTg5NDkyMzhiNzdhZDFiZWZmYzI0MDU=
[2025-04-02 17:40:53] INFO -   - Page 26 => 10 caregivers, saved to raw_data\USA\10002\search_of_seniorcare\inhome\range_26_32\page_26.json
[2025-04-02 17:40:53] INFO -   - Next endCursor: U2VlZD0wLEluZGV4PTI2MCxQYWdlU2Nyb2xsSWQ9MDc2ZGZmYTljOTg5NDkyMzhiNzdhZDFiZWZmYzI0MDU=
[2025-04-02 17:40:54] INFO -   - Page 27 => 10 caregivers, saved to raw_data\USA\10002\search_of_seniorcare\inhome\range_26_32\page_27.json
[2025-04-02 17:40:54] INFO -   - Next endCursor: U2VlZD0wLEluZGV4PTI3MCxQYWdlU2Nyb2xsSWQ9MDc2ZGZmYTljOTg5NDkyMzhiNzdhZDFiZWZmYzI0MDU=
[2025-04-02 17:40:55] INFO -   - Page 28 => 10 caregivers, saved to raw_data\USA\10002\search_of_seniorcare\inhome\range_26_32\page_28.json
[2025-04-02 17:40:55] INFO -   - Next endCursor: U2VlZD0wLEluZGV4PTI4MCxQYWdlU2Nyb2xsSWQ9MDc2ZGZmYTljOTg5NDkyMzhiNzdhZDFiZWZmYzI0MDU=
[2025-04-02 17:40:56] INFO -   - Page 29 => 10 caregivers, saved to raw_data\USA\10002\search_of_seniorcare\inhome\range_26_32\page_29.json
[2025-04-02 17:40:56] INFO -   - Next endCursor: U2VlZD0wLEluZGV4PTI5MCxQYWdlU2Nyb2xsSWQ9MDc2ZGZmYTljOTg5NDkyMzhiNzdhZDFiZWZmYzI0MDU=
[2025-04-02 17:40:57] INFO -   - Page 30 => 10 caregivers, saved to raw_data\USA\10002\search_of_seniorcare\inhome\range_26_32\page_30.json
[2025-04-02 17:40:57] INFO -   - Next endCursor: U2VlZD0wLEluZGV4PTMwMCxQYWdlU2Nyb2xsSWQ9MDc2ZGZmYTljOTg5NDkyMzhiNzdhZDFiZWZmYzI0MDU=
[2025-04-02 17:40:59] INFO -   - Page 31 => 10 caregivers, saved to raw_data\USA\10002\search_of_seniorcare\inhome\range_26_32\page_31.json
[2025-04-02 17:40:59] INFO -   - Next endCursor: U2VlZD0wLEluZGV4PTMxMCxQYWdlU2Nyb2xsSWQ9MDc2ZGZmYTljOTg5NDkyMzhiNzdhZDFiZWZmYzI0MDU=
[2025-04-02 17:41:00] INFO -   - Page 32 => 10 caregivers, saved to raw_data\USA\10002\search_of_seniorcare\inhome\range_26_32\page_32.json
[2025-04-02 17:41:00] INFO -   - Next endCursor: U2VlZD0wLEluZGV4PTMyMCxQYWdlU2Nyb2xsSWQ9MDc2ZGZmYTljOTg5NDkyMzhiNzdhZDFiZWZmYzI0MDU=
[2025-04-02 17:41:01] INFO -   - Page 33 => 10 caregivers, saved to raw_data\USA\10002\search_of_seniorcare\inhome\range_26_32\page_33.json
[2025-04-02 17:41:01] INFO -   - Next endCursor: U2VlZD0wLEluZGV4PTMzMCxQYWdlU2Nyb2xsSWQ9MDc2ZGZmYTljOTg5NDkyMzhiNzdhZDFiZWZmYzI0MDU=
[2025-04-02 17:41:02] INFO -   - Page 34 => 10 caregivers, saved to raw_data\USA\10002\search_of_seniorcare\inhome\range_26_32\page_34.json
[2025-04-02 17:41:02] INFO -   - Next endCursor: U2VlZD0wLEluZGV4PTM0MCxQYWdlU2Nyb2xsSWQ9MDc2ZGZmYTljOTg5NDkyMzhiNzdhZDFiZWZmYzI0MDU=
[2025-04-02 17:41:03] INFO -   - Page 35 => 10 caregivers, saved to raw_data\USA\10002\search_of_seniorcare\inhome\range_26_32\page_35.json
[2025-04-02 17:41:03] INFO -   - Next endCursor: U2VlZD0wLEluZGV4PTM1MCxQYWdlU2Nyb2xsSWQ9MDc2ZGZmYTljOTg5NDkyMzhiNzdhZDFiZWZmYzI0MDU=
[2025-04-02 17:41:04] INFO -   - Page 36 => 10 caregivers, saved to raw_data\USA\10002\search_of_seniorcare\inhome\range_26_32\page_36.json
[2025-04-02 17:41:04] INFO -   - Next endCursor: U2VlZD0wLEluZGV4PTM2MCxQYWdlU2Nyb2xsSWQ9MDc2ZGZmYTljOTg5NDkyMzhiNzdhZDFiZWZmYzI0MDU=
[2025-04-02 17:41:06] INFO -   - Page 37 => 10 caregivers, saved to raw_data\USA\10002\search_of_seniorcare\inhome\range_26_32\page_37.json
[2025-04-02 17:41:06] INFO -   - Next endCursor: U2VlZD0wLEluZGV4PTM3MCxQYWdlU2Nyb2xsSWQ9MDc2ZGZmYTljOTg5NDkyMzhiNzdhZDFiZWZmYzI0MDU=
[2025-04-02 17:41:07] INFO -   - Page 38 => 10 caregivers, saved to raw_data\USA\10002\search_of_seniorcare\inhome\range_26_32\page_38.json
[2025-04-02 17:41:07] INFO -   - Next endCursor: U2VlZD0wLEluZGV4PTM4MCxQYWdlU2Nyb2xsSWQ9MDc2ZGZmYTljOTg5NDkyMzhiNzdhZDFiZWZmYzI0MDU=
[2025-04-02 17:41:08] INFO -   - Page 39 => 8 caregivers, saved to raw_data\USA\10002\search_of_seniorcare\inhome\range_26_32\page_39.json
[2025-04-02 17:41:08] INFO - Finished range [26, 32] with status='success'. Total pages: 39, total caregivers: 388.
[2025-04-02 17:41:08] INFO - Checking pay range [33, 38]...
[2025-04-02 17:41:09] INFO -   => totalHits = 120
[2025-04-02 17:41:09] INFO - Fetching data for pay range [33, 38]...
[2025-04-02 17:41:10] INFO -   - Page 1 => 10 caregivers, saved to raw_data\USA\10002\search_of_seniorcare\inhome\range_33_38\page_1.json
[2025-04-02 17:41:10] INFO -   - Next endCursor: U2VlZD0wLEluZGV4PTEwLFBhZ2VTY3JvbGxJZD0zMWE1YWNiYTZmNTY0ODRjOGQ2ZTk4ZDFmZTJjYTg1Nw==
[2025-04-02 17:41:11] INFO -   - Page 2 => 10 caregivers, saved to raw_data\USA\10002\search_of_seniorcare\inhome\range_33_38\page_2.json
[2025-04-02 17:41:11] INFO -   - Next endCursor: U2VlZD0wLEluZGV4PTIwLFBhZ2VTY3JvbGxJZD0zMWE1YWNiYTZmNTY0ODRjOGQ2ZTk4ZDFmZTJjYTg1Nw==
[2025-04-02 17:41:12] INFO -   - Page 3 => 10 caregivers, saved to raw_data\USA\10002\search_of_seniorcare\inhome\range_33_38\page_3.json
[2025-04-02 17:41:12] INFO -   - Next endCursor: U2VlZD0wLEluZGV4PTMwLFBhZ2VTY3JvbGxJZD0zMWE1YWNiYTZmNTY0ODRjOGQ2ZTk4ZDFmZTJjYTg1Nw==
[2025-04-02 17:41:13] INFO -   - Page 4 => 10 caregivers, saved to raw_data\USA\10002\search_of_seniorcare\inhome\range_33_38\page_4.json
[2025-04-02 17:41:13] INFO -   - Next endCursor: U2VlZD0wLEluZGV4PTQwLFBhZ2VTY3JvbGxJZD0zMWE1YWNiYTZmNTY0ODRjOGQ2ZTk4ZDFmZTJjYTg1Nw==
[2025-04-02 17:41:15] INFO -   - Page 5 => 10 caregivers, saved to raw_data\USA\10002\search_of_seniorcare\inhome\range_33_38\page_5.json
[2025-04-02 17:41:15] INFO -   - Next endCursor: U2VlZD0wLEluZGV4PTUwLFBhZ2VTY3JvbGxJZD0zMWE1YWNiYTZmNTY0ODRjOGQ2ZTk4ZDFmZTJjYTg1Nw==
[2025-04-02 17:41:16] INFO -   - Page 6 => 10 caregivers, saved to raw_data\USA\10002\search_of_seniorcare\inhome\range_33_38\page_6.json
[2025-04-02 17:41:16] INFO -   - Next endCursor: U2VlZD0wLEluZGV4PTYwLFBhZ2VTY3JvbGxJZD0zMWE1YWNiYTZmNTY0ODRjOGQ2ZTk4ZDFmZTJjYTg1Nw==
[2025-04-02 17:41:18] INFO -   - Page 7 => 10 caregivers, saved to raw_data\USA\10002\search_of_seniorcare\inhome\range_33_38\page_7.json
[2025-04-02 17:41:18] INFO -   - Next endCursor: U2VlZD0wLEluZGV4PTcwLFBhZ2VTY3JvbGxJZD0zMWE1YWNiYTZmNTY0ODRjOGQ2ZTk4ZDFmZTJjYTg1Nw==
[2025-04-02 17:41:19] INFO -   - Page 8 => 10 caregivers, saved to raw_data\USA\10002\search_of_seniorcare\inhome\range_33_38\page_8.json
[2025-04-02 17:41:19] INFO -   - Next endCursor: U2VlZD0wLEluZGV4PTgwLFBhZ2VTY3JvbGxJZD0zMWE1YWNiYTZmNTY0ODRjOGQ2ZTk4ZDFmZTJjYTg1Nw==
[2025-04-02 17:41:20] INFO -   - Page 9 => 10 caregivers, saved to raw_data\USA\10002\search_of_seniorcare\inhome\range_33_38\page_9.json
[2025-04-02 17:41:20] INFO -   - Next endCursor: U2VlZD0wLEluZGV4PTkwLFBhZ2VTY3JvbGxJZD0zMWE1YWNiYTZmNTY0ODRjOGQ2ZTk4ZDFmZTJjYTg1Nw==
[2025-04-02 17:41:21] INFO -   - Page 10 => 10 caregivers, saved to raw_data\USA\10002\search_of_seniorcare\inhome\range_33_38\page_10.json
[2025-04-02 17:41:21] INFO -   - Next endCursor: U2VlZD0wLEluZGV4PTEwMCxQYWdlU2Nyb2xsSWQ9MzFhNWFjYmE2ZjU2NDg0YzhkNmU5OGQxZmUyY2E4NTc=
[2025-04-02 17:41:22] INFO -   - Page 11 => 10 caregivers, saved to raw_data\USA\10002\search_of_seniorcare\inhome\range_33_38\page_11.json
[2025-04-02 17:41:22] INFO -   - Next endCursor: U2VlZD0wLEluZGV4PTExMCxQYWdlU2Nyb2xsSWQ9MzFhNWFjYmE2ZjU2NDg0YzhkNmU5OGQxZmUyY2E4NTc=
[2025-04-02 17:41:23] INFO -   - Page 12 => 10 caregivers, saved to raw_data\USA\10002\search_of_seniorcare\inhome\range_33_38\page_12.json
[2025-04-02 17:41:23] INFO - Finished range [33, 38] with status='success'. Total pages: 12, total caregivers: 120.
[2025-04-02 17:41:23] INFO - Checking pay range [13, 16]...
[2025-04-02 17:41:24] INFO -   => totalHits = 347
[2025-04-02 17:41:24] INFO - Fetching data for pay range [13, 16]...
[2025-04-02 17:41:25] INFO -   - Page 1 => 10 caregivers, saved to raw_data\USA\10002\search_of_seniorcare\inhome\range_13_16\page_1.json
[2025-04-02 17:41:25] INFO -   - Next endCursor: U2VlZD0wLEluZGV4PTEwLFBhZ2VTY3JvbGxJZD1hNzhhNzM2NTQzODU0Nzg1YmFjMjJkYjljOWZkMjg2ZQ==
[2025-04-02 17:41:27] INFO -   - Page 2 => 10 caregivers, saved to raw_data\USA\10002\search_of_seniorcare\inhome\range_13_16\page_2.json
[2025-04-02 17:41:27] INFO -   - Next endCursor: U2VlZD0wLEluZGV4PTIwLFBhZ2VTY3JvbGxJZD1hNzhhNzM2NTQzODU0Nzg1YmFjMjJkYjljOWZkMjg2ZQ==
[2025-04-02 17:41:28] INFO -   - Page 3 => 10 caregivers, saved to raw_data\USA\10002\search_of_seniorcare\inhome\range_13_16\page_3.json
[2025-04-02 17:41:28] INFO -   - Next endCursor: U2VlZD0wLEluZGV4PTMwLFBhZ2VTY3JvbGxJZD1hNzhhNzM2NTQzODU0Nzg1YmFjMjJkYjljOWZkMjg2ZQ==
[2025-04-02 17:41:29] INFO -   - Page 4 => 10 caregivers, saved to raw_data\USA\10002\search_of_seniorcare\inhome\range_13_16\page_4.json
[2025-04-02 17:41:29] INFO -   - Next endCursor: U2VlZD0wLEluZGV4PTQwLFBhZ2VTY3JvbGxJZD1hNzhhNzM2NTQzODU0Nzg1YmFjMjJkYjljOWZkMjg2ZQ==
[2025-04-02 17:41:30] INFO -   - Page 5 => 10 caregivers, saved to raw_data\USA\10002\search_of_seniorcare\inhome\range_13_16\page_5.json
[2025-04-02 17:41:30] INFO -   - Next endCursor: U2VlZD0wLEluZGV4PTUwLFBhZ2VTY3JvbGxJZD1hNzhhNzM2NTQzODU0Nzg1YmFjMjJkYjljOWZkMjg2ZQ==
[2025-04-02 17:41:32] INFO -   - Page 6 => 10 caregivers, saved to raw_data\USA\10002\search_of_seniorcare\inhome\range_13_16\page_6.json
[2025-04-02 17:41:32] INFO -   - Next endCursor: U2VlZD0wLEluZGV4PTYwLFBhZ2VTY3JvbGxJZD1hNzhhNzM2NTQzODU0Nzg1YmFjMjJkYjljOWZkMjg2ZQ==
[2025-04-02 17:41:33] INFO -   - Page 7 => 10 caregivers, saved to raw_data\USA\10002\search_of_seniorcare\inhome\range_13_16\page_7.json
[2025-04-02 17:41:33] INFO -   - Next endCursor: U2VlZD0wLEluZGV4PTcwLFBhZ2VTY3JvbGxJZD1hNzhhNzM2NTQzODU0Nzg1YmFjMjJkYjljOWZkMjg2ZQ==
[2025-04-02 17:41:34] INFO -   - Page 8 => 10 caregivers, saved to raw_data\USA\10002\search_of_seniorcare\inhome\range_13_16\page_8.json
[2025-04-02 17:41:34] INFO -   - Next endCursor: U2VlZD0wLEluZGV4PTgwLFBhZ2VTY3JvbGxJZD1hNzhhNzM2NTQzODU0Nzg1YmFjMjJkYjljOWZkMjg2ZQ==
[2025-04-02 17:41:35] INFO -   - Page 9 => 10 caregivers, saved to raw_data\USA\10002\search_of_seniorcare\inhome\range_13_16\page_9.json
[2025-04-02 17:41:35] INFO -   - Next endCursor: U2VlZD0wLEluZGV4PTkwLFBhZ2VTY3JvbGxJZD1hNzhhNzM2NTQzODU0Nzg1YmFjMjJkYjljOWZkMjg2ZQ==
[2025-04-02 17:41:36] INFO -   - Page 10 => 10 caregivers, saved to raw_data\USA\10002\search_of_seniorcare\inhome\range_13_16\page_10.json
[2025-04-02 17:41:36] INFO -   - Next endCursor: U2VlZD0wLEluZGV4PTEwMCxQYWdlU2Nyb2xsSWQ9YTc4YTczNjU0Mzg1NDc4NWJhYzIyZGI5YzlmZDI4NmU=
[2025-04-02 17:41:38] INFO -   - Page 11 => 10 caregivers, saved to raw_data\USA\10002\search_of_seniorcare\inhome\range_13_16\page_11.json
[2025-04-02 17:41:38] INFO -   - Next endCursor: U2VlZD0wLEluZGV4PTExMCxQYWdlU2Nyb2xsSWQ9YTc4YTczNjU0Mzg1NDc4NWJhYzIyZGI5YzlmZDI4NmU=
[2025-04-02 17:41:39] INFO -   - Page 12 => 10 caregivers, saved to raw_data\USA\10002\search_of_seniorcare\inhome\range_13_16\page_12.json
[2025-04-02 17:41:39] INFO -   - Next endCursor: U2VlZD0wLEluZGV4PTEyMCxQYWdlU2Nyb2xsSWQ9YTc4YTczNjU0Mzg1NDc4NWJhYzIyZGI5YzlmZDI4NmU=
[2025-04-02 17:41:40] INFO -   - Page 13 => 10 caregivers, saved to raw_data\USA\10002\search_of_seniorcare\inhome\range_13_16\page_13.json
[2025-04-02 17:41:40] INFO -   - Next endCursor: U2VlZD0wLEluZGV4PTEzMCxQYWdlU2Nyb2xsSWQ9YTc4YTczNjU0Mzg1NDc4NWJhYzIyZGI5YzlmZDI4NmU=
[2025-04-02 17:41:42] INFO -   - Page 14 => 10 caregivers, saved to raw_data\USA\10002\search_of_seniorcare\inhome\range_13_16\page_14.json
[2025-04-02 17:41:42] INFO -   - Next endCursor: U2VlZD0wLEluZGV4PTE0MCxQYWdlU2Nyb2xsSWQ9YTc4YTczNjU0Mzg1NDc4NWJhYzIyZGI5YzlmZDI4NmU=
[2025-04-02 17:41:43] INFO -   - Page 15 => 10 caregivers, saved to raw_data\USA\10002\search_of_seniorcare\inhome\range_13_16\page_15.json
[2025-04-02 17:41:43] INFO -   - Next endCursor: U2VlZD0wLEluZGV4PTE1MCxQYWdlU2Nyb2xsSWQ9YTc4YTczNjU0Mzg1NDc4NWJhYzIyZGI5YzlmZDI4NmU=
[2025-04-02 17:41:44] INFO -   - Page 16 => 10 caregivers, saved to raw_data\USA\10002\search_of_seniorcare\inhome\range_13_16\page_16.json
[2025-04-02 17:41:44] INFO -   - Next endCursor: U2VlZD0wLEluZGV4PTE2MCxQYWdlU2Nyb2xsSWQ9YTc4YTczNjU0Mzg1NDc4NWJhYzIyZGI5YzlmZDI4NmU=
[2025-04-02 17:41:46] INFO -   - Page 17 => 10 caregivers, saved to raw_data\USA\10002\search_of_seniorcare\inhome\range_13_16\page_17.json
[2025-04-02 17:41:46] INFO -   - Next endCursor: U2VlZD0wLEluZGV4PTE3MCxQYWdlU2Nyb2xsSWQ9YTc4YTczNjU0Mzg1NDc4NWJhYzIyZGI5YzlmZDI4NmU=
[2025-04-02 17:41:47] INFO -   - Page 18 => 10 caregivers, saved to raw_data\USA\10002\search_of_seniorcare\inhome\range_13_16\page_18.json
[2025-04-02 17:41:47] INFO -   - Next endCursor: U2VlZD0wLEluZGV4PTE4MCxQYWdlU2Nyb2xsSWQ9YTc4YTczNjU0Mzg1NDc4NWJhYzIyZGI5YzlmZDI4NmU=
[2025-04-02 17:41:48] INFO -   - Page 19 => 10 caregivers, saved to raw_data\USA\10002\search_of_seniorcare\inhome\range_13_16\page_19.json
[2025-04-02 17:41:48] INFO -   - Next endCursor: U2VlZD0wLEluZGV4PTE5MCxQYWdlU2Nyb2xsSWQ9YTc4YTczNjU0Mzg1NDc4NWJhYzIyZGI5YzlmZDI4NmU=
[2025-04-02 17:41:49] INFO -   - Page 20 => 10 caregivers, saved to raw_data\USA\10002\search_of_seniorcare\inhome\range_13_16\page_20.json
[2025-04-02 17:41:49] INFO -   - Next endCursor: U2VlZD0wLEluZGV4PTIwMCxQYWdlU2Nyb2xsSWQ9YTc4YTczNjU0Mzg1NDc4NWJhYzIyZGI5YzlmZDI4NmU=
[2025-04-02 17:41:50] INFO -   - Page 21 => 10 caregivers, saved to raw_data\USA\10002\search_of_seniorcare\inhome\range_13_16\page_21.json
[2025-04-02 17:41:50] INFO -   - Next endCursor: U2VlZD0wLEluZGV4PTIxMCxQYWdlU2Nyb2xsSWQ9YTc4YTczNjU0Mzg1NDc4NWJhYzIyZGI5YzlmZDI4NmU=
[2025-04-02 17:41:52] INFO -   - Page 22 => 10 caregivers, saved to raw_data\USA\10002\search_of_seniorcare\inhome\range_13_16\page_22.json
[2025-04-02 17:41:52] INFO -   - Next endCursor: U2VlZD0wLEluZGV4PTIyMCxQYWdlU2Nyb2xsSWQ9YTc4YTczNjU0Mzg1NDc4NWJhYzIyZGI5YzlmZDI4NmU=
[2025-04-02 17:41:53] INFO -   - Page 23 => 10 caregivers, saved to raw_data\USA\10002\search_of_seniorcare\inhome\range_13_16\page_23.json
[2025-04-02 17:41:53] INFO -   - Next endCursor: U2VlZD0wLEluZGV4PTIzMCxQYWdlU2Nyb2xsSWQ9YTc4YTczNjU0Mzg1NDc4NWJhYzIyZGI5YzlmZDI4NmU=
[2025-04-02 17:41:54] INFO -   - Page 24 => 10 caregivers, saved to raw_data\USA\10002\search_of_seniorcare\inhome\range_13_16\page_24.json
[2025-04-02 17:41:54] INFO -   - Next endCursor: U2VlZD0wLEluZGV4PTI0MCxQYWdlU2Nyb2xsSWQ9YTc4YTczNjU0Mzg1NDc4NWJhYzIyZGI5YzlmZDI4NmU=
[2025-04-02 17:41:56] INFO -   - Page 25 => 10 caregivers, saved to raw_data\USA\10002\search_of_seniorcare\inhome\range_13_16\page_25.json
[2025-04-02 17:41:56] INFO -   - Next endCursor: U2VlZD0wLEluZGV4PTI1MCxQYWdlU2Nyb2xsSWQ9YTc4YTczNjU0Mzg1NDc4NWJhYzIyZGI5YzlmZDI4NmU=
[2025-04-02 17:41:57] INFO -   - Page 26 => 10 caregivers, saved to raw_data\USA\10002\search_of_seniorcare\inhome\range_13_16\page_26.json
[2025-04-02 17:41:57] INFO -   - Next endCursor: U2VlZD0wLEluZGV4PTI2MCxQYWdlU2Nyb2xsSWQ9YTc4YTczNjU0Mzg1NDc4NWJhYzIyZGI5YzlmZDI4NmU=
[2025-04-02 17:41:58] INFO -   - Page 27 => 10 caregivers, saved to raw_data\USA\10002\search_of_seniorcare\inhome\range_13_16\page_27.json
[2025-04-02 17:41:58] INFO -   - Next endCursor: U2VlZD0wLEluZGV4PTI3MCxQYWdlU2Nyb2xsSWQ9YTc4YTczNjU0Mzg1NDc4NWJhYzIyZGI5YzlmZDI4NmU=
[2025-04-02 17:41:59] INFO -   - Page 28 => 10 caregivers, saved to raw_data\USA\10002\search_of_seniorcare\inhome\range_13_16\page_28.json
[2025-04-02 17:41:59] INFO -   - Next endCursor: U2VlZD0wLEluZGV4PTI4MCxQYWdlU2Nyb2xsSWQ9YTc4YTczNjU0Mzg1NDc4NWJhYzIyZGI5YzlmZDI4NmU=
[2025-04-02 17:42:00] INFO -   - Page 29 => 10 caregivers, saved to raw_data\USA\10002\search_of_seniorcare\inhome\range_13_16\page_29.json
[2025-04-02 17:42:00] INFO -   - Next endCursor: U2VlZD0wLEluZGV4PTI5MCxQYWdlU2Nyb2xsSWQ9YTc4YTczNjU0Mzg1NDc4NWJhYzIyZGI5YzlmZDI4NmU=
[2025-04-02 17:42:02] INFO -   - Page 30 => 10 caregivers, saved to raw_data\USA\10002\search_of_seniorcare\inhome\range_13_16\page_30.json
[2025-04-02 17:42:02] INFO -   - Next endCursor: U2VlZD0wLEluZGV4PTMwMCxQYWdlU2Nyb2xsSWQ9YTc4YTczNjU0Mzg1NDc4NWJhYzIyZGI5YzlmZDI4NmU=
[2025-04-02 17:42:03] INFO -   - Page 31 => 10 caregivers, saved to raw_data\USA\10002\search_of_seniorcare\inhome\range_13_16\page_31.json
[2025-04-02 17:42:03] INFO -   - Next endCursor: U2VlZD0wLEluZGV4PTMxMCxQYWdlU2Nyb2xsSWQ9YTc4YTczNjU0Mzg1NDc4NWJhYzIyZGI5YzlmZDI4NmU=
[2025-04-02 17:42:04] INFO -   - Page 32 => 10 caregivers, saved to raw_data\USA\10002\search_of_seniorcare\inhome\range_13_16\page_32.json
[2025-04-02 17:42:04] INFO -   - Next endCursor: U2VlZD0wLEluZGV4PTMyMCxQYWdlU2Nyb2xsSWQ9YTc4YTczNjU0Mzg1NDc4NWJhYzIyZGI5YzlmZDI4NmU=
[2025-04-02 17:42:06] INFO -   - Page 33 => 10 caregivers, saved to raw_data\USA\10002\search_of_seniorcare\inhome\range_13_16\page_33.json
[2025-04-02 17:42:06] INFO -   - Next endCursor: U2VlZD0wLEluZGV4PTMzMCxQYWdlU2Nyb2xsSWQ9YTc4YTczNjU0Mzg1NDc4NWJhYzIyZGI5YzlmZDI4NmU=
[2025-04-02 17:42:07] INFO -   - Page 34 => 10 caregivers, saved to raw_data\USA\10002\search_of_seniorcare\inhome\range_13_16\page_34.json
[2025-04-02 17:42:07] INFO -   - Next endCursor: U2VlZD0wLEluZGV4PTM0MCxQYWdlU2Nyb2xsSWQ9YTc4YTczNjU0Mzg1NDc4NWJhYzIyZGI5YzlmZDI4NmU=
[2025-04-02 17:42:08] INFO -   - Page 35 => 7 caregivers, saved to raw_data\USA\10002\search_of_seniorcare\inhome\range_13_16\page_35.json
[2025-04-02 17:42:08] INFO - Finished range [13, 16] with status='success'. Total pages: 35, total caregivers: 347.
[2025-04-02 17:42:08] INFO - Checking pay range [17, 19]...
[2025-04-02 17:42:10] INFO -   => totalHits = 930
[2025-04-02 17:42:10] INFO -   => Splitting into [17, 18] and [19, 19].
[2025-04-02 17:42:10] INFO - Checking pay range [20, 22]...
[2025-04-02 17:42:11] INFO -   => totalHits = 699
[2025-04-02 17:42:11] INFO -   => Splitting into [20, 21] and [22, 22].
[2025-04-02 17:42:11] INFO - Checking pay range [23, 25]...
[2025-04-02 17:42:12] INFO -   => totalHits = 739
[2025-04-02 17:42:12] INFO -   => Splitting into [23, 24] and [25, 25].
[2025-04-02 17:42:12] INFO - Checking pay range [17, 18]...
[2025-04-02 17:42:13] INFO -   => totalHits = 871
[2025-04-02 17:42:13] INFO -   => Splitting into [17, 17] and [18, 18].
[2025-04-02 17:42:13] INFO - Checking pay range [19, 19]...
[2025-04-02 17:42:14] INFO -   => totalHits = 59
[2025-04-02 17:42:14] INFO - Fetching data for pay range [19, 19]...
[2025-04-02 17:42:15] INFO -   - Page 1 => 10 caregivers, saved to raw_data\USA\10002\search_of_seniorcare\inhome\range_19_19\page_1.json
[2025-04-02 17:42:15] INFO -   - Next endCursor: U2VlZD0wLEluZGV4PTEwLFBhZ2VTY3JvbGxJZD04YWUwOGU5MGJlYWE0YTU5YjBhMzkxNTMxNzQ3ZGM0Yg==
[2025-04-02 17:42:17] INFO -   - Page 2 => 10 caregivers, saved to raw_data\USA\10002\search_of_seniorcare\inhome\range_19_19\page_2.json
[2025-04-02 17:42:17] INFO -   - Next endCursor: U2VlZD0wLEluZGV4PTIwLFBhZ2VTY3JvbGxJZD04YWUwOGU5MGJlYWE0YTU5YjBhMzkxNTMxNzQ3ZGM0Yg==
[2025-04-02 17:42:18] INFO -   - Page 3 => 10 caregivers, saved to raw_data\USA\10002\search_of_seniorcare\inhome\range_19_19\page_3.json
[2025-04-02 17:42:18] INFO -   - Next endCursor: U2VlZD0wLEluZGV4PTMwLFBhZ2VTY3JvbGxJZD04YWUwOGU5MGJlYWE0YTU5YjBhMzkxNTMxNzQ3ZGM0Yg==
[2025-04-02 17:42:19] INFO -   - Page 4 => 10 caregivers, saved to raw_data\USA\10002\search_of_seniorcare\inhome\range_19_19\page_4.json
[2025-04-02 17:42:19] INFO -   - Next endCursor: U2VlZD0wLEluZGV4PTQwLFBhZ2VTY3JvbGxJZD04YWUwOGU5MGJlYWE0YTU5YjBhMzkxNTMxNzQ3ZGM0Yg==
[2025-04-02 17:42:20] INFO -   - Page 5 => 10 caregivers, saved to raw_data\USA\10002\search_of_seniorcare\inhome\range_19_19\page_5.json
[2025-04-02 17:42:20] INFO -   - Next endCursor: U2VlZD0wLEluZGV4PTUwLFBhZ2VTY3JvbGxJZD04YWUwOGU5MGJlYWE0YTU5YjBhMzkxNTMxNzQ3ZGM0Yg==
[2025-04-02 17:42:22] INFO -   - Page 6 => 9 caregivers, saved to raw_data\USA\10002\search_of_seniorcare\inhome\range_19_19\page_6.json
[2025-04-02 17:42:22] INFO - Finished range [19, 19] with status='success'. Total pages: 6, total caregivers: 59.
[2025-04-02 17:42:22] INFO - Checking pay range [20, 21]...
[2025-04-02 17:42:23] INFO -   => totalHits = 620
[2025-04-02 17:42:23] INFO -   => Splitting into [20, 20] and [21, 21].
[2025-04-02 17:42:23] INFO - Checking pay range [22, 22]...
[2025-04-02 17:42:24] INFO -   => totalHits = 79
[2025-04-02 17:42:24] INFO - Fetching data for pay range [22, 22]...
[2025-04-02 17:42:26] INFO -   - Page 1 => 10 caregivers, saved to raw_data\USA\10002\search_of_seniorcare\inhome\range_22_22\page_1.json
[2025-04-02 17:42:26] INFO -   - Next endCursor: U2VlZD0wLEluZGV4PTEwLFBhZ2VTY3JvbGxJZD05ZWYxNzdkMGRkOGI0NTkzOTQ3MmQ4ZWNjYjBlMWYwMA==
[2025-04-02 17:42:26] INFO -   - Page 2 => 10 caregivers, saved to raw_data\USA\10002\search_of_seniorcare\inhome\range_22_22\page_2.json
[2025-04-02 17:42:26] INFO -   - Next endCursor: U2VlZD0wLEluZGV4PTIwLFBhZ2VTY3JvbGxJZD05ZWYxNzdkMGRkOGI0NTkzOTQ3MmQ4ZWNjYjBlMWYwMA==
[2025-04-02 17:42:28] INFO -   - Page 3 => 10 caregivers, saved to raw_data\USA\10002\search_of_seniorcare\inhome\range_22_22\page_3.json
[2025-04-02 17:42:28] INFO -   - Next endCursor: U2VlZD0wLEluZGV4PTMwLFBhZ2VTY3JvbGxJZD05ZWYxNzdkMGRkOGI0NTkzOTQ3MmQ4ZWNjYjBlMWYwMA==
[2025-04-02 17:42:29] INFO -   - Page 4 => 10 caregivers, saved to raw_data\USA\10002\search_of_seniorcare\inhome\range_22_22\page_4.json
[2025-04-02 17:42:29] INFO -   - Next endCursor: U2VlZD0wLEluZGV4PTQwLFBhZ2VTY3JvbGxJZD05ZWYxNzdkMGRkOGI0NTkzOTQ3MmQ4ZWNjYjBlMWYwMA==
[2025-04-02 17:42:30] INFO -   - Page 5 => 10 caregivers, saved to raw_data\USA\10002\search_of_seniorcare\inhome\range_22_22\page_5.json
[2025-04-02 17:42:30] INFO -   - Next endCursor: U2VlZD0wLEluZGV4PTUwLFBhZ2VTY3JvbGxJZD05ZWYxNzdkMGRkOGI0NTkzOTQ3MmQ4ZWNjYjBlMWYwMA==
[2025-04-02 17:42:31] INFO -   - Page 6 => 10 caregivers, saved to raw_data\USA\10002\search_of_seniorcare\inhome\range_22_22\page_6.json
[2025-04-02 17:42:31] INFO -   - Next endCursor: U2VlZD0wLEluZGV4PTYwLFBhZ2VTY3JvbGxJZD05ZWYxNzdkMGRkOGI0NTkzOTQ3MmQ4ZWNjYjBlMWYwMA==
[2025-04-02 17:42:32] INFO -   - Page 7 => 10 caregivers, saved to raw_data\USA\10002\search_of_seniorcare\inhome\range_22_22\page_7.json
[2025-04-02 17:42:32] INFO -   - Next endCursor: U2VlZD0wLEluZGV4PTcwLFBhZ2VTY3JvbGxJZD05ZWYxNzdkMGRkOGI0NTkzOTQ3MmQ4ZWNjYjBlMWYwMA==
[2025-04-02 17:42:33] INFO -   - Page 8 => 9 caregivers, saved to raw_data\USA\10002\search_of_seniorcare\inhome\range_22_22\page_8.json
[2025-04-02 17:42:33] INFO - Finished range [22, 22] with status='success'. Total pages: 8, total caregivers: 79.
[2025-04-02 17:42:33] INFO - Checking pay range [23, 24]...
[2025-04-02 17:42:34] INFO -   => totalHits = 93
[2025-04-02 17:42:34] INFO - Fetching data for pay range [23, 24]...
[2025-04-02 17:42:35] INFO -   - Page 1 => 10 caregivers, saved to raw_data\USA\10002\search_of_seniorcare\inhome\range_23_24\page_1.json
[2025-04-02 17:42:35] INFO -   - Next endCursor: U2VlZD0wLEluZGV4PTEwLFBhZ2VTY3JvbGxJZD1lMmQwYjkyYjZlZTc0N2I5OTAyMTY5MWNjNjlkNjY0NQ==
[2025-04-02 17:42:37] INFO -   - Page 2 => 10 caregivers, saved to raw_data\USA\10002\search_of_seniorcare\inhome\range_23_24\page_2.json
[2025-04-02 17:42:37] INFO -   - Next endCursor: U2VlZD0wLEluZGV4PTIwLFBhZ2VTY3JvbGxJZD1lMmQwYjkyYjZlZTc0N2I5OTAyMTY5MWNjNjlkNjY0NQ==
[2025-04-02 17:42:38] INFO -   - Page 3 => 10 caregivers, saved to raw_data\USA\10002\search_of_seniorcare\inhome\range_23_24\page_3.json
[2025-04-02 17:42:38] INFO -   - Next endCursor: U2VlZD0wLEluZGV4PTMwLFBhZ2VTY3JvbGxJZD1lMmQwYjkyYjZlZTc0N2I5OTAyMTY5MWNjNjlkNjY0NQ==
[2025-04-02 17:42:38] INFO -   - Page 4 => 10 caregivers, saved to raw_data\USA\10002\search_of_seniorcare\inhome\range_23_24\page_4.json
[2025-04-02 17:42:38] INFO -   - Next endCursor: U2VlZD0wLEluZGV4PTQwLFBhZ2VTY3JvbGxJZD1lMmQwYjkyYjZlZTc0N2I5OTAyMTY5MWNjNjlkNjY0NQ==
[2025-04-02 17:42:40] INFO -   - Page 5 => 10 caregivers, saved to raw_data\USA\10002\search_of_seniorcare\inhome\range_23_24\page_5.json
[2025-04-02 17:42:40] INFO -   - Next endCursor: U2VlZD0wLEluZGV4PTUwLFBhZ2VTY3JvbGxJZD1lMmQwYjkyYjZlZTc0N2I5OTAyMTY5MWNjNjlkNjY0NQ==
[2025-04-02 17:42:41] INFO -   - Page 6 => 10 caregivers, saved to raw_data\USA\10002\search_of_seniorcare\inhome\range_23_24\page_6.json
[2025-04-02 17:42:41] INFO -   - Next endCursor: U2VlZD0wLEluZGV4PTYwLFBhZ2VTY3JvbGxJZD1lMmQwYjkyYjZlZTc0N2I5OTAyMTY5MWNjNjlkNjY0NQ==
[2025-04-02 17:42:42] INFO -   - Page 7 => 10 caregivers, saved to raw_data\USA\10002\search_of_seniorcare\inhome\range_23_24\page_7.json
[2025-04-02 17:42:42] INFO -   - Next endCursor: U2VlZD0wLEluZGV4PTcwLFBhZ2VTY3JvbGxJZD1lMmQwYjkyYjZlZTc0N2I5OTAyMTY5MWNjNjlkNjY0NQ==
[2025-04-02 17:42:43] INFO -   - Page 8 => 10 caregivers, saved to raw_data\USA\10002\search_of_seniorcare\inhome\range_23_24\page_8.json
[2025-04-02 17:42:43] INFO -   - Next endCursor: U2VlZD0wLEluZGV4PTgwLFBhZ2VTY3JvbGxJZD1lMmQwYjkyYjZlZTc0N2I5OTAyMTY5MWNjNjlkNjY0NQ==
[2025-04-02 17:42:44] INFO -   - Page 9 => 10 caregivers, saved to raw_data\USA\10002\search_of_seniorcare\inhome\range_23_24\page_9.json
[2025-04-02 17:42:44] INFO -   - Next endCursor: U2VlZD0wLEluZGV4PTkwLFBhZ2VTY3JvbGxJZD1lMmQwYjkyYjZlZTc0N2I5OTAyMTY5MWNjNjlkNjY0NQ==
[2025-04-02 17:42:45] INFO -   - Page 10 => 3 caregivers, saved to raw_data\USA\10002\search_of_seniorcare\inhome\range_23_24\page_10.json
[2025-04-02 17:42:45] INFO - Finished range [23, 24] with status='success'. Total pages: 10, total caregivers: 93.
[2025-04-02 17:42:45] INFO - Checking pay range [25, 25]...
[2025-04-02 17:42:46] INFO -   => totalHits = 646
[2025-04-02 17:42:46] INFO - Single-value payrange=[25, 25] has >500 hits => run attribute combos...
[2025-04-02 17:42:46] INFO - Generated 148 triple combos (tasks, additionalDetails, professionalSkills).
[2025-04-02 17:43:47] INFO - doing SORT_ORDER_DISTANCE_ASCENDING on Combo: [] [] []...
[2025-04-02 17:44:40] INFO - Aggregated 540 unique caregiver IDs for payrange=[25, 25].
[2025-04-02 17:44:40] INFO - Original totalHits from get_total_hits_for_range = 646.
[2025-04-02 17:44:40] INFO - Created aggregated page file: raw_data\USA\10002\search_of_seniorcare\inhome\range_25_25\page_attributes.json
[2025-04-02 17:44:40] INFO - Checking pay range [17, 17]...
[2025-04-02 17:44:41] INFO -   => totalHits = 736
[2025-04-02 17:44:41] INFO - Single-value payrange=[17, 17] has >500 hits => run attribute combos...
[2025-04-02 17:44:41] INFO - Generated 148 triple combos (tasks, additionalDetails, professionalSkills).
[2025-04-02 17:45:41] INFO - doing SORT_ORDER_DISTANCE_ASCENDING on Combo: [] [] []...
[2025-04-02 17:46:41] INFO - Aggregated 543 unique caregiver IDs for payrange=[17, 17].
[2025-04-02 17:46:41] INFO - Original totalHits from get_total_hits_for_range = 736.
[2025-04-02 17:46:41] INFO - Created aggregated page file: raw_data\USA\10002\search_of_seniorcare\inhome\range_17_17\page_attributes.json
[2025-04-02 17:46:41] INFO - Checking pay range [18, 18]...
[2025-04-02 17:46:42] INFO -   => totalHits = 135
[2025-04-02 17:46:42] INFO - Fetching data for pay range [18, 18]...
[2025-04-02 17:46:44] INFO -   - Page 1 => 10 caregivers, saved to raw_data\USA\10002\search_of_seniorcare\inhome\range_18_18\page_1.json
[2025-04-02 17:46:44] INFO -   - Next endCursor: U2VlZD0wLEluZGV4PTEwLFBhZ2VTY3JvbGxJZD04NGFlODIwMDJhMDI0OTFiOGZmMzQ3MjFhZDMzNmQ0Yg==
[2025-04-02 17:46:44] INFO -   - Page 2 => 10 caregivers, saved to raw_data\USA\10002\search_of_seniorcare\inhome\range_18_18\page_2.json
[2025-04-02 17:46:44] INFO -   - Next endCursor: U2VlZD0wLEluZGV4PTIwLFBhZ2VTY3JvbGxJZD04NGFlODIwMDJhMDI0OTFiOGZmMzQ3MjFhZDMzNmQ0Yg==
[2025-04-02 17:46:46] INFO -   - Page 3 => 10 caregivers, saved to raw_data\USA\10002\search_of_seniorcare\inhome\range_18_18\page_3.json
[2025-04-02 17:46:46] INFO -   - Next endCursor: U2VlZD0wLEluZGV4PTMwLFBhZ2VTY3JvbGxJZD04NGFlODIwMDJhMDI0OTFiOGZmMzQ3MjFhZDMzNmQ0Yg==
[2025-04-02 17:46:47] INFO -   - Page 4 => 10 caregivers, saved to raw_data\USA\10002\search_of_seniorcare\inhome\range_18_18\page_4.json
[2025-04-02 17:46:47] INFO -   - Next endCursor: U2VlZD0wLEluZGV4PTQwLFBhZ2VTY3JvbGxJZD04NGFlODIwMDJhMDI0OTFiOGZmMzQ3MjFhZDMzNmQ0Yg==
[2025-04-02 17:46:48] INFO -   - Page 5 => 10 caregivers, saved to raw_data\USA\10002\search_of_seniorcare\inhome\range_18_18\page_5.json
[2025-04-02 17:46:48] INFO -   - Next endCursor: U2VlZD0wLEluZGV4PTUwLFBhZ2VTY3JvbGxJZD04NGFlODIwMDJhMDI0OTFiOGZmMzQ3MjFhZDMzNmQ0Yg==
[2025-04-02 17:46:49] INFO -   - Page 6 => 10 caregivers, saved to raw_data\USA\10002\search_of_seniorcare\inhome\range_18_18\page_6.json
[2025-04-02 17:46:49] INFO -   - Next endCursor: U2VlZD0wLEluZGV4PTYwLFBhZ2VTY3JvbGxJZD04NGFlODIwMDJhMDI0OTFiOGZmMzQ3MjFhZDMzNmQ0Yg==
[2025-04-02 17:46:51] INFO -   - Page 7 => 10 caregivers, saved to raw_data\USA\10002\search_of_seniorcare\inhome\range_18_18\page_7.json
[2025-04-02 17:46:51] INFO -   - Next endCursor: U2VlZD0wLEluZGV4PTcwLFBhZ2VTY3JvbGxJZD04NGFlODIwMDJhMDI0OTFiOGZmMzQ3MjFhZDMzNmQ0Yg==
[2025-04-02 17:46:52] INFO -   - Page 8 => 10 caregivers, saved to raw_data\USA\10002\search_of_seniorcare\inhome\range_18_18\page_8.json
[2025-04-02 17:46:52] INFO -   - Next endCursor: U2VlZD0wLEluZGV4PTgwLFBhZ2VTY3JvbGxJZD04NGFlODIwMDJhMDI0OTFiOGZmMzQ3MjFhZDMzNmQ0Yg==
[2025-04-02 17:46:53] INFO -   - Page 9 => 10 caregivers, saved to raw_data\USA\10002\search_of_seniorcare\inhome\range_18_18\page_9.json
[2025-04-02 17:46:53] INFO -   - Next endCursor: U2VlZD0wLEluZGV4PTkwLFBhZ2VTY3JvbGxJZD04NGFlODIwMDJhMDI0OTFiOGZmMzQ3MjFhZDMzNmQ0Yg==
[2025-04-02 17:46:55] INFO -   - Page 10 => 10 caregivers, saved to raw_data\USA\10002\search_of_seniorcare\inhome\range_18_18\page_10.json
[2025-04-02 17:46:55] INFO -   - Next endCursor: U2VlZD0wLEluZGV4PTEwMCxQYWdlU2Nyb2xsSWQ9ODRhZTgyMDAyYTAyNDkxYjhmZjM0NzIxYWQzMzZkNGI=
[2025-04-02 17:46:56] INFO -   - Page 11 => 10 caregivers, saved to raw_data\USA\10002\search_of_seniorcare\inhome\range_18_18\page_11.json
[2025-04-02 17:46:56] INFO -   - Next endCursor: U2VlZD0wLEluZGV4PTExMCxQYWdlU2Nyb2xsSWQ9ODRhZTgyMDAyYTAyNDkxYjhmZjM0NzIxYWQzMzZkNGI=
[2025-04-02 17:46:57] INFO -   - Page 12 => 10 caregivers, saved to raw_data\USA\10002\search_of_seniorcare\inhome\range_18_18\page_12.json
[2025-04-02 17:46:57] INFO -   - Next endCursor: U2VlZD0wLEluZGV4PTEyMCxQYWdlU2Nyb2xsSWQ9ODRhZTgyMDAyYTAyNDkxYjhmZjM0NzIxYWQzMzZkNGI=
[2025-04-02 17:46:59] INFO -   - Page 13 => 10 caregivers, saved to raw_data\USA\10002\search_of_seniorcare\inhome\range_18_18\page_13.json
[2025-04-02 17:46:59] INFO -   - Next endCursor: U2VlZD0wLEluZGV4PTEzMCxQYWdlU2Nyb2xsSWQ9ODRhZTgyMDAyYTAyNDkxYjhmZjM0NzIxYWQzMzZkNGI=
[2025-04-02 17:47:00] INFO -   - Page 14 => 5 caregivers, saved to raw_data\USA\10002\search_of_seniorcare\inhome\range_18_18\page_14.json
[2025-04-02 17:47:00] INFO - Finished range [18, 18] with status='success'. Total pages: 14, total caregivers: 135.
[2025-04-02 17:47:00] INFO - Checking pay range [20, 20]...
[2025-04-02 17:47:01] INFO -   => totalHits = 554
[2025-04-02 17:47:01] INFO - Single-value payrange=[20, 20] has >500 hits => run attribute combos...
[2025-04-02 17:47:01] INFO - Generated 148 triple combos (tasks, additionalDetails, professionalSkills).
[2025-04-02 17:48:01] INFO - doing SORT_ORDER_DISTANCE_ASCENDING on Combo: [] [] []...
[2025-04-02 17:48:59] INFO - Aggregated 510 unique caregiver IDs for payrange=[20, 20].
[2025-04-02 17:48:59] INFO - Original totalHits from get_total_hits_for_range = 554.
[2025-04-02 17:48:59] INFO - Created aggregated page file: raw_data\USA\10002\search_of_seniorcare\inhome\range_20_20\page_attributes.json
[2025-04-02 17:48:59] INFO - Checking pay range [21, 21]...
[2025-04-02 17:49:00] INFO -   => totalHits = 66
[2025-04-02 17:49:00] INFO - Fetching data for pay range [21, 21]...
[2025-04-02 17:49:01] INFO -   - Page 1 => 10 caregivers, saved to raw_data\USA\10002\search_of_seniorcare\inhome\range_21_21\page_1.json
[2025-04-02 17:49:01] INFO -   - Next endCursor: U2VlZD0wLEluZGV4PTEwLFBhZ2VTY3JvbGxJZD05YjRjMDE3OGU0ZTI0ZTQwODA2ZmI3YWQ2YjYxZTA0Zg==
[2025-04-02 17:49:02] INFO -   - Page 2 => 10 caregivers, saved to raw_data\USA\10002\search_of_seniorcare\inhome\range_21_21\page_2.json
[2025-04-02 17:49:02] INFO -   - Next endCursor: U2VlZD0wLEluZGV4PTIwLFBhZ2VTY3JvbGxJZD05YjRjMDE3OGU0ZTI0ZTQwODA2ZmI3YWQ2YjYxZTA0Zg==
[2025-04-02 17:49:03] INFO -   - Page 3 => 10 caregivers, saved to raw_data\USA\10002\search_of_seniorcare\inhome\range_21_21\page_3.json
[2025-04-02 17:49:03] INFO -   - Next endCursor: U2VlZD0wLEluZGV4PTMwLFBhZ2VTY3JvbGxJZD05YjRjMDE3OGU0ZTI0ZTQwODA2ZmI3YWQ2YjYxZTA0Zg==
[2025-04-02 17:49:04] INFO -   - Page 4 => 10 caregivers, saved to raw_data\USA\10002\search_of_seniorcare\inhome\range_21_21\page_4.json
[2025-04-02 17:49:04] INFO -   - Next endCursor: U2VlZD0wLEluZGV4PTQwLFBhZ2VTY3JvbGxJZD05YjRjMDE3OGU0ZTI0ZTQwODA2ZmI3YWQ2YjYxZTA0Zg==
[2025-04-02 17:49:06] INFO -   - Page 5 => 10 caregivers, saved to raw_data\USA\10002\search_of_seniorcare\inhome\range_21_21\page_5.json
[2025-04-02 17:49:06] INFO -   - Next endCursor: U2VlZD0wLEluZGV4PTUwLFBhZ2VTY3JvbGxJZD05YjRjMDE3OGU0ZTI0ZTQwODA2ZmI3YWQ2YjYxZTA0Zg==
[2025-04-02 17:49:07] INFO -   - Page 6 => 10 caregivers, saved to raw_data\USA\10002\search_of_seniorcare\inhome\range_21_21\page_6.json
[2025-04-02 17:49:07] INFO -   - Next endCursor: U2VlZD0wLEluZGV4PTYwLFBhZ2VTY3JvbGxJZD05YjRjMDE3OGU0ZTI0ZTQwODA2ZmI3YWQ2YjYxZTA0Zg==
[2025-04-02 17:49:07] INFO -   - Page 7 => 6 caregivers, saved to raw_data\USA\10002\search_of_seniorcare\inhome\range_21_21\page_7.json
[2025-04-02 17:49:07] INFO - Finished range [21, 21] with status='success'. Total pages: 7, total caregivers: 66.
[2025-04-02 17:49:07] INFO - All pay range segments processed. Scraping complete!
