[2025-04-02 17:54:26] INFO - Log file initialized at: raw_data\USA\10002\search_of_housekeeping\recurring\scrape_recurring.log
[2025-04-02 17:54:26] INFO - Starting scraping for USA/10002, care_type='housekeeping', sub_type='recurring', pay range [0, 100].
[2025-04-02 17:54:26] INFO - Run ID: e62724b1-43c1-4878-9e7a-60370a5381a3
[2025-04-02 17:54:26] INFO - Checking pay range [0, 100]...
[2025-04-02 17:54:28] INFO -   => totalHits = 2059
[2025-04-02 17:54:28] INFO -   => Splitting into [0, 50] and [51, 100].
[2025-04-02 17:54:28] INFO - Checking pay range [0, 50]...
[2025-04-02 17:54:30] INFO -   => totalHits = 2054
[2025-04-02 17:54:30] INFO -   => Splitting into [0, 25] and [26, 50].
[2025-04-02 17:54:30] INFO - Checking pay range [51, 100]...
[2025-04-02 17:54:32] INFO -   => totalHits = 5
[2025-04-02 17:54:32] INFO - Fetching data for pay range [51, 100]...
[2025-04-02 17:54:33] INFO -   - Page 1 => 5 caregivers, saved to raw_data\USA\10002\search_of_housekeeping\recurring\range_51_100\page_1.json
[2025-04-02 17:54:33] INFO - Finished range [51, 100] with status='success'. Total pages: 1, total caregivers: 5.
[2025-04-02 17:54:33] INFO - Checking pay range [0, 25]...
[2025-04-02 17:54:34] INFO -   => totalHits = 1721
[2025-04-02 17:54:34] INFO -   => Splitting into [0, 12] and [13, 25].
[2025-04-02 17:54:34] INFO - Checking pay range [26, 50]...
[2025-04-02 17:54:35] INFO -   => totalHits = 333
[2025-04-02 17:54:35] INFO - Fetching data for pay range [26, 50]...
[2025-04-02 17:54:38] INFO -   - Page 1 => 10 caregivers, saved to raw_data\USA\10002\search_of_housekeeping\recurring\range_26_50\page_1.json
[2025-04-02 17:54:38] INFO -   - Next endCursor: U2VlZD0wLEluZGV4PTEwLFBhZ2VTY3JvbGxJZD1lMzk4Yzc2YTIwM2Q0ZGMzYWY0Zjk0Njk1ZDE3YjFhOA==
[2025-04-02 17:54:39] INFO -   - Page 2 => 10 caregivers, saved to raw_data\USA\10002\search_of_housekeeping\recurring\range_26_50\page_2.json
[2025-04-02 17:54:39] INFO -   - Next endCursor: U2VlZD0wLEluZGV4PTIwLFBhZ2VTY3JvbGxJZD1lMzk4Yzc2YTIwM2Q0ZGMzYWY0Zjk0Njk1ZDE3YjFhOA==
[2025-04-02 17:54:40] INFO -   - Page 3 => 10 caregivers, saved to raw_data\USA\10002\search_of_housekeeping\recurring\range_26_50\page_3.json
[2025-04-02 17:54:40] INFO -   - Next endCursor: U2VlZD0wLEluZGV4PTMwLFBhZ2VTY3JvbGxJZD1lMzk4Yzc2YTIwM2Q0ZGMzYWY0Zjk0Njk1ZDE3YjFhOA==
[2025-04-02 17:54:42] INFO -   - Page 4 => 10 caregivers, saved to raw_data\USA\10002\search_of_housekeeping\recurring\range_26_50\page_4.json
[2025-04-02 17:54:42] INFO -   - Next endCursor: U2VlZD0wLEluZGV4PTQwLFBhZ2VTY3JvbGxJZD1lMzk4Yzc2YTIwM2Q0ZGMzYWY0Zjk0Njk1ZDE3YjFhOA==
[2025-04-02 17:54:43] INFO -   - Page 5 => 10 caregivers, saved to raw_data\USA\10002\search_of_housekeeping\recurring\range_26_50\page_5.json
[2025-04-02 17:54:43] INFO -   - Next endCursor: U2VlZD0wLEluZGV4PTUwLFBhZ2VTY3JvbGxJZD1lMzk4Yzc2YTIwM2Q0ZGMzYWY0Zjk0Njk1ZDE3YjFhOA==
[2025-04-02 17:54:45] INFO -   - Page 6 => 10 caregivers, saved to raw_data\USA\10002\search_of_housekeeping\recurring\range_26_50\page_6.json
[2025-04-02 17:54:45] INFO -   - Next endCursor: U2VlZD0wLEluZGV4PTYwLFBhZ2VTY3JvbGxJZD1lMzk4Yzc2YTIwM2Q0ZGMzYWY0Zjk0Njk1ZDE3YjFhOA==
[2025-04-02 17:54:46] INFO -   - Page 7 => 10 caregivers, saved to raw_data\USA\10002\search_of_housekeeping\recurring\range_26_50\page_7.json
[2025-04-02 17:54:46] INFO -   - Next endCursor: U2VlZD0wLEluZGV4PTcwLFBhZ2VTY3JvbGxJZD1lMzk4Yzc2YTIwM2Q0ZGMzYWY0Zjk0Njk1ZDE3YjFhOA==
[2025-04-02 17:54:47] INFO -   - Page 8 => 10 caregivers, saved to raw_data\USA\10002\search_of_housekeeping\recurring\range_26_50\page_8.json
[2025-04-02 17:54:47] INFO -   - Next endCursor: U2VlZD0wLEluZGV4PTgwLFBhZ2VTY3JvbGxJZD1lMzk4Yzc2YTIwM2Q0ZGMzYWY0Zjk0Njk1ZDE3YjFhOA==
[2025-04-02 17:54:49] INFO -   - Page 9 => 10 caregivers, saved to raw_data\USA\10002\search_of_housekeeping\recurring\range_26_50\page_9.json
[2025-04-02 17:54:49] INFO -   - Next endCursor: U2VlZD0wLEluZGV4PTkwLFBhZ2VTY3JvbGxJZD1lMzk4Yzc2YTIwM2Q0ZGMzYWY0Zjk0Njk1ZDE3YjFhOA==
[2025-04-02 17:54:50] INFO -   - Page 10 => 10 caregivers, saved to raw_data\USA\10002\search_of_housekeeping\recurring\range_26_50\page_10.json
[2025-04-02 17:54:50] INFO -   - Next endCursor: U2VlZD0wLEluZGV4PTEwMCxQYWdlU2Nyb2xsSWQ9ZTM5OGM3NmEyMDNkNGRjM2FmNGY5NDY5NWQxN2IxYTg=
[2025-04-02 17:54:51] INFO -   - Page 11 => 10 caregivers, saved to raw_data\USA\10002\search_of_housekeeping\recurring\range_26_50\page_11.json
[2025-04-02 17:54:51] INFO -   - Next endCursor: U2VlZD0wLEluZGV4PTExMCxQYWdlU2Nyb2xsSWQ9ZTM5OGM3NmEyMDNkNGRjM2FmNGY5NDY5NWQxN2IxYTg=
[2025-04-02 17:54:53] INFO -   - Page 12 => 10 caregivers, saved to raw_data\USA\10002\search_of_housekeeping\recurring\range_26_50\page_12.json
[2025-04-02 17:54:53] INFO -   - Next endCursor: U2VlZD0wLEluZGV4PTEyMCxQYWdlU2Nyb2xsSWQ9ZTM5OGM3NmEyMDNkNGRjM2FmNGY5NDY5NWQxN2IxYTg=
[2025-04-02 17:54:54] INFO -   - Page 13 => 10 caregivers, saved to raw_data\USA\10002\search_of_housekeeping\recurring\range_26_50\page_13.json
[2025-04-02 17:54:54] INFO -   - Next endCursor: U2VlZD0wLEluZGV4PTEzMCxQYWdlU2Nyb2xsSWQ9ZTM5OGM3NmEyMDNkNGRjM2FmNGY5NDY5NWQxN2IxYTg=
[2025-04-02 17:54:56] INFO -   - Page 14 => 10 caregivers, saved to raw_data\USA\10002\search_of_housekeeping\recurring\range_26_50\page_14.json
[2025-04-02 17:54:56] INFO -   - Next endCursor: U2VlZD0wLEluZGV4PTE0MCxQYWdlU2Nyb2xsSWQ9ZTM5OGM3NmEyMDNkNGRjM2FmNGY5NDY5NWQxN2IxYTg=
[2025-04-02 17:54:57] INFO -   - Page 15 => 10 caregivers, saved to raw_data\USA\10002\search_of_housekeeping\recurring\range_26_50\page_15.json
[2025-04-02 17:54:57] INFO -   - Next endCursor: U2VlZD0wLEluZGV4PTE1MCxQYWdlU2Nyb2xsSWQ9ZTM5OGM3NmEyMDNkNGRjM2FmNGY5NDY5NWQxN2IxYTg=
[2025-04-02 17:54:59] INFO -   - Page 16 => 10 caregivers, saved to raw_data\USA\10002\search_of_housekeeping\recurring\range_26_50\page_16.json
[2025-04-02 17:54:59] INFO -   - Next endCursor: U2VlZD0wLEluZGV4PTE2MCxQYWdlU2Nyb2xsSWQ9ZTM5OGM3NmEyMDNkNGRjM2FmNGY5NDY5NWQxN2IxYTg=
[2025-04-02 17:55:00] INFO -   - Page 17 => 10 caregivers, saved to raw_data\USA\10002\search_of_housekeeping\recurring\range_26_50\page_17.json
[2025-04-02 17:55:00] INFO -   - Next endCursor: U2VlZD0wLEluZGV4PTE3MCxQYWdlU2Nyb2xsSWQ9ZTM5OGM3NmEyMDNkNGRjM2FmNGY5NDY5NWQxN2IxYTg=
[2025-04-02 17:55:01] INFO -   - Page 18 => 10 caregivers, saved to raw_data\USA\10002\search_of_housekeeping\recurring\range_26_50\page_18.json
[2025-04-02 17:55:01] INFO -   - Next endCursor: U2VlZD0wLEluZGV4PTE4MCxQYWdlU2Nyb2xsSWQ9ZTM5OGM3NmEyMDNkNGRjM2FmNGY5NDY5NWQxN2IxYTg=
[2025-04-02 17:55:03] INFO -   - Page 19 => 10 caregivers, saved to raw_data\USA\10002\search_of_housekeeping\recurring\range_26_50\page_19.json
[2025-04-02 17:55:03] INFO -   - Next endCursor: U2VlZD0wLEluZGV4PTE5MCxQYWdlU2Nyb2xsSWQ9ZTM5OGM3NmEyMDNkNGRjM2FmNGY5NDY5NWQxN2IxYTg=
[2025-04-02 17:55:05] INFO -   - Page 20 => 10 caregivers, saved to raw_data\USA\10002\search_of_housekeeping\recurring\range_26_50\page_20.json
[2025-04-02 17:55:05] INFO -   - Next endCursor: U2VlZD0wLEluZGV4PTIwMCxQYWdlU2Nyb2xsSWQ9ZTM5OGM3NmEyMDNkNGRjM2FmNGY5NDY5NWQxN2IxYTg=
[2025-04-02 17:55:06] INFO -   - Page 21 => 10 caregivers, saved to raw_data\USA\10002\search_of_housekeeping\recurring\range_26_50\page_21.json
[2025-04-02 17:55:06] INFO -   - Next endCursor: U2VlZD0wLEluZGV4PTIxMCxQYWdlU2Nyb2xsSWQ9ZTM5OGM3NmEyMDNkNGRjM2FmNGY5NDY5NWQxN2IxYTg=
[2025-04-02 17:55:08] INFO -   - Page 22 => 10 caregivers, saved to raw_data\USA\10002\search_of_housekeeping\recurring\range_26_50\page_22.json
[2025-04-02 17:55:08] INFO -   - Next endCursor: U2VlZD0wLEluZGV4PTIyMCxQYWdlU2Nyb2xsSWQ9ZTM5OGM3NmEyMDNkNGRjM2FmNGY5NDY5NWQxN2IxYTg=
[2025-04-02 17:55:09] INFO -   - Page 23 => 10 caregivers, saved to raw_data\USA\10002\search_of_housekeeping\recurring\range_26_50\page_23.json
[2025-04-02 17:55:09] INFO -   - Next endCursor: U2VlZD0wLEluZGV4PTIzMCxQYWdlU2Nyb2xsSWQ9ZTM5OGM3NmEyMDNkNGRjM2FmNGY5NDY5NWQxN2IxYTg=
[2025-04-02 17:55:10] INFO -   - Page 24 => 10 caregivers, saved to raw_data\USA\10002\search_of_housekeeping\recurring\range_26_50\page_24.json
[2025-04-02 17:55:10] INFO -   - Next endCursor: U2VlZD0wLEluZGV4PTI0MCxQYWdlU2Nyb2xsSWQ9ZTM5OGM3NmEyMDNkNGRjM2FmNGY5NDY5NWQxN2IxYTg=
[2025-04-02 17:55:12] INFO -   - Page 25 => 10 caregivers, saved to raw_data\USA\10002\search_of_housekeeping\recurring\range_26_50\page_25.json
[2025-04-02 17:55:12] INFO -   - Next endCursor: U2VlZD0wLEluZGV4PTI1MCxQYWdlU2Nyb2xsSWQ9ZTM5OGM3NmEyMDNkNGRjM2FmNGY5NDY5NWQxN2IxYTg=
[2025-04-02 17:55:13] INFO -   - Page 26 => 10 caregivers, saved to raw_data\USA\10002\search_of_housekeeping\recurring\range_26_50\page_26.json
[2025-04-02 17:55:13] INFO -   - Next endCursor: U2VlZD0wLEluZGV4PTI2MCxQYWdlU2Nyb2xsSWQ9ZTM5OGM3NmEyMDNkNGRjM2FmNGY5NDY5NWQxN2IxYTg=
[2025-04-02 17:55:15] INFO -   - Page 27 => 10 caregivers, saved to raw_data\USA\10002\search_of_housekeeping\recurring\range_26_50\page_27.json
[2025-04-02 17:55:15] INFO -   - Next endCursor: U2VlZD0wLEluZGV4PTI3MCxQYWdlU2Nyb2xsSWQ9ZTM5OGM3NmEyMDNkNGRjM2FmNGY5NDY5NWQxN2IxYTg=
[2025-04-02 17:55:16] INFO -   - Page 28 => 10 caregivers, saved to raw_data\USA\10002\search_of_housekeeping\recurring\range_26_50\page_28.json
[2025-04-02 17:55:16] INFO -   - Next endCursor: U2VlZD0wLEluZGV4PTI4MCxQYWdlU2Nyb2xsSWQ9ZTM5OGM3NmEyMDNkNGRjM2FmNGY5NDY5NWQxN2IxYTg=
[2025-04-02 17:55:17] INFO -   - Page 29 => 10 caregivers, saved to raw_data\USA\10002\search_of_housekeeping\recurring\range_26_50\page_29.json
[2025-04-02 17:55:17] INFO -   - Next endCursor: U2VlZD0wLEluZGV4PTI5MCxQYWdlU2Nyb2xsSWQ9ZTM5OGM3NmEyMDNkNGRjM2FmNGY5NDY5NWQxN2IxYTg=
[2025-04-02 17:55:19] INFO -   - Page 30 => 10 caregivers, saved to raw_data\USA\10002\search_of_housekeeping\recurring\range_26_50\page_30.json
[2025-04-02 17:55:19] INFO -   - Next endCursor: U2VlZD0wLEluZGV4PTMwMCxQYWdlU2Nyb2xsSWQ9ZTM5OGM3NmEyMDNkNGRjM2FmNGY5NDY5NWQxN2IxYTg=
[2025-04-02 17:55:21] INFO -   - Page 31 => 10 caregivers, saved to raw_data\USA\10002\search_of_housekeeping\recurring\range_26_50\page_31.json
[2025-04-02 17:55:21] INFO -   - Next endCursor: U2VlZD0wLEluZGV4PTMxMCxQYWdlU2Nyb2xsSWQ9ZTM5OGM3NmEyMDNkNGRjM2FmNGY5NDY5NWQxN2IxYTg=
[2025-04-02 17:55:22] INFO -   - Page 32 => 10 caregivers, saved to raw_data\USA\10002\search_of_housekeeping\recurring\range_26_50\page_32.json
[2025-04-02 17:55:22] INFO -   - Next endCursor: U2VlZD0wLEluZGV4PTMyMCxQYWdlU2Nyb2xsSWQ9ZTM5OGM3NmEyMDNkNGRjM2FmNGY5NDY5NWQxN2IxYTg=
[2025-04-02 17:55:23] INFO -   - Page 33 => 10 caregivers, saved to raw_data\USA\10002\search_of_housekeeping\recurring\range_26_50\page_33.json
[2025-04-02 17:55:23] INFO -   - Next endCursor: U2VlZD0wLEluZGV4PTMzMCxQYWdlU2Nyb2xsSWQ9ZTM5OGM3NmEyMDNkNGRjM2FmNGY5NDY5NWQxN2IxYTg=
[2025-04-02 17:55:25] INFO -   - Page 34 => 3 caregivers, saved to raw_data\USA\10002\search_of_housekeeping\recurring\range_26_50\page_34.json
[2025-04-02 17:55:25] INFO - Finished range [26, 50] with status='success'. Total pages: 34, total caregivers: 333.
[2025-04-02 17:55:25] INFO - Checking pay range [0, 12]...
[2025-04-02 17:55:26] INFO -   => totalHits = 85
[2025-04-02 17:55:26] INFO - Fetching data for pay range [0, 12]...
[2025-04-02 17:55:27] INFO -   - Page 1 => 10 caregivers, saved to raw_data\USA\10002\search_of_housekeeping\recurring\range_0_12\page_1.json
[2025-04-02 17:55:27] INFO -   - Next endCursor: U2VlZD0wLEluZGV4PTEwLFBhZ2VTY3JvbGxJZD0xZjliNDQyOTBmOTI0MzU3OWU3MTgzZGUxOTI4Zjk5Ng==
[2025-04-02 17:55:29] INFO -   - Page 2 => 10 caregivers, saved to raw_data\USA\10002\search_of_housekeeping\recurring\range_0_12\page_2.json
[2025-04-02 17:55:29] INFO -   - Next endCursor: U2VlZD0wLEluZGV4PTIwLFBhZ2VTY3JvbGxJZD0xZjliNDQyOTBmOTI0MzU3OWU3MTgzZGUxOTI4Zjk5Ng==
[2025-04-02 17:55:30] INFO -   - Page 3 => 10 caregivers, saved to raw_data\USA\10002\search_of_housekeeping\recurring\range_0_12\page_3.json
[2025-04-02 17:55:30] INFO -   - Next endCursor: U2VlZD0wLEluZGV4PTMwLFBhZ2VTY3JvbGxJZD0xZjliNDQyOTBmOTI0MzU3OWU3MTgzZGUxOTI4Zjk5Ng==
[2025-04-02 17:55:32] INFO -   - Page 4 => 10 caregivers, saved to raw_data\USA\10002\search_of_housekeeping\recurring\range_0_12\page_4.json
[2025-04-02 17:55:32] INFO -   - Next endCursor: U2VlZD0wLEluZGV4PTQwLFBhZ2VTY3JvbGxJZD0xZjliNDQyOTBmOTI0MzU3OWU3MTgzZGUxOTI4Zjk5Ng==
[2025-04-02 17:55:33] INFO -   - Page 5 => 10 caregivers, saved to raw_data\USA\10002\search_of_housekeeping\recurring\range_0_12\page_5.json
[2025-04-02 17:55:33] INFO -   - Next endCursor: U2VlZD0wLEluZGV4PTUwLFBhZ2VTY3JvbGxJZD0xZjliNDQyOTBmOTI0MzU3OWU3MTgzZGUxOTI4Zjk5Ng==
[2025-04-02 17:55:34] INFO -   - Page 6 => 10 caregivers, saved to raw_data\USA\10002\search_of_housekeeping\recurring\range_0_12\page_6.json
[2025-04-02 17:55:34] INFO -   - Next endCursor: U2VlZD0wLEluZGV4PTYwLFBhZ2VTY3JvbGxJZD0xZjliNDQyOTBmOTI0MzU3OWU3MTgzZGUxOTI4Zjk5Ng==
[2025-04-02 17:55:36] INFO -   - Page 7 => 10 caregivers, saved to raw_data\USA\10002\search_of_housekeeping\recurring\range_0_12\page_7.json
[2025-04-02 17:55:36] INFO -   - Next endCursor: U2VlZD0wLEluZGV4PTcwLFBhZ2VTY3JvbGxJZD0xZjliNDQyOTBmOTI0MzU3OWU3MTgzZGUxOTI4Zjk5Ng==
[2025-04-02 17:55:38] INFO -   - Page 8 => 10 caregivers, saved to raw_data\USA\10002\search_of_housekeeping\recurring\range_0_12\page_8.json
[2025-04-02 17:55:38] INFO -   - Next endCursor: U2VlZD0wLEluZGV4PTgwLFBhZ2VTY3JvbGxJZD0xZjliNDQyOTBmOTI0MzU3OWU3MTgzZGUxOTI4Zjk5Ng==
[2025-04-02 17:55:39] INFO -   - Page 9 => 5 caregivers, saved to raw_data\USA\10002\search_of_housekeeping\recurring\range_0_12\page_9.json
[2025-04-02 17:55:39] INFO - Finished range [0, 12] with status='success'. Total pages: 9, total caregivers: 85.
[2025-04-02 17:55:39] INFO - Checking pay range [13, 25]...
[2025-04-02 17:55:40] INFO -   => totalHits = 1636
[2025-04-02 17:55:40] INFO -   => Splitting into [13, 19] and [20, 25].
[2025-04-02 17:55:40] INFO - Checking pay range [13, 19]...
[2025-04-02 17:55:41] INFO -   => totalHits = 918
[2025-04-02 17:55:41] INFO -   => Splitting into [13, 16] and [17, 19].
[2025-04-02 17:55:41] INFO - Checking pay range [20, 25]...
[2025-04-02 17:55:43] INFO -   => totalHits = 718
[2025-04-02 17:55:43] INFO -   => Splitting into [20, 22] and [23, 25].
[2025-04-02 17:55:43] INFO - Checking pay range [13, 16]...
[2025-04-02 17:55:44] INFO -   => totalHits = 265
[2025-04-02 17:55:44] INFO - Fetching data for pay range [13, 16]...
[2025-04-02 17:55:45] INFO -   - Page 1 => 10 caregivers, saved to raw_data\USA\10002\search_of_housekeeping\recurring\range_13_16\page_1.json
[2025-04-02 17:55:45] INFO -   - Next endCursor: U2VlZD0wLEluZGV4PTEwLFBhZ2VTY3JvbGxJZD1kMzA1MGI5MmM4NTY0NTg1YmIwNjZhNjk0ODg2MjhkYg==
[2025-04-02 17:55:47] INFO -   - Page 2 => 10 caregivers, saved to raw_data\USA\10002\search_of_housekeeping\recurring\range_13_16\page_2.json
[2025-04-02 17:55:47] INFO -   - Next endCursor: U2VlZD0wLEluZGV4PTIwLFBhZ2VTY3JvbGxJZD1kMzA1MGI5MmM4NTY0NTg1YmIwNjZhNjk0ODg2MjhkYg==
[2025-04-02 17:55:48] INFO -   - Page 3 => 10 caregivers, saved to raw_data\USA\10002\search_of_housekeeping\recurring\range_13_16\page_3.json
[2025-04-02 17:55:48] INFO -   - Next endCursor: U2VlZD0wLEluZGV4PTMwLFBhZ2VTY3JvbGxJZD1kMzA1MGI5MmM4NTY0NTg1YmIwNjZhNjk0ODg2MjhkYg==
[2025-04-02 17:55:50] INFO -   - Page 4 => 10 caregivers, saved to raw_data\USA\10002\search_of_housekeeping\recurring\range_13_16\page_4.json
[2025-04-02 17:55:50] INFO -   - Next endCursor: U2VlZD0wLEluZGV4PTQwLFBhZ2VTY3JvbGxJZD1kMzA1MGI5MmM4NTY0NTg1YmIwNjZhNjk0ODg2MjhkYg==
[2025-04-02 17:55:51] INFO -   - Page 5 => 10 caregivers, saved to raw_data\USA\10002\search_of_housekeeping\recurring\range_13_16\page_5.json
[2025-04-02 17:55:51] INFO -   - Next endCursor: U2VlZD0wLEluZGV4PTUwLFBhZ2VTY3JvbGxJZD1kMzA1MGI5MmM4NTY0NTg1YmIwNjZhNjk0ODg2MjhkYg==
[2025-04-02 17:55:53] INFO -   - Page 6 => 10 caregivers, saved to raw_data\USA\10002\search_of_housekeeping\recurring\range_13_16\page_6.json
[2025-04-02 17:55:53] INFO -   - Next endCursor: U2VlZD0wLEluZGV4PTYwLFBhZ2VTY3JvbGxJZD1kMzA1MGI5MmM4NTY0NTg1YmIwNjZhNjk0ODg2MjhkYg==
[2025-04-02 17:55:54] INFO -   - Page 7 => 10 caregivers, saved to raw_data\USA\10002\search_of_housekeeping\recurring\range_13_16\page_7.json
[2025-04-02 17:55:54] INFO -   - Next endCursor: U2VlZD0wLEluZGV4PTcwLFBhZ2VTY3JvbGxJZD1kMzA1MGI5MmM4NTY0NTg1YmIwNjZhNjk0ODg2MjhkYg==
[2025-04-02 17:55:56] INFO -   - Page 8 => 10 caregivers, saved to raw_data\USA\10002\search_of_housekeeping\recurring\range_13_16\page_8.json
[2025-04-02 17:55:56] INFO -   - Next endCursor: U2VlZD0wLEluZGV4PTgwLFBhZ2VTY3JvbGxJZD1kMzA1MGI5MmM4NTY0NTg1YmIwNjZhNjk0ODg2MjhkYg==
[2025-04-02 17:55:57] INFO -   - Page 9 => 10 caregivers, saved to raw_data\USA\10002\search_of_housekeeping\recurring\range_13_16\page_9.json
[2025-04-02 17:55:57] INFO -   - Next endCursor: U2VlZD0wLEluZGV4PTkwLFBhZ2VTY3JvbGxJZD1kMzA1MGI5MmM4NTY0NTg1YmIwNjZhNjk0ODg2MjhkYg==
[2025-04-02 17:55:59] INFO -   - Page 10 => 10 caregivers, saved to raw_data\USA\10002\search_of_housekeeping\recurring\range_13_16\page_10.json
[2025-04-02 17:55:59] INFO -   - Next endCursor: U2VlZD0wLEluZGV4PTEwMCxQYWdlU2Nyb2xsSWQ9ZDMwNTBiOTJjODU2NDU4NWJiMDY2YTY5NDg4NjI4ZGI=
[2025-04-02 17:56:00] INFO -   - Page 11 => 10 caregivers, saved to raw_data\USA\10002\search_of_housekeeping\recurring\range_13_16\page_11.json
[2025-04-02 17:56:00] INFO -   - Next endCursor: U2VlZD0wLEluZGV4PTExMCxQYWdlU2Nyb2xsSWQ9ZDMwNTBiOTJjODU2NDU4NWJiMDY2YTY5NDg4NjI4ZGI=
[2025-04-02 17:56:01] INFO -   - Page 12 => 10 caregivers, saved to raw_data\USA\10002\search_of_housekeeping\recurring\range_13_16\page_12.json
[2025-04-02 17:56:01] INFO -   - Next endCursor: U2VlZD0wLEluZGV4PTEyMCxQYWdlU2Nyb2xsSWQ9ZDMwNTBiOTJjODU2NDU4NWJiMDY2YTY5NDg4NjI4ZGI=
[2025-04-02 17:56:03] INFO -   - Page 13 => 10 caregivers, saved to raw_data\USA\10002\search_of_housekeeping\recurring\range_13_16\page_13.json
[2025-04-02 17:56:03] INFO -   - Next endCursor: U2VlZD0wLEluZGV4PTEzMCxQYWdlU2Nyb2xsSWQ9ZDMwNTBiOTJjODU2NDU4NWJiMDY2YTY5NDg4NjI4ZGI=
[2025-04-02 17:56:04] INFO -   - Page 14 => 10 caregivers, saved to raw_data\USA\10002\search_of_housekeeping\recurring\range_13_16\page_14.json
[2025-04-02 17:56:04] INFO -   - Next endCursor: U2VlZD0wLEluZGV4PTE0MCxQYWdlU2Nyb2xsSWQ9ZDMwNTBiOTJjODU2NDU4NWJiMDY2YTY5NDg4NjI4ZGI=
[2025-04-02 17:56:05] INFO -   - Page 15 => 10 caregivers, saved to raw_data\USA\10002\search_of_housekeeping\recurring\range_13_16\page_15.json
[2025-04-02 17:56:05] INFO -   - Next endCursor: U2VlZD0wLEluZGV4PTE1MCxQYWdlU2Nyb2xsSWQ9ZDMwNTBiOTJjODU2NDU4NWJiMDY2YTY5NDg4NjI4ZGI=
[2025-04-02 17:56:07] INFO -   - Page 16 => 10 caregivers, saved to raw_data\USA\10002\search_of_housekeeping\recurring\range_13_16\page_16.json
[2025-04-02 17:56:07] INFO -   - Next endCursor: U2VlZD0wLEluZGV4PTE2MCxQYWdlU2Nyb2xsSWQ9ZDMwNTBiOTJjODU2NDU4NWJiMDY2YTY5NDg4NjI4ZGI=
[2025-04-02 17:56:08] INFO -   - Page 17 => 10 caregivers, saved to raw_data\USA\10002\search_of_housekeeping\recurring\range_13_16\page_17.json
[2025-04-02 17:56:08] INFO -   - Next endCursor: U2VlZD0wLEluZGV4PTE3MCxQYWdlU2Nyb2xsSWQ9ZDMwNTBiOTJjODU2NDU4NWJiMDY2YTY5NDg4NjI4ZGI=
[2025-04-02 17:56:09] INFO -   - Page 18 => 10 caregivers, saved to raw_data\USA\10002\search_of_housekeeping\recurring\range_13_16\page_18.json
[2025-04-02 17:56:09] INFO -   - Next endCursor: U2VlZD0wLEluZGV4PTE4MCxQYWdlU2Nyb2xsSWQ9ZDMwNTBiOTJjODU2NDU4NWJiMDY2YTY5NDg4NjI4ZGI=
[2025-04-02 17:56:11] INFO -   - Page 19 => 10 caregivers, saved to raw_data\USA\10002\search_of_housekeeping\recurring\range_13_16\page_19.json
[2025-04-02 17:56:11] INFO -   - Next endCursor: U2VlZD0wLEluZGV4PTE5MCxQYWdlU2Nyb2xsSWQ9ZDMwNTBiOTJjODU2NDU4NWJiMDY2YTY5NDg4NjI4ZGI=
[2025-04-02 17:56:12] INFO -   - Page 20 => 10 caregivers, saved to raw_data\USA\10002\search_of_housekeeping\recurring\range_13_16\page_20.json
[2025-04-02 17:56:12] INFO -   - Next endCursor: U2VlZD0wLEluZGV4PTIwMCxQYWdlU2Nyb2xsSWQ9ZDMwNTBiOTJjODU2NDU4NWJiMDY2YTY5NDg4NjI4ZGI=
[2025-04-02 17:56:13] INFO -   - Page 21 => 10 caregivers, saved to raw_data\USA\10002\search_of_housekeeping\recurring\range_13_16\page_21.json
[2025-04-02 17:56:13] INFO -   - Next endCursor: U2VlZD0wLEluZGV4PTIxMCxQYWdlU2Nyb2xsSWQ9ZDMwNTBiOTJjODU2NDU4NWJiMDY2YTY5NDg4NjI4ZGI=
[2025-04-02 17:56:15] INFO -   - Page 22 => 10 caregivers, saved to raw_data\USA\10002\search_of_housekeeping\recurring\range_13_16\page_22.json
[2025-04-02 17:56:15] INFO -   - Next endCursor: U2VlZD0wLEluZGV4PTIyMCxQYWdlU2Nyb2xsSWQ9ZDMwNTBiOTJjODU2NDU4NWJiMDY2YTY5NDg4NjI4ZGI=
[2025-04-02 17:56:16] INFO -   - Page 23 => 10 caregivers, saved to raw_data\USA\10002\search_of_housekeeping\recurring\range_13_16\page_23.json
[2025-04-02 17:56:16] INFO -   - Next endCursor: U2VlZD0wLEluZGV4PTIzMCxQYWdlU2Nyb2xsSWQ9ZDMwNTBiOTJjODU2NDU4NWJiMDY2YTY5NDg4NjI4ZGI=
[2025-04-02 17:56:17] INFO -   - Page 24 => 10 caregivers, saved to raw_data\USA\10002\search_of_housekeeping\recurring\range_13_16\page_24.json
[2025-04-02 17:56:17] INFO -   - Next endCursor: U2VlZD0wLEluZGV4PTI0MCxQYWdlU2Nyb2xsSWQ9ZDMwNTBiOTJjODU2NDU4NWJiMDY2YTY5NDg4NjI4ZGI=
[2025-04-02 17:56:19] INFO -   - Page 25 => 10 caregivers, saved to raw_data\USA\10002\search_of_housekeeping\recurring\range_13_16\page_25.json
[2025-04-02 17:56:19] INFO -   - Next endCursor: U2VlZD0wLEluZGV4PTI1MCxQYWdlU2Nyb2xsSWQ9ZDMwNTBiOTJjODU2NDU4NWJiMDY2YTY5NDg4NjI4ZGI=
[2025-04-02 17:56:20] INFO -   - Page 26 => 10 caregivers, saved to raw_data\USA\10002\search_of_housekeeping\recurring\range_13_16\page_26.json
[2025-04-02 17:56:20] INFO -   - Next endCursor: U2VlZD0wLEluZGV4PTI2MCxQYWdlU2Nyb2xsSWQ9ZDMwNTBiOTJjODU2NDU4NWJiMDY2YTY5NDg4NjI4ZGI=
[2025-04-02 17:56:21] INFO -   - Page 27 => 5 caregivers, saved to raw_data\USA\10002\search_of_housekeeping\recurring\range_13_16\page_27.json
[2025-04-02 17:56:21] INFO - Finished range [13, 16] with status='success'. Total pages: 27, total caregivers: 265.
[2025-04-02 17:56:21] INFO - Checking pay range [17, 19]...
[2025-04-02 17:56:23] INFO -   => totalHits = 653
[2025-04-02 17:56:23] INFO -   => Splitting into [17, 18] and [19, 19].
[2025-04-02 17:56:23] INFO - Checking pay range [20, 22]...
[2025-04-02 17:56:25] INFO -   => totalHits = 396
[2025-04-02 17:56:25] INFO - Fetching data for pay range [20, 22]...
[2025-04-02 17:56:26] INFO -   - Page 1 => 10 caregivers, saved to raw_data\USA\10002\search_of_housekeeping\recurring\range_20_22\page_1.json
[2025-04-02 17:56:26] INFO -   - Next endCursor: U2VlZD0wLEluZGV4PTEwLFBhZ2VTY3JvbGxJZD1iYTYxZDM2YTI0NzA0ZmJiYTkyNGY0YmY1MTgyMTVjNQ==
[2025-04-02 17:56:28] INFO -   - Page 2 => 10 caregivers, saved to raw_data\USA\10002\search_of_housekeeping\recurring\range_20_22\page_2.json
[2025-04-02 17:56:28] INFO -   - Next endCursor: U2VlZD0wLEluZGV4PTIwLFBhZ2VTY3JvbGxJZD1iYTYxZDM2YTI0NzA0ZmJiYTkyNGY0YmY1MTgyMTVjNQ==
[2025-04-02 17:56:29] INFO -   - Page 3 => 10 caregivers, saved to raw_data\USA\10002\search_of_housekeeping\recurring\range_20_22\page_3.json
[2025-04-02 17:56:29] INFO -   - Next endCursor: U2VlZD0wLEluZGV4PTMwLFBhZ2VTY3JvbGxJZD1iYTYxZDM2YTI0NzA0ZmJiYTkyNGY0YmY1MTgyMTVjNQ==
[2025-04-02 17:56:30] INFO -   - Page 4 => 10 caregivers, saved to raw_data\USA\10002\search_of_housekeeping\recurring\range_20_22\page_4.json
[2025-04-02 17:56:30] INFO -   - Next endCursor: U2VlZD0wLEluZGV4PTQwLFBhZ2VTY3JvbGxJZD1iYTYxZDM2YTI0NzA0ZmJiYTkyNGY0YmY1MTgyMTVjNQ==
[2025-04-02 17:56:32] INFO -   - Page 5 => 10 caregivers, saved to raw_data\USA\10002\search_of_housekeeping\recurring\range_20_22\page_5.json
[2025-04-02 17:56:32] INFO -   - Next endCursor: U2VlZD0wLEluZGV4PTUwLFBhZ2VTY3JvbGxJZD1iYTYxZDM2YTI0NzA0ZmJiYTkyNGY0YmY1MTgyMTVjNQ==
[2025-04-02 17:56:33] INFO -   - Page 6 => 10 caregivers, saved to raw_data\USA\10002\search_of_housekeeping\recurring\range_20_22\page_6.json
[2025-04-02 17:56:33] INFO -   - Next endCursor: U2VlZD0wLEluZGV4PTYwLFBhZ2VTY3JvbGxJZD1iYTYxZDM2YTI0NzA0ZmJiYTkyNGY0YmY1MTgyMTVjNQ==
[2025-04-02 17:56:35] INFO -   - Page 7 => 10 caregivers, saved to raw_data\USA\10002\search_of_housekeeping\recurring\range_20_22\page_7.json
[2025-04-02 17:56:35] INFO -   - Next endCursor: U2VlZD0wLEluZGV4PTcwLFBhZ2VTY3JvbGxJZD1iYTYxZDM2YTI0NzA0ZmJiYTkyNGY0YmY1MTgyMTVjNQ==
[2025-04-02 17:56:36] INFO -   - Page 8 => 10 caregivers, saved to raw_data\USA\10002\search_of_housekeeping\recurring\range_20_22\page_8.json
[2025-04-02 17:56:36] INFO -   - Next endCursor: U2VlZD0wLEluZGV4PTgwLFBhZ2VTY3JvbGxJZD1iYTYxZDM2YTI0NzA0ZmJiYTkyNGY0YmY1MTgyMTVjNQ==
[2025-04-02 17:56:37] INFO -   - Page 9 => 10 caregivers, saved to raw_data\USA\10002\search_of_housekeeping\recurring\range_20_22\page_9.json
[2025-04-02 17:56:37] INFO -   - Next endCursor: U2VlZD0wLEluZGV4PTkwLFBhZ2VTY3JvbGxJZD1iYTYxZDM2YTI0NzA0ZmJiYTkyNGY0YmY1MTgyMTVjNQ==
[2025-04-02 17:56:39] INFO -   - Page 10 => 10 caregivers, saved to raw_data\USA\10002\search_of_housekeeping\recurring\range_20_22\page_10.json
[2025-04-02 17:56:39] INFO -   - Next endCursor: U2VlZD0wLEluZGV4PTEwMCxQYWdlU2Nyb2xsSWQ9YmE2MWQzNmEyNDcwNGZiYmE5MjRmNGJmNTE4MjE1YzU=
[2025-04-02 17:56:40] INFO -   - Page 11 => 10 caregivers, saved to raw_data\USA\10002\search_of_housekeeping\recurring\range_20_22\page_11.json
[2025-04-02 17:56:40] INFO -   - Next endCursor: U2VlZD0wLEluZGV4PTExMCxQYWdlU2Nyb2xsSWQ9YmE2MWQzNmEyNDcwNGZiYmE5MjRmNGJmNTE4MjE1YzU=
[2025-04-02 17:56:42] INFO -   - Page 12 => 10 caregivers, saved to raw_data\USA\10002\search_of_housekeeping\recurring\range_20_22\page_12.json
[2025-04-02 17:56:42] INFO -   - Next endCursor: U2VlZD0wLEluZGV4PTEyMCxQYWdlU2Nyb2xsSWQ9YmE2MWQzNmEyNDcwNGZiYmE5MjRmNGJmNTE4MjE1YzU=
[2025-04-02 17:56:43] INFO -   - Page 13 => 10 caregivers, saved to raw_data\USA\10002\search_of_housekeeping\recurring\range_20_22\page_13.json
[2025-04-02 17:56:43] INFO -   - Next endCursor: U2VlZD0wLEluZGV4PTEzMCxQYWdlU2Nyb2xsSWQ9YmE2MWQzNmEyNDcwNGZiYmE5MjRmNGJmNTE4MjE1YzU=
[2025-04-02 17:56:44] INFO -   - Page 14 => 10 caregivers, saved to raw_data\USA\10002\search_of_housekeeping\recurring\range_20_22\page_14.json
[2025-04-02 17:56:44] INFO -   - Next endCursor: U2VlZD0wLEluZGV4PTE0MCxQYWdlU2Nyb2xsSWQ9YmE2MWQzNmEyNDcwNGZiYmE5MjRmNGJmNTE4MjE1YzU=
[2025-04-02 17:56:46] INFO -   - Page 15 => 10 caregivers, saved to raw_data\USA\10002\search_of_housekeeping\recurring\range_20_22\page_15.json
[2025-04-02 17:56:46] INFO -   - Next endCursor: U2VlZD0wLEluZGV4PTE1MCxQYWdlU2Nyb2xsSWQ9YmE2MWQzNmEyNDcwNGZiYmE5MjRmNGJmNTE4MjE1YzU=
[2025-04-02 17:56:47] INFO -   - Page 16 => 10 caregivers, saved to raw_data\USA\10002\search_of_housekeeping\recurring\range_20_22\page_16.json
[2025-04-02 17:56:47] INFO -   - Next endCursor: U2VlZD0wLEluZGV4PTE2MCxQYWdlU2Nyb2xsSWQ9YmE2MWQzNmEyNDcwNGZiYmE5MjRmNGJmNTE4MjE1YzU=
[2025-04-02 17:56:48] INFO -   - Page 17 => 10 caregivers, saved to raw_data\USA\10002\search_of_housekeeping\recurring\range_20_22\page_17.json
[2025-04-02 17:56:48] INFO -   - Next endCursor: U2VlZD0wLEluZGV4PTE3MCxQYWdlU2Nyb2xsSWQ9YmE2MWQzNmEyNDcwNGZiYmE5MjRmNGJmNTE4MjE1YzU=
[2025-04-02 17:56:50] INFO -   - Page 18 => 10 caregivers, saved to raw_data\USA\10002\search_of_housekeeping\recurring\range_20_22\page_18.json
[2025-04-02 17:56:50] INFO -   - Next endCursor: U2VlZD0wLEluZGV4PTE4MCxQYWdlU2Nyb2xsSWQ9YmE2MWQzNmEyNDcwNGZiYmE5MjRmNGJmNTE4MjE1YzU=
[2025-04-02 17:56:52] INFO -   - Page 19 => 10 caregivers, saved to raw_data\USA\10002\search_of_housekeeping\recurring\range_20_22\page_19.json
[2025-04-02 17:56:52] INFO -   - Next endCursor: U2VlZD0wLEluZGV4PTE5MCxQYWdlU2Nyb2xsSWQ9YmE2MWQzNmEyNDcwNGZiYmE5MjRmNGJmNTE4MjE1YzU=
[2025-04-02 17:56:53] INFO -   - Page 20 => 10 caregivers, saved to raw_data\USA\10002\search_of_housekeeping\recurring\range_20_22\page_20.json
[2025-04-02 17:56:53] INFO -   - Next endCursor: U2VlZD0wLEluZGV4PTIwMCxQYWdlU2Nyb2xsSWQ9YmE2MWQzNmEyNDcwNGZiYmE5MjRmNGJmNTE4MjE1YzU=
[2025-04-02 17:56:54] INFO -   - Page 21 => 10 caregivers, saved to raw_data\USA\10002\search_of_housekeeping\recurring\range_20_22\page_21.json
[2025-04-02 17:56:54] INFO -   - Next endCursor: U2VlZD0wLEluZGV4PTIxMCxQYWdlU2Nyb2xsSWQ9YmE2MWQzNmEyNDcwNGZiYmE5MjRmNGJmNTE4MjE1YzU=
[2025-04-02 17:56:56] INFO -   - Page 22 => 10 caregivers, saved to raw_data\USA\10002\search_of_housekeeping\recurring\range_20_22\page_22.json
[2025-04-02 17:56:56] INFO -   - Next endCursor: U2VlZD0wLEluZGV4PTIyMCxQYWdlU2Nyb2xsSWQ9YmE2MWQzNmEyNDcwNGZiYmE5MjRmNGJmNTE4MjE1YzU=
[2025-04-02 17:56:57] INFO -   - Page 23 => 10 caregivers, saved to raw_data\USA\10002\search_of_housekeeping\recurring\range_20_22\page_23.json
[2025-04-02 17:56:57] INFO -   - Next endCursor: U2VlZD0wLEluZGV4PTIzMCxQYWdlU2Nyb2xsSWQ9YmE2MWQzNmEyNDcwNGZiYmE5MjRmNGJmNTE4MjE1YzU=
[2025-04-02 17:56:59] INFO -   - Page 24 => 10 caregivers, saved to raw_data\USA\10002\search_of_housekeeping\recurring\range_20_22\page_24.json
[2025-04-02 17:56:59] INFO -   - Next endCursor: U2VlZD0wLEluZGV4PTI0MCxQYWdlU2Nyb2xsSWQ9YmE2MWQzNmEyNDcwNGZiYmE5MjRmNGJmNTE4MjE1YzU=
[2025-04-02 17:57:00] INFO -   - Page 25 => 10 caregivers, saved to raw_data\USA\10002\search_of_housekeeping\recurring\range_20_22\page_25.json
[2025-04-02 17:57:00] INFO -   - Next endCursor: U2VlZD0wLEluZGV4PTI1MCxQYWdlU2Nyb2xsSWQ9YmE2MWQzNmEyNDcwNGZiYmE5MjRmNGJmNTE4MjE1YzU=
[2025-04-02 17:57:02] INFO -   - Page 26 => 10 caregivers, saved to raw_data\USA\10002\search_of_housekeeping\recurring\range_20_22\page_26.json
[2025-04-02 17:57:02] INFO -   - Next endCursor: U2VlZD0wLEluZGV4PTI2MCxQYWdlU2Nyb2xsSWQ9YmE2MWQzNmEyNDcwNGZiYmE5MjRmNGJmNTE4MjE1YzU=
[2025-04-02 17:57:03] INFO -   - Page 27 => 10 caregivers, saved to raw_data\USA\10002\search_of_housekeeping\recurring\range_20_22\page_27.json
[2025-04-02 17:57:03] INFO -   - Next endCursor: U2VlZD0wLEluZGV4PTI3MCxQYWdlU2Nyb2xsSWQ9YmE2MWQzNmEyNDcwNGZiYmE5MjRmNGJmNTE4MjE1YzU=
[2025-04-02 17:57:05] INFO -   - Page 28 => 10 caregivers, saved to raw_data\USA\10002\search_of_housekeeping\recurring\range_20_22\page_28.json
[2025-04-02 17:57:05] INFO -   - Next endCursor: U2VlZD0wLEluZGV4PTI4MCxQYWdlU2Nyb2xsSWQ9YmE2MWQzNmEyNDcwNGZiYmE5MjRmNGJmNTE4MjE1YzU=
[2025-04-02 17:57:07] INFO -   - Page 29 => 10 caregivers, saved to raw_data\USA\10002\search_of_housekeeping\recurring\range_20_22\page_29.json
[2025-04-02 17:57:07] INFO -   - Next endCursor: U2VlZD0wLEluZGV4PTI5MCxQYWdlU2Nyb2xsSWQ9YmE2MWQzNmEyNDcwNGZiYmE5MjRmNGJmNTE4MjE1YzU=
[2025-04-02 17:57:08] INFO -   - Page 30 => 10 caregivers, saved to raw_data\USA\10002\search_of_housekeeping\recurring\range_20_22\page_30.json
[2025-04-02 17:57:08] INFO -   - Next endCursor: U2VlZD0wLEluZGV4PTMwMCxQYWdlU2Nyb2xsSWQ9YmE2MWQzNmEyNDcwNGZiYmE5MjRmNGJmNTE4MjE1YzU=
[2025-04-02 17:57:09] INFO -   - Page 31 => 10 caregivers, saved to raw_data\USA\10002\search_of_housekeeping\recurring\range_20_22\page_31.json
[2025-04-02 17:57:09] INFO -   - Next endCursor: U2VlZD0wLEluZGV4PTMxMCxQYWdlU2Nyb2xsSWQ9YmE2MWQzNmEyNDcwNGZiYmE5MjRmNGJmNTE4MjE1YzU=
[2025-04-02 17:57:10] INFO -   - Page 32 => 10 caregivers, saved to raw_data\USA\10002\search_of_housekeeping\recurring\range_20_22\page_32.json
[2025-04-02 17:57:10] INFO -   - Next endCursor: U2VlZD0wLEluZGV4PTMyMCxQYWdlU2Nyb2xsSWQ9YmE2MWQzNmEyNDcwNGZiYmE5MjRmNGJmNTE4MjE1YzU=
[2025-04-02 17:57:12] INFO -   - Page 33 => 10 caregivers, saved to raw_data\USA\10002\search_of_housekeeping\recurring\range_20_22\page_33.json
[2025-04-02 17:57:12] INFO -   - Next endCursor: U2VlZD0wLEluZGV4PTMzMCxQYWdlU2Nyb2xsSWQ9YmE2MWQzNmEyNDcwNGZiYmE5MjRmNGJmNTE4MjE1YzU=
[2025-04-02 17:57:13] INFO -   - Page 34 => 10 caregivers, saved to raw_data\USA\10002\search_of_housekeeping\recurring\range_20_22\page_34.json
[2025-04-02 17:57:13] INFO -   - Next endCursor: U2VlZD0wLEluZGV4PTM0MCxQYWdlU2Nyb2xsSWQ9YmE2MWQzNmEyNDcwNGZiYmE5MjRmNGJmNTE4MjE1YzU=
[2025-04-02 17:57:14] INFO -   - Page 35 => 10 caregivers, saved to raw_data\USA\10002\search_of_housekeeping\recurring\range_20_22\page_35.json
[2025-04-02 17:57:14] INFO -   - Next endCursor: U2VlZD0wLEluZGV4PTM1MCxQYWdlU2Nyb2xsSWQ9YmE2MWQzNmEyNDcwNGZiYmE5MjRmNGJmNTE4MjE1YzU=
[2025-04-02 17:57:16] INFO -   - Page 36 => 10 caregivers, saved to raw_data\USA\10002\search_of_housekeeping\recurring\range_20_22\page_36.json
[2025-04-02 17:57:16] INFO -   - Next endCursor: U2VlZD0wLEluZGV4PTM2MCxQYWdlU2Nyb2xsSWQ9YmE2MWQzNmEyNDcwNGZiYmE5MjRmNGJmNTE4MjE1YzU=
[2025-04-02 17:57:17] INFO -   - Page 37 => 10 caregivers, saved to raw_data\USA\10002\search_of_housekeeping\recurring\range_20_22\page_37.json
[2025-04-02 17:57:17] INFO -   - Next endCursor: U2VlZD0wLEluZGV4PTM3MCxQYWdlU2Nyb2xsSWQ9YmE2MWQzNmEyNDcwNGZiYmE5MjRmNGJmNTE4MjE1YzU=
[2025-04-02 17:57:18] INFO -   - Page 38 => 10 caregivers, saved to raw_data\USA\10002\search_of_housekeeping\recurring\range_20_22\page_38.json
[2025-04-02 17:57:18] INFO -   - Next endCursor: U2VlZD0wLEluZGV4PTM4MCxQYWdlU2Nyb2xsSWQ9YmE2MWQzNmEyNDcwNGZiYmE5MjRmNGJmNTE4MjE1YzU=
[2025-04-02 17:57:20] INFO -   - Page 39 => 10 caregivers, saved to raw_data\USA\10002\search_of_housekeeping\recurring\range_20_22\page_39.json
[2025-04-02 17:57:20] INFO -   - Next endCursor: U2VlZD0wLEluZGV4PTM5MCxQYWdlU2Nyb2xsSWQ9YmE2MWQzNmEyNDcwNGZiYmE5MjRmNGJmNTE4MjE1YzU=
[2025-04-02 17:57:21] INFO -   - Page 40 => 6 caregivers, saved to raw_data\USA\10002\search_of_housekeeping\recurring\range_20_22\page_40.json
[2025-04-02 17:57:21] INFO - Finished range [20, 22] with status='success'. Total pages: 40, total caregivers: 396.
[2025-04-02 17:57:21] INFO - Checking pay range [23, 25]...
[2025-04-02 17:57:22] INFO -   => totalHits = 322
[2025-04-02 17:57:22] INFO - Fetching data for pay range [23, 25]...
[2025-04-02 17:57:24] INFO -   - Page 1 => 10 caregivers, saved to raw_data\USA\10002\search_of_housekeeping\recurring\range_23_25\page_1.json
[2025-04-02 17:57:24] INFO -   - Next endCursor: U2VlZD0wLEluZGV4PTEwLFBhZ2VTY3JvbGxJZD03NzI5ZmMxNmVlNjc0ODUzYTQxZjgwMTEzZDBmYWUxNA==
[2025-04-02 17:57:25] INFO -   - Page 2 => 10 caregivers, saved to raw_data\USA\10002\search_of_housekeeping\recurring\range_23_25\page_2.json
[2025-04-02 17:57:25] INFO -   - Next endCursor: U2VlZD0wLEluZGV4PTIwLFBhZ2VTY3JvbGxJZD03NzI5ZmMxNmVlNjc0ODUzYTQxZjgwMTEzZDBmYWUxNA==
[2025-04-02 17:57:27] INFO -   - Page 3 => 10 caregivers, saved to raw_data\USA\10002\search_of_housekeeping\recurring\range_23_25\page_3.json
[2025-04-02 17:57:27] INFO -   - Next endCursor: U2VlZD0wLEluZGV4PTMwLFBhZ2VTY3JvbGxJZD03NzI5ZmMxNmVlNjc0ODUzYTQxZjgwMTEzZDBmYWUxNA==
[2025-04-02 17:57:28] INFO -   - Page 4 => 10 caregivers, saved to raw_data\USA\10002\search_of_housekeeping\recurring\range_23_25\page_4.json
[2025-04-02 17:57:28] INFO -   - Next endCursor: U2VlZD0wLEluZGV4PTQwLFBhZ2VTY3JvbGxJZD03NzI5ZmMxNmVlNjc0ODUzYTQxZjgwMTEzZDBmYWUxNA==
[2025-04-02 17:57:29] INFO -   - Page 5 => 10 caregivers, saved to raw_data\USA\10002\search_of_housekeeping\recurring\range_23_25\page_5.json
[2025-04-02 17:57:29] INFO -   - Next endCursor: U2VlZD0wLEluZGV4PTUwLFBhZ2VTY3JvbGxJZD03NzI5ZmMxNmVlNjc0ODUzYTQxZjgwMTEzZDBmYWUxNA==
[2025-04-02 17:57:31] INFO -   - Page 6 => 10 caregivers, saved to raw_data\USA\10002\search_of_housekeeping\recurring\range_23_25\page_6.json
[2025-04-02 17:57:31] INFO -   - Next endCursor: U2VlZD0wLEluZGV4PTYwLFBhZ2VTY3JvbGxJZD03NzI5ZmMxNmVlNjc0ODUzYTQxZjgwMTEzZDBmYWUxNA==
[2025-04-02 17:57:33] INFO -   - Page 7 => 10 caregivers, saved to raw_data\USA\10002\search_of_housekeeping\recurring\range_23_25\page_7.json
[2025-04-02 17:57:33] INFO -   - Next endCursor: U2VlZD0wLEluZGV4PTcwLFBhZ2VTY3JvbGxJZD03NzI5ZmMxNmVlNjc0ODUzYTQxZjgwMTEzZDBmYWUxNA==
[2025-04-02 17:57:34] INFO -   - Page 8 => 10 caregivers, saved to raw_data\USA\10002\search_of_housekeeping\recurring\range_23_25\page_8.json
[2025-04-02 17:57:34] INFO -   - Next endCursor: U2VlZD0wLEluZGV4PTgwLFBhZ2VTY3JvbGxJZD03NzI5ZmMxNmVlNjc0ODUzYTQxZjgwMTEzZDBmYWUxNA==
[2025-04-02 17:57:35] INFO -   - Page 9 => 10 caregivers, saved to raw_data\USA\10002\search_of_housekeeping\recurring\range_23_25\page_9.json
[2025-04-02 17:57:35] INFO -   - Next endCursor: U2VlZD0wLEluZGV4PTkwLFBhZ2VTY3JvbGxJZD03NzI5ZmMxNmVlNjc0ODUzYTQxZjgwMTEzZDBmYWUxNA==
[2025-04-02 17:57:37] INFO -   - Page 10 => 10 caregivers, saved to raw_data\USA\10002\search_of_housekeeping\recurring\range_23_25\page_10.json
[2025-04-02 17:57:37] INFO -   - Next endCursor: U2VlZD0wLEluZGV4PTEwMCxQYWdlU2Nyb2xsSWQ9NzcyOWZjMTZlZTY3NDg1M2E0MWY4MDExM2QwZmFlMTQ=
[2025-04-02 17:57:38] INFO -   - Page 11 => 10 caregivers, saved to raw_data\USA\10002\search_of_housekeeping\recurring\range_23_25\page_11.json
[2025-04-02 17:57:38] INFO -   - Next endCursor: U2VlZD0wLEluZGV4PTExMCxQYWdlU2Nyb2xsSWQ9NzcyOWZjMTZlZTY3NDg1M2E0MWY4MDExM2QwZmFlMTQ=
[2025-04-02 17:57:40] INFO -   - Page 12 => 10 caregivers, saved to raw_data\USA\10002\search_of_housekeeping\recurring\range_23_25\page_12.json
[2025-04-02 17:57:40] INFO -   - Next endCursor: U2VlZD0wLEluZGV4PTEyMCxQYWdlU2Nyb2xsSWQ9NzcyOWZjMTZlZTY3NDg1M2E0MWY4MDExM2QwZmFlMTQ=
[2025-04-02 17:57:41] INFO -   - Page 13 => 10 caregivers, saved to raw_data\USA\10002\search_of_housekeeping\recurring\range_23_25\page_13.json
[2025-04-02 17:57:41] INFO -   - Next endCursor: U2VlZD0wLEluZGV4PTEzMCxQYWdlU2Nyb2xsSWQ9NzcyOWZjMTZlZTY3NDg1M2E0MWY4MDExM2QwZmFlMTQ=
[2025-04-02 17:57:42] INFO -   - Page 14 => 10 caregivers, saved to raw_data\USA\10002\search_of_housekeeping\recurring\range_23_25\page_14.json
[2025-04-02 17:57:42] INFO -   - Next endCursor: U2VlZD0wLEluZGV4PTE0MCxQYWdlU2Nyb2xsSWQ9NzcyOWZjMTZlZTY3NDg1M2E0MWY4MDExM2QwZmFlMTQ=
[2025-04-02 17:57:44] INFO -   - Page 15 => 10 caregivers, saved to raw_data\USA\10002\search_of_housekeeping\recurring\range_23_25\page_15.json
[2025-04-02 17:57:44] INFO -   - Next endCursor: U2VlZD0wLEluZGV4PTE1MCxQYWdlU2Nyb2xsSWQ9NzcyOWZjMTZlZTY3NDg1M2E0MWY4MDExM2QwZmFlMTQ=
[2025-04-02 17:57:45] INFO -   - Page 16 => 10 caregivers, saved to raw_data\USA\10002\search_of_housekeeping\recurring\range_23_25\page_16.json
[2025-04-02 17:57:45] INFO -   - Next endCursor: U2VlZD0wLEluZGV4PTE2MCxQYWdlU2Nyb2xsSWQ9NzcyOWZjMTZlZTY3NDg1M2E0MWY4MDExM2QwZmFlMTQ=
[2025-04-02 17:57:46] INFO -   - Page 17 => 10 caregivers, saved to raw_data\USA\10002\search_of_housekeeping\recurring\range_23_25\page_17.json
[2025-04-02 17:57:46] INFO -   - Next endCursor: U2VlZD0wLEluZGV4PTE3MCxQYWdlU2Nyb2xsSWQ9NzcyOWZjMTZlZTY3NDg1M2E0MWY4MDExM2QwZmFlMTQ=
[2025-04-02 17:57:48] INFO -   - Page 18 => 10 caregivers, saved to raw_data\USA\10002\search_of_housekeeping\recurring\range_23_25\page_18.json
[2025-04-02 17:57:48] INFO -   - Next endCursor: U2VlZD0wLEluZGV4PTE4MCxQYWdlU2Nyb2xsSWQ9NzcyOWZjMTZlZTY3NDg1M2E0MWY4MDExM2QwZmFlMTQ=
[2025-04-02 17:57:49] INFO -   - Page 19 => 10 caregivers, saved to raw_data\USA\10002\search_of_housekeeping\recurring\range_23_25\page_19.json
[2025-04-02 17:57:49] INFO -   - Next endCursor: U2VlZD0wLEluZGV4PTE5MCxQYWdlU2Nyb2xsSWQ9NzcyOWZjMTZlZTY3NDg1M2E0MWY4MDExM2QwZmFlMTQ=
[2025-04-02 17:57:50] INFO -   - Page 20 => 10 caregivers, saved to raw_data\USA\10002\search_of_housekeeping\recurring\range_23_25\page_20.json
[2025-04-02 17:57:50] INFO -   - Next endCursor: U2VlZD0wLEluZGV4PTIwMCxQYWdlU2Nyb2xsSWQ9NzcyOWZjMTZlZTY3NDg1M2E0MWY4MDExM2QwZmFlMTQ=
[2025-04-02 17:57:52] INFO -   - Page 21 => 10 caregivers, saved to raw_data\USA\10002\search_of_housekeeping\recurring\range_23_25\page_21.json
[2025-04-02 17:57:52] INFO -   - Next endCursor: U2VlZD0wLEluZGV4PTIxMCxQYWdlU2Nyb2xsSWQ9NzcyOWZjMTZlZTY3NDg1M2E0MWY4MDExM2QwZmFlMTQ=
[2025-04-02 17:57:53] INFO -   - Page 22 => 10 caregivers, saved to raw_data\USA\10002\search_of_housekeeping\recurring\range_23_25\page_22.json
[2025-04-02 17:57:53] INFO -   - Next endCursor: U2VlZD0wLEluZGV4PTIyMCxQYWdlU2Nyb2xsSWQ9NzcyOWZjMTZlZTY3NDg1M2E0MWY4MDExM2QwZmFlMTQ=
[2025-04-02 17:57:54] INFO -   - Page 23 => 10 caregivers, saved to raw_data\USA\10002\search_of_housekeeping\recurring\range_23_25\page_23.json
[2025-04-02 17:57:54] INFO -   - Next endCursor: U2VlZD0wLEluZGV4PTIzMCxQYWdlU2Nyb2xsSWQ9NzcyOWZjMTZlZTY3NDg1M2E0MWY4MDExM2QwZmFlMTQ=
[2025-04-02 17:57:55] INFO -   - Page 24 => 10 caregivers, saved to raw_data\USA\10002\search_of_housekeeping\recurring\range_23_25\page_24.json
[2025-04-02 17:57:55] INFO -   - Next endCursor: U2VlZD0wLEluZGV4PTI0MCxQYWdlU2Nyb2xsSWQ9NzcyOWZjMTZlZTY3NDg1M2E0MWY4MDExM2QwZmFlMTQ=
[2025-04-02 17:57:57] INFO -   - Page 25 => 10 caregivers, saved to raw_data\USA\10002\search_of_housekeeping\recurring\range_23_25\page_25.json
[2025-04-02 17:57:57] INFO -   - Next endCursor: U2VlZD0wLEluZGV4PTI1MCxQYWdlU2Nyb2xsSWQ9NzcyOWZjMTZlZTY3NDg1M2E0MWY4MDExM2QwZmFlMTQ=
[2025-04-02 17:57:58] INFO -   - Page 26 => 10 caregivers, saved to raw_data\USA\10002\search_of_housekeeping\recurring\range_23_25\page_26.json
[2025-04-02 17:57:58] INFO -   - Next endCursor: U2VlZD0wLEluZGV4PTI2MCxQYWdlU2Nyb2xsSWQ9NzcyOWZjMTZlZTY3NDg1M2E0MWY4MDExM2QwZmFlMTQ=
[2025-04-02 17:58:00] INFO -   - Page 27 => 10 caregivers, saved to raw_data\USA\10002\search_of_housekeeping\recurring\range_23_25\page_27.json
[2025-04-02 17:58:00] INFO -   - Next endCursor: U2VlZD0wLEluZGV4PTI3MCxQYWdlU2Nyb2xsSWQ9NzcyOWZjMTZlZTY3NDg1M2E0MWY4MDExM2QwZmFlMTQ=
[2025-04-02 17:58:01] INFO -   - Page 28 => 10 caregivers, saved to raw_data\USA\10002\search_of_housekeeping\recurring\range_23_25\page_28.json
[2025-04-02 17:58:01] INFO -   - Next endCursor: U2VlZD0wLEluZGV4PTI4MCxQYWdlU2Nyb2xsSWQ9NzcyOWZjMTZlZTY3NDg1M2E0MWY4MDExM2QwZmFlMTQ=
[2025-04-02 17:58:03] INFO -   - Page 29 => 10 caregivers, saved to raw_data\USA\10002\search_of_housekeeping\recurring\range_23_25\page_29.json
[2025-04-02 17:58:03] INFO -   - Next endCursor: U2VlZD0wLEluZGV4PTI5MCxQYWdlU2Nyb2xsSWQ9NzcyOWZjMTZlZTY3NDg1M2E0MWY4MDExM2QwZmFlMTQ=
[2025-04-02 17:58:04] INFO -   - Page 30 => 10 caregivers, saved to raw_data\USA\10002\search_of_housekeeping\recurring\range_23_25\page_30.json
[2025-04-02 17:58:04] INFO -   - Next endCursor: U2VlZD0wLEluZGV4PTMwMCxQYWdlU2Nyb2xsSWQ9NzcyOWZjMTZlZTY3NDg1M2E0MWY4MDExM2QwZmFlMTQ=
[2025-04-02 17:58:06] INFO -   - Page 31 => 10 caregivers, saved to raw_data\USA\10002\search_of_housekeeping\recurring\range_23_25\page_31.json
[2025-04-02 17:58:06] INFO -   - Next endCursor: U2VlZD0wLEluZGV4PTMxMCxQYWdlU2Nyb2xsSWQ9NzcyOWZjMTZlZTY3NDg1M2E0MWY4MDExM2QwZmFlMTQ=
[2025-04-02 17:58:07] INFO -   - Page 32 => 10 caregivers, saved to raw_data\USA\10002\search_of_housekeeping\recurring\range_23_25\page_32.json
[2025-04-02 17:58:07] INFO -   - Next endCursor: U2VlZD0wLEluZGV4PTMyMCxQYWdlU2Nyb2xsSWQ9NzcyOWZjMTZlZTY3NDg1M2E0MWY4MDExM2QwZmFlMTQ=
[2025-04-02 17:58:09] INFO -   - Page 33 => 2 caregivers, saved to raw_data\USA\10002\search_of_housekeeping\recurring\range_23_25\page_33.json
[2025-04-02 17:58:09] INFO - Finished range [23, 25] with status='success'. Total pages: 33, total caregivers: 322.
[2025-04-02 17:58:09] INFO - Checking pay range [17, 18]...
[2025-04-02 17:58:10] INFO -   => totalHits = 265
[2025-04-02 17:58:10] INFO - Fetching data for pay range [17, 18]...
[2025-04-02 17:58:11] INFO -   - Page 1 => 10 caregivers, saved to raw_data\USA\10002\search_of_housekeeping\recurring\range_17_18\page_1.json
[2025-04-02 17:58:11] INFO -   - Next endCursor: U2VlZD0wLEluZGV4PTEwLFBhZ2VTY3JvbGxJZD1mYzYxMWQ1OTgxNjc0NGYzOTcwMDU1YTViMzBkZjkzZQ==
[2025-04-02 17:58:13] INFO -   - Page 2 => 10 caregivers, saved to raw_data\USA\10002\search_of_housekeeping\recurring\range_17_18\page_2.json
[2025-04-02 17:58:13] INFO -   - Next endCursor: U2VlZD0wLEluZGV4PTIwLFBhZ2VTY3JvbGxJZD1mYzYxMWQ1OTgxNjc0NGYzOTcwMDU1YTViMzBkZjkzZQ==
[2025-04-02 17:58:14] INFO -   - Page 3 => 10 caregivers, saved to raw_data\USA\10002\search_of_housekeeping\recurring\range_17_18\page_3.json
[2025-04-02 17:58:14] INFO -   - Next endCursor: U2VlZD0wLEluZGV4PTMwLFBhZ2VTY3JvbGxJZD1mYzYxMWQ1OTgxNjc0NGYzOTcwMDU1YTViMzBkZjkzZQ==
[2025-04-02 17:58:15] INFO -   - Page 4 => 10 caregivers, saved to raw_data\USA\10002\search_of_housekeeping\recurring\range_17_18\page_4.json
[2025-04-02 17:58:15] INFO -   - Next endCursor: U2VlZD0wLEluZGV4PTQwLFBhZ2VTY3JvbGxJZD1mYzYxMWQ1OTgxNjc0NGYzOTcwMDU1YTViMzBkZjkzZQ==
[2025-04-02 17:58:17] INFO -   - Page 5 => 10 caregivers, saved to raw_data\USA\10002\search_of_housekeeping\recurring\range_17_18\page_5.json
[2025-04-02 17:58:17] INFO -   - Next endCursor: U2VlZD0wLEluZGV4PTUwLFBhZ2VTY3JvbGxJZD1mYzYxMWQ1OTgxNjc0NGYzOTcwMDU1YTViMzBkZjkzZQ==
[2025-04-02 17:58:18] INFO -   - Page 6 => 10 caregivers, saved to raw_data\USA\10002\search_of_housekeeping\recurring\range_17_18\page_6.json
[2025-04-02 17:58:18] INFO -   - Next endCursor: U2VlZD0wLEluZGV4PTYwLFBhZ2VTY3JvbGxJZD1mYzYxMWQ1OTgxNjc0NGYzOTcwMDU1YTViMzBkZjkzZQ==
[2025-04-02 17:58:19] INFO -   - Page 7 => 10 caregivers, saved to raw_data\USA\10002\search_of_housekeeping\recurring\range_17_18\page_7.json
[2025-04-02 17:58:19] INFO -   - Next endCursor: U2VlZD0wLEluZGV4PTcwLFBhZ2VTY3JvbGxJZD1mYzYxMWQ1OTgxNjc0NGYzOTcwMDU1YTViMzBkZjkzZQ==
[2025-04-02 17:58:21] INFO -   - Page 8 => 10 caregivers, saved to raw_data\USA\10002\search_of_housekeeping\recurring\range_17_18\page_8.json
[2025-04-02 17:58:21] INFO -   - Next endCursor: U2VlZD0wLEluZGV4PTgwLFBhZ2VTY3JvbGxJZD1mYzYxMWQ1OTgxNjc0NGYzOTcwMDU1YTViMzBkZjkzZQ==
[2025-04-02 17:58:22] INFO -   - Page 9 => 10 caregivers, saved to raw_data\USA\10002\search_of_housekeeping\recurring\range_17_18\page_9.json
[2025-04-02 17:58:22] INFO -   - Next endCursor: U2VlZD0wLEluZGV4PTkwLFBhZ2VTY3JvbGxJZD1mYzYxMWQ1OTgxNjc0NGYzOTcwMDU1YTViMzBkZjkzZQ==
[2025-04-02 17:58:24] INFO -   - Page 10 => 10 caregivers, saved to raw_data\USA\10002\search_of_housekeeping\recurring\range_17_18\page_10.json
[2025-04-02 17:58:24] INFO -   - Next endCursor: U2VlZD0wLEluZGV4PTEwMCxQYWdlU2Nyb2xsSWQ9ZmM2MTFkNTk4MTY3NDRmMzk3MDA1NWE1YjMwZGY5M2U=
[2025-04-02 17:58:25] INFO -   - Page 11 => 10 caregivers, saved to raw_data\USA\10002\search_of_housekeeping\recurring\range_17_18\page_11.json
[2025-04-02 17:58:25] INFO -   - Next endCursor: U2VlZD0wLEluZGV4PTExMCxQYWdlU2Nyb2xsSWQ9ZmM2MTFkNTk4MTY3NDRmMzk3MDA1NWE1YjMwZGY5M2U=
[2025-04-02 17:58:26] INFO -   - Page 12 => 10 caregivers, saved to raw_data\USA\10002\search_of_housekeeping\recurring\range_17_18\page_12.json
[2025-04-02 17:58:26] INFO -   - Next endCursor: U2VlZD0wLEluZGV4PTEyMCxQYWdlU2Nyb2xsSWQ9ZmM2MTFkNTk4MTY3NDRmMzk3MDA1NWE1YjMwZGY5M2U=
[2025-04-02 17:58:27] INFO -   - Page 13 => 10 caregivers, saved to raw_data\USA\10002\search_of_housekeeping\recurring\range_17_18\page_13.json
[2025-04-02 17:58:27] INFO -   - Next endCursor: U2VlZD0wLEluZGV4PTEzMCxQYWdlU2Nyb2xsSWQ9ZmM2MTFkNTk4MTY3NDRmMzk3MDA1NWE1YjMwZGY5M2U=
[2025-04-02 17:58:29] INFO -   - Page 14 => 10 caregivers, saved to raw_data\USA\10002\search_of_housekeeping\recurring\range_17_18\page_14.json
[2025-04-02 17:58:29] INFO -   - Next endCursor: U2VlZD0wLEluZGV4PTE0MCxQYWdlU2Nyb2xsSWQ9ZmM2MTFkNTk4MTY3NDRmMzk3MDA1NWE1YjMwZGY5M2U=
[2025-04-02 17:58:30] INFO -   - Page 15 => 10 caregivers, saved to raw_data\USA\10002\search_of_housekeeping\recurring\range_17_18\page_15.json
[2025-04-02 17:58:30] INFO -   - Next endCursor: U2VlZD0wLEluZGV4PTE1MCxQYWdlU2Nyb2xsSWQ9ZmM2MTFkNTk4MTY3NDRmMzk3MDA1NWE1YjMwZGY5M2U=
[2025-04-02 17:58:31] INFO -   - Page 16 => 10 caregivers, saved to raw_data\USA\10002\search_of_housekeeping\recurring\range_17_18\page_16.json
[2025-04-02 17:58:31] INFO -   - Next endCursor: U2VlZD0wLEluZGV4PTE2MCxQYWdlU2Nyb2xsSWQ9ZmM2MTFkNTk4MTY3NDRmMzk3MDA1NWE1YjMwZGY5M2U=
[2025-04-02 17:58:32] INFO -   - Page 17 => 10 caregivers, saved to raw_data\USA\10002\search_of_housekeeping\recurring\range_17_18\page_17.json
[2025-04-02 17:58:32] INFO -   - Next endCursor: U2VlZD0wLEluZGV4PTE3MCxQYWdlU2Nyb2xsSWQ9ZmM2MTFkNTk4MTY3NDRmMzk3MDA1NWE1YjMwZGY5M2U=
[2025-04-02 17:58:34] INFO -   - Page 18 => 10 caregivers, saved to raw_data\USA\10002\search_of_housekeeping\recurring\range_17_18\page_18.json
[2025-04-02 17:58:34] INFO -   - Next endCursor: U2VlZD0wLEluZGV4PTE4MCxQYWdlU2Nyb2xsSWQ9ZmM2MTFkNTk4MTY3NDRmMzk3MDA1NWE1YjMwZGY5M2U=
[2025-04-02 17:58:35] INFO -   - Page 19 => 10 caregivers, saved to raw_data\USA\10002\search_of_housekeeping\recurring\range_17_18\page_19.json
[2025-04-02 17:58:35] INFO -   - Next endCursor: U2VlZD0wLEluZGV4PTE5MCxQYWdlU2Nyb2xsSWQ9ZmM2MTFkNTk4MTY3NDRmMzk3MDA1NWE1YjMwZGY5M2U=
[2025-04-02 17:58:36] INFO -   - Page 20 => 10 caregivers, saved to raw_data\USA\10002\search_of_housekeeping\recurring\range_17_18\page_20.json
[2025-04-02 17:58:36] INFO -   - Next endCursor: U2VlZD0wLEluZGV4PTIwMCxQYWdlU2Nyb2xsSWQ9ZmM2MTFkNTk4MTY3NDRmMzk3MDA1NWE1YjMwZGY5M2U=
[2025-04-02 17:58:38] INFO -   - Page 21 => 10 caregivers, saved to raw_data\USA\10002\search_of_housekeeping\recurring\range_17_18\page_21.json
[2025-04-02 17:58:38] INFO -   - Next endCursor: U2VlZD0wLEluZGV4PTIxMCxQYWdlU2Nyb2xsSWQ9ZmM2MTFkNTk4MTY3NDRmMzk3MDA1NWE1YjMwZGY5M2U=
[2025-04-02 17:58:39] INFO -   - Page 22 => 10 caregivers, saved to raw_data\USA\10002\search_of_housekeeping\recurring\range_17_18\page_22.json
[2025-04-02 17:58:39] INFO -   - Next endCursor: U2VlZD0wLEluZGV4PTIyMCxQYWdlU2Nyb2xsSWQ9ZmM2MTFkNTk4MTY3NDRmMzk3MDA1NWE1YjMwZGY5M2U=
[2025-04-02 17:58:40] INFO -   - Page 23 => 10 caregivers, saved to raw_data\USA\10002\search_of_housekeeping\recurring\range_17_18\page_23.json
[2025-04-02 17:58:40] INFO -   - Next endCursor: U2VlZD0wLEluZGV4PTIzMCxQYWdlU2Nyb2xsSWQ9ZmM2MTFkNTk4MTY3NDRmMzk3MDA1NWE1YjMwZGY5M2U=
[2025-04-02 17:58:42] INFO -   - Page 24 => 10 caregivers, saved to raw_data\USA\10002\search_of_housekeeping\recurring\range_17_18\page_24.json
[2025-04-02 17:58:42] INFO -   - Next endCursor: U2VlZD0wLEluZGV4PTI0MCxQYWdlU2Nyb2xsSWQ9ZmM2MTFkNTk4MTY3NDRmMzk3MDA1NWE1YjMwZGY5M2U=
[2025-04-02 17:58:43] INFO -   - Page 25 => 10 caregivers, saved to raw_data\USA\10002\search_of_housekeeping\recurring\range_17_18\page_25.json
[2025-04-02 17:58:43] INFO -   - Next endCursor: U2VlZD0wLEluZGV4PTI1MCxQYWdlU2Nyb2xsSWQ9ZmM2MTFkNTk4MTY3NDRmMzk3MDA1NWE1YjMwZGY5M2U=
[2025-04-02 17:58:45] INFO -   - Page 26 => 10 caregivers, saved to raw_data\USA\10002\search_of_housekeeping\recurring\range_17_18\page_26.json
[2025-04-02 17:58:45] INFO -   - Next endCursor: U2VlZD0wLEluZGV4PTI2MCxQYWdlU2Nyb2xsSWQ9ZmM2MTFkNTk4MTY3NDRmMzk3MDA1NWE1YjMwZGY5M2U=
[2025-04-02 17:58:46] INFO -   - Page 27 => 5 caregivers, saved to raw_data\USA\10002\search_of_housekeeping\recurring\range_17_18\page_27.json
[2025-04-02 17:58:46] INFO - Finished range [17, 18] with status='success'. Total pages: 27, total caregivers: 265.
[2025-04-02 17:58:46] INFO - Checking pay range [19, 19]...
[2025-04-02 17:58:48] INFO -   => totalHits = 388
[2025-04-02 17:58:48] INFO - Fetching data for pay range [19, 19]...
[2025-04-02 17:58:49] INFO -   - Page 1 => 10 caregivers, saved to raw_data\USA\10002\search_of_housekeeping\recurring\range_19_19\page_1.json
[2025-04-02 17:58:49] INFO -   - Next endCursor: U2VlZD0wLEluZGV4PTEwLFBhZ2VTY3JvbGxJZD1mOTAzMmY5NTk1ZWI0N2RmYTJjYjgzZjY0MDczMTRhNw==
[2025-04-02 17:58:50] INFO -   - Page 2 => 10 caregivers, saved to raw_data\USA\10002\search_of_housekeeping\recurring\range_19_19\page_2.json
[2025-04-02 17:58:50] INFO -   - Next endCursor: U2VlZD0wLEluZGV4PTIwLFBhZ2VTY3JvbGxJZD1mOTAzMmY5NTk1ZWI0N2RmYTJjYjgzZjY0MDczMTRhNw==
[2025-04-02 17:58:52] INFO -   - Page 3 => 10 caregivers, saved to raw_data\USA\10002\search_of_housekeeping\recurring\range_19_19\page_3.json
[2025-04-02 17:58:52] INFO -   - Next endCursor: U2VlZD0wLEluZGV4PTMwLFBhZ2VTY3JvbGxJZD1mOTAzMmY5NTk1ZWI0N2RmYTJjYjgzZjY0MDczMTRhNw==
[2025-04-02 17:58:53] INFO -   - Page 4 => 10 caregivers, saved to raw_data\USA\10002\search_of_housekeeping\recurring\range_19_19\page_4.json
[2025-04-02 17:58:53] INFO -   - Next endCursor: U2VlZD0wLEluZGV4PTQwLFBhZ2VTY3JvbGxJZD1mOTAzMmY5NTk1ZWI0N2RmYTJjYjgzZjY0MDczMTRhNw==
[2025-04-02 17:58:55] INFO -   - Page 5 => 10 caregivers, saved to raw_data\USA\10002\search_of_housekeeping\recurring\range_19_19\page_5.json
[2025-04-02 17:58:55] INFO -   - Next endCursor: U2VlZD0wLEluZGV4PTUwLFBhZ2VTY3JvbGxJZD1mOTAzMmY5NTk1ZWI0N2RmYTJjYjgzZjY0MDczMTRhNw==
[2025-04-02 17:58:56] INFO -   - Page 6 => 10 caregivers, saved to raw_data\USA\10002\search_of_housekeeping\recurring\range_19_19\page_6.json
[2025-04-02 17:58:56] INFO -   - Next endCursor: U2VlZD0wLEluZGV4PTYwLFBhZ2VTY3JvbGxJZD1mOTAzMmY5NTk1ZWI0N2RmYTJjYjgzZjY0MDczMTRhNw==
[2025-04-02 17:58:57] INFO -   - Page 7 => 10 caregivers, saved to raw_data\USA\10002\search_of_housekeeping\recurring\range_19_19\page_7.json
[2025-04-02 17:58:57] INFO -   - Next endCursor: U2VlZD0wLEluZGV4PTcwLFBhZ2VTY3JvbGxJZD1mOTAzMmY5NTk1ZWI0N2RmYTJjYjgzZjY0MDczMTRhNw==
[2025-04-02 17:58:58] INFO -   - Page 8 => 10 caregivers, saved to raw_data\USA\10002\search_of_housekeeping\recurring\range_19_19\page_8.json
[2025-04-02 17:58:58] INFO -   - Next endCursor: U2VlZD0wLEluZGV4PTgwLFBhZ2VTY3JvbGxJZD1mOTAzMmY5NTk1ZWI0N2RmYTJjYjgzZjY0MDczMTRhNw==
[2025-04-02 17:59:00] INFO -   - Page 9 => 10 caregivers, saved to raw_data\USA\10002\search_of_housekeeping\recurring\range_19_19\page_9.json
[2025-04-02 17:59:00] INFO -   - Next endCursor: U2VlZD0wLEluZGV4PTkwLFBhZ2VTY3JvbGxJZD1mOTAzMmY5NTk1ZWI0N2RmYTJjYjgzZjY0MDczMTRhNw==
[2025-04-02 17:59:01] INFO -   - Page 10 => 10 caregivers, saved to raw_data\USA\10002\search_of_housekeeping\recurring\range_19_19\page_10.json
[2025-04-02 17:59:01] INFO -   - Next endCursor: U2VlZD0wLEluZGV4PTEwMCxQYWdlU2Nyb2xsSWQ9ZjkwMzJmOTU5NWViNDdkZmEyY2I4M2Y2NDA3MzE0YTc=
[2025-04-02 17:59:03] INFO -   - Page 11 => 10 caregivers, saved to raw_data\USA\10002\search_of_housekeeping\recurring\range_19_19\page_11.json
[2025-04-02 17:59:03] INFO -   - Next endCursor: U2VlZD0wLEluZGV4PTExMCxQYWdlU2Nyb2xsSWQ9ZjkwMzJmOTU5NWViNDdkZmEyY2I4M2Y2NDA3MzE0YTc=
[2025-04-02 17:59:04] INFO -   - Page 12 => 10 caregivers, saved to raw_data\USA\10002\search_of_housekeeping\recurring\range_19_19\page_12.json
[2025-04-02 17:59:04] INFO -   - Next endCursor: U2VlZD0wLEluZGV4PTEyMCxQYWdlU2Nyb2xsSWQ9ZjkwMzJmOTU5NWViNDdkZmEyY2I4M2Y2NDA3MzE0YTc=
[2025-04-02 17:59:06] INFO -   - Page 13 => 10 caregivers, saved to raw_data\USA\10002\search_of_housekeeping\recurring\range_19_19\page_13.json
[2025-04-02 17:59:06] INFO -   - Next endCursor: U2VlZD0wLEluZGV4PTEzMCxQYWdlU2Nyb2xsSWQ9ZjkwMzJmOTU5NWViNDdkZmEyY2I4M2Y2NDA3MzE0YTc=
[2025-04-02 17:59:08] INFO -   - Page 14 => 10 caregivers, saved to raw_data\USA\10002\search_of_housekeeping\recurring\range_19_19\page_14.json
[2025-04-02 17:59:08] INFO -   - Next endCursor: U2VlZD0wLEluZGV4PTE0MCxQYWdlU2Nyb2xsSWQ9ZjkwMzJmOTU5NWViNDdkZmEyY2I4M2Y2NDA3MzE0YTc=
[2025-04-02 17:59:09] INFO -   - Page 15 => 10 caregivers, saved to raw_data\USA\10002\search_of_housekeeping\recurring\range_19_19\page_15.json
[2025-04-02 17:59:09] INFO -   - Next endCursor: U2VlZD0wLEluZGV4PTE1MCxQYWdlU2Nyb2xsSWQ9ZjkwMzJmOTU5NWViNDdkZmEyY2I4M2Y2NDA3MzE0YTc=
[2025-04-02 17:59:10] INFO -   - Page 16 => 10 caregivers, saved to raw_data\USA\10002\search_of_housekeeping\recurring\range_19_19\page_16.json
[2025-04-02 17:59:10] INFO -   - Next endCursor: U2VlZD0wLEluZGV4PTE2MCxQYWdlU2Nyb2xsSWQ9ZjkwMzJmOTU5NWViNDdkZmEyY2I4M2Y2NDA3MzE0YTc=
[2025-04-02 17:59:12] INFO -   - Page 17 => 10 caregivers, saved to raw_data\USA\10002\search_of_housekeeping\recurring\range_19_19\page_17.json
[2025-04-02 17:59:12] INFO -   - Next endCursor: U2VlZD0wLEluZGV4PTE3MCxQYWdlU2Nyb2xsSWQ9ZjkwMzJmOTU5NWViNDdkZmEyY2I4M2Y2NDA3MzE0YTc=
[2025-04-02 17:59:13] INFO -   - Page 18 => 10 caregivers, saved to raw_data\USA\10002\search_of_housekeeping\recurring\range_19_19\page_18.json
[2025-04-02 17:59:13] INFO -   - Next endCursor: U2VlZD0wLEluZGV4PTE4MCxQYWdlU2Nyb2xsSWQ9ZjkwMzJmOTU5NWViNDdkZmEyY2I4M2Y2NDA3MzE0YTc=
[2025-04-02 17:59:14] INFO -   - Page 19 => 10 caregivers, saved to raw_data\USA\10002\search_of_housekeeping\recurring\range_19_19\page_19.json
[2025-04-02 17:59:14] INFO -   - Next endCursor: U2VlZD0wLEluZGV4PTE5MCxQYWdlU2Nyb2xsSWQ9ZjkwMzJmOTU5NWViNDdkZmEyY2I4M2Y2NDA3MzE0YTc=
[2025-04-02 17:59:16] INFO -   - Page 20 => 10 caregivers, saved to raw_data\USA\10002\search_of_housekeeping\recurring\range_19_19\page_20.json
[2025-04-02 17:59:16] INFO -   - Next endCursor: U2VlZD0wLEluZGV4PTIwMCxQYWdlU2Nyb2xsSWQ9ZjkwMzJmOTU5NWViNDdkZmEyY2I4M2Y2NDA3MzE0YTc=
[2025-04-02 17:59:17] INFO -   - Page 21 => 10 caregivers, saved to raw_data\USA\10002\search_of_housekeeping\recurring\range_19_19\page_21.json
[2025-04-02 17:59:17] INFO -   - Next endCursor: U2VlZD0wLEluZGV4PTIxMCxQYWdlU2Nyb2xsSWQ9ZjkwMzJmOTU5NWViNDdkZmEyY2I4M2Y2NDA3MzE0YTc=
[2025-04-02 17:59:19] INFO -   - Page 22 => 10 caregivers, saved to raw_data\USA\10002\search_of_housekeeping\recurring\range_19_19\page_22.json
[2025-04-02 17:59:19] INFO -   - Next endCursor: U2VlZD0wLEluZGV4PTIyMCxQYWdlU2Nyb2xsSWQ9ZjkwMzJmOTU5NWViNDdkZmEyY2I4M2Y2NDA3MzE0YTc=
[2025-04-02 17:59:20] INFO -   - Page 23 => 10 caregivers, saved to raw_data\USA\10002\search_of_housekeeping\recurring\range_19_19\page_23.json
[2025-04-02 17:59:20] INFO -   - Next endCursor: U2VlZD0wLEluZGV4PTIzMCxQYWdlU2Nyb2xsSWQ9ZjkwMzJmOTU5NWViNDdkZmEyY2I4M2Y2NDA3MzE0YTc=
[2025-04-02 17:59:22] INFO -   - Page 24 => 10 caregivers, saved to raw_data\USA\10002\search_of_housekeeping\recurring\range_19_19\page_24.json
[2025-04-02 17:59:22] INFO -   - Next endCursor: U2VlZD0wLEluZGV4PTI0MCxQYWdlU2Nyb2xsSWQ9ZjkwMzJmOTU5NWViNDdkZmEyY2I4M2Y2NDA3MzE0YTc=
[2025-04-02 17:59:23] INFO -   - Page 25 => 10 caregivers, saved to raw_data\USA\10002\search_of_housekeeping\recurring\range_19_19\page_25.json
[2025-04-02 17:59:23] INFO -   - Next endCursor: U2VlZD0wLEluZGV4PTI1MCxQYWdlU2Nyb2xsSWQ9ZjkwMzJmOTU5NWViNDdkZmEyY2I4M2Y2NDA3MzE0YTc=
[2025-04-02 17:59:25] INFO -   - Page 26 => 10 caregivers, saved to raw_data\USA\10002\search_of_housekeeping\recurring\range_19_19\page_26.json
[2025-04-02 17:59:25] INFO -   - Next endCursor: U2VlZD0wLEluZGV4PTI2MCxQYWdlU2Nyb2xsSWQ9ZjkwMzJmOTU5NWViNDdkZmEyY2I4M2Y2NDA3MzE0YTc=
[2025-04-02 17:59:26] INFO -   - Page 27 => 10 caregivers, saved to raw_data\USA\10002\search_of_housekeeping\recurring\range_19_19\page_27.json
[2025-04-02 17:59:26] INFO -   - Next endCursor: U2VlZD0wLEluZGV4PTI3MCxQYWdlU2Nyb2xsSWQ9ZjkwMzJmOTU5NWViNDdkZmEyY2I4M2Y2NDA3MzE0YTc=
[2025-04-02 17:59:28] INFO -   - Page 28 => 10 caregivers, saved to raw_data\USA\10002\search_of_housekeeping\recurring\range_19_19\page_28.json
[2025-04-02 17:59:28] INFO -   - Next endCursor: U2VlZD0wLEluZGV4PTI4MCxQYWdlU2Nyb2xsSWQ9ZjkwMzJmOTU5NWViNDdkZmEyY2I4M2Y2NDA3MzE0YTc=
[2025-04-02 17:59:29] INFO -   - Page 29 => 10 caregivers, saved to raw_data\USA\10002\search_of_housekeeping\recurring\range_19_19\page_29.json
[2025-04-02 17:59:29] INFO -   - Next endCursor: U2VlZD0wLEluZGV4PTI5MCxQYWdlU2Nyb2xsSWQ9ZjkwMzJmOTU5NWViNDdkZmEyY2I4M2Y2NDA3MzE0YTc=
[2025-04-02 17:59:30] INFO -   - Page 30 => 10 caregivers, saved to raw_data\USA\10002\search_of_housekeeping\recurring\range_19_19\page_30.json
[2025-04-02 17:59:30] INFO -   - Next endCursor: U2VlZD0wLEluZGV4PTMwMCxQYWdlU2Nyb2xsSWQ9ZjkwMzJmOTU5NWViNDdkZmEyY2I4M2Y2NDA3MzE0YTc=
[2025-04-02 17:59:32] INFO -   - Page 31 => 10 caregivers, saved to raw_data\USA\10002\search_of_housekeeping\recurring\range_19_19\page_31.json
[2025-04-02 17:59:32] INFO -   - Next endCursor: U2VlZD0wLEluZGV4PTMxMCxQYWdlU2Nyb2xsSWQ9ZjkwMzJmOTU5NWViNDdkZmEyY2I4M2Y2NDA3MzE0YTc=
[2025-04-02 17:59:33] INFO -   - Page 32 => 10 caregivers, saved to raw_data\USA\10002\search_of_housekeeping\recurring\range_19_19\page_32.json
[2025-04-02 17:59:33] INFO -   - Next endCursor: U2VlZD0wLEluZGV4PTMyMCxQYWdlU2Nyb2xsSWQ9ZjkwMzJmOTU5NWViNDdkZmEyY2I4M2Y2NDA3MzE0YTc=
[2025-04-02 17:59:35] INFO -   - Page 33 => 10 caregivers, saved to raw_data\USA\10002\search_of_housekeeping\recurring\range_19_19\page_33.json
[2025-04-02 17:59:35] INFO -   - Next endCursor: U2VlZD0wLEluZGV4PTMzMCxQYWdlU2Nyb2xsSWQ9ZjkwMzJmOTU5NWViNDdkZmEyY2I4M2Y2NDA3MzE0YTc=
[2025-04-02 17:59:36] INFO -   - Page 34 => 10 caregivers, saved to raw_data\USA\10002\search_of_housekeeping\recurring\range_19_19\page_34.json
[2025-04-02 17:59:36] INFO -   - Next endCursor: U2VlZD0wLEluZGV4PTM0MCxQYWdlU2Nyb2xsSWQ9ZjkwMzJmOTU5NWViNDdkZmEyY2I4M2Y2NDA3MzE0YTc=
[2025-04-02 17:59:37] INFO -   - Page 35 => 10 caregivers, saved to raw_data\USA\10002\search_of_housekeeping\recurring\range_19_19\page_35.json
[2025-04-02 17:59:37] INFO -   - Next endCursor: U2VlZD0wLEluZGV4PTM1MCxQYWdlU2Nyb2xsSWQ9ZjkwMzJmOTU5NWViNDdkZmEyY2I4M2Y2NDA3MzE0YTc=
[2025-04-02 17:59:39] INFO -   - Page 36 => 10 caregivers, saved to raw_data\USA\10002\search_of_housekeeping\recurring\range_19_19\page_36.json
[2025-04-02 17:59:39] INFO -   - Next endCursor: U2VlZD0wLEluZGV4PTM2MCxQYWdlU2Nyb2xsSWQ9ZjkwMzJmOTU5NWViNDdkZmEyY2I4M2Y2NDA3MzE0YTc=
[2025-04-02 17:59:40] INFO -   - Page 37 => 10 caregivers, saved to raw_data\USA\10002\search_of_housekeeping\recurring\range_19_19\page_37.json
[2025-04-02 17:59:40] INFO -   - Next endCursor: U2VlZD0wLEluZGV4PTM3MCxQYWdlU2Nyb2xsSWQ9ZjkwMzJmOTU5NWViNDdkZmEyY2I4M2Y2NDA3MzE0YTc=
[2025-04-02 17:59:42] INFO -   - Page 38 => 10 caregivers, saved to raw_data\USA\10002\search_of_housekeeping\recurring\range_19_19\page_38.json
[2025-04-02 17:59:42] INFO -   - Next endCursor: U2VlZD0wLEluZGV4PTM4MCxQYWdlU2Nyb2xsSWQ9ZjkwMzJmOTU5NWViNDdkZmEyY2I4M2Y2NDA3MzE0YTc=
[2025-04-02 17:59:43] INFO -   - Page 39 => 8 caregivers, saved to raw_data\USA\10002\search_of_housekeeping\recurring\range_19_19\page_39.json
[2025-04-02 17:59:43] INFO - Finished range [19, 19] with status='success'. Total pages: 39, total caregivers: 388.
[2025-04-02 17:59:43] INFO - All pay range segments processed. Scraping complete!
