[2025-04-05 19:42:42] INFO - Logger initialized. Log file: data\raw\yoopies\75000\childcare\babysitting\scrape_babysitting.log
[2025-04-05 19:42:42] INFO - Initialized directory structure and metadata stubs up to: data\raw\yoopies\75000\childcare\babysitting
[2025-04-05 19:42:42] INFO - --- Starting Yoopies Scrape Run ---
[2025-04-05 19:42:42] INFO - Run ID: 952a4dd6-55ba-4e07-91ca-bad98adcbd3f
[2025-04-05 19:42:42] INFO - Target: yoopies/75000/childcare/babysitting
[2025-04-05 19:42:42] INFO - Starting profile fetch for 75000 (Paris) - childcare/babysitting. Run ID: 952a4dd6-55ba-4e07-91ca-bad98adcbd3f
[2025-04-05 19:42:42] INFO - Requesting page 0...
[2025-04-05 19:43:05] INFO - Total profiles expected for this search: 26231
[2025-04-05 19:43:05] INFO - Saved page 0 (100 profiles) to data\raw\yoopies\75000\childcare\babysitting\page_0.json
[2025-04-05 19:43:05] DEBUG - Next page number: 1
[2025-04-05 19:43:05] DEBUG - Sleeping for 0.52 seconds...
[2025-04-05 19:43:06] INFO - Requesting page 1...
[2025-04-05 19:43:27] INFO - Saved page 1 (100 profiles) to data\raw\yoopies\75000\childcare\babysitting\page_1.json
[2025-04-05 19:43:27] DEBUG - Next page number: 2
[2025-04-05 19:43:27] DEBUG - Sleeping for 1.03 seconds...
[2025-04-05 19:43:28] INFO - Requesting page 2...
[2025-04-05 19:43:51] INFO - Saved page 2 (100 profiles) to data\raw\yoopies\75000\childcare\babysitting\page_2.json
[2025-04-05 19:43:51] DEBUG - Next page number: 3
[2025-04-05 19:43:51] DEBUG - Sleeping for 0.7 seconds...
[2025-04-05 19:43:51] INFO - Requesting page 3...
[2025-04-05 19:44:14] INFO - Saved page 3 (100 profiles) to data\raw\yoopies\75000\childcare\babysitting\page_3.json
[2025-04-05 19:44:14] DEBUG - Next page number: 4
[2025-04-05 19:44:14] DEBUG - Sleeping for 0.84 seconds...
[2025-04-05 19:44:14] INFO - Requesting page 4...
[2025-04-05 19:44:35] INFO - Saved page 4 (100 profiles) to data\raw\yoopies\75000\childcare\babysitting\page_4.json
[2025-04-05 19:44:35] DEBUG - Next page number: 5
[2025-04-05 19:44:35] DEBUG - Sleeping for 0.89 seconds...
[2025-04-05 19:44:36] INFO - Requesting page 5...
[2025-04-05 19:44:56] INFO - Saved page 5 (100 profiles) to data\raw\yoopies\75000\childcare\babysitting\page_5.json
[2025-04-05 19:44:56] DEBUG - Next page number: 6
[2025-04-05 19:44:56] DEBUG - Sleeping for 0.79 seconds...
[2025-04-05 19:44:57] INFO - Requesting page 6...
[2025-04-05 19:45:21] INFO - Saved page 6 (100 profiles) to data\raw\yoopies\75000\childcare\babysitting\page_6.json
[2025-04-05 19:45:21] DEBUG - Next page number: 7
[2025-04-05 19:45:21] DEBUG - Sleeping for 0.91 seconds...
[2025-04-05 19:45:21] INFO - Requesting page 7...
[2025-04-05 19:45:44] INFO - Saved page 7 (100 profiles) to data\raw\yoopies\75000\childcare\babysitting\page_7.json
[2025-04-05 19:45:44] DEBUG - Next page number: 8
[2025-04-05 19:45:44] DEBUG - Sleeping for 0.77 seconds...
[2025-04-05 19:45:45] INFO - Requesting page 8...
[2025-04-05 19:46:07] INFO - Saved page 8 (100 profiles) to data\raw\yoopies\75000\childcare\babysitting\page_8.json
[2025-04-05 19:46:07] DEBUG - Next page number: 9
[2025-04-05 19:46:07] DEBUG - Sleeping for 1.09 seconds...
[2025-04-05 19:46:08] INFO - Requesting page 9...
[2025-04-05 19:46:30] INFO - Saved page 9 (100 profiles) to data\raw\yoopies\75000\childcare\babysitting\page_9.json
[2025-04-05 19:46:30] DEBUG - Next page number: 10
[2025-04-05 19:46:30] DEBUG - Sleeping for 1.07 seconds...
[2025-04-05 19:46:31] INFO - Requesting page 10...
[2025-04-05 19:46:53] INFO - Saved page 10 (100 profiles) to data\raw\yoopies\75000\childcare\babysitting\page_10.json
[2025-04-05 19:46:53] DEBUG - Next page number: 11
[2025-04-05 19:46:53] DEBUG - Sleeping for 0.6 seconds...
[2025-04-05 19:46:54] INFO - Requesting page 11...
[2025-04-05 19:47:14] INFO - Saved page 11 (100 profiles) to data\raw\yoopies\75000\childcare\babysitting\page_11.json
[2025-04-05 19:47:14] DEBUG - Next page number: 12
[2025-04-05 19:47:14] DEBUG - Sleeping for 1.0 seconds...
[2025-04-05 19:47:15] INFO - Requesting page 12...
[2025-04-05 19:47:37] INFO - Saved page 12 (100 profiles) to data\raw\yoopies\75000\childcare\babysitting\page_12.json
[2025-04-05 19:47:37] DEBUG - Next page number: 13
[2025-04-05 19:47:37] DEBUG - Sleeping for 0.87 seconds...
[2025-04-05 19:47:38] INFO - Requesting page 13...
[2025-04-05 19:48:00] INFO - Saved page 13 (100 profiles) to data\raw\yoopies\75000\childcare\babysitting\page_13.json
[2025-04-05 19:48:00] DEBUG - Next page number: 14
[2025-04-05 19:48:00] DEBUG - Sleeping for 0.8 seconds...
[2025-04-05 19:48:01] INFO - Requesting page 14...
[2025-04-05 19:48:22] INFO - Saved page 14 (100 profiles) to data\raw\yoopies\75000\childcare\babysitting\page_14.json
[2025-04-05 19:48:22] DEBUG - Next page number: 15
[2025-04-05 19:48:22] DEBUG - Sleeping for 0.78 seconds...
[2025-04-05 19:48:22] INFO - Requesting page 15...
[2025-04-05 19:48:42] INFO - Saved page 15 (100 profiles) to data\raw\yoopies\75000\childcare\babysitting\page_15.json
[2025-04-05 19:48:42] DEBUG - Next page number: 16
[2025-04-05 19:48:42] DEBUG - Sleeping for 0.77 seconds...
[2025-04-05 19:48:43] INFO - Requesting page 16...
[2025-04-05 19:49:04] INFO - Saved page 16 (100 profiles) to data\raw\yoopies\75000\childcare\babysitting\page_16.json
[2025-04-05 19:49:04] DEBUG - Next page number: 17
[2025-04-05 19:49:04] DEBUG - Sleeping for 0.75 seconds...
[2025-04-05 19:49:04] INFO - Requesting page 17...
[2025-04-05 19:49:23] INFO - Saved page 17 (100 profiles) to data\raw\yoopies\75000\childcare\babysitting\page_17.json
[2025-04-05 19:49:23] DEBUG - Next page number: 18
[2025-04-05 19:49:23] DEBUG - Sleeping for 1.04 seconds...
[2025-04-05 19:49:25] INFO - Requesting page 18...
[2025-04-05 19:49:45] INFO - Saved page 18 (100 profiles) to data\raw\yoopies\75000\childcare\babysitting\page_18.json
[2025-04-05 19:49:45] DEBUG - Next page number: 19
[2025-04-05 19:49:45] DEBUG - Sleeping for 1.03 seconds...
[2025-04-05 19:49:46] INFO - Requesting page 19...
[2025-04-05 19:50:06] INFO - Saved page 19 (100 profiles) to data\raw\yoopies\75000\childcare\babysitting\page_19.json
[2025-04-05 19:50:06] DEBUG - Next page number: 20
[2025-04-05 19:50:06] DEBUG - Sleeping for 0.78 seconds...
[2025-04-05 19:50:07] INFO - Requesting page 20...
[2025-04-05 19:50:28] INFO - Saved page 20 (100 profiles) to data\raw\yoopies\75000\childcare\babysitting\page_20.json
[2025-04-05 19:50:28] DEBUG - Next page number: 21
[2025-04-05 19:50:28] DEBUG - Sleeping for 0.63 seconds...
[2025-04-05 19:50:28] INFO - Requesting page 21...
[2025-04-05 19:50:47] INFO - Saved page 21 (100 profiles) to data\raw\yoopies\75000\childcare\babysitting\page_21.json
[2025-04-05 19:50:47] DEBUG - Next page number: 22
[2025-04-05 19:50:47] DEBUG - Sleeping for 0.68 seconds...
[2025-04-05 19:50:47] INFO - Requesting page 22...
[2025-04-05 19:51:06] INFO - Saved page 22 (100 profiles) to data\raw\yoopies\75000\childcare\babysitting\page_22.json
[2025-04-05 19:51:06] DEBUG - Next page number: 23
[2025-04-05 19:51:06] DEBUG - Sleeping for 1.01 seconds...
[2025-04-05 19:51:07] INFO - Requesting page 23...
[2025-04-05 19:51:29] INFO - Saved page 23 (100 profiles) to data\raw\yoopies\75000\childcare\babysitting\page_23.json
[2025-04-05 19:51:29] DEBUG - Next page number: 24
[2025-04-05 19:51:29] DEBUG - Sleeping for 0.77 seconds...
[2025-04-05 19:51:29] INFO - Requesting page 24...
[2025-04-05 19:51:50] INFO - Saved page 24 (100 profiles) to data\raw\yoopies\75000\childcare\babysitting\page_24.json
[2025-04-05 19:51:50] DEBUG - Next page number: 25
[2025-04-05 19:51:50] DEBUG - Sleeping for 0.8 seconds...
[2025-04-05 19:51:51] INFO - Requesting page 25...
[2025-04-05 19:52:12] INFO - Saved page 25 (100 profiles) to data\raw\yoopies\75000\childcare\babysitting\page_25.json
[2025-04-05 19:52:12] DEBUG - Next page number: 26
[2025-04-05 19:52:12] DEBUG - Sleeping for 1.06 seconds...
[2025-04-05 19:52:13] INFO - Requesting page 26...
[2025-04-05 19:52:32] INFO - Saved page 26 (100 profiles) to data\raw\yoopies\75000\childcare\babysitting\page_26.json
[2025-04-05 19:52:32] DEBUG - Next page number: 27
[2025-04-05 19:52:32] DEBUG - Sleeping for 0.98 seconds...
[2025-04-05 19:52:33] INFO - Requesting page 27...
[2025-04-05 19:52:55] INFO - Saved page 27 (100 profiles) to data\raw\yoopies\75000\childcare\babysitting\page_27.json
[2025-04-05 19:52:55] DEBUG - Next page number: 28
[2025-04-05 19:52:55] DEBUG - Sleeping for 0.94 seconds...
[2025-04-05 19:52:55] INFO - Requesting page 28...
[2025-04-05 19:53:14] INFO - Saved page 28 (100 profiles) to data\raw\yoopies\75000\childcare\babysitting\page_28.json
[2025-04-05 19:53:14] DEBUG - Next page number: 29
[2025-04-05 19:53:14] DEBUG - Sleeping for 1.01 seconds...
[2025-04-05 19:53:15] INFO - Requesting page 29...
[2025-04-05 19:53:34] INFO - Saved page 29 (100 profiles) to data\raw\yoopies\75000\childcare\babysitting\page_29.json
[2025-04-05 19:53:34] DEBUG - Next page number: 30
[2025-04-05 19:53:34] DEBUG - Sleeping for 0.97 seconds...
[2025-04-05 19:53:35] INFO - Requesting page 30...
[2025-04-05 19:53:54] INFO - Saved page 30 (100 profiles) to data\raw\yoopies\75000\childcare\babysitting\page_30.json
[2025-04-05 19:53:54] DEBUG - Next page number: 31
[2025-04-05 19:53:54] DEBUG - Sleeping for 0.63 seconds...
[2025-04-05 19:53:54] INFO - Requesting page 31...
[2025-04-05 19:54:16] INFO - Saved page 31 (100 profiles) to data\raw\yoopies\75000\childcare\babysitting\page_31.json
[2025-04-05 19:54:16] DEBUG - Next page number: 32
[2025-04-05 19:54:16] DEBUG - Sleeping for 1.07 seconds...
[2025-04-05 19:54:17] INFO - Requesting page 32...
[2025-04-05 19:54:36] INFO - Saved page 32 (100 profiles) to data\raw\yoopies\75000\childcare\babysitting\page_32.json
[2025-04-05 19:54:36] DEBUG - Next page number: 33
[2025-04-05 19:54:36] DEBUG - Sleeping for 0.99 seconds...
[2025-04-05 19:54:37] INFO - Requesting page 33...
[2025-04-05 19:54:57] INFO - Saved page 33 (100 profiles) to data\raw\yoopies\75000\childcare\babysitting\page_33.json
[2025-04-05 19:54:57] DEBUG - Next page number: 34
[2025-04-05 19:54:57] DEBUG - Sleeping for 0.96 seconds...
[2025-04-05 19:54:58] INFO - Requesting page 34...
[2025-04-05 19:55:17] INFO - Saved page 34 (100 profiles) to data\raw\yoopies\75000\childcare\babysitting\page_34.json
[2025-04-05 19:55:17] DEBUG - Next page number: 35
[2025-04-05 19:55:17] DEBUG - Sleeping for 0.66 seconds...
[2025-04-05 19:55:18] INFO - Requesting page 35...
[2025-04-05 19:55:38] INFO - Saved page 35 (100 profiles) to data\raw\yoopies\75000\childcare\babysitting\page_35.json
[2025-04-05 19:55:38] DEBUG - Next page number: 36
[2025-04-05 19:55:38] DEBUG - Sleeping for 0.55 seconds...
[2025-04-05 19:55:39] INFO - Requesting page 36...
[2025-04-05 19:55:56] INFO - Saved page 36 (100 profiles) to data\raw\yoopies\75000\childcare\babysitting\page_36.json
[2025-04-05 19:55:56] DEBUG - Next page number: 37
[2025-04-05 19:55:56] DEBUG - Sleeping for 0.92 seconds...
[2025-04-05 19:55:57] INFO - Requesting page 37...
[2025-04-05 19:56:19] INFO - Saved page 37 (100 profiles) to data\raw\yoopies\75000\childcare\babysitting\page_37.json
[2025-04-05 19:56:19] DEBUG - Next page number: 38
[2025-04-05 19:56:19] DEBUG - Sleeping for 0.67 seconds...
[2025-04-05 19:56:19] INFO - Requesting page 38...
[2025-04-05 19:56:39] INFO - Saved page 38 (100 profiles) to data\raw\yoopies\75000\childcare\babysitting\page_38.json
[2025-04-05 19:56:39] DEBUG - Next page number: 39
[2025-04-05 19:56:39] DEBUG - Sleeping for 1.09 seconds...
[2025-04-05 19:56:40] INFO - Requesting page 39...
[2025-04-05 19:57:00] INFO - Saved page 39 (100 profiles) to data\raw\yoopies\75000\childcare\babysitting\page_39.json
[2025-04-05 19:57:00] DEBUG - Next page number: 40
[2025-04-05 19:57:00] DEBUG - Sleeping for 0.85 seconds...
[2025-04-05 19:57:01] INFO - Requesting page 40...
[2025-04-05 19:57:23] INFO - Saved page 40 (100 profiles) to data\raw\yoopies\75000\childcare\babysitting\page_40.json
[2025-04-05 19:57:23] DEBUG - Next page number: 41
[2025-04-05 19:57:23] DEBUG - Sleeping for 0.74 seconds...
[2025-04-05 19:57:23] INFO - Requesting page 41...
[2025-04-05 19:57:44] INFO - Saved page 41 (100 profiles) to data\raw\yoopies\75000\childcare\babysitting\page_41.json
[2025-04-05 19:57:44] DEBUG - Next page number: 42
[2025-04-05 19:57:44] DEBUG - Sleeping for 0.94 seconds...
[2025-04-05 19:57:45] INFO - Requesting page 42...
[2025-04-05 19:58:04] INFO - Saved page 42 (100 profiles) to data\raw\yoopies\75000\childcare\babysitting\page_42.json
[2025-04-05 19:58:04] DEBUG - Next page number: 43
[2025-04-05 19:58:04] DEBUG - Sleeping for 0.58 seconds...
[2025-04-05 19:58:05] INFO - Requesting page 43...
[2025-04-05 19:58:26] INFO - Saved page 43 (100 profiles) to data\raw\yoopies\75000\childcare\babysitting\page_43.json
[2025-04-05 19:58:26] DEBUG - Next page number: 44
[2025-04-05 19:58:26] DEBUG - Sleeping for 0.58 seconds...
[2025-04-05 19:58:26] INFO - Requesting page 44...
[2025-04-05 19:58:47] INFO - Saved page 44 (100 profiles) to data\raw\yoopies\75000\childcare\babysitting\page_44.json
[2025-04-05 19:58:47] DEBUG - Next page number: 45
[2025-04-05 19:58:47] DEBUG - Sleeping for 0.98 seconds...
[2025-04-05 19:58:48] INFO - Requesting page 45...
[2025-04-05 19:59:08] INFO - Saved page 45 (100 profiles) to data\raw\yoopies\75000\childcare\babysitting\page_45.json
[2025-04-05 19:59:08] DEBUG - Next page number: 46
[2025-04-05 19:59:08] DEBUG - Sleeping for 0.6 seconds...
[2025-04-05 19:59:08] INFO - Requesting page 46...
[2025-04-05 19:59:28] INFO - Saved page 46 (100 profiles) to data\raw\yoopies\75000\childcare\babysitting\page_46.json
[2025-04-05 19:59:28] DEBUG - Next page number: 47
[2025-04-05 19:59:28] DEBUG - Sleeping for 0.61 seconds...
[2025-04-05 19:59:29] INFO - Requesting page 47...
[2025-04-05 19:59:48] INFO - Saved page 47 (100 profiles) to data\raw\yoopies\75000\childcare\babysitting\page_47.json
[2025-04-05 19:59:48] DEBUG - Next page number: 48
[2025-04-05 19:59:48] DEBUG - Sleeping for 0.84 seconds...
[2025-04-05 19:59:49] INFO - Requesting page 48...
[2025-04-05 20:00:10] INFO - Saved page 48 (100 profiles) to data\raw\yoopies\75000\childcare\babysitting\page_48.json
[2025-04-05 20:00:10] DEBUG - Next page number: 49
[2025-04-05 20:00:10] DEBUG - Sleeping for 0.77 seconds...
[2025-04-05 20:00:11] INFO - Requesting page 49...
[2025-04-05 20:00:32] INFO - Saved page 49 (100 profiles) to data\raw\yoopies\75000\childcare\babysitting\page_49.json
[2025-04-05 20:00:32] DEBUG - Next page number: 50
[2025-04-05 20:00:32] DEBUG - Sleeping for 0.78 seconds...
[2025-04-05 20:00:33] INFO - Requesting page 50...
[2025-04-05 20:00:54] INFO - Saved page 50 (100 profiles) to data\raw\yoopies\75000\childcare\babysitting\page_50.json
[2025-04-05 20:00:54] DEBUG - Next page number: 51
[2025-04-05 20:00:54] DEBUG - Sleeping for 0.54 seconds...
[2025-04-05 20:00:54] INFO - Requesting page 51...
[2025-04-05 20:01:15] INFO - Saved page 51 (100 profiles) to data\raw\yoopies\75000\childcare\babysitting\page_51.json
[2025-04-05 20:01:15] DEBUG - Next page number: 52
[2025-04-05 20:01:15] DEBUG - Sleeping for 0.62 seconds...
[2025-04-05 20:01:15] INFO - Requesting page 52...
[2025-04-05 20:01:35] INFO - Saved page 52 (100 profiles) to data\raw\yoopies\75000\childcare\babysitting\page_52.json
[2025-04-05 20:01:35] DEBUG - Next page number: 53
[2025-04-05 20:01:35] DEBUG - Sleeping for 0.89 seconds...
[2025-04-05 20:01:36] INFO - Requesting page 53...
[2025-04-05 20:01:55] INFO - Saved page 53 (100 profiles) to data\raw\yoopies\75000\childcare\babysitting\page_53.json
[2025-04-05 20:01:55] DEBUG - Next page number: 54
[2025-04-05 20:01:55] DEBUG - Sleeping for 0.72 seconds...
[2025-04-05 20:01:56] INFO - Requesting page 54...
[2025-04-05 20:02:16] INFO - Saved page 54 (100 profiles) to data\raw\yoopies\75000\childcare\babysitting\page_54.json
[2025-04-05 20:02:16] DEBUG - Next page number: 55
[2025-04-05 20:02:16] DEBUG - Sleeping for 0.9 seconds...
[2025-04-05 20:02:17] INFO - Requesting page 55...
[2025-04-05 20:02:37] INFO - Saved page 55 (100 profiles) to data\raw\yoopies\75000\childcare\babysitting\page_55.json
[2025-04-05 20:02:37] DEBUG - Next page number: 56
[2025-04-05 20:02:37] DEBUG - Sleeping for 0.91 seconds...
[2025-04-05 20:02:38] INFO - Requesting page 56...
[2025-04-05 20:02:56] INFO - Saved page 56 (100 profiles) to data\raw\yoopies\75000\childcare\babysitting\page_56.json
[2025-04-05 20:02:56] DEBUG - Next page number: 57
[2025-04-05 20:02:56] DEBUG - Sleeping for 0.87 seconds...
[2025-04-05 20:02:57] INFO - Requesting page 57...
[2025-04-05 20:03:19] INFO - Saved page 57 (100 profiles) to data\raw\yoopies\75000\childcare\babysitting\page_57.json
[2025-04-05 20:03:19] DEBUG - Next page number: 58
[2025-04-05 20:03:19] DEBUG - Sleeping for 0.93 seconds...
[2025-04-05 20:03:20] INFO - Requesting page 58...
[2025-04-05 20:03:41] INFO - Saved page 58 (100 profiles) to data\raw\yoopies\75000\childcare\babysitting\page_58.json
[2025-04-05 20:03:41] DEBUG - Next page number: 59
[2025-04-05 20:03:41] DEBUG - Sleeping for 0.58 seconds...
[2025-04-05 20:03:42] INFO - Requesting page 59...
[2025-04-05 20:04:02] INFO - Saved page 59 (100 profiles) to data\raw\yoopies\75000\childcare\babysitting\page_59.json
[2025-04-05 20:04:02] DEBUG - Next page number: 60
[2025-04-05 20:04:02] DEBUG - Sleeping for 0.53 seconds...
[2025-04-05 20:04:02] INFO - Requesting page 60...
[2025-04-05 20:04:24] INFO - Saved page 60 (100 profiles) to data\raw\yoopies\75000\childcare\babysitting\page_60.json
[2025-04-05 20:04:24] DEBUG - Next page number: 61
[2025-04-05 20:04:24] DEBUG - Sleeping for 0.84 seconds...
[2025-04-05 20:04:25] INFO - Requesting page 61...
[2025-04-05 20:04:44] INFO - Saved page 61 (100 profiles) to data\raw\yoopies\75000\childcare\babysitting\page_61.json
[2025-04-05 20:04:44] DEBUG - Next page number: 62
[2025-04-05 20:04:44] DEBUG - Sleeping for 1.04 seconds...
[2025-04-05 20:04:45] INFO - Requesting page 62...
[2025-04-05 20:05:06] INFO - Saved page 62 (100 profiles) to data\raw\yoopies\75000\childcare\babysitting\page_62.json
[2025-04-05 20:05:06] DEBUG - Next page number: 63
[2025-04-05 20:05:06] DEBUG - Sleeping for 1.08 seconds...
[2025-04-05 20:05:07] INFO - Requesting page 63...
[2025-04-05 20:05:28] INFO - Saved page 63 (100 profiles) to data\raw\yoopies\75000\childcare\babysitting\page_63.json
[2025-04-05 20:05:28] DEBUG - Next page number: 64
[2025-04-05 20:05:28] DEBUG - Sleeping for 0.8 seconds...
[2025-04-05 20:05:29] INFO - Requesting page 64...
[2025-04-05 20:05:51] INFO - Saved page 64 (100 profiles) to data\raw\yoopies\75000\childcare\babysitting\page_64.json
[2025-04-05 20:05:51] DEBUG - Next page number: 65
[2025-04-05 20:05:51] DEBUG - Sleeping for 0.6 seconds...
[2025-04-05 20:05:51] INFO - Requesting page 65...
[2025-04-05 20:06:14] INFO - Saved page 65 (100 profiles) to data\raw\yoopies\75000\childcare\babysitting\page_65.json
[2025-04-05 20:06:14] DEBUG - Next page number: 66
[2025-04-05 20:06:14] DEBUG - Sleeping for 0.52 seconds...
[2025-04-05 20:06:14] INFO - Requesting page 66...
[2025-04-05 20:06:35] INFO - Saved page 66 (100 profiles) to data\raw\yoopies\75000\childcare\babysitting\page_66.json
[2025-04-05 20:06:35] DEBUG - Next page number: 67
[2025-04-05 20:06:35] DEBUG - Sleeping for 0.56 seconds...
[2025-04-05 20:06:35] INFO - Requesting page 67...
[2025-04-05 20:06:53] INFO - Saved page 67 (100 profiles) to data\raw\yoopies\75000\childcare\babysitting\page_67.json
[2025-04-05 20:06:53] DEBUG - Next page number: 68
[2025-04-05 20:06:53] DEBUG - Sleeping for 1.0 seconds...
[2025-04-05 20:06:54] INFO - Requesting page 68...
[2025-04-05 20:07:08] INFO - Saved page 68 (100 profiles) to data\raw\yoopies\75000\childcare\babysitting\page_68.json
[2025-04-05 20:07:08] DEBUG - Next page number: 69
[2025-04-05 20:07:08] DEBUG - Sleeping for 0.72 seconds...
[2025-04-05 20:07:09] INFO - Requesting page 69...
[2025-04-05 20:07:24] INFO - Saved page 69 (100 profiles) to data\raw\yoopies\75000\childcare\babysitting\page_69.json
[2025-04-05 20:07:24] DEBUG - Next page number: 70
[2025-04-05 20:07:24] DEBUG - Sleeping for 0.97 seconds...
[2025-04-05 20:07:25] INFO - Requesting page 70...
[2025-04-05 20:07:40] INFO - Saved page 70 (100 profiles) to data\raw\yoopies\75000\childcare\babysitting\page_70.json
[2025-04-05 20:07:40] DEBUG - Next page number: 71
[2025-04-05 20:07:40] DEBUG - Sleeping for 0.85 seconds...
[2025-04-05 20:07:41] INFO - Requesting page 71...
[2025-04-05 20:07:57] INFO - Saved page 71 (100 profiles) to data\raw\yoopies\75000\childcare\babysitting\page_71.json
[2025-04-05 20:07:57] DEBUG - Next page number: 72
[2025-04-05 20:07:57] DEBUG - Sleeping for 1.08 seconds...
[2025-04-05 20:07:58] INFO - Requesting page 72...
[2025-04-05 20:08:12] INFO - Saved page 72 (100 profiles) to data\raw\yoopies\75000\childcare\babysitting\page_72.json
[2025-04-05 20:08:12] DEBUG - Next page number: 73
[2025-04-05 20:08:12] DEBUG - Sleeping for 1.07 seconds...
[2025-04-05 20:08:13] INFO - Requesting page 73...
[2025-04-05 20:08:31] INFO - Saved page 73 (100 profiles) to data\raw\yoopies\75000\childcare\babysitting\page_73.json
[2025-04-05 20:08:31] DEBUG - Next page number: 74
[2025-04-05 20:08:31] DEBUG - Sleeping for 0.97 seconds...
[2025-04-05 20:08:32] INFO - Requesting page 74...
[2025-04-05 20:08:48] INFO - Saved page 74 (100 profiles) to data\raw\yoopies\75000\childcare\babysitting\page_74.json
[2025-04-05 20:08:48] DEBUG - Next page number: 75
[2025-04-05 20:08:48] DEBUG - Sleeping for 0.97 seconds...
[2025-04-05 20:08:49] INFO - Requesting page 75...
[2025-04-05 20:09:06] INFO - Saved page 75 (100 profiles) to data\raw\yoopies\75000\childcare\babysitting\page_75.json
[2025-04-05 20:09:06] DEBUG - Next page number: 76
[2025-04-05 20:09:06] DEBUG - Sleeping for 0.76 seconds...
[2025-04-05 20:09:07] INFO - Requesting page 76...
[2025-04-05 20:09:22] INFO - Saved page 76 (100 profiles) to data\raw\yoopies\75000\childcare\babysitting\page_76.json
[2025-04-05 20:09:22] DEBUG - Next page number: 77
[2025-04-05 20:09:22] DEBUG - Sleeping for 0.76 seconds...
[2025-04-05 20:09:23] INFO - Requesting page 77...
[2025-04-05 20:09:41] INFO - Saved page 77 (100 profiles) to data\raw\yoopies\75000\childcare\babysitting\page_77.json
[2025-04-05 20:09:41] DEBUG - Next page number: 78
[2025-04-05 20:09:41] DEBUG - Sleeping for 0.9 seconds...
[2025-04-05 20:09:42] INFO - Requesting page 78...
[2025-04-05 20:10:00] INFO - Saved page 78 (100 profiles) to data\raw\yoopies\75000\childcare\babysitting\page_78.json
[2025-04-05 20:10:00] DEBUG - Next page number: 79
[2025-04-05 20:10:00] DEBUG - Sleeping for 1.05 seconds...
[2025-04-05 20:10:01] INFO - Requesting page 79...
[2025-04-05 20:10:19] INFO - Saved page 79 (100 profiles) to data\raw\yoopies\75000\childcare\babysitting\page_79.json
[2025-04-05 20:10:19] DEBUG - Next page number: 80
[2025-04-05 20:10:19] DEBUG - Sleeping for 0.78 seconds...
[2025-04-05 20:10:20] INFO - Requesting page 80...
[2025-04-05 20:10:37] INFO - Saved page 80 (100 profiles) to data\raw\yoopies\75000\childcare\babysitting\page_80.json
[2025-04-05 20:10:37] DEBUG - Next page number: 81
[2025-04-05 20:10:37] DEBUG - Sleeping for 0.56 seconds...
[2025-04-05 20:10:38] INFO - Requesting page 81...
[2025-04-05 20:10:58] INFO - Saved page 81 (100 profiles) to data\raw\yoopies\75000\childcare\babysitting\page_81.json
[2025-04-05 20:10:58] DEBUG - Next page number: 82
[2025-04-05 20:10:58] DEBUG - Sleeping for 0.7 seconds...
[2025-04-05 20:10:58] INFO - Requesting page 82...
[2025-04-05 20:11:18] INFO - Saved page 82 (100 profiles) to data\raw\yoopies\75000\childcare\babysitting\page_82.json
[2025-04-05 20:11:18] DEBUG - Next page number: 83
[2025-04-05 20:11:18] DEBUG - Sleeping for 0.88 seconds...
[2025-04-05 20:11:18] INFO - Requesting page 83...
[2025-04-05 20:11:35] INFO - Saved page 83 (100 profiles) to data\raw\yoopies\75000\childcare\babysitting\page_83.json
[2025-04-05 20:11:35] DEBUG - Next page number: 84
[2025-04-05 20:11:35] DEBUG - Sleeping for 0.96 seconds...
[2025-04-05 20:11:36] INFO - Requesting page 84...
[2025-04-05 20:11:55] INFO - Saved page 84 (100 profiles) to data\raw\yoopies\75000\childcare\babysitting\page_84.json
[2025-04-05 20:11:55] DEBUG - Next page number: 85
[2025-04-05 20:11:55] DEBUG - Sleeping for 1.02 seconds...
[2025-04-05 20:11:56] INFO - Requesting page 85...
[2025-04-05 20:12:14] INFO - Saved page 85 (100 profiles) to data\raw\yoopies\75000\childcare\babysitting\page_85.json
[2025-04-05 20:12:14] DEBUG - Next page number: 86
[2025-04-05 20:12:14] DEBUG - Sleeping for 0.92 seconds...
[2025-04-05 20:12:15] INFO - Requesting page 86...
[2025-04-05 20:12:33] INFO - Saved page 86 (100 profiles) to data\raw\yoopies\75000\childcare\babysitting\page_86.json
[2025-04-05 20:12:33] DEBUG - Next page number: 87
[2025-04-05 20:12:33] DEBUG - Sleeping for 1.0 seconds...
[2025-04-05 20:12:34] INFO - Requesting page 87...
[2025-04-05 20:12:53] INFO - Saved page 87 (100 profiles) to data\raw\yoopies\75000\childcare\babysitting\page_87.json
[2025-04-05 20:12:53] DEBUG - Next page number: 88
[2025-04-05 20:12:53] DEBUG - Sleeping for 1.01 seconds...
[2025-04-05 20:12:54] INFO - Requesting page 88...
[2025-04-05 20:13:12] INFO - Saved page 88 (100 profiles) to data\raw\yoopies\75000\childcare\babysitting\page_88.json
[2025-04-05 20:13:12] DEBUG - Next page number: 89
[2025-04-05 20:13:12] DEBUG - Sleeping for 0.9 seconds...
[2025-04-05 20:13:13] INFO - Requesting page 89...
[2025-04-05 20:13:30] INFO - Saved page 89 (100 profiles) to data\raw\yoopies\75000\childcare\babysitting\page_89.json
[2025-04-05 20:13:30] DEBUG - Next page number: 90
[2025-04-05 20:13:30] DEBUG - Sleeping for 0.53 seconds...
[2025-04-05 20:13:31] INFO - Requesting page 90...
[2025-04-05 20:13:49] INFO - Saved page 90 (100 profiles) to data\raw\yoopies\75000\childcare\babysitting\page_90.json
[2025-04-05 20:13:49] DEBUG - Next page number: 91
[2025-04-05 20:13:49] DEBUG - Sleeping for 0.7 seconds...
[2025-04-05 20:13:50] INFO - Requesting page 91...
[2025-04-05 20:14:05] INFO - Saved page 91 (100 profiles) to data\raw\yoopies\75000\childcare\babysitting\page_91.json
[2025-04-05 20:14:05] DEBUG - Next page number: 92
[2025-04-05 20:14:05] DEBUG - Sleeping for 1.05 seconds...
[2025-04-05 20:14:06] INFO - Requesting page 92...
[2025-04-05 20:14:21] INFO - Saved page 92 (100 profiles) to data\raw\yoopies\75000\childcare\babysitting\page_92.json
[2025-04-05 20:14:21] DEBUG - Next page number: 93
[2025-04-05 20:14:21] DEBUG - Sleeping for 0.52 seconds...
[2025-04-05 20:14:21] INFO - Requesting page 93...
[2025-04-05 20:14:38] INFO - Saved page 93 (100 profiles) to data\raw\yoopies\75000\childcare\babysitting\page_93.json
[2025-04-05 20:14:38] DEBUG - Next page number: 94
[2025-04-05 20:14:38] DEBUG - Sleeping for 1.09 seconds...
[2025-04-05 20:14:39] INFO - Requesting page 94...
[2025-04-05 20:14:59] INFO - Saved page 94 (100 profiles) to data\raw\yoopies\75000\childcare\babysitting\page_94.json
[2025-04-05 20:14:59] DEBUG - Next page number: 95
[2025-04-05 20:14:59] DEBUG - Sleeping for 0.54 seconds...
[2025-04-05 20:14:59] INFO - Requesting page 95...
[2025-04-05 20:15:17] INFO - Saved page 95 (100 profiles) to data\raw\yoopies\75000\childcare\babysitting\page_95.json
[2025-04-05 20:15:17] DEBUG - Next page number: 96
[2025-04-05 20:15:17] DEBUG - Sleeping for 0.9 seconds...
[2025-04-05 20:15:18] INFO - Requesting page 96...
[2025-04-05 20:15:36] INFO - Saved page 96 (100 profiles) to data\raw\yoopies\75000\childcare\babysitting\page_96.json
[2025-04-05 20:15:36] DEBUG - Next page number: 97
[2025-04-05 20:15:36] DEBUG - Sleeping for 0.63 seconds...
[2025-04-05 20:15:37] INFO - Requesting page 97...
[2025-04-05 20:15:56] INFO - Saved page 97 (100 profiles) to data\raw\yoopies\75000\childcare\babysitting\page_97.json
[2025-04-05 20:15:56] DEBUG - Next page number: 98
[2025-04-05 20:15:56] DEBUG - Sleeping for 0.79 seconds...
[2025-04-05 20:15:57] INFO - Requesting page 98...
[2025-04-05 20:16:17] INFO - Saved page 98 (100 profiles) to data\raw\yoopies\75000\childcare\babysitting\page_98.json
[2025-04-05 20:16:17] DEBUG - Next page number: 99
[2025-04-05 20:16:17] DEBUG - Sleeping for 0.83 seconds...
[2025-04-05 20:16:18] INFO - Requesting page 99...
[2025-04-05 20:16:39] INFO - Saved page 99 (100 profiles) to data\raw\yoopies\75000\childcare\babysitting\page_99.json
[2025-04-05 20:16:39] DEBUG - Next page number: 100
[2025-04-05 20:16:39] DEBUG - Sleeping for 0.59 seconds...
[2025-04-05 20:16:40] INFO - Requesting page 100...
[2025-04-05 20:17:00] INFO - Saved page 100 (100 profiles) to data\raw\yoopies\75000\childcare\babysitting\page_100.json
[2025-04-05 20:17:00] DEBUG - Next page number: 101
[2025-04-05 20:17:00] DEBUG - Sleeping for 0.56 seconds...
[2025-04-05 20:17:00] INFO - Requesting page 101...
[2025-04-05 20:17:19] INFO - Saved page 101 (100 profiles) to data\raw\yoopies\75000\childcare\babysitting\page_101.json
[2025-04-05 20:17:19] DEBUG - Next page number: 102
[2025-04-05 20:17:19] DEBUG - Sleeping for 0.55 seconds...
[2025-04-05 20:17:19] INFO - Requesting page 102...
[2025-04-05 20:17:38] INFO - Saved page 102 (100 profiles) to data\raw\yoopies\75000\childcare\babysitting\page_102.json
[2025-04-05 20:17:38] DEBUG - Next page number: 103
[2025-04-05 20:17:38] DEBUG - Sleeping for 0.68 seconds...
[2025-04-05 20:17:39] INFO - Requesting page 103...
[2025-04-05 20:17:56] INFO - Saved page 103 (100 profiles) to data\raw\yoopies\75000\childcare\babysitting\page_103.json
[2025-04-05 20:17:56] DEBUG - Next page number: 104
[2025-04-05 20:17:56] DEBUG - Sleeping for 0.97 seconds...
[2025-04-05 20:17:57] INFO - Requesting page 104...
[2025-04-05 20:18:16] INFO - Saved page 104 (100 profiles) to data\raw\yoopies\75000\childcare\babysitting\page_104.json
[2025-04-05 20:18:16] DEBUG - Next page number: 105
[2025-04-05 20:18:16] DEBUG - Sleeping for 0.84 seconds...
[2025-04-05 20:18:16] INFO - Requesting page 105...
[2025-04-05 20:18:37] INFO - Saved page 105 (100 profiles) to data\raw\yoopies\75000\childcare\babysitting\page_105.json
[2025-04-05 20:18:37] DEBUG - Next page number: 106
[2025-04-05 20:18:37] DEBUG - Sleeping for 0.95 seconds...
[2025-04-05 20:18:38] INFO - Requesting page 106...
[2025-04-05 20:18:58] INFO - Saved page 106 (100 profiles) to data\raw\yoopies\75000\childcare\babysitting\page_106.json
[2025-04-05 20:18:58] DEBUG - Next page number: 107
[2025-04-05 20:18:58] DEBUG - Sleeping for 1.02 seconds...
[2025-04-05 20:18:59] INFO - Requesting page 107...
[2025-04-05 20:19:14] INFO - Saved page 107 (100 profiles) to data\raw\yoopies\75000\childcare\babysitting\page_107.json
[2025-04-05 20:19:14] DEBUG - Next page number: 108
[2025-04-05 20:19:14] DEBUG - Sleeping for 0.94 seconds...
[2025-04-05 20:19:15] INFO - Requesting page 108...
[2025-04-05 20:19:33] INFO - Saved page 108 (100 profiles) to data\raw\yoopies\75000\childcare\babysitting\page_108.json
[2025-04-05 20:19:33] DEBUG - Next page number: 109
[2025-04-05 20:19:33] DEBUG - Sleeping for 0.56 seconds...
[2025-04-05 20:19:34] INFO - Requesting page 109...
[2025-04-05 20:19:53] INFO - Saved page 109 (100 profiles) to data\raw\yoopies\75000\childcare\babysitting\page_109.json
[2025-04-05 20:19:53] DEBUG - Next page number: 110
[2025-04-05 20:19:53] DEBUG - Sleeping for 0.78 seconds...
[2025-04-05 20:19:54] INFO - Requesting page 110...
[2025-04-05 20:20:13] INFO - Saved page 110 (100 profiles) to data\raw\yoopies\75000\childcare\babysitting\page_110.json
[2025-04-05 20:20:13] DEBUG - Next page number: 111
[2025-04-05 20:20:13] DEBUG - Sleeping for 0.64 seconds...
[2025-04-05 20:20:14] INFO - Requesting page 111...
[2025-04-05 20:20:34] INFO - Saved page 111 (100 profiles) to data\raw\yoopies\75000\childcare\babysitting\page_111.json
[2025-04-05 20:20:34] DEBUG - Next page number: 112
[2025-04-05 20:20:34] DEBUG - Sleeping for 0.77 seconds...
[2025-04-05 20:20:35] INFO - Requesting page 112...
[2025-04-05 20:20:55] INFO - Saved page 112 (100 profiles) to data\raw\yoopies\75000\childcare\babysitting\page_112.json
[2025-04-05 20:20:55] DEBUG - Next page number: 113
[2025-04-05 20:20:55] DEBUG - Sleeping for 0.79 seconds...
[2025-04-05 20:20:56] INFO - Requesting page 113...
[2025-04-05 20:21:16] INFO - Saved page 113 (100 profiles) to data\raw\yoopies\75000\childcare\babysitting\page_113.json
[2025-04-05 20:21:16] DEBUG - Next page number: 114
[2025-04-05 20:21:16] DEBUG - Sleeping for 1.1 seconds...
[2025-04-05 20:21:17] INFO - Requesting page 114...
[2025-04-05 20:21:36] INFO - Saved page 114 (100 profiles) to data\raw\yoopies\75000\childcare\babysitting\page_114.json
[2025-04-05 20:21:36] DEBUG - Next page number: 115
[2025-04-05 20:21:36] DEBUG - Sleeping for 0.97 seconds...
[2025-04-05 20:21:37] INFO - Requesting page 115...
[2025-04-05 20:21:57] INFO - Saved page 115 (100 profiles) to data\raw\yoopies\75000\childcare\babysitting\page_115.json
[2025-04-05 20:21:57] DEBUG - Next page number: 116
[2025-04-05 20:21:57] DEBUG - Sleeping for 0.72 seconds...
[2025-04-05 20:21:57] INFO - Requesting page 116...
[2025-04-05 20:22:17] INFO - Saved page 116 (100 profiles) to data\raw\yoopies\75000\childcare\babysitting\page_116.json
[2025-04-05 20:22:17] DEBUG - Next page number: 117
[2025-04-05 20:22:17] DEBUG - Sleeping for 0.55 seconds...
[2025-04-05 20:22:17] INFO - Requesting page 117...
[2025-04-05 20:22:35] INFO - Saved page 117 (100 profiles) to data\raw\yoopies\75000\childcare\babysitting\page_117.json
[2025-04-05 20:22:35] DEBUG - Next page number: 118
[2025-04-05 20:22:35] DEBUG - Sleeping for 0.99 seconds...
[2025-04-05 20:22:36] INFO - Requesting page 118...
[2025-04-05 20:22:57] INFO - Saved page 118 (100 profiles) to data\raw\yoopies\75000\childcare\babysitting\page_118.json
[2025-04-05 20:22:57] DEBUG - Next page number: 119
[2025-04-05 20:22:57] DEBUG - Sleeping for 0.69 seconds...
[2025-04-05 20:22:57] INFO - Requesting page 119...
[2025-04-05 20:23:18] INFO - Saved page 119 (100 profiles) to data\raw\yoopies\75000\childcare\babysitting\page_119.json
[2025-04-05 20:23:18] DEBUG - Next page number: 120
[2025-04-05 20:23:18] DEBUG - Sleeping for 0.93 seconds...
[2025-04-05 20:23:19] INFO - Requesting page 120...
[2025-04-05 20:23:37] INFO - Saved page 120 (100 profiles) to data\raw\yoopies\75000\childcare\babysitting\page_120.json
[2025-04-05 20:23:37] DEBUG - Next page number: 121
[2025-04-05 20:23:37] DEBUG - Sleeping for 0.69 seconds...
[2025-04-05 20:23:37] INFO - Requesting page 121...
[2025-04-05 20:23:57] INFO - Saved page 121 (100 profiles) to data\raw\yoopies\75000\childcare\babysitting\page_121.json
[2025-04-05 20:23:57] DEBUG - Next page number: 122
[2025-04-05 20:23:57] DEBUG - Sleeping for 0.75 seconds...
[2025-04-05 20:23:57] INFO - Requesting page 122...
[2025-04-05 20:24:17] INFO - Saved page 122 (100 profiles) to data\raw\yoopies\75000\childcare\babysitting\page_122.json
[2025-04-05 20:24:17] DEBUG - Next page number: 123
[2025-04-05 20:24:17] DEBUG - Sleeping for 1.0 seconds...
[2025-04-05 20:24:18] INFO - Requesting page 123...
[2025-04-05 20:24:36] INFO - Saved page 123 (100 profiles) to data\raw\yoopies\75000\childcare\babysitting\page_123.json
[2025-04-05 20:24:36] DEBUG - Next page number: 124
[2025-04-05 20:24:36] DEBUG - Sleeping for 1.08 seconds...
[2025-04-05 20:24:37] INFO - Requesting page 124...
[2025-04-05 20:24:58] INFO - Saved page 124 (100 profiles) to data\raw\yoopies\75000\childcare\babysitting\page_124.json
[2025-04-05 20:24:58] DEBUG - Next page number: 125
[2025-04-05 20:24:58] DEBUG - Sleeping for 1.03 seconds...
[2025-04-05 20:24:59] INFO - Requesting page 125...
[2025-04-05 20:25:16] INFO - Saved page 125 (100 profiles) to data\raw\yoopies\75000\childcare\babysitting\page_125.json
[2025-04-05 20:25:16] DEBUG - Next page number: 126
[2025-04-05 20:25:16] DEBUG - Sleeping for 0.6 seconds...
[2025-04-05 20:25:17] INFO - Requesting page 126...
[2025-04-05 20:25:35] INFO - Saved page 126 (100 profiles) to data\raw\yoopies\75000\childcare\babysitting\page_126.json
[2025-04-05 20:25:35] DEBUG - Next page number: 127
[2025-04-05 20:25:35] DEBUG - Sleeping for 0.96 seconds...
[2025-04-05 20:25:36] INFO - Requesting page 127...
[2025-04-05 20:25:55] INFO - Saved page 127 (100 profiles) to data\raw\yoopies\75000\childcare\babysitting\page_127.json
[2025-04-05 20:25:55] DEBUG - Next page number: 128
[2025-04-05 20:25:55] DEBUG - Sleeping for 0.62 seconds...
[2025-04-05 20:25:55] INFO - Requesting page 128...
[2025-04-05 20:26:14] INFO - Saved page 128 (100 profiles) to data\raw\yoopies\75000\childcare\babysitting\page_128.json
[2025-04-05 20:26:14] DEBUG - Next page number: 129
[2025-04-05 20:26:14] DEBUG - Sleeping for 0.66 seconds...
[2025-04-05 20:26:14] INFO - Requesting page 129...
[2025-04-05 20:26:33] INFO - Saved page 129 (100 profiles) to data\raw\yoopies\75000\childcare\babysitting\page_129.json
[2025-04-05 20:26:33] DEBUG - Next page number: 130
[2025-04-05 20:26:33] DEBUG - Sleeping for 0.94 seconds...
[2025-04-05 20:26:34] INFO - Requesting page 130...
[2025-04-05 20:26:52] INFO - Saved page 130 (100 profiles) to data\raw\yoopies\75000\childcare\babysitting\page_130.json
[2025-04-05 20:26:52] DEBUG - Next page number: 131
[2025-04-05 20:26:52] DEBUG - Sleeping for 0.7 seconds...
[2025-04-05 20:26:52] INFO - Requesting page 131...
[2025-04-05 20:27:11] INFO - Saved page 131 (100 profiles) to data\raw\yoopies\75000\childcare\babysitting\page_131.json
[2025-04-05 20:27:11] DEBUG - Next page number: 132
[2025-04-05 20:27:11] DEBUG - Sleeping for 1.02 seconds...
[2025-04-05 20:27:12] INFO - Requesting page 132...
[2025-04-05 20:27:34] INFO - Saved page 132 (100 profiles) to data\raw\yoopies\75000\childcare\babysitting\page_132.json
[2025-04-05 20:27:34] DEBUG - Next page number: 133
[2025-04-05 20:27:34] DEBUG - Sleeping for 0.86 seconds...
[2025-04-05 20:27:35] INFO - Requesting page 133...
[2025-04-05 20:27:55] INFO - Saved page 133 (100 profiles) to data\raw\yoopies\75000\childcare\babysitting\page_133.json
[2025-04-05 20:27:55] DEBUG - Next page number: 134
[2025-04-05 20:27:55] DEBUG - Sleeping for 0.55 seconds...
[2025-04-05 20:27:55] INFO - Requesting page 134...
[2025-04-05 20:28:13] INFO - Saved page 134 (100 profiles) to data\raw\yoopies\75000\childcare\babysitting\page_134.json
[2025-04-05 20:28:13] DEBUG - Next page number: 135
[2025-04-05 20:28:13] DEBUG - Sleeping for 0.93 seconds...
[2025-04-05 20:28:14] INFO - Requesting page 135...
[2025-04-05 20:28:36] INFO - Saved page 135 (100 profiles) to data\raw\yoopies\75000\childcare\babysitting\page_135.json
[2025-04-05 20:28:36] DEBUG - Next page number: 136
[2025-04-05 20:28:36] DEBUG - Sleeping for 1.04 seconds...
[2025-04-05 20:28:37] INFO - Requesting page 136...
[2025-04-05 20:28:57] INFO - Saved page 136 (100 profiles) to data\raw\yoopies\75000\childcare\babysitting\page_136.json
[2025-04-05 20:28:57] DEBUG - Next page number: 137
[2025-04-05 20:28:57] DEBUG - Sleeping for 0.79 seconds...
[2025-04-05 20:28:58] INFO - Requesting page 137...
[2025-04-05 20:29:18] INFO - Saved page 137 (100 profiles) to data\raw\yoopies\75000\childcare\babysitting\page_137.json
[2025-04-05 20:29:18] DEBUG - Next page number: 138
[2025-04-05 20:29:18] DEBUG - Sleeping for 0.96 seconds...
[2025-04-05 20:29:19] INFO - Requesting page 138...
[2025-04-05 20:29:36] INFO - Saved page 138 (100 profiles) to data\raw\yoopies\75000\childcare\babysitting\page_138.json
[2025-04-05 20:29:36] DEBUG - Next page number: 139
[2025-04-05 20:29:36] DEBUG - Sleeping for 0.82 seconds...
[2025-04-05 20:29:37] INFO - Requesting page 139...
[2025-04-05 20:29:56] INFO - Saved page 139 (100 profiles) to data\raw\yoopies\75000\childcare\babysitting\page_139.json
[2025-04-05 20:29:56] DEBUG - Next page number: 140
[2025-04-05 20:29:56] DEBUG - Sleeping for 1.03 seconds...
[2025-04-05 20:29:57] INFO - Requesting page 140...
[2025-04-05 20:30:16] INFO - Saved page 140 (100 profiles) to data\raw\yoopies\75000\childcare\babysitting\page_140.json
[2025-04-05 20:30:16] DEBUG - Next page number: 141
[2025-04-05 20:30:16] DEBUG - Sleeping for 0.51 seconds...
[2025-04-05 20:30:17] INFO - Requesting page 141...
[2025-04-05 20:30:38] INFO - Saved page 141 (100 profiles) to data\raw\yoopies\75000\childcare\babysitting\page_141.json
[2025-04-05 20:30:38] DEBUG - Next page number: 142
[2025-04-05 20:30:38] DEBUG - Sleeping for 0.58 seconds...
[2025-04-05 20:30:38] INFO - Requesting page 142...
[2025-04-05 20:30:58] INFO - Saved page 142 (100 profiles) to data\raw\yoopies\75000\childcare\babysitting\page_142.json
[2025-04-05 20:30:58] DEBUG - Next page number: 143
[2025-04-05 20:30:58] DEBUG - Sleeping for 1.04 seconds...
[2025-04-05 20:30:59] INFO - Requesting page 143...
[2025-04-05 20:31:19] INFO - Saved page 143 (100 profiles) to data\raw\yoopies\75000\childcare\babysitting\page_143.json
[2025-04-05 20:31:19] DEBUG - Next page number: 144
[2025-04-05 20:31:19] DEBUG - Sleeping for 1.07 seconds...
[2025-04-05 20:31:20] INFO - Requesting page 144...
[2025-04-05 20:31:38] INFO - Saved page 144 (100 profiles) to data\raw\yoopies\75000\childcare\babysitting\page_144.json
[2025-04-05 20:31:38] DEBUG - Next page number: 145
[2025-04-05 20:31:38] DEBUG - Sleeping for 1.04 seconds...
[2025-04-05 20:31:39] INFO - Requesting page 145...
[2025-04-05 20:31:59] INFO - Saved page 145 (100 profiles) to data\raw\yoopies\75000\childcare\babysitting\page_145.json
[2025-04-05 20:31:59] DEBUG - Next page number: 146
[2025-04-05 20:31:59] DEBUG - Sleeping for 0.65 seconds...
[2025-04-05 20:32:00] INFO - Requesting page 146...
[2025-04-05 20:32:17] INFO - Saved page 146 (100 profiles) to data\raw\yoopies\75000\childcare\babysitting\page_146.json
[2025-04-05 20:32:17] DEBUG - Next page number: 147
[2025-04-05 20:32:17] DEBUG - Sleeping for 0.71 seconds...
[2025-04-05 20:32:18] INFO - Requesting page 147...
[2025-04-05 20:32:38] INFO - Saved page 147 (100 profiles) to data\raw\yoopies\75000\childcare\babysitting\page_147.json
[2025-04-05 20:32:38] DEBUG - Next page number: 148
[2025-04-05 20:32:38] DEBUG - Sleeping for 0.59 seconds...
[2025-04-05 20:32:38] INFO - Requesting page 148...
[2025-04-05 20:32:58] INFO - Saved page 148 (100 profiles) to data\raw\yoopies\75000\childcare\babysitting\page_148.json
[2025-04-05 20:32:58] DEBUG - Next page number: 149
[2025-04-05 20:32:58] DEBUG - Sleeping for 0.7 seconds...
[2025-04-05 20:32:59] INFO - Requesting page 149...
[2025-04-05 20:33:19] INFO - Saved page 149 (100 profiles) to data\raw\yoopies\75000\childcare\babysitting\page_149.json
[2025-04-05 20:33:19] DEBUG - Next page number: 150
[2025-04-05 20:33:19] DEBUG - Sleeping for 1.1 seconds...
[2025-04-05 20:33:20] INFO - Requesting page 150...
[2025-04-05 20:33:40] INFO - Saved page 150 (100 profiles) to data\raw\yoopies\75000\childcare\babysitting\page_150.json
[2025-04-05 20:33:40] DEBUG - Next page number: 151
[2025-04-05 20:33:40] DEBUG - Sleeping for 0.64 seconds...
[2025-04-05 20:33:41] INFO - Requesting page 151...
[2025-04-05 20:33:59] INFO - Saved page 151 (100 profiles) to data\raw\yoopies\75000\childcare\babysitting\page_151.json
[2025-04-05 20:33:59] DEBUG - Next page number: 152
[2025-04-05 20:33:59] DEBUG - Sleeping for 0.63 seconds...
[2025-04-05 20:34:00] INFO - Requesting page 152...
[2025-04-05 20:34:21] INFO - Saved page 152 (100 profiles) to data\raw\yoopies\75000\childcare\babysitting\page_152.json
[2025-04-05 20:34:21] DEBUG - Next page number: 153
[2025-04-05 20:34:21] DEBUG - Sleeping for 0.53 seconds...
[2025-04-05 20:34:22] INFO - Requesting page 153...
[2025-04-05 20:34:39] INFO - Saved page 153 (100 profiles) to data\raw\yoopies\75000\childcare\babysitting\page_153.json
[2025-04-05 20:34:39] DEBUG - Next page number: 154
[2025-04-05 20:34:39] DEBUG - Sleeping for 0.87 seconds...
[2025-04-05 20:34:40] INFO - Requesting page 154...
[2025-04-05 20:35:00] INFO - Saved page 154 (100 profiles) to data\raw\yoopies\75000\childcare\babysitting\page_154.json
[2025-04-05 20:35:00] DEBUG - Next page number: 155
[2025-04-05 20:35:00] DEBUG - Sleeping for 0.87 seconds...
[2025-04-05 20:35:01] INFO - Requesting page 155...
[2025-04-05 20:35:20] INFO - Saved page 155 (100 profiles) to data\raw\yoopies\75000\childcare\babysitting\page_155.json
[2025-04-05 20:35:20] DEBUG - Next page number: 156
[2025-04-05 20:35:20] DEBUG - Sleeping for 0.99 seconds...
[2025-04-05 20:35:21] INFO - Requesting page 156...
[2025-04-05 20:35:41] INFO - Saved page 156 (100 profiles) to data\raw\yoopies\75000\childcare\babysitting\page_156.json
[2025-04-05 20:35:41] DEBUG - Next page number: 157
[2025-04-05 20:35:41] DEBUG - Sleeping for 1.01 seconds...
[2025-04-05 20:35:42] INFO - Requesting page 157...
[2025-04-05 20:36:02] INFO - Saved page 157 (100 profiles) to data\raw\yoopies\75000\childcare\babysitting\page_157.json
[2025-04-05 20:36:02] DEBUG - Next page number: 158
[2025-04-05 20:36:02] DEBUG - Sleeping for 0.85 seconds...
[2025-04-05 20:36:03] INFO - Requesting page 158...
[2025-04-05 20:36:23] INFO - Saved page 158 (100 profiles) to data\raw\yoopies\75000\childcare\babysitting\page_158.json
[2025-04-05 20:36:23] DEBUG - Next page number: 159
[2025-04-05 20:36:23] DEBUG - Sleeping for 0.63 seconds...
[2025-04-05 20:36:23] INFO - Requesting page 159...
[2025-04-05 20:36:43] INFO - Saved page 159 (100 profiles) to data\raw\yoopies\75000\childcare\babysitting\page_159.json
[2025-04-05 20:36:43] DEBUG - Next page number: 160
[2025-04-05 20:36:43] DEBUG - Sleeping for 0.96 seconds...
[2025-04-05 20:36:44] INFO - Requesting page 160...
[2025-04-05 20:37:03] INFO - Saved page 160 (100 profiles) to data\raw\yoopies\75000\childcare\babysitting\page_160.json
[2025-04-05 20:37:03] DEBUG - Next page number: 161
[2025-04-05 20:37:03] DEBUG - Sleeping for 0.95 seconds...
[2025-04-05 20:37:04] INFO - Requesting page 161...
[2025-04-05 20:37:23] INFO - Saved page 161 (100 profiles) to data\raw\yoopies\75000\childcare\babysitting\page_161.json
[2025-04-05 20:37:23] DEBUG - Next page number: 162
[2025-04-05 20:37:23] DEBUG - Sleeping for 0.86 seconds...
[2025-04-05 20:37:24] INFO - Requesting page 162...
[2025-04-05 20:37:43] INFO - Saved page 162 (100 profiles) to data\raw\yoopies\75000\childcare\babysitting\page_162.json
[2025-04-05 20:37:43] DEBUG - Next page number: 163
[2025-04-05 20:37:43] DEBUG - Sleeping for 0.9 seconds...
[2025-04-05 20:37:44] INFO - Requesting page 163...
[2025-04-05 20:38:05] INFO - Saved page 163 (100 profiles) to data\raw\yoopies\75000\childcare\babysitting\page_163.json
[2025-04-05 20:38:05] DEBUG - Next page number: 164
[2025-04-05 20:38:05] DEBUG - Sleeping for 0.82 seconds...
[2025-04-05 20:38:06] INFO - Requesting page 164...
[2025-04-05 20:38:23] INFO - Saved page 164 (100 profiles) to data\raw\yoopies\75000\childcare\babysitting\page_164.json
[2025-04-05 20:38:23] DEBUG - Next page number: 165
[2025-04-05 20:38:23] DEBUG - Sleeping for 0.67 seconds...
[2025-04-05 20:38:24] INFO - Requesting page 165...
[2025-04-05 20:38:43] INFO - Saved page 165 (100 profiles) to data\raw\yoopies\75000\childcare\babysitting\page_165.json
[2025-04-05 20:38:43] DEBUG - Next page number: 166
[2025-04-05 20:38:43] DEBUG - Sleeping for 1.1 seconds...
[2025-04-05 20:38:45] INFO - Requesting page 166...
[2025-04-05 20:39:04] INFO - Saved page 166 (100 profiles) to data\raw\yoopies\75000\childcare\babysitting\page_166.json
[2025-04-05 20:39:04] DEBUG - Next page number: 167
[2025-04-05 20:39:04] DEBUG - Sleeping for 0.94 seconds...
[2025-04-05 20:39:05] INFO - Requesting page 167...
[2025-04-05 20:39:24] INFO - Saved page 167 (100 profiles) to data\raw\yoopies\75000\childcare\babysitting\page_167.json
[2025-04-05 20:39:24] DEBUG - Next page number: 168
[2025-04-05 20:39:24] DEBUG - Sleeping for 0.54 seconds...
[2025-04-05 20:39:25] INFO - Requesting page 168...
[2025-04-05 20:39:44] INFO - Saved page 168 (100 profiles) to data\raw\yoopies\75000\childcare\babysitting\page_168.json
[2025-04-05 20:39:44] DEBUG - Next page number: 169
[2025-04-05 20:39:44] DEBUG - Sleeping for 0.88 seconds...
[2025-04-05 20:39:45] INFO - Requesting page 169...
[2025-04-05 20:40:05] INFO - Saved page 169 (100 profiles) to data\raw\yoopies\75000\childcare\babysitting\page_169.json
[2025-04-05 20:40:05] DEBUG - Next page number: 170
[2025-04-05 20:40:05] DEBUG - Sleeping for 0.52 seconds...
[2025-04-05 20:40:05] INFO - Requesting page 170...
[2025-04-05 20:40:26] INFO - Saved page 170 (100 profiles) to data\raw\yoopies\75000\childcare\babysitting\page_170.json
[2025-04-05 20:40:26] DEBUG - Next page number: 171
[2025-04-05 20:40:26] DEBUG - Sleeping for 0.93 seconds...
[2025-04-05 20:40:27] INFO - Requesting page 171...
[2025-04-05 20:40:46] INFO - Saved page 171 (100 profiles) to data\raw\yoopies\75000\childcare\babysitting\page_171.json
[2025-04-05 20:40:46] DEBUG - Next page number: 172
[2025-04-05 20:40:46] DEBUG - Sleeping for 0.99 seconds...
[2025-04-05 20:40:47] INFO - Requesting page 172...
[2025-04-05 20:41:07] INFO - Saved page 172 (100 profiles) to data\raw\yoopies\75000\childcare\babysitting\page_172.json
[2025-04-05 20:41:07] DEBUG - Next page number: 173
[2025-04-05 20:41:07] DEBUG - Sleeping for 0.9 seconds...
[2025-04-05 20:41:08] INFO - Requesting page 173...
[2025-04-05 20:41:27] INFO - Saved page 173 (100 profiles) to data\raw\yoopies\75000\childcare\babysitting\page_173.json
[2025-04-05 20:41:27] DEBUG - Next page number: 174
[2025-04-05 20:41:27] DEBUG - Sleeping for 0.76 seconds...
[2025-04-05 20:41:28] INFO - Requesting page 174...
[2025-04-05 20:41:47] INFO - Saved page 174 (100 profiles) to data\raw\yoopies\75000\childcare\babysitting\page_174.json
[2025-04-05 20:41:47] DEBUG - Next page number: 175
[2025-04-05 20:41:47] DEBUG - Sleeping for 0.88 seconds...
[2025-04-05 20:41:48] INFO - Requesting page 175...
[2025-04-05 20:42:07] INFO - Saved page 175 (100 profiles) to data\raw\yoopies\75000\childcare\babysitting\page_175.json
[2025-04-05 20:42:07] DEBUG - Next page number: 176
[2025-04-05 20:42:07] DEBUG - Sleeping for 0.57 seconds...
[2025-04-05 20:42:07] INFO - Requesting page 176...
[2025-04-05 20:42:24] INFO - Saved page 176 (100 profiles) to data\raw\yoopies\75000\childcare\babysitting\page_176.json
[2025-04-05 20:42:24] DEBUG - Next page number: 177
[2025-04-05 20:42:24] DEBUG - Sleeping for 0.63 seconds...
[2025-04-05 20:42:25] INFO - Requesting page 177...
[2025-04-05 20:42:44] INFO - Saved page 177 (100 profiles) to data\raw\yoopies\75000\childcare\babysitting\page_177.json
[2025-04-05 20:42:44] DEBUG - Next page number: 178
[2025-04-05 20:42:44] DEBUG - Sleeping for 0.87 seconds...
[2025-04-05 20:42:45] INFO - Requesting page 178...
[2025-04-05 20:43:03] INFO - Saved page 178 (100 profiles) to data\raw\yoopies\75000\childcare\babysitting\page_178.json
[2025-04-05 20:43:03] DEBUG - Next page number: 179
[2025-04-05 20:43:03] DEBUG - Sleeping for 0.6 seconds...
[2025-04-05 20:43:03] INFO - Requesting page 179...
[2025-04-05 20:43:21] INFO - Saved page 179 (100 profiles) to data\raw\yoopies\75000\childcare\babysitting\page_179.json
[2025-04-05 20:43:21] DEBUG - Next page number: 180
[2025-04-05 20:43:21] DEBUG - Sleeping for 0.61 seconds...
[2025-04-05 20:43:22] INFO - Requesting page 180...
[2025-04-05 20:43:40] INFO - Saved page 180 (100 profiles) to data\raw\yoopies\75000\childcare\babysitting\page_180.json
[2025-04-05 20:43:40] DEBUG - Next page number: 181
[2025-04-05 20:43:40] DEBUG - Sleeping for 0.54 seconds...
[2025-04-05 20:43:41] INFO - Requesting page 181...
[2025-04-05 20:44:01] INFO - Saved page 181 (100 profiles) to data\raw\yoopies\75000\childcare\babysitting\page_181.json
[2025-04-05 20:44:01] DEBUG - Next page number: 182
[2025-04-05 20:44:01] DEBUG - Sleeping for 0.99 seconds...
[2025-04-05 20:44:02] INFO - Requesting page 182...
[2025-04-05 20:44:22] INFO - Saved page 182 (100 profiles) to data\raw\yoopies\75000\childcare\babysitting\page_182.json
[2025-04-05 20:44:22] DEBUG - Next page number: 183
[2025-04-05 20:44:22] DEBUG - Sleeping for 0.57 seconds...
[2025-04-05 20:44:22] INFO - Requesting page 183...
[2025-04-05 20:44:44] INFO - Saved page 183 (100 profiles) to data\raw\yoopies\75000\childcare\babysitting\page_183.json
[2025-04-05 20:44:44] DEBUG - Next page number: 184
[2025-04-05 20:44:44] DEBUG - Sleeping for 0.78 seconds...
[2025-04-05 20:44:45] INFO - Requesting page 184...
[2025-04-05 20:45:03] INFO - Saved page 184 (100 profiles) to data\raw\yoopies\75000\childcare\babysitting\page_184.json
[2025-04-05 20:45:03] DEBUG - Next page number: 185
[2025-04-05 20:45:03] DEBUG - Sleeping for 0.63 seconds...
[2025-04-05 20:45:04] INFO - Requesting page 185...
[2025-04-05 20:45:22] INFO - Saved page 185 (100 profiles) to data\raw\yoopies\75000\childcare\babysitting\page_185.json
[2025-04-05 20:45:22] DEBUG - Next page number: 186
[2025-04-05 20:45:22] DEBUG - Sleeping for 0.78 seconds...
[2025-04-05 20:45:23] INFO - Requesting page 186...
[2025-04-05 20:45:43] INFO - Saved page 186 (100 profiles) to data\raw\yoopies\75000\childcare\babysitting\page_186.json
[2025-04-05 20:45:43] DEBUG - Next page number: 187
[2025-04-05 20:45:43] DEBUG - Sleeping for 0.84 seconds...
[2025-04-05 20:45:44] INFO - Requesting page 187...
[2025-04-05 20:46:03] INFO - Saved page 187 (100 profiles) to data\raw\yoopies\75000\childcare\babysitting\page_187.json
[2025-04-05 20:46:03] DEBUG - Next page number: 188
[2025-04-05 20:46:03] DEBUG - Sleeping for 0.83 seconds...
[2025-04-05 20:46:03] INFO - Requesting page 188...
[2025-04-05 20:46:24] INFO - Saved page 188 (100 profiles) to data\raw\yoopies\75000\childcare\babysitting\page_188.json
[2025-04-05 20:46:24] DEBUG - Next page number: 189
[2025-04-05 20:46:24] DEBUG - Sleeping for 0.77 seconds...
[2025-04-05 20:46:24] INFO - Requesting page 189...
[2025-04-05 20:46:43] INFO - Saved page 189 (100 profiles) to data\raw\yoopies\75000\childcare\babysitting\page_189.json
[2025-04-05 20:46:43] DEBUG - Next page number: 190
[2025-04-05 20:46:43] DEBUG - Sleeping for 0.7 seconds...
[2025-04-05 20:46:44] INFO - Requesting page 190...
[2025-04-05 20:47:02] INFO - Saved page 190 (100 profiles) to data\raw\yoopies\75000\childcare\babysitting\page_190.json
[2025-04-05 20:47:02] DEBUG - Next page number: 191
[2025-04-05 20:47:02] DEBUG - Sleeping for 0.88 seconds...
[2025-04-05 20:47:03] INFO - Requesting page 191...
[2025-04-05 20:47:22] INFO - Saved page 191 (100 profiles) to data\raw\yoopies\75000\childcare\babysitting\page_191.json
[2025-04-05 20:47:22] DEBUG - Next page number: 192
[2025-04-05 20:47:22] DEBUG - Sleeping for 1.0 seconds...
[2025-04-05 20:47:23] INFO - Requesting page 192...
[2025-04-05 20:47:42] INFO - Saved page 192 (100 profiles) to data\raw\yoopies\75000\childcare\babysitting\page_192.json
[2025-04-05 20:47:42] DEBUG - Next page number: 193
[2025-04-05 20:47:42] DEBUG - Sleeping for 0.97 seconds...
[2025-04-05 20:47:43] INFO - Requesting page 193...
[2025-04-05 20:48:03] INFO - Saved page 193 (100 profiles) to data\raw\yoopies\75000\childcare\babysitting\page_193.json
[2025-04-05 20:48:03] DEBUG - Next page number: 194
[2025-04-05 20:48:03] DEBUG - Sleeping for 0.5 seconds...
[2025-04-05 20:48:04] INFO - Requesting page 194...
[2025-04-05 20:48:25] INFO - Saved page 194 (100 profiles) to data\raw\yoopies\75000\childcare\babysitting\page_194.json
[2025-04-05 20:48:25] DEBUG - Next page number: 195
[2025-04-05 20:48:25] DEBUG - Sleeping for 0.97 seconds...
[2025-04-05 20:48:26] INFO - Requesting page 195...
[2025-04-05 20:48:43] INFO - Saved page 195 (100 profiles) to data\raw\yoopies\75000\childcare\babysitting\page_195.json
[2025-04-05 20:48:43] DEBUG - Next page number: 196
[2025-04-05 20:48:43] DEBUG - Sleeping for 0.79 seconds...
[2025-04-05 20:48:44] INFO - Requesting page 196...
[2025-04-05 20:49:02] INFO - Saved page 196 (100 profiles) to data\raw\yoopies\75000\childcare\babysitting\page_196.json
[2025-04-05 20:49:02] DEBUG - Next page number: 197
[2025-04-05 20:49:02] DEBUG - Sleeping for 0.71 seconds...
[2025-04-05 20:49:03] INFO - Requesting page 197...
[2025-04-05 20:49:22] INFO - Saved page 197 (100 profiles) to data\raw\yoopies\75000\childcare\babysitting\page_197.json
[2025-04-05 20:49:22] DEBUG - Next page number: 198
[2025-04-05 20:49:22] DEBUG - Sleeping for 0.79 seconds...
[2025-04-05 20:49:23] INFO - Requesting page 198...
[2025-04-05 20:49:42] INFO - Saved page 198 (100 profiles) to data\raw\yoopies\75000\childcare\babysitting\page_198.json
[2025-04-05 20:49:42] DEBUG - Next page number: 199
[2025-04-05 20:49:42] DEBUG - Sleeping for 1.08 seconds...
[2025-04-05 20:49:43] INFO - Requesting page 199...
[2025-04-05 20:50:00] INFO - Saved page 199 (100 profiles) to data\raw\yoopies\75000\childcare\babysitting\page_199.json
[2025-04-05 20:50:00] DEBUG - Next page number: 200
[2025-04-05 20:50:00] DEBUG - Sleeping for 0.59 seconds...
[2025-04-05 20:50:01] INFO - Requesting page 200...
[2025-04-05 20:50:21] INFO - Saved page 200 (100 profiles) to data\raw\yoopies\75000\childcare\babysitting\page_200.json
[2025-04-05 20:50:21] DEBUG - Next page number: 201
[2025-04-05 20:50:21] DEBUG - Sleeping for 0.67 seconds...
[2025-04-05 20:50:22] INFO - Requesting page 201...
[2025-04-05 20:50:40] INFO - Saved page 201 (100 profiles) to data\raw\yoopies\75000\childcare\babysitting\page_201.json
[2025-04-05 20:50:40] DEBUG - Next page number: 202
[2025-04-05 20:50:40] DEBUG - Sleeping for 1.02 seconds...
[2025-04-05 20:50:41] INFO - Requesting page 202...
[2025-04-05 20:51:00] INFO - Saved page 202 (100 profiles) to data\raw\yoopies\75000\childcare\babysitting\page_202.json
[2025-04-05 20:51:00] DEBUG - Next page number: 203
[2025-04-05 20:51:00] DEBUG - Sleeping for 0.96 seconds...
[2025-04-05 20:51:01] INFO - Requesting page 203...
[2025-04-05 20:51:20] INFO - Saved page 203 (100 profiles) to data\raw\yoopies\75000\childcare\babysitting\page_203.json
[2025-04-05 20:51:20] DEBUG - Next page number: 204
[2025-04-05 20:51:20] DEBUG - Sleeping for 0.93 seconds...
[2025-04-05 20:51:21] INFO - Requesting page 204...
[2025-04-05 20:51:39] INFO - Saved page 204 (100 profiles) to data\raw\yoopies\75000\childcare\babysitting\page_204.json
[2025-04-05 20:51:39] DEBUG - Next page number: 205
[2025-04-05 20:51:39] DEBUG - Sleeping for 0.98 seconds...
[2025-04-05 20:51:40] INFO - Requesting page 205...
[2025-04-05 20:51:59] INFO - Saved page 205 (100 profiles) to data\raw\yoopies\75000\childcare\babysitting\page_205.json
[2025-04-05 20:51:59] DEBUG - Next page number: 206
[2025-04-05 20:51:59] DEBUG - Sleeping for 0.57 seconds...
[2025-04-05 20:52:00] INFO - Requesting page 206...
[2025-04-05 20:52:20] INFO - Saved page 206 (100 profiles) to data\raw\yoopies\75000\childcare\babysitting\page_206.json
[2025-04-05 20:52:20] DEBUG - Next page number: 207
[2025-04-05 20:52:20] DEBUG - Sleeping for 0.68 seconds...
[2025-04-05 20:52:21] INFO - Requesting page 207...
[2025-04-05 20:52:39] INFO - Saved page 207 (100 profiles) to data\raw\yoopies\75000\childcare\babysitting\page_207.json
[2025-04-05 20:52:39] DEBUG - Next page number: 208
[2025-04-05 20:52:39] DEBUG - Sleeping for 0.84 seconds...
[2025-04-05 20:52:40] INFO - Requesting page 208...
[2025-04-05 20:53:00] INFO - Saved page 208 (100 profiles) to data\raw\yoopies\75000\childcare\babysitting\page_208.json
[2025-04-05 20:53:00] DEBUG - Next page number: 209
[2025-04-05 20:53:00] DEBUG - Sleeping for 1.08 seconds...
[2025-04-05 20:53:01] INFO - Requesting page 209...
[2025-04-05 20:53:21] INFO - Saved page 209 (100 profiles) to data\raw\yoopies\75000\childcare\babysitting\page_209.json
[2025-04-05 20:53:21] DEBUG - Next page number: 210
[2025-04-05 20:53:21] DEBUG - Sleeping for 0.82 seconds...
[2025-04-05 20:53:21] INFO - Requesting page 210...
[2025-04-05 20:53:38] INFO - Saved page 210 (100 profiles) to data\raw\yoopies\75000\childcare\babysitting\page_210.json
[2025-04-05 20:53:38] DEBUG - Next page number: 211
[2025-04-05 20:53:38] DEBUG - Sleeping for 0.92 seconds...
[2025-04-05 20:53:39] INFO - Requesting page 211...
[2025-04-05 20:53:57] INFO - Saved page 211 (100 profiles) to data\raw\yoopies\75000\childcare\babysitting\page_211.json
[2025-04-05 20:53:57] DEBUG - Next page number: 212
[2025-04-05 20:53:57] DEBUG - Sleeping for 0.88 seconds...
[2025-04-05 20:53:58] INFO - Requesting page 212...
[2025-04-05 20:54:15] INFO - Saved page 212 (100 profiles) to data\raw\yoopies\75000\childcare\babysitting\page_212.json
[2025-04-05 20:54:15] DEBUG - Next page number: 213
[2025-04-05 20:54:15] DEBUG - Sleeping for 0.76 seconds...
[2025-04-05 20:54:16] INFO - Requesting page 213...
[2025-04-05 20:54:34] INFO - Saved page 213 (100 profiles) to data\raw\yoopies\75000\childcare\babysitting\page_213.json
[2025-04-05 20:54:34] DEBUG - Next page number: 214
[2025-04-05 20:54:34] DEBUG - Sleeping for 0.65 seconds...
[2025-04-05 20:54:34] INFO - Requesting page 214...
[2025-04-05 20:54:53] INFO - Saved page 214 (100 profiles) to data\raw\yoopies\75000\childcare\babysitting\page_214.json
[2025-04-05 20:54:53] DEBUG - Next page number: 215
[2025-04-05 20:54:53] DEBUG - Sleeping for 0.81 seconds...
[2025-04-05 20:54:54] INFO - Requesting page 215...
[2025-04-05 20:55:12] INFO - Saved page 215 (100 profiles) to data\raw\yoopies\75000\childcare\babysitting\page_215.json
[2025-04-05 20:55:12] DEBUG - Next page number: 216
[2025-04-05 20:55:12] DEBUG - Sleeping for 0.99 seconds...
[2025-04-05 20:55:13] INFO - Requesting page 216...
[2025-04-05 20:55:33] INFO - Saved page 216 (100 profiles) to data\raw\yoopies\75000\childcare\babysitting\page_216.json
[2025-04-05 20:55:33] DEBUG - Next page number: 217
[2025-04-05 20:55:33] DEBUG - Sleeping for 1.02 seconds...
[2025-04-05 20:55:34] INFO - Requesting page 217...
[2025-04-05 20:55:53] INFO - Saved page 217 (100 profiles) to data\raw\yoopies\75000\childcare\babysitting\page_217.json
[2025-04-05 20:55:53] DEBUG - Next page number: 218
[2025-04-05 20:55:53] DEBUG - Sleeping for 0.88 seconds...
[2025-04-05 20:55:54] INFO - Requesting page 218...
[2025-04-05 20:56:12] INFO - Saved page 218 (100 profiles) to data\raw\yoopies\75000\childcare\babysitting\page_218.json
[2025-04-05 20:56:12] DEBUG - Next page number: 219
[2025-04-05 20:56:12] DEBUG - Sleeping for 0.66 seconds...
[2025-04-05 20:56:12] INFO - Requesting page 219...
[2025-04-05 20:56:32] INFO - Saved page 219 (100 profiles) to data\raw\yoopies\75000\childcare\babysitting\page_219.json
[2025-04-05 20:56:32] DEBUG - Next page number: 220
[2025-04-05 20:56:32] DEBUG - Sleeping for 0.89 seconds...
[2025-04-05 20:56:33] INFO - Requesting page 220...
[2025-04-05 20:56:53] INFO - Saved page 220 (100 profiles) to data\raw\yoopies\75000\childcare\babysitting\page_220.json
[2025-04-05 20:56:53] DEBUG - Next page number: 221
[2025-04-05 20:56:53] DEBUG - Sleeping for 1.08 seconds...
[2025-04-05 20:56:54] INFO - Requesting page 221...
[2025-04-05 20:57:14] INFO - Saved page 221 (100 profiles) to data\raw\yoopies\75000\childcare\babysitting\page_221.json
[2025-04-05 20:57:14] DEBUG - Next page number: 222
[2025-04-05 20:57:14] DEBUG - Sleeping for 1.06 seconds...
[2025-04-05 20:57:15] INFO - Requesting page 222...
[2025-04-05 20:57:36] INFO - Saved page 222 (100 profiles) to data\raw\yoopies\75000\childcare\babysitting\page_222.json
[2025-04-05 20:57:36] DEBUG - Next page number: 223
[2025-04-05 20:57:36] DEBUG - Sleeping for 1.07 seconds...
[2025-04-05 20:57:37] INFO - Requesting page 223...
[2025-04-05 20:57:57] INFO - Saved page 223 (100 profiles) to data\raw\yoopies\75000\childcare\babysitting\page_223.json
[2025-04-05 20:57:57] DEBUG - Next page number: 224
[2025-04-05 20:57:57] DEBUG - Sleeping for 0.8 seconds...
[2025-04-05 20:57:57] INFO - Requesting page 224...
[2025-04-05 20:58:17] INFO - Saved page 224 (100 profiles) to data\raw\yoopies\75000\childcare\babysitting\page_224.json
[2025-04-05 20:58:17] DEBUG - Next page number: 225
[2025-04-05 20:58:17] DEBUG - Sleeping for 0.61 seconds...
[2025-04-05 20:58:18] INFO - Requesting page 225...
[2025-04-05 20:58:36] INFO - Saved page 225 (100 profiles) to data\raw\yoopies\75000\childcare\babysitting\page_225.json
[2025-04-05 20:58:36] DEBUG - Next page number: 226
[2025-04-05 20:58:36] DEBUG - Sleeping for 0.78 seconds...
[2025-04-05 20:58:37] INFO - Requesting page 226...
[2025-04-05 20:58:56] INFO - Saved page 226 (100 profiles) to data\raw\yoopies\75000\childcare\babysitting\page_226.json
[2025-04-05 20:58:56] DEBUG - Next page number: 227
[2025-04-05 20:58:56] DEBUG - Sleeping for 0.77 seconds...
[2025-04-05 20:58:57] INFO - Requesting page 227...
[2025-04-05 20:59:16] INFO - Saved page 227 (100 profiles) to data\raw\yoopies\75000\childcare\babysitting\page_227.json
[2025-04-05 20:59:16] DEBUG - Next page number: 228
[2025-04-05 20:59:16] DEBUG - Sleeping for 0.63 seconds...
[2025-04-05 20:59:16] INFO - Requesting page 228...
[2025-04-05 20:59:36] INFO - Saved page 228 (100 profiles) to data\raw\yoopies\75000\childcare\babysitting\page_228.json
[2025-04-05 20:59:36] DEBUG - Next page number: 229
[2025-04-05 20:59:36] DEBUG - Sleeping for 0.7 seconds...
[2025-04-05 20:59:37] INFO - Requesting page 229...
[2025-04-05 20:59:56] INFO - Saved page 229 (100 profiles) to data\raw\yoopies\75000\childcare\babysitting\page_229.json
[2025-04-05 20:59:56] DEBUG - Next page number: 230
[2025-04-05 20:59:56] DEBUG - Sleeping for 0.83 seconds...
[2025-04-05 20:59:57] INFO - Requesting page 230...
[2025-04-05 21:00:16] INFO - Saved page 230 (100 profiles) to data\raw\yoopies\75000\childcare\babysitting\page_230.json
[2025-04-05 21:00:16] DEBUG - Next page number: 231
[2025-04-05 21:00:16] DEBUG - Sleeping for 0.59 seconds...
[2025-04-05 21:00:16] INFO - Requesting page 231...
[2025-04-05 21:00:35] INFO - Saved page 231 (100 profiles) to data\raw\yoopies\75000\childcare\babysitting\page_231.json
[2025-04-05 21:00:35] DEBUG - Next page number: 232
[2025-04-05 21:00:35] DEBUG - Sleeping for 0.88 seconds...
[2025-04-05 21:00:35] INFO - Requesting page 232...
[2025-04-05 21:00:54] INFO - Saved page 232 (100 profiles) to data\raw\yoopies\75000\childcare\babysitting\page_232.json
[2025-04-05 21:00:54] DEBUG - Next page number: 233
[2025-04-05 21:00:54] DEBUG - Sleeping for 0.55 seconds...
[2025-04-05 21:00:54] INFO - Requesting page 233...
[2025-04-05 21:01:15] INFO - Saved page 233 (100 profiles) to data\raw\yoopies\75000\childcare\babysitting\page_233.json
[2025-04-05 21:01:15] DEBUG - Next page number: 234
[2025-04-05 21:01:15] DEBUG - Sleeping for 0.86 seconds...
[2025-04-05 21:01:16] INFO - Requesting page 234...
[2025-04-05 21:01:34] INFO - Saved page 234 (100 profiles) to data\raw\yoopies\75000\childcare\babysitting\page_234.json
[2025-04-05 21:01:34] DEBUG - Next page number: 235
[2025-04-05 21:01:34] DEBUG - Sleeping for 0.58 seconds...
[2025-04-05 21:01:35] INFO - Requesting page 235...
[2025-04-05 21:01:54] INFO - Saved page 235 (100 profiles) to data\raw\yoopies\75000\childcare\babysitting\page_235.json
[2025-04-05 21:01:54] DEBUG - Next page number: 236
[2025-04-05 21:01:54] DEBUG - Sleeping for 0.72 seconds...
[2025-04-05 21:01:55] INFO - Requesting page 236...
[2025-04-05 21:02:13] INFO - Saved page 236 (100 profiles) to data\raw\yoopies\75000\childcare\babysitting\page_236.json
[2025-04-05 21:02:13] DEBUG - Next page number: 237
[2025-04-05 21:02:13] DEBUG - Sleeping for 0.9 seconds...
[2025-04-05 21:02:14] INFO - Requesting page 237...
[2025-04-05 21:02:33] INFO - Saved page 237 (100 profiles) to data\raw\yoopies\75000\childcare\babysitting\page_237.json
[2025-04-05 21:02:33] DEBUG - Next page number: 238
[2025-04-05 21:02:33] DEBUG - Sleeping for 0.86 seconds...
[2025-04-05 21:02:34] INFO - Requesting page 238...
[2025-04-05 21:02:54] INFO - Saved page 238 (100 profiles) to data\raw\yoopies\75000\childcare\babysitting\page_238.json
[2025-04-05 21:02:54] DEBUG - Next page number: 239
[2025-04-05 21:02:54] DEBUG - Sleeping for 0.63 seconds...
[2025-04-05 21:02:55] INFO - Requesting page 239...
[2025-04-05 21:03:15] INFO - Saved page 239 (100 profiles) to data\raw\yoopies\75000\childcare\babysitting\page_239.json
[2025-04-05 21:03:15] DEBUG - Next page number: 240
[2025-04-05 21:03:15] DEBUG - Sleeping for 0.79 seconds...
[2025-04-05 21:03:16] INFO - Requesting page 240...
[2025-04-05 21:03:35] INFO - Saved page 240 (100 profiles) to data\raw\yoopies\75000\childcare\babysitting\page_240.json
[2025-04-05 21:03:35] DEBUG - Next page number: 241
[2025-04-05 21:03:35] DEBUG - Sleeping for 1.09 seconds...
[2025-04-05 21:03:36] INFO - Requesting page 241...
[2025-04-05 21:03:54] INFO - Saved page 241 (100 profiles) to data\raw\yoopies\75000\childcare\babysitting\page_241.json
[2025-04-05 21:03:54] DEBUG - Next page number: 242
[2025-04-05 21:03:54] DEBUG - Sleeping for 0.8 seconds...
[2025-04-05 21:03:55] INFO - Requesting page 242...
[2025-04-05 21:04:14] INFO - Saved page 242 (100 profiles) to data\raw\yoopies\75000\childcare\babysitting\page_242.json
[2025-04-05 21:04:14] DEBUG - Next page number: 243
[2025-04-05 21:04:14] DEBUG - Sleeping for 1.05 seconds...
[2025-04-05 21:04:15] INFO - Requesting page 243...
[2025-04-05 21:04:35] INFO - Saved page 243 (100 profiles) to data\raw\yoopies\75000\childcare\babysitting\page_243.json
[2025-04-05 21:04:35] DEBUG - Next page number: 244
[2025-04-05 21:04:35] DEBUG - Sleeping for 0.81 seconds...
[2025-04-05 21:04:36] INFO - Requesting page 244...
[2025-04-05 21:04:55] INFO - Saved page 244 (100 profiles) to data\raw\yoopies\75000\childcare\babysitting\page_244.json
[2025-04-05 21:04:55] DEBUG - Next page number: 245
[2025-04-05 21:04:55] DEBUG - Sleeping for 0.83 seconds...
[2025-04-05 21:04:56] INFO - Requesting page 245...
[2025-04-05 21:05:15] INFO - Saved page 245 (100 profiles) to data\raw\yoopies\75000\childcare\babysitting\page_245.json
[2025-04-05 21:05:15] DEBUG - Next page number: 246
[2025-04-05 21:05:15] DEBUG - Sleeping for 0.64 seconds...
[2025-04-05 21:05:15] INFO - Requesting page 246...
[2025-04-05 21:05:35] INFO - Saved page 246 (100 profiles) to data\raw\yoopies\75000\childcare\babysitting\page_246.json
[2025-04-05 21:05:35] DEBUG - Next page number: 247
[2025-04-05 21:05:35] DEBUG - Sleeping for 0.99 seconds...
[2025-04-05 21:05:35] INFO - Requesting page 247...
[2025-04-05 21:05:56] INFO - Saved page 247 (100 profiles) to data\raw\yoopies\75000\childcare\babysitting\page_247.json
[2025-04-05 21:05:56] DEBUG - Next page number: 248
[2025-04-05 21:05:56] DEBUG - Sleeping for 0.72 seconds...
[2025-04-05 21:05:56] INFO - Requesting page 248...
[2025-04-05 21:06:14] INFO - Saved page 248 (100 profiles) to data\raw\yoopies\75000\childcare\babysitting\page_248.json
[2025-04-05 21:06:14] DEBUG - Next page number: 249
[2025-04-05 21:06:14] DEBUG - Sleeping for 0.92 seconds...
[2025-04-05 21:06:15] INFO - Requesting page 249...
[2025-04-05 21:06:34] INFO - Saved page 249 (100 profiles) to data\raw\yoopies\75000\childcare\babysitting\page_249.json
[2025-04-05 21:06:34] DEBUG - Next page number: 250
[2025-04-05 21:06:34] DEBUG - Sleeping for 0.53 seconds...
[2025-04-05 21:06:34] INFO - Requesting page 250...
[2025-04-05 21:06:51] INFO - Saved page 250 (100 profiles) to data\raw\yoopies\75000\childcare\babysitting\page_250.json
[2025-04-05 21:06:51] DEBUG - Next page number: 251
[2025-04-05 21:06:51] DEBUG - Sleeping for 0.95 seconds...
[2025-04-05 21:06:52] INFO - Requesting page 251...
[2025-04-05 21:07:09] INFO - Saved page 251 (100 profiles) to data\raw\yoopies\75000\childcare\babysitting\page_251.json
[2025-04-05 21:07:09] DEBUG - Next page number: 252
[2025-04-05 21:07:09] DEBUG - Sleeping for 1.07 seconds...
[2025-04-05 21:07:11] INFO - Requesting page 252...
[2025-04-05 21:07:27] INFO - Saved page 252 (100 profiles) to data\raw\yoopies\75000\childcare\babysitting\page_252.json
[2025-04-05 21:07:27] DEBUG - Next page number: 253
[2025-04-05 21:07:27] DEBUG - Sleeping for 0.55 seconds...
[2025-04-05 21:07:28] INFO - Requesting page 253...
[2025-04-05 21:07:47] INFO - Saved page 253 (100 profiles) to data\raw\yoopies\75000\childcare\babysitting\page_253.json
[2025-04-05 21:07:47] DEBUG - Next page number: 254
[2025-04-05 21:07:47] DEBUG - Sleeping for 0.62 seconds...
[2025-04-05 21:07:47] INFO - Requesting page 254...
[2025-04-05 21:08:06] INFO - Saved page 254 (100 profiles) to data\raw\yoopies\75000\childcare\babysitting\page_254.json
[2025-04-05 21:08:06] DEBUG - Next page number: 255
[2025-04-05 21:08:06] DEBUG - Sleeping for 0.92 seconds...
[2025-04-05 21:08:06] INFO - Requesting page 255...
[2025-04-05 21:08:27] INFO - Saved page 255 (100 profiles) to data\raw\yoopies\75000\childcare\babysitting\page_255.json
[2025-04-05 21:08:27] DEBUG - Next page number: 256
[2025-04-05 21:08:27] DEBUG - Sleeping for 0.54 seconds...
[2025-04-05 21:08:27] INFO - Requesting page 256...
[2025-04-05 21:08:46] INFO - Saved page 256 (100 profiles) to data\raw\yoopies\75000\childcare\babysitting\page_256.json
[2025-04-05 21:08:46] DEBUG - Next page number: 257
[2025-04-05 21:08:46] DEBUG - Sleeping for 0.75 seconds...
[2025-04-05 21:08:47] INFO - Requesting page 257...
[2025-04-05 21:09:07] INFO - Saved page 257 (100 profiles) to data\raw\yoopies\75000\childcare\babysitting\page_257.json
[2025-04-05 21:09:07] DEBUG - Next page number: 258
[2025-04-05 21:09:07] DEBUG - Sleeping for 0.91 seconds...
[2025-04-05 21:09:08] INFO - Requesting page 258...
[2025-04-05 21:09:28] INFO - Saved page 258 (100 profiles) to data\raw\yoopies\75000\childcare\babysitting\page_258.json
[2025-04-05 21:09:28] DEBUG - Next page number: 259
[2025-04-05 21:09:28] DEBUG - Sleeping for 0.62 seconds...
[2025-04-05 21:09:28] INFO - Requesting page 259...
[2025-04-05 21:09:48] INFO - Saved page 259 (100 profiles) to data\raw\yoopies\75000\childcare\babysitting\page_259.json
[2025-04-05 21:09:48] DEBUG - Next page number: 260
[2025-04-05 21:09:48] DEBUG - Sleeping for 0.53 seconds...
[2025-04-05 21:09:48] INFO - Requesting page 260...
[2025-04-05 21:10:09] INFO - Saved page 260 (100 profiles) to data\raw\yoopies\75000\childcare\babysitting\page_260.json
[2025-04-05 21:10:09] DEBUG - Next page number: 261
[2025-04-05 21:10:09] DEBUG - Sleeping for 0.59 seconds...
[2025-04-05 21:10:09] INFO - Requesting page 261...
[2025-04-05 21:10:30] INFO - Saved page 261 (100 profiles) to data\raw\yoopies\75000\childcare\babysitting\page_261.json
[2025-04-05 21:10:30] DEBUG - Next page number: 262
[2025-04-05 21:10:30] DEBUG - Sleeping for 1.06 seconds...
[2025-04-05 21:10:31] INFO - Requesting page 262...
[2025-04-05 21:10:51] INFO - Saved page 262 (100 profiles) to data\raw\yoopies\75000\childcare\babysitting\page_262.json
[2025-04-05 21:10:51] DEBUG - Next page number: 263
[2025-04-05 21:10:51] DEBUG - Sleeping for 1.02 seconds...
[2025-04-05 21:10:52] INFO - Requesting page 263...
[2025-04-05 21:10:56] INFO - Saved page 263 (16 profiles) to data\raw\yoopies\75000\childcare\babysitting\page_263.json
[2025-04-05 21:10:56] INFO - No more pages indicated by server.
[2025-04-05 21:10:56] INFO - Finished fetching profiles. Final Status: success. Total pages processed: 264. Total profiles found: 26316. Duration: 5294.72s.
[2025-04-05 21:10:56] INFO - --- Yoopies Scrape Run Finished ---
