[2025-03-12 10:28:35] INFO - Log file initialized at: raw_data\USA\07008\search_of_housekeeping\recurring\scrape_recurring.log
[2025-03-12 10:28:35] INFO - Starting scraping for USA/07008, care_type='housekeeping', sub_type='recurring', pay range [0, 100].
[2025-03-12 10:28:35] INFO - Run ID: 48d4159e-4236-4c36-aacd-d65ce5f800f4
[2025-03-12 10:28:35] INFO - Checking pay range [0, 100]...
[2025-03-12 10:28:38] INFO -   => totalHits = 455
[2025-03-12 10:28:38] INFO - Fetching data for pay range [0, 100]...
[2025-03-12 10:28:40] INFO -   - Page 1 => 10 caregivers, saved to raw_data\USA\07008\search_of_housekeeping\recurring\range_0_100\page_1.json
[2025-03-12 10:28:40] INFO -   - Next endCursor: U2VlZD0wLEluZGV4PTEwLFBhZ2VTY3JvbGxJZD0yNTZhM2E1YTE5NTA0MzM3YTU0YzA2MjhjZGU3ZDE3OQ==
[2025-03-12 10:28:42] INFO -   - Page 2 => 10 caregivers, saved to raw_data\USA\07008\search_of_housekeeping\recurring\range_0_100\page_2.json
[2025-03-12 10:28:42] INFO -   - Next endCursor: U2VlZD0wLEluZGV4PTIwLFBhZ2VTY3JvbGxJZD0yNTZhM2E1YTE5NTA0MzM3YTU0YzA2MjhjZGU3ZDE3OQ==
[2025-03-12 10:28:45] INFO -   - Page 3 => 10 caregivers, saved to raw_data\USA\07008\search_of_housekeeping\recurring\range_0_100\page_3.json
[2025-03-12 10:28:45] INFO -   - Next endCursor: U2VlZD0wLEluZGV4PTMwLFBhZ2VTY3JvbGxJZD0yNTZhM2E1YTE5NTA0MzM3YTU0YzA2MjhjZGU3ZDE3OQ==
[2025-03-12 10:28:47] INFO -   - Page 4 => 10 caregivers, saved to raw_data\USA\07008\search_of_housekeeping\recurring\range_0_100\page_4.json
[2025-03-12 10:28:47] INFO -   - Next endCursor: U2VlZD0wLEluZGV4PTQwLFBhZ2VTY3JvbGxJZD0yNTZhM2E1YTE5NTA0MzM3YTU0YzA2MjhjZGU3ZDE3OQ==
[2025-03-12 10:28:49] INFO -   - Page 5 => 10 caregivers, saved to raw_data\USA\07008\search_of_housekeeping\recurring\range_0_100\page_5.json
[2025-03-12 10:28:49] INFO -   - Next endCursor: U2VlZD0wLEluZGV4PTUwLFBhZ2VTY3JvbGxJZD0yNTZhM2E1YTE5NTA0MzM3YTU0YzA2MjhjZGU3ZDE3OQ==
[2025-03-12 10:28:51] INFO -   - Page 6 => 10 caregivers, saved to raw_data\USA\07008\search_of_housekeeping\recurring\range_0_100\page_6.json
[2025-03-12 10:28:51] INFO -   - Next endCursor: U2VlZD0wLEluZGV4PTYwLFBhZ2VTY3JvbGxJZD0yNTZhM2E1YTE5NTA0MzM3YTU0YzA2MjhjZGU3ZDE3OQ==
[2025-03-12 10:28:53] INFO -   - Page 7 => 10 caregivers, saved to raw_data\USA\07008\search_of_housekeeping\recurring\range_0_100\page_7.json
[2025-03-12 10:28:53] INFO -   - Next endCursor: U2VlZD0wLEluZGV4PTcwLFBhZ2VTY3JvbGxJZD0yNTZhM2E1YTE5NTA0MzM3YTU0YzA2MjhjZGU3ZDE3OQ==
[2025-03-12 10:28:56] INFO -   - Page 8 => 10 caregivers, saved to raw_data\USA\07008\search_of_housekeeping\recurring\range_0_100\page_8.json
[2025-03-12 10:28:56] INFO -   - Next endCursor: U2VlZD0wLEluZGV4PTgwLFBhZ2VTY3JvbGxJZD0yNTZhM2E1YTE5NTA0MzM3YTU0YzA2MjhjZGU3ZDE3OQ==
[2025-03-12 10:28:58] INFO -   - Page 9 => 10 caregivers, saved to raw_data\USA\07008\search_of_housekeeping\recurring\range_0_100\page_9.json
[2025-03-12 10:28:58] INFO -   - Next endCursor: U2VlZD0wLEluZGV4PTkwLFBhZ2VTY3JvbGxJZD0yNTZhM2E1YTE5NTA0MzM3YTU0YzA2MjhjZGU3ZDE3OQ==
[2025-03-12 10:29:00] INFO -   - Page 10 => 10 caregivers, saved to raw_data\USA\07008\search_of_housekeeping\recurring\range_0_100\page_10.json
[2025-03-12 10:29:00] INFO -   - Next endCursor: U2VlZD0wLEluZGV4PTEwMCxQYWdlU2Nyb2xsSWQ9MjU2YTNhNWExOTUwNDMzN2E1NGMwNjI4Y2RlN2QxNzk=
[2025-03-12 10:29:02] INFO -   - Page 11 => 10 caregivers, saved to raw_data\USA\07008\search_of_housekeeping\recurring\range_0_100\page_11.json
[2025-03-12 10:29:02] INFO -   - Next endCursor: U2VlZD0wLEluZGV4PTExMCxQYWdlU2Nyb2xsSWQ9MjU2YTNhNWExOTUwNDMzN2E1NGMwNjI4Y2RlN2QxNzk=
[2025-03-12 10:29:05] INFO -   - Page 12 => 10 caregivers, saved to raw_data\USA\07008\search_of_housekeeping\recurring\range_0_100\page_12.json
[2025-03-12 10:29:05] INFO -   - Next endCursor: U2VlZD0wLEluZGV4PTEyMCxQYWdlU2Nyb2xsSWQ9MjU2YTNhNWExOTUwNDMzN2E1NGMwNjI4Y2RlN2QxNzk=
[2025-03-12 10:29:07] INFO -   - Page 13 => 10 caregivers, saved to raw_data\USA\07008\search_of_housekeeping\recurring\range_0_100\page_13.json
[2025-03-12 10:29:07] INFO -   - Next endCursor: U2VlZD0wLEluZGV4PTEzMCxQYWdlU2Nyb2xsSWQ9MjU2YTNhNWExOTUwNDMzN2E1NGMwNjI4Y2RlN2QxNzk=
[2025-03-12 10:29:09] INFO -   - Page 14 => 10 caregivers, saved to raw_data\USA\07008\search_of_housekeeping\recurring\range_0_100\page_14.json
[2025-03-12 10:29:09] INFO -   - Next endCursor: U2VlZD0wLEluZGV4PTE0MCxQYWdlU2Nyb2xsSWQ9MjU2YTNhNWExOTUwNDMzN2E1NGMwNjI4Y2RlN2QxNzk=
[2025-03-12 10:29:11] INFO -   - Page 15 => 10 caregivers, saved to raw_data\USA\07008\search_of_housekeeping\recurring\range_0_100\page_15.json
[2025-03-12 10:29:11] INFO -   - Next endCursor: U2VlZD0wLEluZGV4PTE1MCxQYWdlU2Nyb2xsSWQ9MjU2YTNhNWExOTUwNDMzN2E1NGMwNjI4Y2RlN2QxNzk=
[2025-03-12 10:29:13] INFO -   - Page 16 => 10 caregivers, saved to raw_data\USA\07008\search_of_housekeeping\recurring\range_0_100\page_16.json
[2025-03-12 10:29:13] INFO -   - Next endCursor: U2VlZD0wLEluZGV4PTE2MCxQYWdlU2Nyb2xsSWQ9MjU2YTNhNWExOTUwNDMzN2E1NGMwNjI4Y2RlN2QxNzk=
[2025-03-12 10:29:16] INFO -   - Page 17 => 10 caregivers, saved to raw_data\USA\07008\search_of_housekeeping\recurring\range_0_100\page_17.json
[2025-03-12 10:29:16] INFO -   - Next endCursor: U2VlZD0wLEluZGV4PTE3MCxQYWdlU2Nyb2xsSWQ9MjU2YTNhNWExOTUwNDMzN2E1NGMwNjI4Y2RlN2QxNzk=
[2025-03-12 10:29:18] INFO -   - Page 18 => 10 caregivers, saved to raw_data\USA\07008\search_of_housekeeping\recurring\range_0_100\page_18.json
[2025-03-12 10:29:18] INFO -   - Next endCursor: U2VlZD0wLEluZGV4PTE4MCxQYWdlU2Nyb2xsSWQ9MjU2YTNhNWExOTUwNDMzN2E1NGMwNjI4Y2RlN2QxNzk=
[2025-03-12 10:29:20] INFO -   - Page 19 => 10 caregivers, saved to raw_data\USA\07008\search_of_housekeeping\recurring\range_0_100\page_19.json
[2025-03-12 10:29:20] INFO -   - Next endCursor: U2VlZD0wLEluZGV4PTE5MCxQYWdlU2Nyb2xsSWQ9MjU2YTNhNWExOTUwNDMzN2E1NGMwNjI4Y2RlN2QxNzk=
[2025-03-12 10:29:22] INFO -   - Page 20 => 10 caregivers, saved to raw_data\USA\07008\search_of_housekeeping\recurring\range_0_100\page_20.json
[2025-03-12 10:29:22] INFO -   - Next endCursor: U2VlZD0wLEluZGV4PTIwMCxQYWdlU2Nyb2xsSWQ9MjU2YTNhNWExOTUwNDMzN2E1NGMwNjI4Y2RlN2QxNzk=
[2025-03-12 10:29:25] INFO -   - Page 21 => 10 caregivers, saved to raw_data\USA\07008\search_of_housekeeping\recurring\range_0_100\page_21.json
[2025-03-12 10:29:25] INFO -   - Next endCursor: U2VlZD0wLEluZGV4PTIxMCxQYWdlU2Nyb2xsSWQ9MjU2YTNhNWExOTUwNDMzN2E1NGMwNjI4Y2RlN2QxNzk=
[2025-03-12 10:29:27] INFO -   - Page 22 => 10 caregivers, saved to raw_data\USA\07008\search_of_housekeeping\recurring\range_0_100\page_22.json
[2025-03-12 10:29:27] INFO -   - Next endCursor: U2VlZD0wLEluZGV4PTIyMCxQYWdlU2Nyb2xsSWQ9MjU2YTNhNWExOTUwNDMzN2E1NGMwNjI4Y2RlN2QxNzk=
[2025-03-12 10:29:29] INFO -   - Page 23 => 10 caregivers, saved to raw_data\USA\07008\search_of_housekeeping\recurring\range_0_100\page_23.json
[2025-03-12 10:29:29] INFO -   - Next endCursor: U2VlZD0wLEluZGV4PTIzMCxQYWdlU2Nyb2xsSWQ9MjU2YTNhNWExOTUwNDMzN2E1NGMwNjI4Y2RlN2QxNzk=
[2025-03-12 10:29:31] INFO -   - Page 24 => 10 caregivers, saved to raw_data\USA\07008\search_of_housekeeping\recurring\range_0_100\page_24.json
[2025-03-12 10:29:31] INFO -   - Next endCursor: U2VlZD0wLEluZGV4PTI0MCxQYWdlU2Nyb2xsSWQ9MjU2YTNhNWExOTUwNDMzN2E1NGMwNjI4Y2RlN2QxNzk=
[2025-03-12 10:29:33] INFO -   - Page 25 => 10 caregivers, saved to raw_data\USA\07008\search_of_housekeeping\recurring\range_0_100\page_25.json
[2025-03-12 10:29:33] INFO -   - Next endCursor: U2VlZD0wLEluZGV4PTI1MCxQYWdlU2Nyb2xsSWQ9MjU2YTNhNWExOTUwNDMzN2E1NGMwNjI4Y2RlN2QxNzk=
[2025-03-12 10:29:36] INFO -   - Page 26 => 10 caregivers, saved to raw_data\USA\07008\search_of_housekeeping\recurring\range_0_100\page_26.json
[2025-03-12 10:29:36] INFO -   - Next endCursor: U2VlZD0wLEluZGV4PTI2MCxQYWdlU2Nyb2xsSWQ9MjU2YTNhNWExOTUwNDMzN2E1NGMwNjI4Y2RlN2QxNzk=
[2025-03-12 10:29:38] INFO -   - Page 27 => 10 caregivers, saved to raw_data\USA\07008\search_of_housekeeping\recurring\range_0_100\page_27.json
[2025-03-12 10:29:38] INFO -   - Next endCursor: U2VlZD0wLEluZGV4PTI3MCxQYWdlU2Nyb2xsSWQ9MjU2YTNhNWExOTUwNDMzN2E1NGMwNjI4Y2RlN2QxNzk=
[2025-03-12 10:29:40] INFO -   - Page 28 => 10 caregivers, saved to raw_data\USA\07008\search_of_housekeeping\recurring\range_0_100\page_28.json
[2025-03-12 10:29:40] INFO -   - Next endCursor: U2VlZD0wLEluZGV4PTI4MCxQYWdlU2Nyb2xsSWQ9MjU2YTNhNWExOTUwNDMzN2E1NGMwNjI4Y2RlN2QxNzk=
[2025-03-12 10:29:43] INFO -   - Page 29 => 10 caregivers, saved to raw_data\USA\07008\search_of_housekeeping\recurring\range_0_100\page_29.json
[2025-03-12 10:29:43] INFO -   - Next endCursor: U2VlZD0wLEluZGV4PTI5MCxQYWdlU2Nyb2xsSWQ9MjU2YTNhNWExOTUwNDMzN2E1NGMwNjI4Y2RlN2QxNzk=
[2025-03-12 10:29:45] INFO -   - Page 30 => 10 caregivers, saved to raw_data\USA\07008\search_of_housekeeping\recurring\range_0_100\page_30.json
[2025-03-12 10:29:45] INFO -   - Next endCursor: U2VlZD0wLEluZGV4PTMwMCxQYWdlU2Nyb2xsSWQ9MjU2YTNhNWExOTUwNDMzN2E1NGMwNjI4Y2RlN2QxNzk=
[2025-03-12 10:29:47] INFO -   - Page 31 => 10 caregivers, saved to raw_data\USA\07008\search_of_housekeeping\recurring\range_0_100\page_31.json
[2025-03-12 10:29:47] INFO -   - Next endCursor: U2VlZD0wLEluZGV4PTMxMCxQYWdlU2Nyb2xsSWQ9MjU2YTNhNWExOTUwNDMzN2E1NGMwNjI4Y2RlN2QxNzk=
[2025-03-12 10:29:49] INFO -   - Page 32 => 10 caregivers, saved to raw_data\USA\07008\search_of_housekeeping\recurring\range_0_100\page_32.json
[2025-03-12 10:29:49] INFO -   - Next endCursor: U2VlZD0wLEluZGV4PTMyMCxQYWdlU2Nyb2xsSWQ9MjU2YTNhNWExOTUwNDMzN2E1NGMwNjI4Y2RlN2QxNzk=
[2025-03-12 10:29:51] INFO -   - Page 33 => 10 caregivers, saved to raw_data\USA\07008\search_of_housekeeping\recurring\range_0_100\page_33.json
[2025-03-12 10:29:51] INFO -   - Next endCursor: U2VlZD0wLEluZGV4PTMzMCxQYWdlU2Nyb2xsSWQ9MjU2YTNhNWExOTUwNDMzN2E1NGMwNjI4Y2RlN2QxNzk=
[2025-03-12 10:29:54] INFO -   - Page 34 => 10 caregivers, saved to raw_data\USA\07008\search_of_housekeeping\recurring\range_0_100\page_34.json
[2025-03-12 10:29:54] INFO -   - Next endCursor: U2VlZD0wLEluZGV4PTM0MCxQYWdlU2Nyb2xsSWQ9MjU2YTNhNWExOTUwNDMzN2E1NGMwNjI4Y2RlN2QxNzk=
[2025-03-12 10:29:56] INFO -   - Page 35 => 10 caregivers, saved to raw_data\USA\07008\search_of_housekeeping\recurring\range_0_100\page_35.json
[2025-03-12 10:29:56] INFO -   - Next endCursor: U2VlZD0wLEluZGV4PTM1MCxQYWdlU2Nyb2xsSWQ9MjU2YTNhNWExOTUwNDMzN2E1NGMwNjI4Y2RlN2QxNzk=
[2025-03-12 10:29:58] INFO -   - Page 36 => 10 caregivers, saved to raw_data\USA\07008\search_of_housekeeping\recurring\range_0_100\page_36.json
[2025-03-12 10:29:58] INFO -   - Next endCursor: U2VlZD0wLEluZGV4PTM2MCxQYWdlU2Nyb2xsSWQ9MjU2YTNhNWExOTUwNDMzN2E1NGMwNjI4Y2RlN2QxNzk=
[2025-03-12 10:30:00] INFO -   - Page 37 => 10 caregivers, saved to raw_data\USA\07008\search_of_housekeeping\recurring\range_0_100\page_37.json
[2025-03-12 10:30:00] INFO -   - Next endCursor: U2VlZD0wLEluZGV4PTM3MCxQYWdlU2Nyb2xsSWQ9MjU2YTNhNWExOTUwNDMzN2E1NGMwNjI4Y2RlN2QxNzk=
[2025-03-12 10:30:03] INFO -   - Page 38 => 10 caregivers, saved to raw_data\USA\07008\search_of_housekeeping\recurring\range_0_100\page_38.json
[2025-03-12 10:30:03] INFO -   - Next endCursor: U2VlZD0wLEluZGV4PTM4MCxQYWdlU2Nyb2xsSWQ9MjU2YTNhNWExOTUwNDMzN2E1NGMwNjI4Y2RlN2QxNzk=
[2025-03-12 10:30:05] INFO -   - Page 39 => 10 caregivers, saved to raw_data\USA\07008\search_of_housekeeping\recurring\range_0_100\page_39.json
[2025-03-12 10:30:05] INFO -   - Next endCursor: U2VlZD0wLEluZGV4PTM5MCxQYWdlU2Nyb2xsSWQ9MjU2YTNhNWExOTUwNDMzN2E1NGMwNjI4Y2RlN2QxNzk=
[2025-03-12 10:30:08] INFO -   - Page 40 => 10 caregivers, saved to raw_data\USA\07008\search_of_housekeeping\recurring\range_0_100\page_40.json
[2025-03-12 10:30:08] INFO -   - Next endCursor: U2VlZD0wLEluZGV4PTQwMCxQYWdlU2Nyb2xsSWQ9MjU2YTNhNWExOTUwNDMzN2E1NGMwNjI4Y2RlN2QxNzk=
[2025-03-12 10:30:10] INFO -   - Page 41 => 10 caregivers, saved to raw_data\USA\07008\search_of_housekeeping\recurring\range_0_100\page_41.json
[2025-03-12 10:30:10] INFO -   - Next endCursor: U2VlZD0wLEluZGV4PTQxMCxQYWdlU2Nyb2xsSWQ9MjU2YTNhNWExOTUwNDMzN2E1NGMwNjI4Y2RlN2QxNzk=
[2025-03-12 10:30:12] INFO -   - Page 42 => 10 caregivers, saved to raw_data\USA\07008\search_of_housekeeping\recurring\range_0_100\page_42.json
[2025-03-12 10:30:12] INFO -   - Next endCursor: U2VlZD0wLEluZGV4PTQyMCxQYWdlU2Nyb2xsSWQ9MjU2YTNhNWExOTUwNDMzN2E1NGMwNjI4Y2RlN2QxNzk=
[2025-03-12 10:30:14] INFO -   - Page 43 => 10 caregivers, saved to raw_data\USA\07008\search_of_housekeeping\recurring\range_0_100\page_43.json
[2025-03-12 10:30:14] INFO -   - Next endCursor: U2VlZD0wLEluZGV4PTQzMCxQYWdlU2Nyb2xsSWQ9MjU2YTNhNWExOTUwNDMzN2E1NGMwNjI4Y2RlN2QxNzk=
[2025-03-12 10:30:17] INFO -   - Page 44 => 10 caregivers, saved to raw_data\USA\07008\search_of_housekeeping\recurring\range_0_100\page_44.json
[2025-03-12 10:30:17] INFO -   - Next endCursor: U2VlZD0wLEluZGV4PTQ0MCxQYWdlU2Nyb2xsSWQ9MjU2YTNhNWExOTUwNDMzN2E1NGMwNjI4Y2RlN2QxNzk=
[2025-03-12 10:30:19] INFO -   - Page 45 => 10 caregivers, saved to raw_data\USA\07008\search_of_housekeeping\recurring\range_0_100\page_45.json
[2025-03-12 10:30:19] INFO -   - Next endCursor: U2VlZD0wLEluZGV4PTQ1MCxQYWdlU2Nyb2xsSWQ9MjU2YTNhNWExOTUwNDMzN2E1NGMwNjI4Y2RlN2QxNzk=
[2025-03-12 10:30:21] INFO -   - Page 46 => 5 caregivers, saved to raw_data\USA\07008\search_of_housekeeping\recurring\range_0_100\page_46.json
[2025-03-12 10:30:21] INFO - Finished range [0, 100] with status='success'. Total pages: 46, total caregivers: 455.
[2025-03-12 10:30:21] INFO - All pay range segments processed. Scraping complete!
