[2025-04-02 17:49:07] INFO - Log file initialized at: raw_data\USA\10002\search_of_housekeeping\onetime\scrape_onetime.log
[2025-04-02 17:49:08] INFO - Starting scraping for USA/10002, care_type='housekeeping', sub_type='onetime', pay range [0, 100].
[2025-04-02 17:49:08] INFO - Run ID: 213de85f-84d7-460c-8efb-2f662f6e8e40
[2025-04-02 17:49:08] INFO - Checking pay range [0, 100]...
[2025-04-02 17:49:09] INFO -   => totalHits = 2059
[2025-04-02 17:49:09] INFO -   => Splitting into [0, 50] and [51, 100].
[2025-04-02 17:49:09] INFO - Checking pay range [0, 50]...
[2025-04-02 17:49:10] INFO -   => totalHits = 2054
[2025-04-02 17:49:10] INFO -   => Splitting into [0, 25] and [26, 50].
[2025-04-02 17:49:10] INFO - Checking pay range [51, 100]...
[2025-04-02 17:49:11] INFO -   => totalHits = 5
[2025-04-02 17:49:11] INFO - Fetching data for pay range [51, 100]...
[2025-04-02 17:49:13] INFO -   - Page 1 => 5 caregivers, saved to raw_data\USA\10002\search_of_housekeeping\onetime\range_51_100\page_1.json
[2025-04-02 17:49:13] INFO - Finished range [51, 100] with status='success'. Total pages: 1, total caregivers: 5.
[2025-04-02 17:49:13] INFO - Checking pay range [0, 25]...
[2025-04-02 17:49:14] INFO -   => totalHits = 1721
[2025-04-02 17:49:14] INFO -   => Splitting into [0, 12] and [13, 25].
[2025-04-02 17:49:14] INFO - Checking pay range [26, 50]...
[2025-04-02 17:49:16] INFO -   => totalHits = 333
[2025-04-02 17:49:16] INFO - Fetching data for pay range [26, 50]...
[2025-04-02 17:49:17] INFO -   - Page 1 => 10 caregivers, saved to raw_data\USA\10002\search_of_housekeeping\onetime\range_26_50\page_1.json
[2025-04-02 17:49:17] INFO -   - Next endCursor: U2VlZD0wLEluZGV4PTEwLFBhZ2VTY3JvbGxJZD1kYTA1NzQ5OGZhMWI0MDQ4OGI2M2NmNDg0MGExYTEzNg==
[2025-04-02 17:49:19] INFO -   - Page 2 => 10 caregivers, saved to raw_data\USA\10002\search_of_housekeeping\onetime\range_26_50\page_2.json
[2025-04-02 17:49:19] INFO -   - Next endCursor: U2VlZD0wLEluZGV4PTIwLFBhZ2VTY3JvbGxJZD1kYTA1NzQ5OGZhMWI0MDQ4OGI2M2NmNDg0MGExYTEzNg==
[2025-04-02 17:49:20] INFO -   - Page 3 => 10 caregivers, saved to raw_data\USA\10002\search_of_housekeeping\onetime\range_26_50\page_3.json
[2025-04-02 17:49:20] INFO -   - Next endCursor: U2VlZD0wLEluZGV4PTMwLFBhZ2VTY3JvbGxJZD1kYTA1NzQ5OGZhMWI0MDQ4OGI2M2NmNDg0MGExYTEzNg==
[2025-04-02 17:49:22] INFO -   - Page 4 => 10 caregivers, saved to raw_data\USA\10002\search_of_housekeeping\onetime\range_26_50\page_4.json
[2025-04-02 17:49:22] INFO -   - Next endCursor: U2VlZD0wLEluZGV4PTQwLFBhZ2VTY3JvbGxJZD1kYTA1NzQ5OGZhMWI0MDQ4OGI2M2NmNDg0MGExYTEzNg==
[2025-04-02 17:49:23] INFO -   - Page 5 => 10 caregivers, saved to raw_data\USA\10002\search_of_housekeeping\onetime\range_26_50\page_5.json
[2025-04-02 17:49:23] INFO -   - Next endCursor: U2VlZD0wLEluZGV4PTUwLFBhZ2VTY3JvbGxJZD1kYTA1NzQ5OGZhMWI0MDQ4OGI2M2NmNDg0MGExYTEzNg==
[2025-04-02 17:49:25] INFO -   - Page 6 => 10 caregivers, saved to raw_data\USA\10002\search_of_housekeeping\onetime\range_26_50\page_6.json
[2025-04-02 17:49:25] INFO -   - Next endCursor: U2VlZD0wLEluZGV4PTYwLFBhZ2VTY3JvbGxJZD1kYTA1NzQ5OGZhMWI0MDQ4OGI2M2NmNDg0MGExYTEzNg==
[2025-04-02 17:49:26] INFO -   - Page 7 => 10 caregivers, saved to raw_data\USA\10002\search_of_housekeeping\onetime\range_26_50\page_7.json
[2025-04-02 17:49:26] INFO -   - Next endCursor: U2VlZD0wLEluZGV4PTcwLFBhZ2VTY3JvbGxJZD1kYTA1NzQ5OGZhMWI0MDQ4OGI2M2NmNDg0MGExYTEzNg==
[2025-04-02 17:49:27] INFO -   - Page 8 => 10 caregivers, saved to raw_data\USA\10002\search_of_housekeeping\onetime\range_26_50\page_8.json
[2025-04-02 17:49:27] INFO -   - Next endCursor: U2VlZD0wLEluZGV4PTgwLFBhZ2VTY3JvbGxJZD1kYTA1NzQ5OGZhMWI0MDQ4OGI2M2NmNDg0MGExYTEzNg==
[2025-04-02 17:49:29] INFO -   - Page 9 => 10 caregivers, saved to raw_data\USA\10002\search_of_housekeeping\onetime\range_26_50\page_9.json
[2025-04-02 17:49:29] INFO -   - Next endCursor: U2VlZD0wLEluZGV4PTkwLFBhZ2VTY3JvbGxJZD1kYTA1NzQ5OGZhMWI0MDQ4OGI2M2NmNDg0MGExYTEzNg==
[2025-04-02 17:49:30] INFO -   - Page 10 => 10 caregivers, saved to raw_data\USA\10002\search_of_housekeeping\onetime\range_26_50\page_10.json
[2025-04-02 17:49:30] INFO -   - Next endCursor: U2VlZD0wLEluZGV4PTEwMCxQYWdlU2Nyb2xsSWQ9ZGEwNTc0OThmYTFiNDA0ODhiNjNjZjQ4NDBhMWExMzY=
[2025-04-02 17:49:32] INFO -   - Page 11 => 10 caregivers, saved to raw_data\USA\10002\search_of_housekeeping\onetime\range_26_50\page_11.json
[2025-04-02 17:49:32] INFO -   - Next endCursor: U2VlZD0wLEluZGV4PTExMCxQYWdlU2Nyb2xsSWQ9ZGEwNTc0OThmYTFiNDA0ODhiNjNjZjQ4NDBhMWExMzY=
[2025-04-02 17:49:33] INFO -   - Page 12 => 10 caregivers, saved to raw_data\USA\10002\search_of_housekeeping\onetime\range_26_50\page_12.json
[2025-04-02 17:49:33] INFO -   - Next endCursor: U2VlZD0wLEluZGV4PTEyMCxQYWdlU2Nyb2xsSWQ9ZGEwNTc0OThmYTFiNDA0ODhiNjNjZjQ4NDBhMWExMzY=
[2025-04-02 17:49:35] INFO -   - Page 13 => 10 caregivers, saved to raw_data\USA\10002\search_of_housekeeping\onetime\range_26_50\page_13.json
[2025-04-02 17:49:35] INFO -   - Next endCursor: U2VlZD0wLEluZGV4PTEzMCxQYWdlU2Nyb2xsSWQ9ZGEwNTc0OThmYTFiNDA0ODhiNjNjZjQ4NDBhMWExMzY=
[2025-04-02 17:49:36] INFO -   - Page 14 => 10 caregivers, saved to raw_data\USA\10002\search_of_housekeeping\onetime\range_26_50\page_14.json
[2025-04-02 17:49:36] INFO -   - Next endCursor: U2VlZD0wLEluZGV4PTE0MCxQYWdlU2Nyb2xsSWQ9ZGEwNTc0OThmYTFiNDA0ODhiNjNjZjQ4NDBhMWExMzY=
[2025-04-02 17:49:38] INFO -   - Page 15 => 10 caregivers, saved to raw_data\USA\10002\search_of_housekeeping\onetime\range_26_50\page_15.json
[2025-04-02 17:49:38] INFO -   - Next endCursor: U2VlZD0wLEluZGV4PTE1MCxQYWdlU2Nyb2xsSWQ9ZGEwNTc0OThmYTFiNDA0ODhiNjNjZjQ4NDBhMWExMzY=
[2025-04-02 17:49:39] INFO -   - Page 16 => 10 caregivers, saved to raw_data\USA\10002\search_of_housekeeping\onetime\range_26_50\page_16.json
[2025-04-02 17:49:39] INFO -   - Next endCursor: U2VlZD0wLEluZGV4PTE2MCxQYWdlU2Nyb2xsSWQ9ZGEwNTc0OThmYTFiNDA0ODhiNjNjZjQ4NDBhMWExMzY=
[2025-04-02 17:49:41] INFO -   - Page 17 => 10 caregivers, saved to raw_data\USA\10002\search_of_housekeeping\onetime\range_26_50\page_17.json
[2025-04-02 17:49:41] INFO -   - Next endCursor: U2VlZD0wLEluZGV4PTE3MCxQYWdlU2Nyb2xsSWQ9ZGEwNTc0OThmYTFiNDA0ODhiNjNjZjQ4NDBhMWExMzY=
[2025-04-02 17:49:42] INFO -   - Page 18 => 10 caregivers, saved to raw_data\USA\10002\search_of_housekeeping\onetime\range_26_50\page_18.json
[2025-04-02 17:49:42] INFO -   - Next endCursor: U2VlZD0wLEluZGV4PTE4MCxQYWdlU2Nyb2xsSWQ9ZGEwNTc0OThmYTFiNDA0ODhiNjNjZjQ4NDBhMWExMzY=
[2025-04-02 17:49:43] INFO -   - Page 19 => 10 caregivers, saved to raw_data\USA\10002\search_of_housekeeping\onetime\range_26_50\page_19.json
[2025-04-02 17:49:43] INFO -   - Next endCursor: U2VlZD0wLEluZGV4PTE5MCxQYWdlU2Nyb2xsSWQ9ZGEwNTc0OThmYTFiNDA0ODhiNjNjZjQ4NDBhMWExMzY=
[2025-04-02 17:49:45] INFO -   - Page 20 => 10 caregivers, saved to raw_data\USA\10002\search_of_housekeeping\onetime\range_26_50\page_20.json
[2025-04-02 17:49:45] INFO -   - Next endCursor: U2VlZD0wLEluZGV4PTIwMCxQYWdlU2Nyb2xsSWQ9ZGEwNTc0OThmYTFiNDA0ODhiNjNjZjQ4NDBhMWExMzY=
[2025-04-02 17:49:46] INFO -   - Page 21 => 10 caregivers, saved to raw_data\USA\10002\search_of_housekeeping\onetime\range_26_50\page_21.json
[2025-04-02 17:49:46] INFO -   - Next endCursor: U2VlZD0wLEluZGV4PTIxMCxQYWdlU2Nyb2xsSWQ9ZGEwNTc0OThmYTFiNDA0ODhiNjNjZjQ4NDBhMWExMzY=
[2025-04-02 17:49:48] INFO -   - Page 22 => 10 caregivers, saved to raw_data\USA\10002\search_of_housekeeping\onetime\range_26_50\page_22.json
[2025-04-02 17:49:48] INFO -   - Next endCursor: U2VlZD0wLEluZGV4PTIyMCxQYWdlU2Nyb2xsSWQ9ZGEwNTc0OThmYTFiNDA0ODhiNjNjZjQ4NDBhMWExMzY=
[2025-04-02 17:49:49] INFO -   - Page 23 => 10 caregivers, saved to raw_data\USA\10002\search_of_housekeeping\onetime\range_26_50\page_23.json
[2025-04-02 17:49:49] INFO -   - Next endCursor: U2VlZD0wLEluZGV4PTIzMCxQYWdlU2Nyb2xsSWQ9ZGEwNTc0OThmYTFiNDA0ODhiNjNjZjQ4NDBhMWExMzY=
[2025-04-02 17:49:50] INFO -   - Page 24 => 10 caregivers, saved to raw_data\USA\10002\search_of_housekeeping\onetime\range_26_50\page_24.json
[2025-04-02 17:49:50] INFO -   - Next endCursor: U2VlZD0wLEluZGV4PTI0MCxQYWdlU2Nyb2xsSWQ9ZGEwNTc0OThmYTFiNDA0ODhiNjNjZjQ4NDBhMWExMzY=
[2025-04-02 17:49:52] INFO -   - Page 25 => 10 caregivers, saved to raw_data\USA\10002\search_of_housekeeping\onetime\range_26_50\page_25.json
[2025-04-02 17:49:52] INFO -   - Next endCursor: U2VlZD0wLEluZGV4PTI1MCxQYWdlU2Nyb2xsSWQ9ZGEwNTc0OThmYTFiNDA0ODhiNjNjZjQ4NDBhMWExMzY=
[2025-04-02 17:49:53] INFO -   - Page 26 => 10 caregivers, saved to raw_data\USA\10002\search_of_housekeeping\onetime\range_26_50\page_26.json
[2025-04-02 17:49:53] INFO -   - Next endCursor: U2VlZD0wLEluZGV4PTI2MCxQYWdlU2Nyb2xsSWQ9ZGEwNTc0OThmYTFiNDA0ODhiNjNjZjQ4NDBhMWExMzY=
[2025-04-02 17:49:54] INFO -   - Page 27 => 10 caregivers, saved to raw_data\USA\10002\search_of_housekeeping\onetime\range_26_50\page_27.json
[2025-04-02 17:49:54] INFO -   - Next endCursor: U2VlZD0wLEluZGV4PTI3MCxQYWdlU2Nyb2xsSWQ9ZGEwNTc0OThmYTFiNDA0ODhiNjNjZjQ4NDBhMWExMzY=
[2025-04-02 17:49:56] INFO -   - Page 28 => 10 caregivers, saved to raw_data\USA\10002\search_of_housekeeping\onetime\range_26_50\page_28.json
[2025-04-02 17:49:56] INFO -   - Next endCursor: U2VlZD0wLEluZGV4PTI4MCxQYWdlU2Nyb2xsSWQ9ZGEwNTc0OThmYTFiNDA0ODhiNjNjZjQ4NDBhMWExMzY=
[2025-04-02 17:49:57] INFO -   - Page 29 => 10 caregivers, saved to raw_data\USA\10002\search_of_housekeeping\onetime\range_26_50\page_29.json
[2025-04-02 17:49:57] INFO -   - Next endCursor: U2VlZD0wLEluZGV4PTI5MCxQYWdlU2Nyb2xsSWQ9ZGEwNTc0OThmYTFiNDA0ODhiNjNjZjQ4NDBhMWExMzY=
[2025-04-02 17:49:59] INFO -   - Page 30 => 10 caregivers, saved to raw_data\USA\10002\search_of_housekeeping\onetime\range_26_50\page_30.json
[2025-04-02 17:49:59] INFO -   - Next endCursor: U2VlZD0wLEluZGV4PTMwMCxQYWdlU2Nyb2xsSWQ9ZGEwNTc0OThmYTFiNDA0ODhiNjNjZjQ4NDBhMWExMzY=
[2025-04-02 17:50:00] INFO -   - Page 31 => 10 caregivers, saved to raw_data\USA\10002\search_of_housekeeping\onetime\range_26_50\page_31.json
[2025-04-02 17:50:00] INFO -   - Next endCursor: U2VlZD0wLEluZGV4PTMxMCxQYWdlU2Nyb2xsSWQ9ZGEwNTc0OThmYTFiNDA0ODhiNjNjZjQ4NDBhMWExMzY=
[2025-04-02 17:50:02] INFO -   - Page 32 => 10 caregivers, saved to raw_data\USA\10002\search_of_housekeeping\onetime\range_26_50\page_32.json
[2025-04-02 17:50:02] INFO -   - Next endCursor: U2VlZD0wLEluZGV4PTMyMCxQYWdlU2Nyb2xsSWQ9ZGEwNTc0OThmYTFiNDA0ODhiNjNjZjQ4NDBhMWExMzY=
[2025-04-02 17:50:03] INFO -   - Page 33 => 10 caregivers, saved to raw_data\USA\10002\search_of_housekeeping\onetime\range_26_50\page_33.json
[2025-04-02 17:50:03] INFO -   - Next endCursor: U2VlZD0wLEluZGV4PTMzMCxQYWdlU2Nyb2xsSWQ9ZGEwNTc0OThmYTFiNDA0ODhiNjNjZjQ4NDBhMWExMzY=
[2025-04-02 17:50:05] INFO -   - Page 34 => 3 caregivers, saved to raw_data\USA\10002\search_of_housekeeping\onetime\range_26_50\page_34.json
[2025-04-02 17:50:05] INFO - Finished range [26, 50] with status='success'. Total pages: 34, total caregivers: 333.
[2025-04-02 17:50:05] INFO - Checking pay range [0, 12]...
[2025-04-02 17:50:06] INFO -   => totalHits = 85
[2025-04-02 17:50:06] INFO - Fetching data for pay range [0, 12]...
[2025-04-02 17:50:08] INFO -   - Page 1 => 10 caregivers, saved to raw_data\USA\10002\search_of_housekeeping\onetime\range_0_12\page_1.json
[2025-04-02 17:50:08] INFO -   - Next endCursor: U2VlZD0wLEluZGV4PTEwLFBhZ2VTY3JvbGxJZD1mMjhiYmE0MmYzZjQ0NjhhOTZkNzliZjAyMDIwYTNkZQ==
[2025-04-02 17:50:09] INFO -   - Page 2 => 10 caregivers, saved to raw_data\USA\10002\search_of_housekeeping\onetime\range_0_12\page_2.json
[2025-04-02 17:50:09] INFO -   - Next endCursor: U2VlZD0wLEluZGV4PTIwLFBhZ2VTY3JvbGxJZD1mMjhiYmE0MmYzZjQ0NjhhOTZkNzliZjAyMDIwYTNkZQ==
[2025-04-02 17:50:10] INFO -   - Page 3 => 10 caregivers, saved to raw_data\USA\10002\search_of_housekeeping\onetime\range_0_12\page_3.json
[2025-04-02 17:50:10] INFO -   - Next endCursor: U2VlZD0wLEluZGV4PTMwLFBhZ2VTY3JvbGxJZD1mMjhiYmE0MmYzZjQ0NjhhOTZkNzliZjAyMDIwYTNkZQ==
[2025-04-02 17:50:11] INFO -   - Page 4 => 10 caregivers, saved to raw_data\USA\10002\search_of_housekeeping\onetime\range_0_12\page_4.json
[2025-04-02 17:50:11] INFO -   - Next endCursor: U2VlZD0wLEluZGV4PTQwLFBhZ2VTY3JvbGxJZD1mMjhiYmE0MmYzZjQ0NjhhOTZkNzliZjAyMDIwYTNkZQ==
[2025-04-02 17:50:13] INFO -   - Page 5 => 10 caregivers, saved to raw_data\USA\10002\search_of_housekeeping\onetime\range_0_12\page_5.json
[2025-04-02 17:50:13] INFO -   - Next endCursor: U2VlZD0wLEluZGV4PTUwLFBhZ2VTY3JvbGxJZD1mMjhiYmE0MmYzZjQ0NjhhOTZkNzliZjAyMDIwYTNkZQ==
[2025-04-02 17:50:14] INFO -   - Page 6 => 10 caregivers, saved to raw_data\USA\10002\search_of_housekeeping\onetime\range_0_12\page_6.json
[2025-04-02 17:50:14] INFO -   - Next endCursor: U2VlZD0wLEluZGV4PTYwLFBhZ2VTY3JvbGxJZD1mMjhiYmE0MmYzZjQ0NjhhOTZkNzliZjAyMDIwYTNkZQ==
[2025-04-02 17:50:15] INFO -   - Page 7 => 10 caregivers, saved to raw_data\USA\10002\search_of_housekeeping\onetime\range_0_12\page_7.json
[2025-04-02 17:50:15] INFO -   - Next endCursor: U2VlZD0wLEluZGV4PTcwLFBhZ2VTY3JvbGxJZD1mMjhiYmE0MmYzZjQ0NjhhOTZkNzliZjAyMDIwYTNkZQ==
[2025-04-02 17:50:17] INFO -   - Page 8 => 10 caregivers, saved to raw_data\USA\10002\search_of_housekeeping\onetime\range_0_12\page_8.json
[2025-04-02 17:50:17] INFO -   - Next endCursor: U2VlZD0wLEluZGV4PTgwLFBhZ2VTY3JvbGxJZD1mMjhiYmE0MmYzZjQ0NjhhOTZkNzliZjAyMDIwYTNkZQ==
[2025-04-02 17:50:18] INFO -   - Page 9 => 5 caregivers, saved to raw_data\USA\10002\search_of_housekeeping\onetime\range_0_12\page_9.json
[2025-04-02 17:50:18] INFO - Finished range [0, 12] with status='success'. Total pages: 9, total caregivers: 85.
[2025-04-02 17:50:18] INFO - Checking pay range [13, 25]...
[2025-04-02 17:50:19] INFO -   => totalHits = 1636
[2025-04-02 17:50:19] INFO -   => Splitting into [13, 19] and [20, 25].
[2025-04-02 17:50:19] INFO - Checking pay range [13, 19]...
[2025-04-02 17:50:21] INFO -   => totalHits = 918
[2025-04-02 17:50:21] INFO -   => Splitting into [13, 16] and [17, 19].
[2025-04-02 17:50:21] INFO - Checking pay range [20, 25]...
[2025-04-02 17:50:22] INFO -   => totalHits = 718
[2025-04-02 17:50:22] INFO -   => Splitting into [20, 22] and [23, 25].
[2025-04-02 17:50:22] INFO - Checking pay range [13, 16]...
[2025-04-02 17:50:23] INFO -   => totalHits = 265
[2025-04-02 17:50:23] INFO - Fetching data for pay range [13, 16]...
[2025-04-02 17:50:25] INFO -   - Page 1 => 10 caregivers, saved to raw_data\USA\10002\search_of_housekeeping\onetime\range_13_16\page_1.json
[2025-04-02 17:50:25] INFO -   - Next endCursor: U2VlZD0wLEluZGV4PTEwLFBhZ2VTY3JvbGxJZD04MGRjZmMxZTg5YjY0ZTcxOTI4MTM1YzE2YzczYzMyMA==
[2025-04-02 17:50:26] INFO -   - Page 2 => 10 caregivers, saved to raw_data\USA\10002\search_of_housekeeping\onetime\range_13_16\page_2.json
[2025-04-02 17:50:26] INFO -   - Next endCursor: U2VlZD0wLEluZGV4PTIwLFBhZ2VTY3JvbGxJZD04MGRjZmMxZTg5YjY0ZTcxOTI4MTM1YzE2YzczYzMyMA==
[2025-04-02 17:50:28] INFO -   - Page 3 => 10 caregivers, saved to raw_data\USA\10002\search_of_housekeeping\onetime\range_13_16\page_3.json
[2025-04-02 17:50:28] INFO -   - Next endCursor: U2VlZD0wLEluZGV4PTMwLFBhZ2VTY3JvbGxJZD04MGRjZmMxZTg5YjY0ZTcxOTI4MTM1YzE2YzczYzMyMA==
[2025-04-02 17:50:29] INFO -   - Page 4 => 10 caregivers, saved to raw_data\USA\10002\search_of_housekeeping\onetime\range_13_16\page_4.json
[2025-04-02 17:50:29] INFO -   - Next endCursor: U2VlZD0wLEluZGV4PTQwLFBhZ2VTY3JvbGxJZD04MGRjZmMxZTg5YjY0ZTcxOTI4MTM1YzE2YzczYzMyMA==
[2025-04-02 17:50:31] INFO -   - Page 5 => 10 caregivers, saved to raw_data\USA\10002\search_of_housekeeping\onetime\range_13_16\page_5.json
[2025-04-02 17:50:31] INFO -   - Next endCursor: U2VlZD0wLEluZGV4PTUwLFBhZ2VTY3JvbGxJZD04MGRjZmMxZTg5YjY0ZTcxOTI4MTM1YzE2YzczYzMyMA==
[2025-04-02 17:50:33] INFO -   - Page 6 => 10 caregivers, saved to raw_data\USA\10002\search_of_housekeeping\onetime\range_13_16\page_6.json
[2025-04-02 17:50:33] INFO -   - Next endCursor: U2VlZD0wLEluZGV4PTYwLFBhZ2VTY3JvbGxJZD04MGRjZmMxZTg5YjY0ZTcxOTI4MTM1YzE2YzczYzMyMA==
[2025-04-02 17:50:34] INFO -   - Page 7 => 10 caregivers, saved to raw_data\USA\10002\search_of_housekeeping\onetime\range_13_16\page_7.json
[2025-04-02 17:50:34] INFO -   - Next endCursor: U2VlZD0wLEluZGV4PTcwLFBhZ2VTY3JvbGxJZD04MGRjZmMxZTg5YjY0ZTcxOTI4MTM1YzE2YzczYzMyMA==
[2025-04-02 17:50:35] INFO -   - Page 8 => 10 caregivers, saved to raw_data\USA\10002\search_of_housekeeping\onetime\range_13_16\page_8.json
[2025-04-02 17:50:35] INFO -   - Next endCursor: U2VlZD0wLEluZGV4PTgwLFBhZ2VTY3JvbGxJZD04MGRjZmMxZTg5YjY0ZTcxOTI4MTM1YzE2YzczYzMyMA==
[2025-04-02 17:50:37] INFO -   - Page 9 => 10 caregivers, saved to raw_data\USA\10002\search_of_housekeeping\onetime\range_13_16\page_9.json
[2025-04-02 17:50:37] INFO -   - Next endCursor: U2VlZD0wLEluZGV4PTkwLFBhZ2VTY3JvbGxJZD04MGRjZmMxZTg5YjY0ZTcxOTI4MTM1YzE2YzczYzMyMA==
[2025-04-02 17:50:39] INFO -   - Page 10 => 10 caregivers, saved to raw_data\USA\10002\search_of_housekeeping\onetime\range_13_16\page_10.json
[2025-04-02 17:50:39] INFO -   - Next endCursor: U2VlZD0wLEluZGV4PTEwMCxQYWdlU2Nyb2xsSWQ9ODBkY2ZjMWU4OWI2NGU3MTkyODEzNWMxNmM3M2MzMjA=
[2025-04-02 17:50:40] INFO -   - Page 11 => 10 caregivers, saved to raw_data\USA\10002\search_of_housekeeping\onetime\range_13_16\page_11.json
[2025-04-02 17:50:40] INFO -   - Next endCursor: U2VlZD0wLEluZGV4PTExMCxQYWdlU2Nyb2xsSWQ9ODBkY2ZjMWU4OWI2NGU3MTkyODEzNWMxNmM3M2MzMjA=
[2025-04-02 17:50:42] INFO -   - Page 12 => 10 caregivers, saved to raw_data\USA\10002\search_of_housekeeping\onetime\range_13_16\page_12.json
[2025-04-02 17:50:42] INFO -   - Next endCursor: U2VlZD0wLEluZGV4PTEyMCxQYWdlU2Nyb2xsSWQ9ODBkY2ZjMWU4OWI2NGU3MTkyODEzNWMxNmM3M2MzMjA=
[2025-04-02 17:50:43] INFO -   - Page 13 => 10 caregivers, saved to raw_data\USA\10002\search_of_housekeeping\onetime\range_13_16\page_13.json
[2025-04-02 17:50:43] INFO -   - Next endCursor: U2VlZD0wLEluZGV4PTEzMCxQYWdlU2Nyb2xsSWQ9ODBkY2ZjMWU4OWI2NGU3MTkyODEzNWMxNmM3M2MzMjA=
[2025-04-02 17:50:44] INFO -   - Page 14 => 10 caregivers, saved to raw_data\USA\10002\search_of_housekeeping\onetime\range_13_16\page_14.json
[2025-04-02 17:50:44] INFO -   - Next endCursor: U2VlZD0wLEluZGV4PTE0MCxQYWdlU2Nyb2xsSWQ9ODBkY2ZjMWU4OWI2NGU3MTkyODEzNWMxNmM3M2MzMjA=
[2025-04-02 17:50:46] INFO -   - Page 15 => 10 caregivers, saved to raw_data\USA\10002\search_of_housekeeping\onetime\range_13_16\page_15.json
[2025-04-02 17:50:46] INFO -   - Next endCursor: U2VlZD0wLEluZGV4PTE1MCxQYWdlU2Nyb2xsSWQ9ODBkY2ZjMWU4OWI2NGU3MTkyODEzNWMxNmM3M2MzMjA=
[2025-04-02 17:50:47] INFO -   - Page 16 => 10 caregivers, saved to raw_data\USA\10002\search_of_housekeeping\onetime\range_13_16\page_16.json
[2025-04-02 17:50:47] INFO -   - Next endCursor: U2VlZD0wLEluZGV4PTE2MCxQYWdlU2Nyb2xsSWQ9ODBkY2ZjMWU4OWI2NGU3MTkyODEzNWMxNmM3M2MzMjA=
[2025-04-02 17:50:48] INFO -   - Page 17 => 10 caregivers, saved to raw_data\USA\10002\search_of_housekeeping\onetime\range_13_16\page_17.json
[2025-04-02 17:50:48] INFO -   - Next endCursor: U2VlZD0wLEluZGV4PTE3MCxQYWdlU2Nyb2xsSWQ9ODBkY2ZjMWU4OWI2NGU3MTkyODEzNWMxNmM3M2MzMjA=
[2025-04-02 17:50:49] INFO -   - Page 18 => 10 caregivers, saved to raw_data\USA\10002\search_of_housekeeping\onetime\range_13_16\page_18.json
[2025-04-02 17:50:49] INFO -   - Next endCursor: U2VlZD0wLEluZGV4PTE4MCxQYWdlU2Nyb2xsSWQ9ODBkY2ZjMWU4OWI2NGU3MTkyODEzNWMxNmM3M2MzMjA=
[2025-04-02 17:50:51] INFO -   - Page 19 => 10 caregivers, saved to raw_data\USA\10002\search_of_housekeeping\onetime\range_13_16\page_19.json
[2025-04-02 17:50:51] INFO -   - Next endCursor: U2VlZD0wLEluZGV4PTE5MCxQYWdlU2Nyb2xsSWQ9ODBkY2ZjMWU4OWI2NGU3MTkyODEzNWMxNmM3M2MzMjA=
[2025-04-02 17:50:52] INFO -   - Page 20 => 10 caregivers, saved to raw_data\USA\10002\search_of_housekeeping\onetime\range_13_16\page_20.json
[2025-04-02 17:50:52] INFO -   - Next endCursor: U2VlZD0wLEluZGV4PTIwMCxQYWdlU2Nyb2xsSWQ9ODBkY2ZjMWU4OWI2NGU3MTkyODEzNWMxNmM3M2MzMjA=
[2025-04-02 17:50:53] INFO -   - Page 21 => 10 caregivers, saved to raw_data\USA\10002\search_of_housekeeping\onetime\range_13_16\page_21.json
[2025-04-02 17:50:53] INFO -   - Next endCursor: U2VlZD0wLEluZGV4PTIxMCxQYWdlU2Nyb2xsSWQ9ODBkY2ZjMWU4OWI2NGU3MTkyODEzNWMxNmM3M2MzMjA=
[2025-04-02 17:50:55] INFO -   - Page 22 => 10 caregivers, saved to raw_data\USA\10002\search_of_housekeeping\onetime\range_13_16\page_22.json
[2025-04-02 17:50:55] INFO -   - Next endCursor: U2VlZD0wLEluZGV4PTIyMCxQYWdlU2Nyb2xsSWQ9ODBkY2ZjMWU4OWI2NGU3MTkyODEzNWMxNmM3M2MzMjA=
[2025-04-02 17:50:56] INFO -   - Page 23 => 10 caregivers, saved to raw_data\USA\10002\search_of_housekeeping\onetime\range_13_16\page_23.json
[2025-04-02 17:50:56] INFO -   - Next endCursor: U2VlZD0wLEluZGV4PTIzMCxQYWdlU2Nyb2xsSWQ9ODBkY2ZjMWU4OWI2NGU3MTkyODEzNWMxNmM3M2MzMjA=
[2025-04-02 17:50:58] INFO -   - Page 24 => 10 caregivers, saved to raw_data\USA\10002\search_of_housekeeping\onetime\range_13_16\page_24.json
[2025-04-02 17:50:58] INFO -   - Next endCursor: U2VlZD0wLEluZGV4PTI0MCxQYWdlU2Nyb2xsSWQ9ODBkY2ZjMWU4OWI2NGU3MTkyODEzNWMxNmM3M2MzMjA=
[2025-04-02 17:50:59] INFO -   - Page 25 => 10 caregivers, saved to raw_data\USA\10002\search_of_housekeeping\onetime\range_13_16\page_25.json
[2025-04-02 17:50:59] INFO -   - Next endCursor: U2VlZD0wLEluZGV4PTI1MCxQYWdlU2Nyb2xsSWQ9ODBkY2ZjMWU4OWI2NGU3MTkyODEzNWMxNmM3M2MzMjA=
[2025-04-02 17:51:01] INFO -   - Page 26 => 10 caregivers, saved to raw_data\USA\10002\search_of_housekeeping\onetime\range_13_16\page_26.json
[2025-04-02 17:51:01] INFO -   - Next endCursor: U2VlZD0wLEluZGV4PTI2MCxQYWdlU2Nyb2xsSWQ9ODBkY2ZjMWU4OWI2NGU3MTkyODEzNWMxNmM3M2MzMjA=
[2025-04-02 17:51:02] INFO -   - Page 27 => 5 caregivers, saved to raw_data\USA\10002\search_of_housekeeping\onetime\range_13_16\page_27.json
[2025-04-02 17:51:02] INFO - Finished range [13, 16] with status='success'. Total pages: 27, total caregivers: 265.
[2025-04-02 17:51:02] INFO - Checking pay range [17, 19]...
[2025-04-02 17:51:03] INFO -   => totalHits = 653
[2025-04-02 17:51:03] INFO -   => Splitting into [17, 18] and [19, 19].
[2025-04-02 17:51:03] INFO - Checking pay range [20, 22]...
[2025-04-02 17:51:05] INFO -   => totalHits = 396
[2025-04-02 17:51:05] INFO - Fetching data for pay range [20, 22]...
[2025-04-02 17:51:06] INFO -   - Page 1 => 10 caregivers, saved to raw_data\USA\10002\search_of_housekeeping\onetime\range_20_22\page_1.json
[2025-04-02 17:51:06] INFO -   - Next endCursor: U2VlZD0wLEluZGV4PTEwLFBhZ2VTY3JvbGxJZD03YzQyMzFkZjQzYzE0ZmEyYWRhNTEwNzYzYjE3ZjkxMw==
[2025-04-02 17:51:08] INFO -   - Page 2 => 10 caregivers, saved to raw_data\USA\10002\search_of_housekeeping\onetime\range_20_22\page_2.json
[2025-04-02 17:51:08] INFO -   - Next endCursor: U2VlZD0wLEluZGV4PTIwLFBhZ2VTY3JvbGxJZD03YzQyMzFkZjQzYzE0ZmEyYWRhNTEwNzYzYjE3ZjkxMw==
[2025-04-02 17:51:09] INFO -   - Page 3 => 10 caregivers, saved to raw_data\USA\10002\search_of_housekeeping\onetime\range_20_22\page_3.json
[2025-04-02 17:51:09] INFO -   - Next endCursor: U2VlZD0wLEluZGV4PTMwLFBhZ2VTY3JvbGxJZD03YzQyMzFkZjQzYzE0ZmEyYWRhNTEwNzYzYjE3ZjkxMw==
[2025-04-02 17:51:11] INFO -   - Page 4 => 10 caregivers, saved to raw_data\USA\10002\search_of_housekeeping\onetime\range_20_22\page_4.json
[2025-04-02 17:51:11] INFO -   - Next endCursor: U2VlZD0wLEluZGV4PTQwLFBhZ2VTY3JvbGxJZD03YzQyMzFkZjQzYzE0ZmEyYWRhNTEwNzYzYjE3ZjkxMw==
[2025-04-02 17:51:12] INFO -   - Page 5 => 10 caregivers, saved to raw_data\USA\10002\search_of_housekeeping\onetime\range_20_22\page_5.json
[2025-04-02 17:51:12] INFO -   - Next endCursor: U2VlZD0wLEluZGV4PTUwLFBhZ2VTY3JvbGxJZD03YzQyMzFkZjQzYzE0ZmEyYWRhNTEwNzYzYjE3ZjkxMw==
[2025-04-02 17:51:13] INFO -   - Page 6 => 10 caregivers, saved to raw_data\USA\10002\search_of_housekeeping\onetime\range_20_22\page_6.json
[2025-04-02 17:51:13] INFO -   - Next endCursor: U2VlZD0wLEluZGV4PTYwLFBhZ2VTY3JvbGxJZD03YzQyMzFkZjQzYzE0ZmEyYWRhNTEwNzYzYjE3ZjkxMw==
[2025-04-02 17:51:15] INFO -   - Page 7 => 10 caregivers, saved to raw_data\USA\10002\search_of_housekeeping\onetime\range_20_22\page_7.json
[2025-04-02 17:51:15] INFO -   - Next endCursor: U2VlZD0wLEluZGV4PTcwLFBhZ2VTY3JvbGxJZD03YzQyMzFkZjQzYzE0ZmEyYWRhNTEwNzYzYjE3ZjkxMw==
[2025-04-02 17:51:16] INFO -   - Page 8 => 10 caregivers, saved to raw_data\USA\10002\search_of_housekeeping\onetime\range_20_22\page_8.json
[2025-04-02 17:51:16] INFO -   - Next endCursor: U2VlZD0wLEluZGV4PTgwLFBhZ2VTY3JvbGxJZD03YzQyMzFkZjQzYzE0ZmEyYWRhNTEwNzYzYjE3ZjkxMw==
[2025-04-02 17:51:17] INFO -   - Page 9 => 10 caregivers, saved to raw_data\USA\10002\search_of_housekeeping\onetime\range_20_22\page_9.json
[2025-04-02 17:51:17] INFO -   - Next endCursor: U2VlZD0wLEluZGV4PTkwLFBhZ2VTY3JvbGxJZD03YzQyMzFkZjQzYzE0ZmEyYWRhNTEwNzYzYjE3ZjkxMw==
[2025-04-02 17:51:19] INFO -   - Page 10 => 10 caregivers, saved to raw_data\USA\10002\search_of_housekeeping\onetime\range_20_22\page_10.json
[2025-04-02 17:51:19] INFO -   - Next endCursor: U2VlZD0wLEluZGV4PTEwMCxQYWdlU2Nyb2xsSWQ9N2M0MjMxZGY0M2MxNGZhMmFkYTUxMDc2M2IxN2Y5MTM=
[2025-04-02 17:51:20] INFO -   - Page 11 => 10 caregivers, saved to raw_data\USA\10002\search_of_housekeeping\onetime\range_20_22\page_11.json
[2025-04-02 17:51:20] INFO -   - Next endCursor: U2VlZD0wLEluZGV4PTExMCxQYWdlU2Nyb2xsSWQ9N2M0MjMxZGY0M2MxNGZhMmFkYTUxMDc2M2IxN2Y5MTM=
[2025-04-02 17:51:22] INFO -   - Page 12 => 10 caregivers, saved to raw_data\USA\10002\search_of_housekeeping\onetime\range_20_22\page_12.json
[2025-04-02 17:51:22] INFO -   - Next endCursor: U2VlZD0wLEluZGV4PTEyMCxQYWdlU2Nyb2xsSWQ9N2M0MjMxZGY0M2MxNGZhMmFkYTUxMDc2M2IxN2Y5MTM=
[2025-04-02 17:51:23] INFO -   - Page 13 => 10 caregivers, saved to raw_data\USA\10002\search_of_housekeeping\onetime\range_20_22\page_13.json
[2025-04-02 17:51:23] INFO -   - Next endCursor: U2VlZD0wLEluZGV4PTEzMCxQYWdlU2Nyb2xsSWQ9N2M0MjMxZGY0M2MxNGZhMmFkYTUxMDc2M2IxN2Y5MTM=
[2025-04-02 17:51:25] INFO -   - Page 14 => 10 caregivers, saved to raw_data\USA\10002\search_of_housekeeping\onetime\range_20_22\page_14.json
[2025-04-02 17:51:25] INFO -   - Next endCursor: U2VlZD0wLEluZGV4PTE0MCxQYWdlU2Nyb2xsSWQ9N2M0MjMxZGY0M2MxNGZhMmFkYTUxMDc2M2IxN2Y5MTM=
[2025-04-02 17:51:26] INFO -   - Page 15 => 10 caregivers, saved to raw_data\USA\10002\search_of_housekeeping\onetime\range_20_22\page_15.json
[2025-04-02 17:51:26] INFO -   - Next endCursor: U2VlZD0wLEluZGV4PTE1MCxQYWdlU2Nyb2xsSWQ9N2M0MjMxZGY0M2MxNGZhMmFkYTUxMDc2M2IxN2Y5MTM=
[2025-04-02 17:51:28] INFO -   - Page 16 => 10 caregivers, saved to raw_data\USA\10002\search_of_housekeeping\onetime\range_20_22\page_16.json
[2025-04-02 17:51:28] INFO -   - Next endCursor: U2VlZD0wLEluZGV4PTE2MCxQYWdlU2Nyb2xsSWQ9N2M0MjMxZGY0M2MxNGZhMmFkYTUxMDc2M2IxN2Y5MTM=
[2025-04-02 17:51:29] INFO -   - Page 17 => 10 caregivers, saved to raw_data\USA\10002\search_of_housekeeping\onetime\range_20_22\page_17.json
[2025-04-02 17:51:29] INFO -   - Next endCursor: U2VlZD0wLEluZGV4PTE3MCxQYWdlU2Nyb2xsSWQ9N2M0MjMxZGY0M2MxNGZhMmFkYTUxMDc2M2IxN2Y5MTM=
[2025-04-02 17:51:30] INFO -   - Page 18 => 10 caregivers, saved to raw_data\USA\10002\search_of_housekeeping\onetime\range_20_22\page_18.json
[2025-04-02 17:51:30] INFO -   - Next endCursor: U2VlZD0wLEluZGV4PTE4MCxQYWdlU2Nyb2xsSWQ9N2M0MjMxZGY0M2MxNGZhMmFkYTUxMDc2M2IxN2Y5MTM=
[2025-04-02 17:51:32] INFO -   - Page 19 => 10 caregivers, saved to raw_data\USA\10002\search_of_housekeeping\onetime\range_20_22\page_19.json
[2025-04-02 17:51:32] INFO -   - Next endCursor: U2VlZD0wLEluZGV4PTE5MCxQYWdlU2Nyb2xsSWQ9N2M0MjMxZGY0M2MxNGZhMmFkYTUxMDc2M2IxN2Y5MTM=
[2025-04-02 17:51:33] INFO -   - Page 20 => 10 caregivers, saved to raw_data\USA\10002\search_of_housekeeping\onetime\range_20_22\page_20.json
[2025-04-02 17:51:33] INFO -   - Next endCursor: U2VlZD0wLEluZGV4PTIwMCxQYWdlU2Nyb2xsSWQ9N2M0MjMxZGY0M2MxNGZhMmFkYTUxMDc2M2IxN2Y5MTM=
[2025-04-02 17:51:35] INFO -   - Page 21 => 10 caregivers, saved to raw_data\USA\10002\search_of_housekeeping\onetime\range_20_22\page_21.json
[2025-04-02 17:51:35] INFO -   - Next endCursor: U2VlZD0wLEluZGV4PTIxMCxQYWdlU2Nyb2xsSWQ9N2M0MjMxZGY0M2MxNGZhMmFkYTUxMDc2M2IxN2Y5MTM=
[2025-04-02 17:51:36] INFO -   - Page 22 => 10 caregivers, saved to raw_data\USA\10002\search_of_housekeeping\onetime\range_20_22\page_22.json
[2025-04-02 17:51:36] INFO -   - Next endCursor: U2VlZD0wLEluZGV4PTIyMCxQYWdlU2Nyb2xsSWQ9N2M0MjMxZGY0M2MxNGZhMmFkYTUxMDc2M2IxN2Y5MTM=
[2025-04-02 17:51:38] INFO -   - Page 23 => 10 caregivers, saved to raw_data\USA\10002\search_of_housekeeping\onetime\range_20_22\page_23.json
[2025-04-02 17:51:38] INFO -   - Next endCursor: U2VlZD0wLEluZGV4PTIzMCxQYWdlU2Nyb2xsSWQ9N2M0MjMxZGY0M2MxNGZhMmFkYTUxMDc2M2IxN2Y5MTM=
[2025-04-02 17:51:39] INFO -   - Page 24 => 10 caregivers, saved to raw_data\USA\10002\search_of_housekeeping\onetime\range_20_22\page_24.json
[2025-04-02 17:51:39] INFO -   - Next endCursor: U2VlZD0wLEluZGV4PTI0MCxQYWdlU2Nyb2xsSWQ9N2M0MjMxZGY0M2MxNGZhMmFkYTUxMDc2M2IxN2Y5MTM=
[2025-04-02 17:51:41] INFO -   - Page 25 => 10 caregivers, saved to raw_data\USA\10002\search_of_housekeeping\onetime\range_20_22\page_25.json
[2025-04-02 17:51:41] INFO -   - Next endCursor: U2VlZD0wLEluZGV4PTI1MCxQYWdlU2Nyb2xsSWQ9N2M0MjMxZGY0M2MxNGZhMmFkYTUxMDc2M2IxN2Y5MTM=
[2025-04-02 17:51:42] INFO -   - Page 26 => 10 caregivers, saved to raw_data\USA\10002\search_of_housekeeping\onetime\range_20_22\page_26.json
[2025-04-02 17:51:42] INFO -   - Next endCursor: U2VlZD0wLEluZGV4PTI2MCxQYWdlU2Nyb2xsSWQ9N2M0MjMxZGY0M2MxNGZhMmFkYTUxMDc2M2IxN2Y5MTM=
[2025-04-02 17:51:44] INFO -   - Page 27 => 10 caregivers, saved to raw_data\USA\10002\search_of_housekeeping\onetime\range_20_22\page_27.json
[2025-04-02 17:51:44] INFO -   - Next endCursor: U2VlZD0wLEluZGV4PTI3MCxQYWdlU2Nyb2xsSWQ9N2M0MjMxZGY0M2MxNGZhMmFkYTUxMDc2M2IxN2Y5MTM=
[2025-04-02 17:51:45] INFO -   - Page 28 => 10 caregivers, saved to raw_data\USA\10002\search_of_housekeeping\onetime\range_20_22\page_28.json
[2025-04-02 17:51:45] INFO -   - Next endCursor: U2VlZD0wLEluZGV4PTI4MCxQYWdlU2Nyb2xsSWQ9N2M0MjMxZGY0M2MxNGZhMmFkYTUxMDc2M2IxN2Y5MTM=
[2025-04-02 17:51:46] INFO -   - Page 29 => 10 caregivers, saved to raw_data\USA\10002\search_of_housekeeping\onetime\range_20_22\page_29.json
[2025-04-02 17:51:46] INFO -   - Next endCursor: U2VlZD0wLEluZGV4PTI5MCxQYWdlU2Nyb2xsSWQ9N2M0MjMxZGY0M2MxNGZhMmFkYTUxMDc2M2IxN2Y5MTM=
[2025-04-02 17:51:48] INFO -   - Page 30 => 10 caregivers, saved to raw_data\USA\10002\search_of_housekeeping\onetime\range_20_22\page_30.json
[2025-04-02 17:51:48] INFO -   - Next endCursor: U2VlZD0wLEluZGV4PTMwMCxQYWdlU2Nyb2xsSWQ9N2M0MjMxZGY0M2MxNGZhMmFkYTUxMDc2M2IxN2Y5MTM=
[2025-04-02 17:51:49] INFO -   - Page 31 => 10 caregivers, saved to raw_data\USA\10002\search_of_housekeeping\onetime\range_20_22\page_31.json
[2025-04-02 17:51:49] INFO -   - Next endCursor: U2VlZD0wLEluZGV4PTMxMCxQYWdlU2Nyb2xsSWQ9N2M0MjMxZGY0M2MxNGZhMmFkYTUxMDc2M2IxN2Y5MTM=
[2025-04-02 17:51:50] INFO -   - Page 32 => 10 caregivers, saved to raw_data\USA\10002\search_of_housekeeping\onetime\range_20_22\page_32.json
[2025-04-02 17:51:50] INFO -   - Next endCursor: U2VlZD0wLEluZGV4PTMyMCxQYWdlU2Nyb2xsSWQ9N2M0MjMxZGY0M2MxNGZhMmFkYTUxMDc2M2IxN2Y5MTM=
[2025-04-02 17:51:52] INFO -   - Page 33 => 10 caregivers, saved to raw_data\USA\10002\search_of_housekeeping\onetime\range_20_22\page_33.json
[2025-04-02 17:51:52] INFO -   - Next endCursor: U2VlZD0wLEluZGV4PTMzMCxQYWdlU2Nyb2xsSWQ9N2M0MjMxZGY0M2MxNGZhMmFkYTUxMDc2M2IxN2Y5MTM=
[2025-04-02 17:51:53] INFO -   - Page 34 => 10 caregivers, saved to raw_data\USA\10002\search_of_housekeeping\onetime\range_20_22\page_34.json
[2025-04-02 17:51:53] INFO -   - Next endCursor: U2VlZD0wLEluZGV4PTM0MCxQYWdlU2Nyb2xsSWQ9N2M0MjMxZGY0M2MxNGZhMmFkYTUxMDc2M2IxN2Y5MTM=
[2025-04-02 17:51:55] INFO -   - Page 35 => 10 caregivers, saved to raw_data\USA\10002\search_of_housekeeping\onetime\range_20_22\page_35.json
[2025-04-02 17:51:55] INFO -   - Next endCursor: U2VlZD0wLEluZGV4PTM1MCxQYWdlU2Nyb2xsSWQ9N2M0MjMxZGY0M2MxNGZhMmFkYTUxMDc2M2IxN2Y5MTM=
[2025-04-02 17:51:56] INFO -   - Page 36 => 10 caregivers, saved to raw_data\USA\10002\search_of_housekeeping\onetime\range_20_22\page_36.json
[2025-04-02 17:51:56] INFO -   - Next endCursor: U2VlZD0wLEluZGV4PTM2MCxQYWdlU2Nyb2xsSWQ9N2M0MjMxZGY0M2MxNGZhMmFkYTUxMDc2M2IxN2Y5MTM=
[2025-04-02 17:51:57] INFO -   - Page 37 => 10 caregivers, saved to raw_data\USA\10002\search_of_housekeeping\onetime\range_20_22\page_37.json
[2025-04-02 17:51:57] INFO -   - Next endCursor: U2VlZD0wLEluZGV4PTM3MCxQYWdlU2Nyb2xsSWQ9N2M0MjMxZGY0M2MxNGZhMmFkYTUxMDc2M2IxN2Y5MTM=
[2025-04-02 17:51:59] INFO -   - Page 38 => 10 caregivers, saved to raw_data\USA\10002\search_of_housekeeping\onetime\range_20_22\page_38.json
[2025-04-02 17:51:59] INFO -   - Next endCursor: U2VlZD0wLEluZGV4PTM4MCxQYWdlU2Nyb2xsSWQ9N2M0MjMxZGY0M2MxNGZhMmFkYTUxMDc2M2IxN2Y5MTM=
[2025-04-02 17:52:00] INFO -   - Page 39 => 10 caregivers, saved to raw_data\USA\10002\search_of_housekeeping\onetime\range_20_22\page_39.json
[2025-04-02 17:52:00] INFO -   - Next endCursor: U2VlZD0wLEluZGV4PTM5MCxQYWdlU2Nyb2xsSWQ9N2M0MjMxZGY0M2MxNGZhMmFkYTUxMDc2M2IxN2Y5MTM=
[2025-04-02 17:52:02] INFO -   - Page 40 => 6 caregivers, saved to raw_data\USA\10002\search_of_housekeeping\onetime\range_20_22\page_40.json
[2025-04-02 17:52:02] INFO - Finished range [20, 22] with status='success'. Total pages: 40, total caregivers: 396.
[2025-04-02 17:52:02] INFO - Checking pay range [23, 25]...
[2025-04-02 17:52:03] INFO -   => totalHits = 322
[2025-04-02 17:52:03] INFO - Fetching data for pay range [23, 25]...
[2025-04-02 17:52:04] INFO -   - Page 1 => 10 caregivers, saved to raw_data\USA\10002\search_of_housekeeping\onetime\range_23_25\page_1.json
[2025-04-02 17:52:04] INFO -   - Next endCursor: U2VlZD0wLEluZGV4PTEwLFBhZ2VTY3JvbGxJZD00MWExZGQxY2Q0MDg0ZTg0YTllZTZkM2VjNWU1OGYzMw==
[2025-04-02 17:52:06] INFO -   - Page 2 => 10 caregivers, saved to raw_data\USA\10002\search_of_housekeeping\onetime\range_23_25\page_2.json
[2025-04-02 17:52:06] INFO -   - Next endCursor: U2VlZD0wLEluZGV4PTIwLFBhZ2VTY3JvbGxJZD00MWExZGQxY2Q0MDg0ZTg0YTllZTZkM2VjNWU1OGYzMw==
[2025-04-02 17:52:07] INFO -   - Page 3 => 10 caregivers, saved to raw_data\USA\10002\search_of_housekeeping\onetime\range_23_25\page_3.json
[2025-04-02 17:52:07] INFO -   - Next endCursor: U2VlZD0wLEluZGV4PTMwLFBhZ2VTY3JvbGxJZD00MWExZGQxY2Q0MDg0ZTg0YTllZTZkM2VjNWU1OGYzMw==
[2025-04-02 17:52:09] INFO -   - Page 4 => 10 caregivers, saved to raw_data\USA\10002\search_of_housekeeping\onetime\range_23_25\page_4.json
[2025-04-02 17:52:09] INFO -   - Next endCursor: U2VlZD0wLEluZGV4PTQwLFBhZ2VTY3JvbGxJZD00MWExZGQxY2Q0MDg0ZTg0YTllZTZkM2VjNWU1OGYzMw==
[2025-04-02 17:52:10] INFO -   - Page 5 => 10 caregivers, saved to raw_data\USA\10002\search_of_housekeeping\onetime\range_23_25\page_5.json
[2025-04-02 17:52:10] INFO -   - Next endCursor: U2VlZD0wLEluZGV4PTUwLFBhZ2VTY3JvbGxJZD00MWExZGQxY2Q0MDg0ZTg0YTllZTZkM2VjNWU1OGYzMw==
[2025-04-02 17:52:12] INFO -   - Page 6 => 10 caregivers, saved to raw_data\USA\10002\search_of_housekeeping\onetime\range_23_25\page_6.json
[2025-04-02 17:52:12] INFO -   - Next endCursor: U2VlZD0wLEluZGV4PTYwLFBhZ2VTY3JvbGxJZD00MWExZGQxY2Q0MDg0ZTg0YTllZTZkM2VjNWU1OGYzMw==
[2025-04-02 17:52:13] INFO -   - Page 7 => 10 caregivers, saved to raw_data\USA\10002\search_of_housekeeping\onetime\range_23_25\page_7.json
[2025-04-02 17:52:13] INFO -   - Next endCursor: U2VlZD0wLEluZGV4PTcwLFBhZ2VTY3JvbGxJZD00MWExZGQxY2Q0MDg0ZTg0YTllZTZkM2VjNWU1OGYzMw==
[2025-04-02 17:52:14] INFO -   - Page 8 => 10 caregivers, saved to raw_data\USA\10002\search_of_housekeeping\onetime\range_23_25\page_8.json
[2025-04-02 17:52:14] INFO -   - Next endCursor: U2VlZD0wLEluZGV4PTgwLFBhZ2VTY3JvbGxJZD00MWExZGQxY2Q0MDg0ZTg0YTllZTZkM2VjNWU1OGYzMw==
[2025-04-02 17:52:16] INFO -   - Page 9 => 10 caregivers, saved to raw_data\USA\10002\search_of_housekeeping\onetime\range_23_25\page_9.json
[2025-04-02 17:52:16] INFO -   - Next endCursor: U2VlZD0wLEluZGV4PTkwLFBhZ2VTY3JvbGxJZD00MWExZGQxY2Q0MDg0ZTg0YTllZTZkM2VjNWU1OGYzMw==
[2025-04-02 17:52:17] INFO -   - Page 10 => 10 caregivers, saved to raw_data\USA\10002\search_of_housekeeping\onetime\range_23_25\page_10.json
[2025-04-02 17:52:17] INFO -   - Next endCursor: U2VlZD0wLEluZGV4PTEwMCxQYWdlU2Nyb2xsSWQ9NDFhMWRkMWNkNDA4NGU4NGE5ZWU2ZDNlYzVlNThmMzM=
[2025-04-02 17:52:18] INFO -   - Page 11 => 10 caregivers, saved to raw_data\USA\10002\search_of_housekeeping\onetime\range_23_25\page_11.json
[2025-04-02 17:52:18] INFO -   - Next endCursor: U2VlZD0wLEluZGV4PTExMCxQYWdlU2Nyb2xsSWQ9NDFhMWRkMWNkNDA4NGU4NGE5ZWU2ZDNlYzVlNThmMzM=
[2025-04-02 17:52:20] INFO -   - Page 12 => 10 caregivers, saved to raw_data\USA\10002\search_of_housekeeping\onetime\range_23_25\page_12.json
[2025-04-02 17:52:20] INFO -   - Next endCursor: U2VlZD0wLEluZGV4PTEyMCxQYWdlU2Nyb2xsSWQ9NDFhMWRkMWNkNDA4NGU4NGE5ZWU2ZDNlYzVlNThmMzM=
[2025-04-02 17:52:22] INFO -   - Page 13 => 10 caregivers, saved to raw_data\USA\10002\search_of_housekeeping\onetime\range_23_25\page_13.json
[2025-04-02 17:52:22] INFO -   - Next endCursor: U2VlZD0wLEluZGV4PTEzMCxQYWdlU2Nyb2xsSWQ9NDFhMWRkMWNkNDA4NGU4NGE5ZWU2ZDNlYzVlNThmMzM=
[2025-04-02 17:52:23] INFO -   - Page 14 => 10 caregivers, saved to raw_data\USA\10002\search_of_housekeeping\onetime\range_23_25\page_14.json
[2025-04-02 17:52:23] INFO -   - Next endCursor: U2VlZD0wLEluZGV4PTE0MCxQYWdlU2Nyb2xsSWQ9NDFhMWRkMWNkNDA4NGU4NGE5ZWU2ZDNlYzVlNThmMzM=
[2025-04-02 17:52:25] INFO -   - Page 15 => 10 caregivers, saved to raw_data\USA\10002\search_of_housekeeping\onetime\range_23_25\page_15.json
[2025-04-02 17:52:25] INFO -   - Next endCursor: U2VlZD0wLEluZGV4PTE1MCxQYWdlU2Nyb2xsSWQ9NDFhMWRkMWNkNDA4NGU4NGE5ZWU2ZDNlYzVlNThmMzM=
[2025-04-02 17:52:26] INFO -   - Page 16 => 10 caregivers, saved to raw_data\USA\10002\search_of_housekeeping\onetime\range_23_25\page_16.json
[2025-04-02 17:52:26] INFO -   - Next endCursor: U2VlZD0wLEluZGV4PTE2MCxQYWdlU2Nyb2xsSWQ9NDFhMWRkMWNkNDA4NGU4NGE5ZWU2ZDNlYzVlNThmMzM=
[2025-04-02 17:52:27] INFO -   - Page 17 => 10 caregivers, saved to raw_data\USA\10002\search_of_housekeeping\onetime\range_23_25\page_17.json
[2025-04-02 17:52:27] INFO -   - Next endCursor: U2VlZD0wLEluZGV4PTE3MCxQYWdlU2Nyb2xsSWQ9NDFhMWRkMWNkNDA4NGU4NGE5ZWU2ZDNlYzVlNThmMzM=
[2025-04-02 17:52:29] INFO -   - Page 18 => 10 caregivers, saved to raw_data\USA\10002\search_of_housekeeping\onetime\range_23_25\page_18.json
[2025-04-02 17:52:29] INFO -   - Next endCursor: U2VlZD0wLEluZGV4PTE4MCxQYWdlU2Nyb2xsSWQ9NDFhMWRkMWNkNDA4NGU4NGE5ZWU2ZDNlYzVlNThmMzM=
[2025-04-02 17:52:30] INFO -   - Page 19 => 10 caregivers, saved to raw_data\USA\10002\search_of_housekeeping\onetime\range_23_25\page_19.json
[2025-04-02 17:52:30] INFO -   - Next endCursor: U2VlZD0wLEluZGV4PTE5MCxQYWdlU2Nyb2xsSWQ9NDFhMWRkMWNkNDA4NGU4NGE5ZWU2ZDNlYzVlNThmMzM=
[2025-04-02 17:52:31] INFO -   - Page 20 => 10 caregivers, saved to raw_data\USA\10002\search_of_housekeeping\onetime\range_23_25\page_20.json
[2025-04-02 17:52:31] INFO -   - Next endCursor: U2VlZD0wLEluZGV4PTIwMCxQYWdlU2Nyb2xsSWQ9NDFhMWRkMWNkNDA4NGU4NGE5ZWU2ZDNlYzVlNThmMzM=
[2025-04-02 17:52:33] INFO -   - Page 21 => 10 caregivers, saved to raw_data\USA\10002\search_of_housekeeping\onetime\range_23_25\page_21.json
[2025-04-02 17:52:33] INFO -   - Next endCursor: U2VlZD0wLEluZGV4PTIxMCxQYWdlU2Nyb2xsSWQ9NDFhMWRkMWNkNDA4NGU4NGE5ZWU2ZDNlYzVlNThmMzM=
[2025-04-02 17:52:34] INFO -   - Page 22 => 10 caregivers, saved to raw_data\USA\10002\search_of_housekeeping\onetime\range_23_25\page_22.json
[2025-04-02 17:52:34] INFO -   - Next endCursor: U2VlZD0wLEluZGV4PTIyMCxQYWdlU2Nyb2xsSWQ9NDFhMWRkMWNkNDA4NGU4NGE5ZWU2ZDNlYzVlNThmMzM=
[2025-04-02 17:52:36] INFO -   - Page 23 => 10 caregivers, saved to raw_data\USA\10002\search_of_housekeeping\onetime\range_23_25\page_23.json
[2025-04-02 17:52:36] INFO -   - Next endCursor: U2VlZD0wLEluZGV4PTIzMCxQYWdlU2Nyb2xsSWQ9NDFhMWRkMWNkNDA4NGU4NGE5ZWU2ZDNlYzVlNThmMzM=
[2025-04-02 17:52:37] INFO -   - Page 24 => 10 caregivers, saved to raw_data\USA\10002\search_of_housekeeping\onetime\range_23_25\page_24.json
[2025-04-02 17:52:37] INFO -   - Next endCursor: U2VlZD0wLEluZGV4PTI0MCxQYWdlU2Nyb2xsSWQ9NDFhMWRkMWNkNDA4NGU4NGE5ZWU2ZDNlYzVlNThmMzM=
[2025-04-02 17:52:38] INFO -   - Page 25 => 10 caregivers, saved to raw_data\USA\10002\search_of_housekeeping\onetime\range_23_25\page_25.json
[2025-04-02 17:52:38] INFO -   - Next endCursor: U2VlZD0wLEluZGV4PTI1MCxQYWdlU2Nyb2xsSWQ9NDFhMWRkMWNkNDA4NGU4NGE5ZWU2ZDNlYzVlNThmMzM=
[2025-04-02 17:52:40] INFO -   - Page 26 => 10 caregivers, saved to raw_data\USA\10002\search_of_housekeeping\onetime\range_23_25\page_26.json
[2025-04-02 17:52:40] INFO -   - Next endCursor: U2VlZD0wLEluZGV4PTI2MCxQYWdlU2Nyb2xsSWQ9NDFhMWRkMWNkNDA4NGU4NGE5ZWU2ZDNlYzVlNThmMzM=
[2025-04-02 17:52:41] INFO -   - Page 27 => 10 caregivers, saved to raw_data\USA\10002\search_of_housekeeping\onetime\range_23_25\page_27.json
[2025-04-02 17:52:41] INFO -   - Next endCursor: U2VlZD0wLEluZGV4PTI3MCxQYWdlU2Nyb2xsSWQ9NDFhMWRkMWNkNDA4NGU4NGE5ZWU2ZDNlYzVlNThmMzM=
[2025-04-02 17:52:43] INFO -   - Page 28 => 10 caregivers, saved to raw_data\USA\10002\search_of_housekeeping\onetime\range_23_25\page_28.json
[2025-04-02 17:52:43] INFO -   - Next endCursor: U2VlZD0wLEluZGV4PTI4MCxQYWdlU2Nyb2xsSWQ9NDFhMWRkMWNkNDA4NGU4NGE5ZWU2ZDNlYzVlNThmMzM=
[2025-04-02 17:52:44] INFO -   - Page 29 => 10 caregivers, saved to raw_data\USA\10002\search_of_housekeeping\onetime\range_23_25\page_29.json
[2025-04-02 17:52:44] INFO -   - Next endCursor: U2VlZD0wLEluZGV4PTI5MCxQYWdlU2Nyb2xsSWQ9NDFhMWRkMWNkNDA4NGU4NGE5ZWU2ZDNlYzVlNThmMzM=
[2025-04-02 17:52:46] INFO -   - Page 30 => 10 caregivers, saved to raw_data\USA\10002\search_of_housekeeping\onetime\range_23_25\page_30.json
[2025-04-02 17:52:46] INFO -   - Next endCursor: U2VlZD0wLEluZGV4PTMwMCxQYWdlU2Nyb2xsSWQ9NDFhMWRkMWNkNDA4NGU4NGE5ZWU2ZDNlYzVlNThmMzM=
[2025-04-02 17:52:47] INFO -   - Page 31 => 10 caregivers, saved to raw_data\USA\10002\search_of_housekeeping\onetime\range_23_25\page_31.json
[2025-04-02 17:52:47] INFO -   - Next endCursor: U2VlZD0wLEluZGV4PTMxMCxQYWdlU2Nyb2xsSWQ9NDFhMWRkMWNkNDA4NGU4NGE5ZWU2ZDNlYzVlNThmMzM=
[2025-04-02 17:52:48] INFO -   - Page 32 => 10 caregivers, saved to raw_data\USA\10002\search_of_housekeeping\onetime\range_23_25\page_32.json
[2025-04-02 17:52:48] INFO -   - Next endCursor: U2VlZD0wLEluZGV4PTMyMCxQYWdlU2Nyb2xsSWQ9NDFhMWRkMWNkNDA4NGU4NGE5ZWU2ZDNlYzVlNThmMzM=
[2025-04-02 17:52:49] INFO -   - Page 33 => 2 caregivers, saved to raw_data\USA\10002\search_of_housekeeping\onetime\range_23_25\page_33.json
[2025-04-02 17:52:49] INFO - Finished range [23, 25] with status='success'. Total pages: 33, total caregivers: 322.
[2025-04-02 17:52:49] INFO - Checking pay range [17, 18]...
[2025-04-02 17:52:51] INFO -   => totalHits = 265
[2025-04-02 17:52:51] INFO - Fetching data for pay range [17, 18]...
[2025-04-02 17:52:52] INFO -   - Page 1 => 10 caregivers, saved to raw_data\USA\10002\search_of_housekeeping\onetime\range_17_18\page_1.json
[2025-04-02 17:52:52] INFO -   - Next endCursor: U2VlZD0wLEluZGV4PTEwLFBhZ2VTY3JvbGxJZD00MDQwNDk1OTIxZDI0NzE1YjVmYjA0ZDNlMDRmZjRiMQ==
[2025-04-02 17:52:54] INFO -   - Page 2 => 10 caregivers, saved to raw_data\USA\10002\search_of_housekeeping\onetime\range_17_18\page_2.json
[2025-04-02 17:52:54] INFO -   - Next endCursor: U2VlZD0wLEluZGV4PTIwLFBhZ2VTY3JvbGxJZD00MDQwNDk1OTIxZDI0NzE1YjVmYjA0ZDNlMDRmZjRiMQ==
[2025-04-02 17:52:55] INFO -   - Page 3 => 10 caregivers, saved to raw_data\USA\10002\search_of_housekeeping\onetime\range_17_18\page_3.json
[2025-04-02 17:52:55] INFO -   - Next endCursor: U2VlZD0wLEluZGV4PTMwLFBhZ2VTY3JvbGxJZD00MDQwNDk1OTIxZDI0NzE1YjVmYjA0ZDNlMDRmZjRiMQ==
[2025-04-02 17:52:56] INFO -   - Page 4 => 10 caregivers, saved to raw_data\USA\10002\search_of_housekeeping\onetime\range_17_18\page_4.json
[2025-04-02 17:52:56] INFO -   - Next endCursor: U2VlZD0wLEluZGV4PTQwLFBhZ2VTY3JvbGxJZD00MDQwNDk1OTIxZDI0NzE1YjVmYjA0ZDNlMDRmZjRiMQ==
[2025-04-02 17:52:58] INFO -   - Page 5 => 10 caregivers, saved to raw_data\USA\10002\search_of_housekeeping\onetime\range_17_18\page_5.json
[2025-04-02 17:52:58] INFO -   - Next endCursor: U2VlZD0wLEluZGV4PTUwLFBhZ2VTY3JvbGxJZD00MDQwNDk1OTIxZDI0NzE1YjVmYjA0ZDNlMDRmZjRiMQ==
[2025-04-02 17:53:00] INFO -   - Page 6 => 10 caregivers, saved to raw_data\USA\10002\search_of_housekeeping\onetime\range_17_18\page_6.json
[2025-04-02 17:53:00] INFO -   - Next endCursor: U2VlZD0wLEluZGV4PTYwLFBhZ2VTY3JvbGxJZD00MDQwNDk1OTIxZDI0NzE1YjVmYjA0ZDNlMDRmZjRiMQ==
[2025-04-02 17:53:01] INFO -   - Page 7 => 10 caregivers, saved to raw_data\USA\10002\search_of_housekeeping\onetime\range_17_18\page_7.json
[2025-04-02 17:53:01] INFO -   - Next endCursor: U2VlZD0wLEluZGV4PTcwLFBhZ2VTY3JvbGxJZD00MDQwNDk1OTIxZDI0NzE1YjVmYjA0ZDNlMDRmZjRiMQ==
[2025-04-02 17:53:02] INFO -   - Page 8 => 10 caregivers, saved to raw_data\USA\10002\search_of_housekeeping\onetime\range_17_18\page_8.json
[2025-04-02 17:53:02] INFO -   - Next endCursor: U2VlZD0wLEluZGV4PTgwLFBhZ2VTY3JvbGxJZD00MDQwNDk1OTIxZDI0NzE1YjVmYjA0ZDNlMDRmZjRiMQ==
[2025-04-02 17:53:03] INFO -   - Page 9 => 10 caregivers, saved to raw_data\USA\10002\search_of_housekeeping\onetime\range_17_18\page_9.json
[2025-04-02 17:53:03] INFO -   - Next endCursor: U2VlZD0wLEluZGV4PTkwLFBhZ2VTY3JvbGxJZD00MDQwNDk1OTIxZDI0NzE1YjVmYjA0ZDNlMDRmZjRiMQ==
[2025-04-02 17:53:05] INFO -   - Page 10 => 10 caregivers, saved to raw_data\USA\10002\search_of_housekeeping\onetime\range_17_18\page_10.json
[2025-04-02 17:53:05] INFO -   - Next endCursor: U2VlZD0wLEluZGV4PTEwMCxQYWdlU2Nyb2xsSWQ9NDA0MDQ5NTkyMWQyNDcxNWI1ZmIwNGQzZTA0ZmY0YjE=
[2025-04-02 17:53:06] INFO -   - Page 11 => 10 caregivers, saved to raw_data\USA\10002\search_of_housekeeping\onetime\range_17_18\page_11.json
[2025-04-02 17:53:06] INFO -   - Next endCursor: U2VlZD0wLEluZGV4PTExMCxQYWdlU2Nyb2xsSWQ9NDA0MDQ5NTkyMWQyNDcxNWI1ZmIwNGQzZTA0ZmY0YjE=
[2025-04-02 17:53:08] INFO -   - Page 12 => 10 caregivers, saved to raw_data\USA\10002\search_of_housekeeping\onetime\range_17_18\page_12.json
[2025-04-02 17:53:08] INFO -   - Next endCursor: U2VlZD0wLEluZGV4PTEyMCxQYWdlU2Nyb2xsSWQ9NDA0MDQ5NTkyMWQyNDcxNWI1ZmIwNGQzZTA0ZmY0YjE=
[2025-04-02 17:53:09] INFO -   - Page 13 => 10 caregivers, saved to raw_data\USA\10002\search_of_housekeeping\onetime\range_17_18\page_13.json
[2025-04-02 17:53:09] INFO -   - Next endCursor: U2VlZD0wLEluZGV4PTEzMCxQYWdlU2Nyb2xsSWQ9NDA0MDQ5NTkyMWQyNDcxNWI1ZmIwNGQzZTA0ZmY0YjE=
[2025-04-02 17:53:10] INFO -   - Page 14 => 10 caregivers, saved to raw_data\USA\10002\search_of_housekeeping\onetime\range_17_18\page_14.json
[2025-04-02 17:53:10] INFO -   - Next endCursor: U2VlZD0wLEluZGV4PTE0MCxQYWdlU2Nyb2xsSWQ9NDA0MDQ5NTkyMWQyNDcxNWI1ZmIwNGQzZTA0ZmY0YjE=
[2025-04-02 17:53:12] INFO -   - Page 15 => 10 caregivers, saved to raw_data\USA\10002\search_of_housekeeping\onetime\range_17_18\page_15.json
[2025-04-02 17:53:12] INFO -   - Next endCursor: U2VlZD0wLEluZGV4PTE1MCxQYWdlU2Nyb2xsSWQ9NDA0MDQ5NTkyMWQyNDcxNWI1ZmIwNGQzZTA0ZmY0YjE=
[2025-04-02 17:53:13] INFO -   - Page 16 => 10 caregivers, saved to raw_data\USA\10002\search_of_housekeeping\onetime\range_17_18\page_16.json
[2025-04-02 17:53:13] INFO -   - Next endCursor: U2VlZD0wLEluZGV4PTE2MCxQYWdlU2Nyb2xsSWQ9NDA0MDQ5NTkyMWQyNDcxNWI1ZmIwNGQzZTA0ZmY0YjE=
[2025-04-02 17:53:14] INFO -   - Page 17 => 10 caregivers, saved to raw_data\USA\10002\search_of_housekeeping\onetime\range_17_18\page_17.json
[2025-04-02 17:53:14] INFO -   - Next endCursor: U2VlZD0wLEluZGV4PTE3MCxQYWdlU2Nyb2xsSWQ9NDA0MDQ5NTkyMWQyNDcxNWI1ZmIwNGQzZTA0ZmY0YjE=
[2025-04-02 17:53:16] INFO -   - Page 18 => 10 caregivers, saved to raw_data\USA\10002\search_of_housekeeping\onetime\range_17_18\page_18.json
[2025-04-02 17:53:16] INFO -   - Next endCursor: U2VlZD0wLEluZGV4PTE4MCxQYWdlU2Nyb2xsSWQ9NDA0MDQ5NTkyMWQyNDcxNWI1ZmIwNGQzZTA0ZmY0YjE=
[2025-04-02 17:53:17] INFO -   - Page 19 => 10 caregivers, saved to raw_data\USA\10002\search_of_housekeeping\onetime\range_17_18\page_19.json
[2025-04-02 17:53:17] INFO -   - Next endCursor: U2VlZD0wLEluZGV4PTE5MCxQYWdlU2Nyb2xsSWQ9NDA0MDQ5NTkyMWQyNDcxNWI1ZmIwNGQzZTA0ZmY0YjE=
[2025-04-02 17:53:19] INFO -   - Page 20 => 10 caregivers, saved to raw_data\USA\10002\search_of_housekeeping\onetime\range_17_18\page_20.json
[2025-04-02 17:53:19] INFO -   - Next endCursor: U2VlZD0wLEluZGV4PTIwMCxQYWdlU2Nyb2xsSWQ9NDA0MDQ5NTkyMWQyNDcxNWI1ZmIwNGQzZTA0ZmY0YjE=
[2025-04-02 17:53:20] INFO -   - Page 21 => 10 caregivers, saved to raw_data\USA\10002\search_of_housekeeping\onetime\range_17_18\page_21.json
[2025-04-02 17:53:20] INFO -   - Next endCursor: U2VlZD0wLEluZGV4PTIxMCxQYWdlU2Nyb2xsSWQ9NDA0MDQ5NTkyMWQyNDcxNWI1ZmIwNGQzZTA0ZmY0YjE=
[2025-04-02 17:53:21] INFO -   - Page 22 => 10 caregivers, saved to raw_data\USA\10002\search_of_housekeeping\onetime\range_17_18\page_22.json
[2025-04-02 17:53:21] INFO -   - Next endCursor: U2VlZD0wLEluZGV4PTIyMCxQYWdlU2Nyb2xsSWQ9NDA0MDQ5NTkyMWQyNDcxNWI1ZmIwNGQzZTA0ZmY0YjE=
[2025-04-02 17:53:23] INFO -   - Page 23 => 10 caregivers, saved to raw_data\USA\10002\search_of_housekeeping\onetime\range_17_18\page_23.json
[2025-04-02 17:53:23] INFO -   - Next endCursor: U2VlZD0wLEluZGV4PTIzMCxQYWdlU2Nyb2xsSWQ9NDA0MDQ5NTkyMWQyNDcxNWI1ZmIwNGQzZTA0ZmY0YjE=
[2025-04-02 17:53:24] INFO -   - Page 24 => 10 caregivers, saved to raw_data\USA\10002\search_of_housekeeping\onetime\range_17_18\page_24.json
[2025-04-02 17:53:24] INFO -   - Next endCursor: U2VlZD0wLEluZGV4PTI0MCxQYWdlU2Nyb2xsSWQ9NDA0MDQ5NTkyMWQyNDcxNWI1ZmIwNGQzZTA0ZmY0YjE=
[2025-04-02 17:53:25] INFO -   - Page 25 => 10 caregivers, saved to raw_data\USA\10002\search_of_housekeeping\onetime\range_17_18\page_25.json
[2025-04-02 17:53:25] INFO -   - Next endCursor: U2VlZD0wLEluZGV4PTI1MCxQYWdlU2Nyb2xsSWQ9NDA0MDQ5NTkyMWQyNDcxNWI1ZmIwNGQzZTA0ZmY0YjE=
[2025-04-02 17:53:27] INFO -   - Page 26 => 10 caregivers, saved to raw_data\USA\10002\search_of_housekeeping\onetime\range_17_18\page_26.json
[2025-04-02 17:53:27] INFO -   - Next endCursor: U2VlZD0wLEluZGV4PTI2MCxQYWdlU2Nyb2xsSWQ9NDA0MDQ5NTkyMWQyNDcxNWI1ZmIwNGQzZTA0ZmY0YjE=
[2025-04-02 17:53:28] INFO -   - Page 27 => 5 caregivers, saved to raw_data\USA\10002\search_of_housekeeping\onetime\range_17_18\page_27.json
[2025-04-02 17:53:28] INFO - Finished range [17, 18] with status='success'. Total pages: 27, total caregivers: 265.
[2025-04-02 17:53:28] INFO - Checking pay range [19, 19]...
[2025-04-02 17:53:30] INFO -   => totalHits = 388
[2025-04-02 17:53:30] INFO - Fetching data for pay range [19, 19]...
[2025-04-02 17:53:31] INFO -   - Page 1 => 10 caregivers, saved to raw_data\USA\10002\search_of_housekeeping\onetime\range_19_19\page_1.json
[2025-04-02 17:53:31] INFO -   - Next endCursor: U2VlZD0wLEluZGV4PTEwLFBhZ2VTY3JvbGxJZD1hZmY5NmRkM2VhMWY0MDVjYWU0MjQwMTk4YTVmZGM1Zg==
[2025-04-02 17:53:33] INFO -   - Page 2 => 10 caregivers, saved to raw_data\USA\10002\search_of_housekeeping\onetime\range_19_19\page_2.json
[2025-04-02 17:53:33] INFO -   - Next endCursor: U2VlZD0wLEluZGV4PTIwLFBhZ2VTY3JvbGxJZD1hZmY5NmRkM2VhMWY0MDVjYWU0MjQwMTk4YTVmZGM1Zg==
[2025-04-02 17:53:34] INFO -   - Page 3 => 10 caregivers, saved to raw_data\USA\10002\search_of_housekeeping\onetime\range_19_19\page_3.json
[2025-04-02 17:53:34] INFO -   - Next endCursor: U2VlZD0wLEluZGV4PTMwLFBhZ2VTY3JvbGxJZD1hZmY5NmRkM2VhMWY0MDVjYWU0MjQwMTk4YTVmZGM1Zg==
[2025-04-02 17:53:36] INFO -   - Page 4 => 10 caregivers, saved to raw_data\USA\10002\search_of_housekeeping\onetime\range_19_19\page_4.json
[2025-04-02 17:53:36] INFO -   - Next endCursor: U2VlZD0wLEluZGV4PTQwLFBhZ2VTY3JvbGxJZD1hZmY5NmRkM2VhMWY0MDVjYWU0MjQwMTk4YTVmZGM1Zg==
[2025-04-02 17:53:37] INFO -   - Page 5 => 10 caregivers, saved to raw_data\USA\10002\search_of_housekeeping\onetime\range_19_19\page_5.json
[2025-04-02 17:53:37] INFO -   - Next endCursor: U2VlZD0wLEluZGV4PTUwLFBhZ2VTY3JvbGxJZD1hZmY5NmRkM2VhMWY0MDVjYWU0MjQwMTk4YTVmZGM1Zg==
[2025-04-02 17:53:39] INFO -   - Page 6 => 10 caregivers, saved to raw_data\USA\10002\search_of_housekeeping\onetime\range_19_19\page_6.json
[2025-04-02 17:53:39] INFO -   - Next endCursor: U2VlZD0wLEluZGV4PTYwLFBhZ2VTY3JvbGxJZD1hZmY5NmRkM2VhMWY0MDVjYWU0MjQwMTk4YTVmZGM1Zg==
[2025-04-02 17:53:40] INFO -   - Page 7 => 10 caregivers, saved to raw_data\USA\10002\search_of_housekeeping\onetime\range_19_19\page_7.json
[2025-04-02 17:53:40] INFO -   - Next endCursor: U2VlZD0wLEluZGV4PTcwLFBhZ2VTY3JvbGxJZD1hZmY5NmRkM2VhMWY0MDVjYWU0MjQwMTk4YTVmZGM1Zg==
[2025-04-02 17:53:41] INFO -   - Page 8 => 10 caregivers, saved to raw_data\USA\10002\search_of_housekeeping\onetime\range_19_19\page_8.json
[2025-04-02 17:53:41] INFO -   - Next endCursor: U2VlZD0wLEluZGV4PTgwLFBhZ2VTY3JvbGxJZD1hZmY5NmRkM2VhMWY0MDVjYWU0MjQwMTk4YTVmZGM1Zg==
[2025-04-02 17:53:43] INFO -   - Page 9 => 10 caregivers, saved to raw_data\USA\10002\search_of_housekeeping\onetime\range_19_19\page_9.json
[2025-04-02 17:53:43] INFO -   - Next endCursor: U2VlZD0wLEluZGV4PTkwLFBhZ2VTY3JvbGxJZD1hZmY5NmRkM2VhMWY0MDVjYWU0MjQwMTk4YTVmZGM1Zg==
[2025-04-02 17:53:44] INFO -   - Page 10 => 10 caregivers, saved to raw_data\USA\10002\search_of_housekeeping\onetime\range_19_19\page_10.json
[2025-04-02 17:53:44] INFO -   - Next endCursor: U2VlZD0wLEluZGV4PTEwMCxQYWdlU2Nyb2xsSWQ9YWZmOTZkZDNlYTFmNDA1Y2FlNDI0MDE5OGE1ZmRjNWY=
[2025-04-02 17:53:45] INFO -   - Page 11 => 10 caregivers, saved to raw_data\USA\10002\search_of_housekeeping\onetime\range_19_19\page_11.json
[2025-04-02 17:53:45] INFO -   - Next endCursor: U2VlZD0wLEluZGV4PTExMCxQYWdlU2Nyb2xsSWQ9YWZmOTZkZDNlYTFmNDA1Y2FlNDI0MDE5OGE1ZmRjNWY=
[2025-04-02 17:53:47] INFO -   - Page 12 => 10 caregivers, saved to raw_data\USA\10002\search_of_housekeeping\onetime\range_19_19\page_12.json
[2025-04-02 17:53:47] INFO -   - Next endCursor: U2VlZD0wLEluZGV4PTEyMCxQYWdlU2Nyb2xsSWQ9YWZmOTZkZDNlYTFmNDA1Y2FlNDI0MDE5OGE1ZmRjNWY=
[2025-04-02 17:53:48] INFO -   - Page 13 => 10 caregivers, saved to raw_data\USA\10002\search_of_housekeeping\onetime\range_19_19\page_13.json
[2025-04-02 17:53:48] INFO -   - Next endCursor: U2VlZD0wLEluZGV4PTEzMCxQYWdlU2Nyb2xsSWQ9YWZmOTZkZDNlYTFmNDA1Y2FlNDI0MDE5OGE1ZmRjNWY=
[2025-04-02 17:53:50] INFO -   - Page 14 => 10 caregivers, saved to raw_data\USA\10002\search_of_housekeeping\onetime\range_19_19\page_14.json
[2025-04-02 17:53:50] INFO -   - Next endCursor: U2VlZD0wLEluZGV4PTE0MCxQYWdlU2Nyb2xsSWQ9YWZmOTZkZDNlYTFmNDA1Y2FlNDI0MDE5OGE1ZmRjNWY=
[2025-04-02 17:53:51] INFO -   - Page 15 => 10 caregivers, saved to raw_data\USA\10002\search_of_housekeeping\onetime\range_19_19\page_15.json
[2025-04-02 17:53:51] INFO -   - Next endCursor: U2VlZD0wLEluZGV4PTE1MCxQYWdlU2Nyb2xsSWQ9YWZmOTZkZDNlYTFmNDA1Y2FlNDI0MDE5OGE1ZmRjNWY=
[2025-04-02 17:53:53] INFO -   - Page 16 => 10 caregivers, saved to raw_data\USA\10002\search_of_housekeeping\onetime\range_19_19\page_16.json
[2025-04-02 17:53:53] INFO -   - Next endCursor: U2VlZD0wLEluZGV4PTE2MCxQYWdlU2Nyb2xsSWQ9YWZmOTZkZDNlYTFmNDA1Y2FlNDI0MDE5OGE1ZmRjNWY=
[2025-04-02 17:53:54] INFO -   - Page 17 => 10 caregivers, saved to raw_data\USA\10002\search_of_housekeeping\onetime\range_19_19\page_17.json
[2025-04-02 17:53:54] INFO -   - Next endCursor: U2VlZD0wLEluZGV4PTE3MCxQYWdlU2Nyb2xsSWQ9YWZmOTZkZDNlYTFmNDA1Y2FlNDI0MDE5OGE1ZmRjNWY=
[2025-04-02 17:53:55] INFO -   - Page 18 => 10 caregivers, saved to raw_data\USA\10002\search_of_housekeeping\onetime\range_19_19\page_18.json
[2025-04-02 17:53:55] INFO -   - Next endCursor: U2VlZD0wLEluZGV4PTE4MCxQYWdlU2Nyb2xsSWQ9YWZmOTZkZDNlYTFmNDA1Y2FlNDI0MDE5OGE1ZmRjNWY=
[2025-04-02 17:53:57] INFO -   - Page 19 => 10 caregivers, saved to raw_data\USA\10002\search_of_housekeeping\onetime\range_19_19\page_19.json
[2025-04-02 17:53:57] INFO -   - Next endCursor: U2VlZD0wLEluZGV4PTE5MCxQYWdlU2Nyb2xsSWQ9YWZmOTZkZDNlYTFmNDA1Y2FlNDI0MDE5OGE1ZmRjNWY=
[2025-04-02 17:53:58] INFO -   - Page 20 => 10 caregivers, saved to raw_data\USA\10002\search_of_housekeeping\onetime\range_19_19\page_20.json
[2025-04-02 17:53:58] INFO -   - Next endCursor: U2VlZD0wLEluZGV4PTIwMCxQYWdlU2Nyb2xsSWQ9YWZmOTZkZDNlYTFmNDA1Y2FlNDI0MDE5OGE1ZmRjNWY=
[2025-04-02 17:54:00] INFO -   - Page 21 => 10 caregivers, saved to raw_data\USA\10002\search_of_housekeeping\onetime\range_19_19\page_21.json
[2025-04-02 17:54:00] INFO -   - Next endCursor: U2VlZD0wLEluZGV4PTIxMCxQYWdlU2Nyb2xsSWQ9YWZmOTZkZDNlYTFmNDA1Y2FlNDI0MDE5OGE1ZmRjNWY=
[2025-04-02 17:54:01] INFO -   - Page 22 => 10 caregivers, saved to raw_data\USA\10002\search_of_housekeeping\onetime\range_19_19\page_22.json
[2025-04-02 17:54:01] INFO -   - Next endCursor: U2VlZD0wLEluZGV4PTIyMCxQYWdlU2Nyb2xsSWQ9YWZmOTZkZDNlYTFmNDA1Y2FlNDI0MDE5OGE1ZmRjNWY=
[2025-04-02 17:54:03] INFO -   - Page 23 => 10 caregivers, saved to raw_data\USA\10002\search_of_housekeeping\onetime\range_19_19\page_23.json
[2025-04-02 17:54:03] INFO -   - Next endCursor: U2VlZD0wLEluZGV4PTIzMCxQYWdlU2Nyb2xsSWQ9YWZmOTZkZDNlYTFmNDA1Y2FlNDI0MDE5OGE1ZmRjNWY=
[2025-04-02 17:54:05] INFO -   - Page 24 => 10 caregivers, saved to raw_data\USA\10002\search_of_housekeeping\onetime\range_19_19\page_24.json
[2025-04-02 17:54:05] INFO -   - Next endCursor: U2VlZD0wLEluZGV4PTI0MCxQYWdlU2Nyb2xsSWQ9YWZmOTZkZDNlYTFmNDA1Y2FlNDI0MDE5OGE1ZmRjNWY=
[2025-04-02 17:54:06] INFO -   - Page 25 => 10 caregivers, saved to raw_data\USA\10002\search_of_housekeeping\onetime\range_19_19\page_25.json
[2025-04-02 17:54:06] INFO -   - Next endCursor: U2VlZD0wLEluZGV4PTI1MCxQYWdlU2Nyb2xsSWQ9YWZmOTZkZDNlYTFmNDA1Y2FlNDI0MDE5OGE1ZmRjNWY=
[2025-04-02 17:54:08] INFO -   - Page 26 => 10 caregivers, saved to raw_data\USA\10002\search_of_housekeeping\onetime\range_19_19\page_26.json
[2025-04-02 17:54:08] INFO -   - Next endCursor: U2VlZD0wLEluZGV4PTI2MCxQYWdlU2Nyb2xsSWQ9YWZmOTZkZDNlYTFmNDA1Y2FlNDI0MDE5OGE1ZmRjNWY=
[2025-04-02 17:54:09] INFO -   - Page 27 => 10 caregivers, saved to raw_data\USA\10002\search_of_housekeeping\onetime\range_19_19\page_27.json
[2025-04-02 17:54:09] INFO -   - Next endCursor: U2VlZD0wLEluZGV4PTI3MCxQYWdlU2Nyb2xsSWQ9YWZmOTZkZDNlYTFmNDA1Y2FlNDI0MDE5OGE1ZmRjNWY=
[2025-04-02 17:54:10] INFO -   - Page 28 => 10 caregivers, saved to raw_data\USA\10002\search_of_housekeeping\onetime\range_19_19\page_28.json
[2025-04-02 17:54:10] INFO -   - Next endCursor: U2VlZD0wLEluZGV4PTI4MCxQYWdlU2Nyb2xsSWQ9YWZmOTZkZDNlYTFmNDA1Y2FlNDI0MDE5OGE1ZmRjNWY=
[2025-04-02 17:54:12] INFO -   - Page 29 => 10 caregivers, saved to raw_data\USA\10002\search_of_housekeeping\onetime\range_19_19\page_29.json
[2025-04-02 17:54:12] INFO -   - Next endCursor: U2VlZD0wLEluZGV4PTI5MCxQYWdlU2Nyb2xsSWQ9YWZmOTZkZDNlYTFmNDA1Y2FlNDI0MDE5OGE1ZmRjNWY=
[2025-04-02 17:54:13] INFO -   - Page 30 => 10 caregivers, saved to raw_data\USA\10002\search_of_housekeeping\onetime\range_19_19\page_30.json
[2025-04-02 17:54:13] INFO -   - Next endCursor: U2VlZD0wLEluZGV4PTMwMCxQYWdlU2Nyb2xsSWQ9YWZmOTZkZDNlYTFmNDA1Y2FlNDI0MDE5OGE1ZmRjNWY=
[2025-04-02 17:54:15] INFO -   - Page 31 => 10 caregivers, saved to raw_data\USA\10002\search_of_housekeeping\onetime\range_19_19\page_31.json
[2025-04-02 17:54:15] INFO -   - Next endCursor: U2VlZD0wLEluZGV4PTMxMCxQYWdlU2Nyb2xsSWQ9YWZmOTZkZDNlYTFmNDA1Y2FlNDI0MDE5OGE1ZmRjNWY=
[2025-04-02 17:54:16] INFO -   - Page 32 => 10 caregivers, saved to raw_data\USA\10002\search_of_housekeeping\onetime\range_19_19\page_32.json
[2025-04-02 17:54:16] INFO -   - Next endCursor: U2VlZD0wLEluZGV4PTMyMCxQYWdlU2Nyb2xsSWQ9YWZmOTZkZDNlYTFmNDA1Y2FlNDI0MDE5OGE1ZmRjNWY=
[2025-04-02 17:54:17] INFO -   - Page 33 => 10 caregivers, saved to raw_data\USA\10002\search_of_housekeeping\onetime\range_19_19\page_33.json
[2025-04-02 17:54:17] INFO -   - Next endCursor: U2VlZD0wLEluZGV4PTMzMCxQYWdlU2Nyb2xsSWQ9YWZmOTZkZDNlYTFmNDA1Y2FlNDI0MDE5OGE1ZmRjNWY=
[2025-04-02 17:54:19] INFO -   - Page 34 => 10 caregivers, saved to raw_data\USA\10002\search_of_housekeeping\onetime\range_19_19\page_34.json
[2025-04-02 17:54:19] INFO -   - Next endCursor: U2VlZD0wLEluZGV4PTM0MCxQYWdlU2Nyb2xsSWQ9YWZmOTZkZDNlYTFmNDA1Y2FlNDI0MDE5OGE1ZmRjNWY=
[2025-04-02 17:54:20] INFO -   - Page 35 => 10 caregivers, saved to raw_data\USA\10002\search_of_housekeeping\onetime\range_19_19\page_35.json
[2025-04-02 17:54:21] INFO -   - Next endCursor: U2VlZD0wLEluZGV4PTM1MCxQYWdlU2Nyb2xsSWQ9YWZmOTZkZDNlYTFmNDA1Y2FlNDI0MDE5OGE1ZmRjNWY=
[2025-04-02 17:54:22] INFO -   - Page 36 => 10 caregivers, saved to raw_data\USA\10002\search_of_housekeeping\onetime\range_19_19\page_36.json
[2025-04-02 17:54:22] INFO -   - Next endCursor: U2VlZD0wLEluZGV4PTM2MCxQYWdlU2Nyb2xsSWQ9YWZmOTZkZDNlYTFmNDA1Y2FlNDI0MDE5OGE1ZmRjNWY=
[2025-04-02 17:54:23] INFO -   - Page 37 => 10 caregivers, saved to raw_data\USA\10002\search_of_housekeeping\onetime\range_19_19\page_37.json
[2025-04-02 17:54:23] INFO -   - Next endCursor: U2VlZD0wLEluZGV4PTM3MCxQYWdlU2Nyb2xsSWQ9YWZmOTZkZDNlYTFmNDA1Y2FlNDI0MDE5OGE1ZmRjNWY=
[2025-04-02 17:54:24] INFO -   - Page 38 => 10 caregivers, saved to raw_data\USA\10002\search_of_housekeeping\onetime\range_19_19\page_38.json
[2025-04-02 17:54:24] INFO -   - Next endCursor: U2VlZD0wLEluZGV4PTM4MCxQYWdlU2Nyb2xsSWQ9YWZmOTZkZDNlYTFmNDA1Y2FlNDI0MDE5OGE1ZmRjNWY=
[2025-04-02 17:54:26] INFO -   - Page 39 => 8 caregivers, saved to raw_data\USA\10002\search_of_housekeeping\onetime\range_19_19\page_39.json
[2025-04-02 17:54:26] INFO - Finished range [19, 19] with status='success'. Total pages: 39, total caregivers: 388.
[2025-04-02 17:54:26] INFO - All pay range segments processed. Scraping complete!
