[2025-03-12 10:18:18] INFO - Log file initialized at: raw_data\USA\07008\search_of_childcare\nanny\scrape_nanny.log
[2025-03-12 10:18:18] INFO - Starting scraping for USA/07008, care_type='childcare', sub_type='nanny', pay range [0, 100].
[2025-03-12 10:18:18] INFO - Run ID: 417c698b-8053-40ee-b4e3-8b61af1041ad
[2025-03-12 10:18:18] INFO - Checking pay range [0, 100]...
[2025-03-12 10:18:21] INFO -   => totalHits = 955
[2025-03-12 10:18:21] INFO -   => Splitting into [0, 50] and [51, 100].
[2025-03-12 10:18:21] INFO - Checking pay range [0, 50]...
[2025-03-12 10:18:24] INFO -   => totalHits = 955
[2025-03-12 10:18:24] INFO -   => Splitting into [0, 25] and [26, 50].
[2025-03-12 10:18:24] INFO - Checking pay range [51, 100]...
[2025-03-12 10:18:26] INFO -   => totalHits = 0
[2025-03-12 10:18:26] INFO - No results found for pay range [51, 100].
[2025-03-12 10:18:26] INFO - Checking pay range [0, 25]...
[2025-03-12 10:18:28] INFO -   => totalHits = 303
[2025-03-12 10:18:28] INFO - Fetching data for pay range [0, 25]...
[2025-03-12 10:18:30] INFO -   - Page 1 => 10 caregivers, saved to raw_data\USA\07008\search_of_childcare\nanny\range_0_25\page_1.json
[2025-03-12 10:18:30] INFO -   - Next endCursor: U2VlZD0wLEluZGV4PTEwLFBhZ2VTY3JvbGxJZD0yNjVmNTM2MmJiNjQ0OWY4YTZmNDhmZTYxOTAwYTQxOA==
[2025-03-12 10:18:33] INFO -   - Page 2 => 10 caregivers, saved to raw_data\USA\07008\search_of_childcare\nanny\range_0_25\page_2.json
[2025-03-12 10:18:33] INFO -   - Next endCursor: U2VlZD0wLEluZGV4PTIwLFBhZ2VTY3JvbGxJZD0yNjVmNTM2MmJiNjQ0OWY4YTZmNDhmZTYxOTAwYTQxOA==
[2025-03-12 10:18:35] INFO -   - Page 3 => 10 caregivers, saved to raw_data\USA\07008\search_of_childcare\nanny\range_0_25\page_3.json
[2025-03-12 10:18:35] INFO -   - Next endCursor: U2VlZD0wLEluZGV4PTMwLFBhZ2VTY3JvbGxJZD0yNjVmNTM2MmJiNjQ0OWY4YTZmNDhmZTYxOTAwYTQxOA==
[2025-03-12 10:18:37] INFO -   - Page 4 => 10 caregivers, saved to raw_data\USA\07008\search_of_childcare\nanny\range_0_25\page_4.json
[2025-03-12 10:18:37] INFO -   - Next endCursor: U2VlZD0wLEluZGV4PTQwLFBhZ2VTY3JvbGxJZD0yNjVmNTM2MmJiNjQ0OWY4YTZmNDhmZTYxOTAwYTQxOA==
[2025-03-12 10:18:40] INFO -   - Page 5 => 10 caregivers, saved to raw_data\USA\07008\search_of_childcare\nanny\range_0_25\page_5.json
[2025-03-12 10:18:40] INFO -   - Next endCursor: U2VlZD0wLEluZGV4PTUwLFBhZ2VTY3JvbGxJZD0yNjVmNTM2MmJiNjQ0OWY4YTZmNDhmZTYxOTAwYTQxOA==
[2025-03-12 10:18:42] INFO -   - Page 6 => 10 caregivers, saved to raw_data\USA\07008\search_of_childcare\nanny\range_0_25\page_6.json
[2025-03-12 10:18:42] INFO -   - Next endCursor: U2VlZD0wLEluZGV4PTYwLFBhZ2VTY3JvbGxJZD0yNjVmNTM2MmJiNjQ0OWY4YTZmNDhmZTYxOTAwYTQxOA==
[2025-03-12 10:18:44] INFO -   - Page 7 => 10 caregivers, saved to raw_data\USA\07008\search_of_childcare\nanny\range_0_25\page_7.json
[2025-03-12 10:18:44] INFO -   - Next endCursor: U2VlZD0wLEluZGV4PTcwLFBhZ2VTY3JvbGxJZD0yNjVmNTM2MmJiNjQ0OWY4YTZmNDhmZTYxOTAwYTQxOA==
[2025-03-12 10:18:46] INFO -   - Page 8 => 10 caregivers, saved to raw_data\USA\07008\search_of_childcare\nanny\range_0_25\page_8.json
[2025-03-12 10:18:46] INFO -   - Next endCursor: U2VlZD0wLEluZGV4PTgwLFBhZ2VTY3JvbGxJZD0yNjVmNTM2MmJiNjQ0OWY4YTZmNDhmZTYxOTAwYTQxOA==
[2025-03-12 10:18:48] INFO -   - Page 9 => 10 caregivers, saved to raw_data\USA\07008\search_of_childcare\nanny\range_0_25\page_9.json
[2025-03-12 10:18:48] INFO -   - Next endCursor: U2VlZD0wLEluZGV4PTkwLFBhZ2VTY3JvbGxJZD0yNjVmNTM2MmJiNjQ0OWY4YTZmNDhmZTYxOTAwYTQxOA==
[2025-03-12 10:18:51] INFO -   - Page 10 => 10 caregivers, saved to raw_data\USA\07008\search_of_childcare\nanny\range_0_25\page_10.json
[2025-03-12 10:18:51] INFO -   - Next endCursor: U2VlZD0wLEluZGV4PTEwMCxQYWdlU2Nyb2xsSWQ9MjY1ZjUzNjJiYjY0NDlmOGE2ZjQ4ZmU2MTkwMGE0MTg=
[2025-03-12 10:18:53] INFO -   - Page 11 => 10 caregivers, saved to raw_data\USA\07008\search_of_childcare\nanny\range_0_25\page_11.json
[2025-03-12 10:18:53] INFO -   - Next endCursor: U2VlZD0wLEluZGV4PTExMCxQYWdlU2Nyb2xsSWQ9MjY1ZjUzNjJiYjY0NDlmOGE2ZjQ4ZmU2MTkwMGE0MTg=
[2025-03-12 10:18:55] INFO -   - Page 12 => 10 caregivers, saved to raw_data\USA\07008\search_of_childcare\nanny\range_0_25\page_12.json
[2025-03-12 10:18:55] INFO -   - Next endCursor: U2VlZD0wLEluZGV4PTEyMCxQYWdlU2Nyb2xsSWQ9MjY1ZjUzNjJiYjY0NDlmOGE2ZjQ4ZmU2MTkwMGE0MTg=
[2025-03-12 10:18:57] INFO -   - Page 13 => 10 caregivers, saved to raw_data\USA\07008\search_of_childcare\nanny\range_0_25\page_13.json
[2025-03-12 10:18:57] INFO -   - Next endCursor: U2VlZD0wLEluZGV4PTEzMCxQYWdlU2Nyb2xsSWQ9MjY1ZjUzNjJiYjY0NDlmOGE2ZjQ4ZmU2MTkwMGE0MTg=
[2025-03-12 10:18:59] INFO -   - Page 14 => 10 caregivers, saved to raw_data\USA\07008\search_of_childcare\nanny\range_0_25\page_14.json
[2025-03-12 10:18:59] INFO -   - Next endCursor: U2VlZD0wLEluZGV4PTE0MCxQYWdlU2Nyb2xsSWQ9MjY1ZjUzNjJiYjY0NDlmOGE2ZjQ4ZmU2MTkwMGE0MTg=
[2025-03-12 10:19:02] INFO -   - Page 15 => 10 caregivers, saved to raw_data\USA\07008\search_of_childcare\nanny\range_0_25\page_15.json
[2025-03-12 10:19:02] INFO -   - Next endCursor: U2VlZD0wLEluZGV4PTE1MCxQYWdlU2Nyb2xsSWQ9MjY1ZjUzNjJiYjY0NDlmOGE2ZjQ4ZmU2MTkwMGE0MTg=
[2025-03-12 10:19:04] INFO -   - Page 16 => 10 caregivers, saved to raw_data\USA\07008\search_of_childcare\nanny\range_0_25\page_16.json
[2025-03-12 10:19:04] INFO -   - Next endCursor: U2VlZD0wLEluZGV4PTE2MCxQYWdlU2Nyb2xsSWQ9MjY1ZjUzNjJiYjY0NDlmOGE2ZjQ4ZmU2MTkwMGE0MTg=
[2025-03-12 10:19:06] INFO -   - Page 17 => 10 caregivers, saved to raw_data\USA\07008\search_of_childcare\nanny\range_0_25\page_17.json
[2025-03-12 10:19:06] INFO -   - Next endCursor: U2VlZD0wLEluZGV4PTE3MCxQYWdlU2Nyb2xsSWQ9MjY1ZjUzNjJiYjY0NDlmOGE2ZjQ4ZmU2MTkwMGE0MTg=
[2025-03-12 10:19:08] INFO -   - Page 18 => 10 caregivers, saved to raw_data\USA\07008\search_of_childcare\nanny\range_0_25\page_18.json
[2025-03-12 10:19:08] INFO -   - Next endCursor: U2VlZD0wLEluZGV4PTE4MCxQYWdlU2Nyb2xsSWQ9MjY1ZjUzNjJiYjY0NDlmOGE2ZjQ4ZmU2MTkwMGE0MTg=
[2025-03-12 10:19:11] INFO -   - Page 19 => 10 caregivers, saved to raw_data\USA\07008\search_of_childcare\nanny\range_0_25\page_19.json
[2025-03-12 10:19:11] INFO -   - Next endCursor: U2VlZD0wLEluZGV4PTE5MCxQYWdlU2Nyb2xsSWQ9MjY1ZjUzNjJiYjY0NDlmOGE2ZjQ4ZmU2MTkwMGE0MTg=
[2025-03-12 10:19:13] INFO -   - Page 20 => 10 caregivers, saved to raw_data\USA\07008\search_of_childcare\nanny\range_0_25\page_20.json
[2025-03-12 10:19:13] INFO -   - Next endCursor: U2VlZD0wLEluZGV4PTIwMCxQYWdlU2Nyb2xsSWQ9MjY1ZjUzNjJiYjY0NDlmOGE2ZjQ4ZmU2MTkwMGE0MTg=
[2025-03-12 10:19:15] INFO -   - Page 21 => 10 caregivers, saved to raw_data\USA\07008\search_of_childcare\nanny\range_0_25\page_21.json
[2025-03-12 10:19:15] INFO -   - Next endCursor: U2VlZD0wLEluZGV4PTIxMCxQYWdlU2Nyb2xsSWQ9MjY1ZjUzNjJiYjY0NDlmOGE2ZjQ4ZmU2MTkwMGE0MTg=
[2025-03-12 10:19:17] INFO -   - Page 22 => 10 caregivers, saved to raw_data\USA\07008\search_of_childcare\nanny\range_0_25\page_22.json
[2025-03-12 10:19:17] INFO -   - Next endCursor: U2VlZD0wLEluZGV4PTIyMCxQYWdlU2Nyb2xsSWQ9MjY1ZjUzNjJiYjY0NDlmOGE2ZjQ4ZmU2MTkwMGE0MTg=
[2025-03-12 10:19:20] INFO -   - Page 23 => 10 caregivers, saved to raw_data\USA\07008\search_of_childcare\nanny\range_0_25\page_23.json
[2025-03-12 10:19:20] INFO -   - Next endCursor: U2VlZD0wLEluZGV4PTIzMCxQYWdlU2Nyb2xsSWQ9MjY1ZjUzNjJiYjY0NDlmOGE2ZjQ4ZmU2MTkwMGE0MTg=
[2025-03-12 10:19:22] INFO -   - Page 24 => 10 caregivers, saved to raw_data\USA\07008\search_of_childcare\nanny\range_0_25\page_24.json
[2025-03-12 10:19:22] INFO -   - Next endCursor: U2VlZD0wLEluZGV4PTI0MCxQYWdlU2Nyb2xsSWQ9MjY1ZjUzNjJiYjY0NDlmOGE2ZjQ4ZmU2MTkwMGE0MTg=
[2025-03-12 10:19:24] INFO -   - Page 25 => 10 caregivers, saved to raw_data\USA\07008\search_of_childcare\nanny\range_0_25\page_25.json
[2025-03-12 10:19:24] INFO -   - Next endCursor: U2VlZD0wLEluZGV4PTI1MCxQYWdlU2Nyb2xsSWQ9MjY1ZjUzNjJiYjY0NDlmOGE2ZjQ4ZmU2MTkwMGE0MTg=
[2025-03-12 10:19:26] INFO -   - Page 26 => 10 caregivers, saved to raw_data\USA\07008\search_of_childcare\nanny\range_0_25\page_26.json
[2025-03-12 10:19:26] INFO -   - Next endCursor: U2VlZD0wLEluZGV4PTI2MCxQYWdlU2Nyb2xsSWQ9MjY1ZjUzNjJiYjY0NDlmOGE2ZjQ4ZmU2MTkwMGE0MTg=
[2025-03-12 10:19:29] INFO -   - Page 27 => 10 caregivers, saved to raw_data\USA\07008\search_of_childcare\nanny\range_0_25\page_27.json
[2025-03-12 10:19:29] INFO -   - Next endCursor: U2VlZD0wLEluZGV4PTI3MCxQYWdlU2Nyb2xsSWQ9MjY1ZjUzNjJiYjY0NDlmOGE2ZjQ4ZmU2MTkwMGE0MTg=
[2025-03-12 10:19:31] INFO -   - Page 28 => 10 caregivers, saved to raw_data\USA\07008\search_of_childcare\nanny\range_0_25\page_28.json
[2025-03-12 10:19:31] INFO -   - Next endCursor: U2VlZD0wLEluZGV4PTI4MCxQYWdlU2Nyb2xsSWQ9MjY1ZjUzNjJiYjY0NDlmOGE2ZjQ4ZmU2MTkwMGE0MTg=
[2025-03-12 10:19:33] INFO -   - Page 29 => 10 caregivers, saved to raw_data\USA\07008\search_of_childcare\nanny\range_0_25\page_29.json
[2025-03-12 10:19:33] INFO -   - Next endCursor: U2VlZD0wLEluZGV4PTI5MCxQYWdlU2Nyb2xsSWQ9MjY1ZjUzNjJiYjY0NDlmOGE2ZjQ4ZmU2MTkwMGE0MTg=
[2025-03-12 10:19:35] INFO -   - Page 30 => 10 caregivers, saved to raw_data\USA\07008\search_of_childcare\nanny\range_0_25\page_30.json
[2025-03-12 10:19:35] INFO -   - Next endCursor: U2VlZD0wLEluZGV4PTMwMCxQYWdlU2Nyb2xsSWQ9MjY1ZjUzNjJiYjY0NDlmOGE2ZjQ4ZmU2MTkwMGE0MTg=
[2025-03-12 10:19:37] INFO -   - Page 31 => 3 caregivers, saved to raw_data\USA\07008\search_of_childcare\nanny\range_0_25\page_31.json
[2025-03-12 10:19:37] INFO - Finished range [0, 25] with status='success'. Total pages: 31, total caregivers: 303.
[2025-03-12 10:19:37] INFO - Checking pay range [26, 50]...
[2025-03-12 10:19:40] INFO -   => totalHits = 652
[2025-03-12 10:19:40] INFO -   => Splitting into [26, 38] and [39, 50].
[2025-03-12 10:19:40] INFO - Checking pay range [26, 38]...
[2025-03-12 10:19:42] INFO -   => totalHits = 650
[2025-03-12 10:19:42] INFO -   => Splitting into [26, 32] and [33, 38].
[2025-03-12 10:19:42] INFO - Checking pay range [39, 50]...
[2025-03-12 10:19:45] INFO -   => totalHits = 2
[2025-03-12 10:19:45] INFO - Fetching data for pay range [39, 50]...
[2025-03-12 10:19:47] INFO -   - Page 1 => 2 caregivers, saved to raw_data\USA\07008\search_of_childcare\nanny\range_39_50\page_1.json
[2025-03-12 10:19:47] INFO - Finished range [39, 50] with status='success'. Total pages: 1, total caregivers: 2.
[2025-03-12 10:19:47] INFO - Checking pay range [26, 32]...
[2025-03-12 10:19:49] INFO -   => totalHits = 643
[2025-03-12 10:19:49] INFO -   => Splitting into [26, 29] and [30, 32].
[2025-03-12 10:19:49] INFO - Checking pay range [33, 38]...
[2025-03-12 10:19:51] INFO -   => totalHits = 7
[2025-03-12 10:19:51] INFO - Fetching data for pay range [33, 38]...
[2025-03-12 10:19:53] INFO -   - Page 1 => 7 caregivers, saved to raw_data\USA\07008\search_of_childcare\nanny\range_33_38\page_1.json
[2025-03-12 10:19:53] INFO - Finished range [33, 38] with status='success'. Total pages: 1, total caregivers: 7.
[2025-03-12 10:19:53] INFO - Checking pay range [26, 29]...
[2025-03-12 10:19:56] INFO -   => totalHits = 622
[2025-03-12 10:19:56] INFO -   => Splitting into [26, 27] and [28, 29].
[2025-03-12 10:19:56] INFO - Checking pay range [30, 32]...
[2025-03-12 10:19:58] INFO -   => totalHits = 21
[2025-03-12 10:19:58] INFO - Fetching data for pay range [30, 32]...
[2025-03-12 10:20:00] INFO -   - Page 1 => 10 caregivers, saved to raw_data\USA\07008\search_of_childcare\nanny\range_30_32\page_1.json
[2025-03-12 10:20:00] INFO -   - Next endCursor: U2VlZD0wLEluZGV4PTEwLFBhZ2VTY3JvbGxJZD1lYmU4ZTIxYjY5YmI0NDY1YThkOWJlMzE0NWYyNDdkZQ==
[2025-03-12 10:20:03] INFO -   - Page 2 => 10 caregivers, saved to raw_data\USA\07008\search_of_childcare\nanny\range_30_32\page_2.json
[2025-03-12 10:20:03] INFO -   - Next endCursor: U2VlZD0wLEluZGV4PTIwLFBhZ2VTY3JvbGxJZD1lYmU4ZTIxYjY5YmI0NDY1YThkOWJlMzE0NWYyNDdkZQ==
[2025-03-12 10:20:05] INFO -   - Page 3 => 1 caregivers, saved to raw_data\USA\07008\search_of_childcare\nanny\range_30_32\page_3.json
[2025-03-12 10:20:05] INFO - Finished range [30, 32] with status='success'. Total pages: 3, total caregivers: 21.
[2025-03-12 10:20:05] INFO - Checking pay range [26, 27]...
[2025-03-12 10:20:07] INFO -   => totalHits = 531
[2025-03-12 10:20:07] INFO -   => Splitting into [26, 26] and [27, 27].
[2025-03-12 10:20:07] INFO - Checking pay range [28, 29]...
[2025-03-12 10:20:09] INFO -   => totalHits = 91
[2025-03-12 10:20:09] INFO - Fetching data for pay range [28, 29]...
[2025-03-12 10:20:12] INFO -   - Page 1 => 10 caregivers, saved to raw_data\USA\07008\search_of_childcare\nanny\range_28_29\page_1.json
[2025-03-12 10:20:12] INFO -   - Next endCursor: U2VlZD0wLEluZGV4PTEwLFBhZ2VTY3JvbGxJZD00ZjI0NDRjZjdhMGY0ZThmOWE5MmZlNTc5YzNmMjkyNA==
[2025-03-12 10:20:14] INFO -   - Page 2 => 10 caregivers, saved to raw_data\USA\07008\search_of_childcare\nanny\range_28_29\page_2.json
[2025-03-12 10:20:14] INFO -   - Next endCursor: U2VlZD0wLEluZGV4PTIwLFBhZ2VTY3JvbGxJZD00ZjI0NDRjZjdhMGY0ZThmOWE5MmZlNTc5YzNmMjkyNA==
[2025-03-12 10:20:16] INFO -   - Page 3 => 10 caregivers, saved to raw_data\USA\07008\search_of_childcare\nanny\range_28_29\page_3.json
[2025-03-12 10:20:16] INFO -   - Next endCursor: U2VlZD0wLEluZGV4PTMwLFBhZ2VTY3JvbGxJZD00ZjI0NDRjZjdhMGY0ZThmOWE5MmZlNTc5YzNmMjkyNA==
[2025-03-12 10:20:18] INFO -   - Page 4 => 10 caregivers, saved to raw_data\USA\07008\search_of_childcare\nanny\range_28_29\page_4.json
[2025-03-12 10:20:18] INFO -   - Next endCursor: U2VlZD0wLEluZGV4PTQwLFBhZ2VTY3JvbGxJZD00ZjI0NDRjZjdhMGY0ZThmOWE5MmZlNTc5YzNmMjkyNA==
[2025-03-12 10:20:21] INFO -   - Page 5 => 10 caregivers, saved to raw_data\USA\07008\search_of_childcare\nanny\range_28_29\page_5.json
[2025-03-12 10:20:21] INFO -   - Next endCursor: U2VlZD0wLEluZGV4PTUwLFBhZ2VTY3JvbGxJZD00ZjI0NDRjZjdhMGY0ZThmOWE5MmZlNTc5YzNmMjkyNA==
[2025-03-12 10:20:23] INFO -   - Page 6 => 10 caregivers, saved to raw_data\USA\07008\search_of_childcare\nanny\range_28_29\page_6.json
[2025-03-12 10:20:23] INFO -   - Next endCursor: U2VlZD0wLEluZGV4PTYwLFBhZ2VTY3JvbGxJZD00ZjI0NDRjZjdhMGY0ZThmOWE5MmZlNTc5YzNmMjkyNA==
[2025-03-12 10:20:25] INFO -   - Page 7 => 10 caregivers, saved to raw_data\USA\07008\search_of_childcare\nanny\range_28_29\page_7.json
[2025-03-12 10:20:25] INFO -   - Next endCursor: U2VlZD0wLEluZGV4PTcwLFBhZ2VTY3JvbGxJZD00ZjI0NDRjZjdhMGY0ZThmOWE5MmZlNTc5YzNmMjkyNA==
[2025-03-12 10:20:27] INFO -   - Page 8 => 10 caregivers, saved to raw_data\USA\07008\search_of_childcare\nanny\range_28_29\page_8.json
[2025-03-12 10:20:27] INFO -   - Next endCursor: U2VlZD0wLEluZGV4PTgwLFBhZ2VTY3JvbGxJZD00ZjI0NDRjZjdhMGY0ZThmOWE5MmZlNTc5YzNmMjkyNA==
[2025-03-12 10:20:29] INFO -   - Page 9 => 10 caregivers, saved to raw_data\USA\07008\search_of_childcare\nanny\range_28_29\page_9.json
[2025-03-12 10:20:29] INFO -   - Next endCursor: U2VlZD0wLEluZGV4PTkwLFBhZ2VTY3JvbGxJZD00ZjI0NDRjZjdhMGY0ZThmOWE5MmZlNTc5YzNmMjkyNA==
[2025-03-12 10:20:31] INFO -   - Page 10 => 1 caregivers, saved to raw_data\USA\07008\search_of_childcare\nanny\range_28_29\page_10.json
[2025-03-12 10:20:31] INFO - Finished range [28, 29] with status='success'. Total pages: 10, total caregivers: 91.
[2025-03-12 10:20:31] INFO - Checking pay range [26, 26]...
[2025-03-12 10:20:34] INFO -   => totalHits = 218
[2025-03-12 10:20:34] INFO - Fetching data for pay range [26, 26]...
[2025-03-12 10:20:36] INFO -   - Page 1 => 10 caregivers, saved to raw_data\USA\07008\search_of_childcare\nanny\range_26_26\page_1.json
[2025-03-12 10:20:36] INFO -   - Next endCursor: U2VlZD0wLEluZGV4PTEwLFBhZ2VTY3JvbGxJZD01MmEwMWIwZjZjZDE0ZTc1ODNjNzgyYTVjOGY2ZDdkMw==
[2025-03-12 10:20:38] INFO -   - Page 2 => 10 caregivers, saved to raw_data\USA\07008\search_of_childcare\nanny\range_26_26\page_2.json
[2025-03-12 10:20:38] INFO -   - Next endCursor: U2VlZD0wLEluZGV4PTIwLFBhZ2VTY3JvbGxJZD01MmEwMWIwZjZjZDE0ZTc1ODNjNzgyYTVjOGY2ZDdkMw==
[2025-03-12 10:20:41] INFO -   - Page 3 => 10 caregivers, saved to raw_data\USA\07008\search_of_childcare\nanny\range_26_26\page_3.json
[2025-03-12 10:20:41] INFO -   - Next endCursor: U2VlZD0wLEluZGV4PTMwLFBhZ2VTY3JvbGxJZD01MmEwMWIwZjZjZDE0ZTc1ODNjNzgyYTVjOGY2ZDdkMw==
[2025-03-12 10:20:43] INFO -   - Page 4 => 10 caregivers, saved to raw_data\USA\07008\search_of_childcare\nanny\range_26_26\page_4.json
[2025-03-12 10:20:43] INFO -   - Next endCursor: U2VlZD0wLEluZGV4PTQwLFBhZ2VTY3JvbGxJZD01MmEwMWIwZjZjZDE0ZTc1ODNjNzgyYTVjOGY2ZDdkMw==
[2025-03-12 10:20:45] INFO -   - Page 5 => 10 caregivers, saved to raw_data\USA\07008\search_of_childcare\nanny\range_26_26\page_5.json
[2025-03-12 10:20:45] INFO -   - Next endCursor: U2VlZD0wLEluZGV4PTUwLFBhZ2VTY3JvbGxJZD01MmEwMWIwZjZjZDE0ZTc1ODNjNzgyYTVjOGY2ZDdkMw==
[2025-03-12 10:20:47] INFO -   - Page 6 => 10 caregivers, saved to raw_data\USA\07008\search_of_childcare\nanny\range_26_26\page_6.json
[2025-03-12 10:20:47] INFO -   - Next endCursor: U2VlZD0wLEluZGV4PTYwLFBhZ2VTY3JvbGxJZD01MmEwMWIwZjZjZDE0ZTc1ODNjNzgyYTVjOGY2ZDdkMw==
[2025-03-12 10:20:49] INFO -   - Page 7 => 10 caregivers, saved to raw_data\USA\07008\search_of_childcare\nanny\range_26_26\page_7.json
[2025-03-12 10:20:49] INFO -   - Next endCursor: U2VlZD0wLEluZGV4PTcwLFBhZ2VTY3JvbGxJZD01MmEwMWIwZjZjZDE0ZTc1ODNjNzgyYTVjOGY2ZDdkMw==
[2025-03-12 10:20:52] INFO -   - Page 8 => 10 caregivers, saved to raw_data\USA\07008\search_of_childcare\nanny\range_26_26\page_8.json
[2025-03-12 10:20:52] INFO -   - Next endCursor: U2VlZD0wLEluZGV4PTgwLFBhZ2VTY3JvbGxJZD01MmEwMWIwZjZjZDE0ZTc1ODNjNzgyYTVjOGY2ZDdkMw==
[2025-03-12 10:20:54] INFO -   - Page 9 => 10 caregivers, saved to raw_data\USA\07008\search_of_childcare\nanny\range_26_26\page_9.json
[2025-03-12 10:20:54] INFO -   - Next endCursor: U2VlZD0wLEluZGV4PTkwLFBhZ2VTY3JvbGxJZD01MmEwMWIwZjZjZDE0ZTc1ODNjNzgyYTVjOGY2ZDdkMw==
[2025-03-12 10:20:56] INFO -   - Page 10 => 10 caregivers, saved to raw_data\USA\07008\search_of_childcare\nanny\range_26_26\page_10.json
[2025-03-12 10:20:56] INFO -   - Next endCursor: U2VlZD0wLEluZGV4PTEwMCxQYWdlU2Nyb2xsSWQ9NTJhMDFiMGY2Y2QxNGU3NTgzYzc4MmE1YzhmNmQ3ZDM=
[2025-03-12 10:20:59] INFO -   - Page 11 => 10 caregivers, saved to raw_data\USA\07008\search_of_childcare\nanny\range_26_26\page_11.json
[2025-03-12 10:20:59] INFO -   - Next endCursor: U2VlZD0wLEluZGV4PTExMCxQYWdlU2Nyb2xsSWQ9NTJhMDFiMGY2Y2QxNGU3NTgzYzc4MmE1YzhmNmQ3ZDM=
[2025-03-12 10:21:01] INFO -   - Page 12 => 10 caregivers, saved to raw_data\USA\07008\search_of_childcare\nanny\range_26_26\page_12.json
[2025-03-12 10:21:01] INFO -   - Next endCursor: U2VlZD0wLEluZGV4PTEyMCxQYWdlU2Nyb2xsSWQ9NTJhMDFiMGY2Y2QxNGU3NTgzYzc4MmE1YzhmNmQ3ZDM=
[2025-03-12 10:21:03] INFO -   - Page 13 => 10 caregivers, saved to raw_data\USA\07008\search_of_childcare\nanny\range_26_26\page_13.json
[2025-03-12 10:21:03] INFO -   - Next endCursor: U2VlZD0wLEluZGV4PTEzMCxQYWdlU2Nyb2xsSWQ9NTJhMDFiMGY2Y2QxNGU3NTgzYzc4MmE1YzhmNmQ3ZDM=
[2025-03-12 10:21:05] INFO -   - Page 14 => 10 caregivers, saved to raw_data\USA\07008\search_of_childcare\nanny\range_26_26\page_14.json
[2025-03-12 10:21:05] INFO -   - Next endCursor: U2VlZD0wLEluZGV4PTE0MCxQYWdlU2Nyb2xsSWQ9NTJhMDFiMGY2Y2QxNGU3NTgzYzc4MmE1YzhmNmQ3ZDM=
[2025-03-12 10:21:08] INFO -   - Page 15 => 10 caregivers, saved to raw_data\USA\07008\search_of_childcare\nanny\range_26_26\page_15.json
[2025-03-12 10:21:08] INFO -   - Next endCursor: U2VlZD0wLEluZGV4PTE1MCxQYWdlU2Nyb2xsSWQ9NTJhMDFiMGY2Y2QxNGU3NTgzYzc4MmE1YzhmNmQ3ZDM=
[2025-03-12 10:21:10] INFO -   - Page 16 => 10 caregivers, saved to raw_data\USA\07008\search_of_childcare\nanny\range_26_26\page_16.json
[2025-03-12 10:21:10] INFO -   - Next endCursor: U2VlZD0wLEluZGV4PTE2MCxQYWdlU2Nyb2xsSWQ9NTJhMDFiMGY2Y2QxNGU3NTgzYzc4MmE1YzhmNmQ3ZDM=
[2025-03-12 10:21:12] INFO -   - Page 17 => 10 caregivers, saved to raw_data\USA\07008\search_of_childcare\nanny\range_26_26\page_17.json
[2025-03-12 10:21:12] INFO -   - Next endCursor: U2VlZD0wLEluZGV4PTE3MCxQYWdlU2Nyb2xsSWQ9NTJhMDFiMGY2Y2QxNGU3NTgzYzc4MmE1YzhmNmQ3ZDM=
[2025-03-12 10:21:14] INFO -   - Page 18 => 10 caregivers, saved to raw_data\USA\07008\search_of_childcare\nanny\range_26_26\page_18.json
[2025-03-12 10:21:14] INFO -   - Next endCursor: U2VlZD0wLEluZGV4PTE4MCxQYWdlU2Nyb2xsSWQ9NTJhMDFiMGY2Y2QxNGU3NTgzYzc4MmE1YzhmNmQ3ZDM=
[2025-03-12 10:21:17] INFO -   - Page 19 => 10 caregivers, saved to raw_data\USA\07008\search_of_childcare\nanny\range_26_26\page_19.json
[2025-03-12 10:21:17] INFO -   - Next endCursor: U2VlZD0wLEluZGV4PTE5MCxQYWdlU2Nyb2xsSWQ9NTJhMDFiMGY2Y2QxNGU3NTgzYzc4MmE1YzhmNmQ3ZDM=
[2025-03-12 10:21:19] INFO -   - Page 20 => 10 caregivers, saved to raw_data\USA\07008\search_of_childcare\nanny\range_26_26\page_20.json
[2025-03-12 10:21:19] INFO -   - Next endCursor: U2VlZD0wLEluZGV4PTIwMCxQYWdlU2Nyb2xsSWQ9NTJhMDFiMGY2Y2QxNGU3NTgzYzc4MmE1YzhmNmQ3ZDM=
[2025-03-12 10:21:21] INFO -   - Page 21 => 10 caregivers, saved to raw_data\USA\07008\search_of_childcare\nanny\range_26_26\page_21.json
[2025-03-12 10:21:21] INFO -   - Next endCursor: U2VlZD0wLEluZGV4PTIxMCxQYWdlU2Nyb2xsSWQ9NTJhMDFiMGY2Y2QxNGU3NTgzYzc4MmE1YzhmNmQ3ZDM=
[2025-03-12 10:21:23] INFO -   - Page 22 => 8 caregivers, saved to raw_data\USA\07008\search_of_childcare\nanny\range_26_26\page_22.json
[2025-03-12 10:21:23] INFO - Finished range [26, 26] with status='success'. Total pages: 22, total caregivers: 218.
[2025-03-12 10:21:23] INFO - Checking pay range [27, 27]...
[2025-03-12 10:21:26] INFO -   => totalHits = 313
[2025-03-12 10:21:26] INFO - Fetching data for pay range [27, 27]...
[2025-03-12 10:21:28] INFO -   - Page 1 => 10 caregivers, saved to raw_data\USA\07008\search_of_childcare\nanny\range_27_27\page_1.json
[2025-03-12 10:21:28] INFO -   - Next endCursor: U2VlZD0wLEluZGV4PTEwLFBhZ2VTY3JvbGxJZD1jMWQwMThmYmUzMTM0ZDFjYWJiNGNlZmFhOWFlMjU0NQ==
[2025-03-12 10:21:30] INFO -   - Page 2 => 10 caregivers, saved to raw_data\USA\07008\search_of_childcare\nanny\range_27_27\page_2.json
[2025-03-12 10:21:30] INFO -   - Next endCursor: U2VlZD0wLEluZGV4PTIwLFBhZ2VTY3JvbGxJZD1jMWQwMThmYmUzMTM0ZDFjYWJiNGNlZmFhOWFlMjU0NQ==
[2025-03-12 10:21:32] INFO -   - Page 3 => 10 caregivers, saved to raw_data\USA\07008\search_of_childcare\nanny\range_27_27\page_3.json
[2025-03-12 10:21:32] INFO -   - Next endCursor: U2VlZD0wLEluZGV4PTMwLFBhZ2VTY3JvbGxJZD1jMWQwMThmYmUzMTM0ZDFjYWJiNGNlZmFhOWFlMjU0NQ==
[2025-03-12 10:21:35] INFO -   - Page 4 => 10 caregivers, saved to raw_data\USA\07008\search_of_childcare\nanny\range_27_27\page_4.json
[2025-03-12 10:21:35] INFO -   - Next endCursor: U2VlZD0wLEluZGV4PTQwLFBhZ2VTY3JvbGxJZD1jMWQwMThmYmUzMTM0ZDFjYWJiNGNlZmFhOWFlMjU0NQ==
[2025-03-12 10:21:37] INFO -   - Page 5 => 10 caregivers, saved to raw_data\USA\07008\search_of_childcare\nanny\range_27_27\page_5.json
[2025-03-12 10:21:37] INFO -   - Next endCursor: U2VlZD0wLEluZGV4PTUwLFBhZ2VTY3JvbGxJZD1jMWQwMThmYmUzMTM0ZDFjYWJiNGNlZmFhOWFlMjU0NQ==
[2025-03-12 10:21:40] INFO -   - Page 6 => 10 caregivers, saved to raw_data\USA\07008\search_of_childcare\nanny\range_27_27\page_6.json
[2025-03-12 10:21:40] INFO -   - Next endCursor: U2VlZD0wLEluZGV4PTYwLFBhZ2VTY3JvbGxJZD1jMWQwMThmYmUzMTM0ZDFjYWJiNGNlZmFhOWFlMjU0NQ==
[2025-03-12 10:21:42] INFO -   - Page 7 => 10 caregivers, saved to raw_data\USA\07008\search_of_childcare\nanny\range_27_27\page_7.json
[2025-03-12 10:21:42] INFO -   - Next endCursor: U2VlZD0wLEluZGV4PTcwLFBhZ2VTY3JvbGxJZD1jMWQwMThmYmUzMTM0ZDFjYWJiNGNlZmFhOWFlMjU0NQ==
[2025-03-12 10:21:44] INFO -   - Page 8 => 10 caregivers, saved to raw_data\USA\07008\search_of_childcare\nanny\range_27_27\page_8.json
[2025-03-12 10:21:44] INFO -   - Next endCursor: U2VlZD0wLEluZGV4PTgwLFBhZ2VTY3JvbGxJZD1jMWQwMThmYmUzMTM0ZDFjYWJiNGNlZmFhOWFlMjU0NQ==
[2025-03-12 10:21:46] INFO -   - Page 9 => 10 caregivers, saved to raw_data\USA\07008\search_of_childcare\nanny\range_27_27\page_9.json
[2025-03-12 10:21:46] INFO -   - Next endCursor: U2VlZD0wLEluZGV4PTkwLFBhZ2VTY3JvbGxJZD1jMWQwMThmYmUzMTM0ZDFjYWJiNGNlZmFhOWFlMjU0NQ==
[2025-03-12 10:21:49] INFO -   - Page 10 => 10 caregivers, saved to raw_data\USA\07008\search_of_childcare\nanny\range_27_27\page_10.json
[2025-03-12 10:21:49] INFO -   - Next endCursor: U2VlZD0wLEluZGV4PTEwMCxQYWdlU2Nyb2xsSWQ9YzFkMDE4ZmJlMzEzNGQxY2FiYjRjZWZhYTlhZTI1NDU=
[2025-03-12 10:21:51] INFO -   - Page 11 => 10 caregivers, saved to raw_data\USA\07008\search_of_childcare\nanny\range_27_27\page_11.json
[2025-03-12 10:21:51] INFO -   - Next endCursor: U2VlZD0wLEluZGV4PTExMCxQYWdlU2Nyb2xsSWQ9YzFkMDE4ZmJlMzEzNGQxY2FiYjRjZWZhYTlhZTI1NDU=
[2025-03-12 10:21:54] INFO -   - Page 12 => 10 caregivers, saved to raw_data\USA\07008\search_of_childcare\nanny\range_27_27\page_12.json
[2025-03-12 10:21:54] INFO -   - Next endCursor: U2VlZD0wLEluZGV4PTEyMCxQYWdlU2Nyb2xsSWQ9YzFkMDE4ZmJlMzEzNGQxY2FiYjRjZWZhYTlhZTI1NDU=
[2025-03-12 10:21:56] INFO -   - Page 13 => 10 caregivers, saved to raw_data\USA\07008\search_of_childcare\nanny\range_27_27\page_13.json
[2025-03-12 10:21:56] INFO -   - Next endCursor: U2VlZD0wLEluZGV4PTEzMCxQYWdlU2Nyb2xsSWQ9YzFkMDE4ZmJlMzEzNGQxY2FiYjRjZWZhYTlhZTI1NDU=
[2025-03-12 10:21:58] INFO -   - Page 14 => 10 caregivers, saved to raw_data\USA\07008\search_of_childcare\nanny\range_27_27\page_14.json
[2025-03-12 10:21:58] INFO -   - Next endCursor: U2VlZD0wLEluZGV4PTE0MCxQYWdlU2Nyb2xsSWQ9YzFkMDE4ZmJlMzEzNGQxY2FiYjRjZWZhYTlhZTI1NDU=
[2025-03-12 10:22:00] INFO -   - Page 15 => 10 caregivers, saved to raw_data\USA\07008\search_of_childcare\nanny\range_27_27\page_15.json
[2025-03-12 10:22:00] INFO -   - Next endCursor: U2VlZD0wLEluZGV4PTE1MCxQYWdlU2Nyb2xsSWQ9YzFkMDE4ZmJlMzEzNGQxY2FiYjRjZWZhYTlhZTI1NDU=
[2025-03-12 10:22:02] INFO -   - Page 16 => 10 caregivers, saved to raw_data\USA\07008\search_of_childcare\nanny\range_27_27\page_16.json
[2025-03-12 10:22:02] INFO -   - Next endCursor: U2VlZD0wLEluZGV4PTE2MCxQYWdlU2Nyb2xsSWQ9YzFkMDE4ZmJlMzEzNGQxY2FiYjRjZWZhYTlhZTI1NDU=
[2025-03-12 10:22:05] INFO -   - Page 17 => 10 caregivers, saved to raw_data\USA\07008\search_of_childcare\nanny\range_27_27\page_17.json
[2025-03-12 10:22:05] INFO -   - Next endCursor: U2VlZD0wLEluZGV4PTE3MCxQYWdlU2Nyb2xsSWQ9YzFkMDE4ZmJlMzEzNGQxY2FiYjRjZWZhYTlhZTI1NDU=
[2025-03-12 10:22:07] INFO -   - Page 18 => 10 caregivers, saved to raw_data\USA\07008\search_of_childcare\nanny\range_27_27\page_18.json
[2025-03-12 10:22:07] INFO -   - Next endCursor: U2VlZD0wLEluZGV4PTE4MCxQYWdlU2Nyb2xsSWQ9YzFkMDE4ZmJlMzEzNGQxY2FiYjRjZWZhYTlhZTI1NDU=
[2025-03-12 10:22:09] INFO -   - Page 19 => 10 caregivers, saved to raw_data\USA\07008\search_of_childcare\nanny\range_27_27\page_19.json
[2025-03-12 10:22:09] INFO -   - Next endCursor: U2VlZD0wLEluZGV4PTE5MCxQYWdlU2Nyb2xsSWQ9YzFkMDE4ZmJlMzEzNGQxY2FiYjRjZWZhYTlhZTI1NDU=
[2025-03-12 10:22:11] INFO -   - Page 20 => 10 caregivers, saved to raw_data\USA\07008\search_of_childcare\nanny\range_27_27\page_20.json
[2025-03-12 10:22:11] INFO -   - Next endCursor: U2VlZD0wLEluZGV4PTIwMCxQYWdlU2Nyb2xsSWQ9YzFkMDE4ZmJlMzEzNGQxY2FiYjRjZWZhYTlhZTI1NDU=
[2025-03-12 10:22:14] INFO -   - Page 21 => 10 caregivers, saved to raw_data\USA\07008\search_of_childcare\nanny\range_27_27\page_21.json
[2025-03-12 10:22:14] INFO -   - Next endCursor: U2VlZD0wLEluZGV4PTIxMCxQYWdlU2Nyb2xsSWQ9YzFkMDE4ZmJlMzEzNGQxY2FiYjRjZWZhYTlhZTI1NDU=
[2025-03-12 10:22:16] INFO -   - Page 22 => 10 caregivers, saved to raw_data\USA\07008\search_of_childcare\nanny\range_27_27\page_22.json
[2025-03-12 10:22:16] INFO -   - Next endCursor: U2VlZD0wLEluZGV4PTIyMCxQYWdlU2Nyb2xsSWQ9YzFkMDE4ZmJlMzEzNGQxY2FiYjRjZWZhYTlhZTI1NDU=
[2025-03-12 10:22:18] INFO -   - Page 23 => 10 caregivers, saved to raw_data\USA\07008\search_of_childcare\nanny\range_27_27\page_23.json
[2025-03-12 10:22:18] INFO -   - Next endCursor: U2VlZD0wLEluZGV4PTIzMCxQYWdlU2Nyb2xsSWQ9YzFkMDE4ZmJlMzEzNGQxY2FiYjRjZWZhYTlhZTI1NDU=
[2025-03-12 10:22:20] INFO -   - Page 24 => 10 caregivers, saved to raw_data\USA\07008\search_of_childcare\nanny\range_27_27\page_24.json
[2025-03-12 10:22:20] INFO -   - Next endCursor: U2VlZD0wLEluZGV4PTI0MCxQYWdlU2Nyb2xsSWQ9YzFkMDE4ZmJlMzEzNGQxY2FiYjRjZWZhYTlhZTI1NDU=
[2025-03-12 10:22:23] INFO -   - Page 25 => 10 caregivers, saved to raw_data\USA\07008\search_of_childcare\nanny\range_27_27\page_25.json
[2025-03-12 10:22:23] INFO -   - Next endCursor: U2VlZD0wLEluZGV4PTI1MCxQYWdlU2Nyb2xsSWQ9YzFkMDE4ZmJlMzEzNGQxY2FiYjRjZWZhYTlhZTI1NDU=
[2025-03-12 10:22:25] INFO -   - Page 26 => 10 caregivers, saved to raw_data\USA\07008\search_of_childcare\nanny\range_27_27\page_26.json
[2025-03-12 10:22:25] INFO -   - Next endCursor: U2VlZD0wLEluZGV4PTI2MCxQYWdlU2Nyb2xsSWQ9YzFkMDE4ZmJlMzEzNGQxY2FiYjRjZWZhYTlhZTI1NDU=
[2025-03-12 10:22:27] INFO -   - Page 27 => 10 caregivers, saved to raw_data\USA\07008\search_of_childcare\nanny\range_27_27\page_27.json
[2025-03-12 10:22:27] INFO -   - Next endCursor: U2VlZD0wLEluZGV4PTI3MCxQYWdlU2Nyb2xsSWQ9YzFkMDE4ZmJlMzEzNGQxY2FiYjRjZWZhYTlhZTI1NDU=
[2025-03-12 10:22:30] INFO -   - Page 28 => 10 caregivers, saved to raw_data\USA\07008\search_of_childcare\nanny\range_27_27\page_28.json
[2025-03-12 10:22:30] INFO -   - Next endCursor: U2VlZD0wLEluZGV4PTI4MCxQYWdlU2Nyb2xsSWQ9YzFkMDE4ZmJlMzEzNGQxY2FiYjRjZWZhYTlhZTI1NDU=
[2025-03-12 10:22:32] INFO -   - Page 29 => 10 caregivers, saved to raw_data\USA\07008\search_of_childcare\nanny\range_27_27\page_29.json
[2025-03-12 10:22:32] INFO -   - Next endCursor: U2VlZD0wLEluZGV4PTI5MCxQYWdlU2Nyb2xsSWQ9YzFkMDE4ZmJlMzEzNGQxY2FiYjRjZWZhYTlhZTI1NDU=
[2025-03-12 10:22:34] INFO -   - Page 30 => 10 caregivers, saved to raw_data\USA\07008\search_of_childcare\nanny\range_27_27\page_30.json
[2025-03-12 10:22:34] INFO -   - Next endCursor: U2VlZD0wLEluZGV4PTMwMCxQYWdlU2Nyb2xsSWQ9YzFkMDE4ZmJlMzEzNGQxY2FiYjRjZWZhYTlhZTI1NDU=
[2025-03-12 10:22:36] INFO -   - Page 31 => 10 caregivers, saved to raw_data\USA\07008\search_of_childcare\nanny\range_27_27\page_31.json
[2025-03-12 10:22:36] INFO -   - Next endCursor: U2VlZD0wLEluZGV4PTMxMCxQYWdlU2Nyb2xsSWQ9YzFkMDE4ZmJlMzEzNGQxY2FiYjRjZWZhYTlhZTI1NDU=
[2025-03-12 10:22:39] INFO -   - Page 32 => 3 caregivers, saved to raw_data\USA\07008\search_of_childcare\nanny\range_27_27\page_32.json
[2025-03-12 10:22:39] INFO - Finished range [27, 27] with status='success'. Total pages: 32, total caregivers: 313.
[2025-03-12 10:22:39] INFO - All pay range segments processed. Scraping complete!
