[2025-04-03 15:54:13] INFO - Log file initialized at: raw_data\USA\30306\search_of_childcare\nanny\scrape_nanny.log
[2025-04-03 15:54:13] INFO - Starting scraping for USA/30306, care_type='childcare', sub_type='nanny', pay range [0, 100].
[2025-04-03 15:54:13] INFO - Run ID: c850e233-ee44-4557-88c9-a60f0fb920d1
[2025-04-03 15:54:13] INFO - Checking pay range [0, 100]...
[2025-04-03 15:54:14] INFO -   => totalHits = 1239
[2025-04-03 15:54:14] INFO -   => Splitting into [0, 50] and [51, 100].
[2025-04-03 15:54:14] INFO - Checking pay range [0, 50]...
[2025-04-03 15:54:16] INFO -   => totalHits = 1238
[2025-04-03 15:54:16] INFO -   => Splitting into [0, 25] and [26, 50].
[2025-04-03 15:54:16] INFO - Checking pay range [51, 100]...
[2025-04-03 15:54:17] INFO -   => totalHits = 1
[2025-04-03 15:54:17] INFO - Fetching data for pay range [51, 100]...
[2025-04-03 15:54:18] INFO -   - Page 1 => 1 caregivers, saved to raw_data\USA\30306\search_of_childcare\nanny\range_51_100\page_1.json
[2025-04-03 15:54:18] INFO - Finished range [51, 100] with status='success'. Total pages: 1, total caregivers: 1.
[2025-04-03 15:54:18] INFO - Checking pay range [0, 25]...
[2025-04-03 15:54:19] INFO -   => totalHits = 964
[2025-04-03 15:54:19] INFO -   => Splitting into [0, 12] and [13, 25].
[2025-04-03 15:54:19] INFO - Checking pay range [26, 50]...
[2025-04-03 15:54:21] INFO -   => totalHits = 274
[2025-04-03 15:54:21] INFO - Fetching data for pay range [26, 50]...
[2025-04-03 15:54:22] INFO -   - Page 1 => 10 caregivers, saved to raw_data\USA\30306\search_of_childcare\nanny\range_26_50\page_1.json
[2025-04-03 15:54:22] INFO -   - Next endCursor: U2VlZD0wLEluZGV4PTEwLFBhZ2VTY3JvbGxJZD04YWQ1NTMwMDY2M2M0NjI5OGViYjIxNDUyZDQ3ODI0ZA==
[2025-04-03 15:54:23] INFO -   - Page 2 => 10 caregivers, saved to raw_data\USA\30306\search_of_childcare\nanny\range_26_50\page_2.json
[2025-04-03 15:54:23] INFO -   - Next endCursor: U2VlZD0wLEluZGV4PTIwLFBhZ2VTY3JvbGxJZD04YWQ1NTMwMDY2M2M0NjI5OGViYjIxNDUyZDQ3ODI0ZA==
[2025-04-03 15:54:24] INFO -   - Page 3 => 10 caregivers, saved to raw_data\USA\30306\search_of_childcare\nanny\range_26_50\page_3.json
[2025-04-03 15:54:24] INFO -   - Next endCursor: U2VlZD0wLEluZGV4PTMwLFBhZ2VTY3JvbGxJZD04YWQ1NTMwMDY2M2M0NjI5OGViYjIxNDUyZDQ3ODI0ZA==
[2025-04-03 15:54:26] INFO -   - Page 4 => 10 caregivers, saved to raw_data\USA\30306\search_of_childcare\nanny\range_26_50\page_4.json
[2025-04-03 15:54:26] INFO -   - Next endCursor: U2VlZD0wLEluZGV4PTQwLFBhZ2VTY3JvbGxJZD04YWQ1NTMwMDY2M2M0NjI5OGViYjIxNDUyZDQ3ODI0ZA==
[2025-04-03 15:54:27] INFO -   - Page 5 => 10 caregivers, saved to raw_data\USA\30306\search_of_childcare\nanny\range_26_50\page_5.json
[2025-04-03 15:54:27] INFO -   - Next endCursor: U2VlZD0wLEluZGV4PTUwLFBhZ2VTY3JvbGxJZD04YWQ1NTMwMDY2M2M0NjI5OGViYjIxNDUyZDQ3ODI0ZA==
[2025-04-03 15:54:28] INFO -   - Page 6 => 10 caregivers, saved to raw_data\USA\30306\search_of_childcare\nanny\range_26_50\page_6.json
[2025-04-03 15:54:28] INFO -   - Next endCursor: U2VlZD0wLEluZGV4PTYwLFBhZ2VTY3JvbGxJZD04YWQ1NTMwMDY2M2M0NjI5OGViYjIxNDUyZDQ3ODI0ZA==
[2025-04-03 15:54:30] INFO -   - Page 7 => 10 caregivers, saved to raw_data\USA\30306\search_of_childcare\nanny\range_26_50\page_7.json
[2025-04-03 15:54:30] INFO -   - Next endCursor: U2VlZD0wLEluZGV4PTcwLFBhZ2VTY3JvbGxJZD04YWQ1NTMwMDY2M2M0NjI5OGViYjIxNDUyZDQ3ODI0ZA==
[2025-04-03 15:54:31] INFO -   - Page 8 => 10 caregivers, saved to raw_data\USA\30306\search_of_childcare\nanny\range_26_50\page_8.json
[2025-04-03 15:54:31] INFO -   - Next endCursor: U2VlZD0wLEluZGV4PTgwLFBhZ2VTY3JvbGxJZD04YWQ1NTMwMDY2M2M0NjI5OGViYjIxNDUyZDQ3ODI0ZA==
[2025-04-03 15:54:33] INFO -   - Page 9 => 10 caregivers, saved to raw_data\USA\30306\search_of_childcare\nanny\range_26_50\page_9.json
[2025-04-03 15:54:33] INFO -   - Next endCursor: U2VlZD0wLEluZGV4PTkwLFBhZ2VTY3JvbGxJZD04YWQ1NTMwMDY2M2M0NjI5OGViYjIxNDUyZDQ3ODI0ZA==
[2025-04-03 15:54:34] INFO -   - Page 10 => 10 caregivers, saved to raw_data\USA\30306\search_of_childcare\nanny\range_26_50\page_10.json
[2025-04-03 15:54:34] INFO -   - Next endCursor: U2VlZD0wLEluZGV4PTEwMCxQYWdlU2Nyb2xsSWQ9OGFkNTUzMDA2NjNjNDYyOThlYmIyMTQ1MmQ0NzgyNGQ=
[2025-04-03 15:54:36] INFO -   - Page 11 => 10 caregivers, saved to raw_data\USA\30306\search_of_childcare\nanny\range_26_50\page_11.json
[2025-04-03 15:54:36] INFO -   - Next endCursor: U2VlZD0wLEluZGV4PTExMCxQYWdlU2Nyb2xsSWQ9OGFkNTUzMDA2NjNjNDYyOThlYmIyMTQ1MmQ0NzgyNGQ=
[2025-04-03 15:54:37] INFO -   - Page 12 => 10 caregivers, saved to raw_data\USA\30306\search_of_childcare\nanny\range_26_50\page_12.json
[2025-04-03 15:54:37] INFO -   - Next endCursor: U2VlZD0wLEluZGV4PTEyMCxQYWdlU2Nyb2xsSWQ9OGFkNTUzMDA2NjNjNDYyOThlYmIyMTQ1MmQ0NzgyNGQ=
[2025-04-03 15:54:38] INFO -   - Page 13 => 10 caregivers, saved to raw_data\USA\30306\search_of_childcare\nanny\range_26_50\page_13.json
[2025-04-03 15:54:38] INFO -   - Next endCursor: U2VlZD0wLEluZGV4PTEzMCxQYWdlU2Nyb2xsSWQ9OGFkNTUzMDA2NjNjNDYyOThlYmIyMTQ1MmQ0NzgyNGQ=
[2025-04-03 15:54:40] INFO -   - Page 14 => 10 caregivers, saved to raw_data\USA\30306\search_of_childcare\nanny\range_26_50\page_14.json
[2025-04-03 15:54:40] INFO -   - Next endCursor: U2VlZD0wLEluZGV4PTE0MCxQYWdlU2Nyb2xsSWQ9OGFkNTUzMDA2NjNjNDYyOThlYmIyMTQ1MmQ0NzgyNGQ=
[2025-04-03 15:54:41] INFO -   - Page 15 => 10 caregivers, saved to raw_data\USA\30306\search_of_childcare\nanny\range_26_50\page_15.json
[2025-04-03 15:54:41] INFO -   - Next endCursor: U2VlZD0wLEluZGV4PTE1MCxQYWdlU2Nyb2xsSWQ9OGFkNTUzMDA2NjNjNDYyOThlYmIyMTQ1MmQ0NzgyNGQ=
[2025-04-03 15:54:42] INFO -   - Page 16 => 10 caregivers, saved to raw_data\USA\30306\search_of_childcare\nanny\range_26_50\page_16.json
[2025-04-03 15:54:42] INFO -   - Next endCursor: U2VlZD0wLEluZGV4PTE2MCxQYWdlU2Nyb2xsSWQ9OGFkNTUzMDA2NjNjNDYyOThlYmIyMTQ1MmQ0NzgyNGQ=
[2025-04-03 15:54:44] INFO -   - Page 17 => 10 caregivers, saved to raw_data\USA\30306\search_of_childcare\nanny\range_26_50\page_17.json
[2025-04-03 15:54:44] INFO -   - Next endCursor: U2VlZD0wLEluZGV4PTE3MCxQYWdlU2Nyb2xsSWQ9OGFkNTUzMDA2NjNjNDYyOThlYmIyMTQ1MmQ0NzgyNGQ=
[2025-04-03 15:54:45] INFO -   - Page 18 => 10 caregivers, saved to raw_data\USA\30306\search_of_childcare\nanny\range_26_50\page_18.json
[2025-04-03 15:54:45] INFO -   - Next endCursor: U2VlZD0wLEluZGV4PTE4MCxQYWdlU2Nyb2xsSWQ9OGFkNTUzMDA2NjNjNDYyOThlYmIyMTQ1MmQ0NzgyNGQ=
[2025-04-03 15:54:47] INFO -   - Page 19 => 10 caregivers, saved to raw_data\USA\30306\search_of_childcare\nanny\range_26_50\page_19.json
[2025-04-03 15:54:47] INFO -   - Next endCursor: U2VlZD0wLEluZGV4PTE5MCxQYWdlU2Nyb2xsSWQ9OGFkNTUzMDA2NjNjNDYyOThlYmIyMTQ1MmQ0NzgyNGQ=
[2025-04-03 15:54:48] INFO -   - Page 20 => 10 caregivers, saved to raw_data\USA\30306\search_of_childcare\nanny\range_26_50\page_20.json
[2025-04-03 15:54:48] INFO -   - Next endCursor: U2VlZD0wLEluZGV4PTIwMCxQYWdlU2Nyb2xsSWQ9OGFkNTUzMDA2NjNjNDYyOThlYmIyMTQ1MmQ0NzgyNGQ=
[2025-04-03 15:54:49] INFO -   - Page 21 => 10 caregivers, saved to raw_data\USA\30306\search_of_childcare\nanny\range_26_50\page_21.json
[2025-04-03 15:54:49] INFO -   - Next endCursor: U2VlZD0wLEluZGV4PTIxMCxQYWdlU2Nyb2xsSWQ9OGFkNTUzMDA2NjNjNDYyOThlYmIyMTQ1MmQ0NzgyNGQ=
[2025-04-03 15:54:51] INFO -   - Page 22 => 10 caregivers, saved to raw_data\USA\30306\search_of_childcare\nanny\range_26_50\page_22.json
[2025-04-03 15:54:51] INFO -   - Next endCursor: U2VlZD0wLEluZGV4PTIyMCxQYWdlU2Nyb2xsSWQ9OGFkNTUzMDA2NjNjNDYyOThlYmIyMTQ1MmQ0NzgyNGQ=
[2025-04-03 15:54:52] INFO -   - Page 23 => 10 caregivers, saved to raw_data\USA\30306\search_of_childcare\nanny\range_26_50\page_23.json
[2025-04-03 15:54:52] INFO -   - Next endCursor: U2VlZD0wLEluZGV4PTIzMCxQYWdlU2Nyb2xsSWQ9OGFkNTUzMDA2NjNjNDYyOThlYmIyMTQ1MmQ0NzgyNGQ=
[2025-04-03 15:54:54] INFO -   - Page 24 => 10 caregivers, saved to raw_data\USA\30306\search_of_childcare\nanny\range_26_50\page_24.json
[2025-04-03 15:54:54] INFO -   - Next endCursor: U2VlZD0wLEluZGV4PTI0MCxQYWdlU2Nyb2xsSWQ9OGFkNTUzMDA2NjNjNDYyOThlYmIyMTQ1MmQ0NzgyNGQ=
[2025-04-03 15:54:55] INFO -   - Page 25 => 10 caregivers, saved to raw_data\USA\30306\search_of_childcare\nanny\range_26_50\page_25.json
[2025-04-03 15:54:55] INFO -   - Next endCursor: U2VlZD0wLEluZGV4PTI1MCxQYWdlU2Nyb2xsSWQ9OGFkNTUzMDA2NjNjNDYyOThlYmIyMTQ1MmQ0NzgyNGQ=
[2025-04-03 15:54:56] INFO -   - Page 26 => 10 caregivers, saved to raw_data\USA\30306\search_of_childcare\nanny\range_26_50\page_26.json
[2025-04-03 15:54:56] INFO -   - Next endCursor: U2VlZD0wLEluZGV4PTI2MCxQYWdlU2Nyb2xsSWQ9OGFkNTUzMDA2NjNjNDYyOThlYmIyMTQ1MmQ0NzgyNGQ=
[2025-04-03 15:54:58] INFO -   - Page 27 => 10 caregivers, saved to raw_data\USA\30306\search_of_childcare\nanny\range_26_50\page_27.json
[2025-04-03 15:54:58] INFO -   - Next endCursor: U2VlZD0wLEluZGV4PTI3MCxQYWdlU2Nyb2xsSWQ9OGFkNTUzMDA2NjNjNDYyOThlYmIyMTQ1MmQ0NzgyNGQ=
[2025-04-03 15:54:59] INFO -   - Page 28 => 4 caregivers, saved to raw_data\USA\30306\search_of_childcare\nanny\range_26_50\page_28.json
[2025-04-03 15:54:59] INFO - Finished range [26, 50] with status='success'. Total pages: 28, total caregivers: 274.
[2025-04-03 15:54:59] INFO - Checking pay range [0, 12]...
[2025-04-03 15:55:00] INFO -   => totalHits = 16
[2025-04-03 15:55:00] INFO - Fetching data for pay range [0, 12]...
[2025-04-03 15:55:01] INFO -   - Page 1 => 10 caregivers, saved to raw_data\USA\30306\search_of_childcare\nanny\range_0_12\page_1.json
[2025-04-03 15:55:01] INFO -   - Next endCursor: U2VlZD0wLEluZGV4PTEwLFBhZ2VTY3JvbGxJZD1kN2Q5OGExZmZhOWM0M2U2OWE0MDk1ODUwZWY2ZjMxMA==
[2025-04-03 15:55:02] INFO -   - Page 2 => 6 caregivers, saved to raw_data\USA\30306\search_of_childcare\nanny\range_0_12\page_2.json
[2025-04-03 15:55:02] INFO - Finished range [0, 12] with status='success'. Total pages: 2, total caregivers: 16.
[2025-04-03 15:55:02] INFO - Checking pay range [13, 25]...
[2025-04-03 15:55:04] INFO -   => totalHits = 948
[2025-04-03 15:55:04] INFO -   => Splitting into [13, 19] and [20, 25].
[2025-04-03 15:55:04] INFO - Checking pay range [13, 19]...
[2025-04-03 15:55:05] INFO -   => totalHits = 137
[2025-04-03 15:55:05] INFO - Fetching data for pay range [13, 19]...
[2025-04-03 15:55:06] INFO -   - Page 1 => 10 caregivers, saved to raw_data\USA\30306\search_of_childcare\nanny\range_13_19\page_1.json
[2025-04-03 15:55:06] INFO -   - Next endCursor: U2VlZD0wLEluZGV4PTEwLFBhZ2VTY3JvbGxJZD05NGVjZDZhN2MxMzQ0YjliODg0MzFjNjdkZmU3Y2VkZA==
[2025-04-03 15:55:08] INFO -   - Page 2 => 10 caregivers, saved to raw_data\USA\30306\search_of_childcare\nanny\range_13_19\page_2.json
[2025-04-03 15:55:08] INFO -   - Next endCursor: U2VlZD0wLEluZGV4PTIwLFBhZ2VTY3JvbGxJZD05NGVjZDZhN2MxMzQ0YjliODg0MzFjNjdkZmU3Y2VkZA==
[2025-04-03 15:55:09] INFO -   - Page 3 => 10 caregivers, saved to raw_data\USA\30306\search_of_childcare\nanny\range_13_19\page_3.json
[2025-04-03 15:55:09] INFO -   - Next endCursor: U2VlZD0wLEluZGV4PTMwLFBhZ2VTY3JvbGxJZD05NGVjZDZhN2MxMzQ0YjliODg0MzFjNjdkZmU3Y2VkZA==
[2025-04-03 15:55:11] INFO -   - Page 4 => 10 caregivers, saved to raw_data\USA\30306\search_of_childcare\nanny\range_13_19\page_4.json
[2025-04-03 15:55:11] INFO -   - Next endCursor: U2VlZD0wLEluZGV4PTQwLFBhZ2VTY3JvbGxJZD05NGVjZDZhN2MxMzQ0YjliODg0MzFjNjdkZmU3Y2VkZA==
[2025-04-03 15:55:12] INFO -   - Page 5 => 10 caregivers, saved to raw_data\USA\30306\search_of_childcare\nanny\range_13_19\page_5.json
[2025-04-03 15:55:12] INFO -   - Next endCursor: U2VlZD0wLEluZGV4PTUwLFBhZ2VTY3JvbGxJZD05NGVjZDZhN2MxMzQ0YjliODg0MzFjNjdkZmU3Y2VkZA==
[2025-04-03 15:55:14] INFO -   - Page 6 => 10 caregivers, saved to raw_data\USA\30306\search_of_childcare\nanny\range_13_19\page_6.json
[2025-04-03 15:55:14] INFO -   - Next endCursor: U2VlZD0wLEluZGV4PTYwLFBhZ2VTY3JvbGxJZD05NGVjZDZhN2MxMzQ0YjliODg0MzFjNjdkZmU3Y2VkZA==
[2025-04-03 15:55:15] INFO -   - Page 7 => 10 caregivers, saved to raw_data\USA\30306\search_of_childcare\nanny\range_13_19\page_7.json
[2025-04-03 15:55:15] INFO -   - Next endCursor: U2VlZD0wLEluZGV4PTcwLFBhZ2VTY3JvbGxJZD05NGVjZDZhN2MxMzQ0YjliODg0MzFjNjdkZmU3Y2VkZA==
[2025-04-03 15:55:16] INFO -   - Page 8 => 10 caregivers, saved to raw_data\USA\30306\search_of_childcare\nanny\range_13_19\page_8.json
[2025-04-03 15:55:16] INFO -   - Next endCursor: U2VlZD0wLEluZGV4PTgwLFBhZ2VTY3JvbGxJZD05NGVjZDZhN2MxMzQ0YjliODg0MzFjNjdkZmU3Y2VkZA==
[2025-04-03 15:55:17] INFO -   - Page 9 => 10 caregivers, saved to raw_data\USA\30306\search_of_childcare\nanny\range_13_19\page_9.json
[2025-04-03 15:55:17] INFO -   - Next endCursor: U2VlZD0wLEluZGV4PTkwLFBhZ2VTY3JvbGxJZD05NGVjZDZhN2MxMzQ0YjliODg0MzFjNjdkZmU3Y2VkZA==
[2025-04-03 15:55:19] INFO -   - Page 10 => 10 caregivers, saved to raw_data\USA\30306\search_of_childcare\nanny\range_13_19\page_10.json
[2025-04-03 15:55:19] INFO -   - Next endCursor: U2VlZD0wLEluZGV4PTEwMCxQYWdlU2Nyb2xsSWQ9OTRlY2Q2YTdjMTM0NGI5Yjg4NDMxYzY3ZGZlN2NlZGQ=
[2025-04-03 15:55:20] INFO -   - Page 11 => 10 caregivers, saved to raw_data\USA\30306\search_of_childcare\nanny\range_13_19\page_11.json
[2025-04-03 15:55:20] INFO -   - Next endCursor: U2VlZD0wLEluZGV4PTExMCxQYWdlU2Nyb2xsSWQ9OTRlY2Q2YTdjMTM0NGI5Yjg4NDMxYzY3ZGZlN2NlZGQ=
[2025-04-03 15:55:21] INFO -   - Page 12 => 10 caregivers, saved to raw_data\USA\30306\search_of_childcare\nanny\range_13_19\page_12.json
[2025-04-03 15:55:21] INFO -   - Next endCursor: U2VlZD0wLEluZGV4PTEyMCxQYWdlU2Nyb2xsSWQ9OTRlY2Q2YTdjMTM0NGI5Yjg4NDMxYzY3ZGZlN2NlZGQ=
[2025-04-03 15:55:23] INFO -   - Page 13 => 10 caregivers, saved to raw_data\USA\30306\search_of_childcare\nanny\range_13_19\page_13.json
[2025-04-03 15:55:23] INFO -   - Next endCursor: U2VlZD0wLEluZGV4PTEzMCxQYWdlU2Nyb2xsSWQ9OTRlY2Q2YTdjMTM0NGI5Yjg4NDMxYzY3ZGZlN2NlZGQ=
[2025-04-03 15:55:24] INFO -   - Page 14 => 7 caregivers, saved to raw_data\USA\30306\search_of_childcare\nanny\range_13_19\page_14.json
[2025-04-03 15:55:24] INFO - Finished range [13, 19] with status='success'. Total pages: 14, total caregivers: 137.
[2025-04-03 15:55:24] INFO - Checking pay range [20, 25]...
[2025-04-03 15:55:25] INFO -   => totalHits = 811
[2025-04-03 15:55:25] INFO -   => Splitting into [20, 22] and [23, 25].
[2025-04-03 15:55:25] INFO - Checking pay range [20, 22]...
[2025-04-03 15:55:26] INFO -   => totalHits = 161
[2025-04-03 15:55:26] INFO - Fetching data for pay range [20, 22]...
[2025-04-03 15:55:28] INFO -   - Page 1 => 10 caregivers, saved to raw_data\USA\30306\search_of_childcare\nanny\range_20_22\page_1.json
[2025-04-03 15:55:28] INFO -   - Next endCursor: U2VlZD0wLEluZGV4PTEwLFBhZ2VTY3JvbGxJZD0yZGJiODViZmU4YTQ0ZDQyYjFlMDJlNjgzMGYxZWIyYg==
[2025-04-03 15:55:29] INFO -   - Page 2 => 10 caregivers, saved to raw_data\USA\30306\search_of_childcare\nanny\range_20_22\page_2.json
[2025-04-03 15:55:29] INFO -   - Next endCursor: U2VlZD0wLEluZGV4PTIwLFBhZ2VTY3JvbGxJZD0yZGJiODViZmU4YTQ0ZDQyYjFlMDJlNjgzMGYxZWIyYg==
[2025-04-03 15:55:30] INFO -   - Page 3 => 10 caregivers, saved to raw_data\USA\30306\search_of_childcare\nanny\range_20_22\page_3.json
[2025-04-03 15:55:30] INFO -   - Next endCursor: U2VlZD0wLEluZGV4PTMwLFBhZ2VTY3JvbGxJZD0yZGJiODViZmU4YTQ0ZDQyYjFlMDJlNjgzMGYxZWIyYg==
[2025-04-03 15:55:32] INFO -   - Page 4 => 10 caregivers, saved to raw_data\USA\30306\search_of_childcare\nanny\range_20_22\page_4.json
[2025-04-03 15:55:32] INFO -   - Next endCursor: U2VlZD0wLEluZGV4PTQwLFBhZ2VTY3JvbGxJZD0yZGJiODViZmU4YTQ0ZDQyYjFlMDJlNjgzMGYxZWIyYg==
[2025-04-03 15:55:33] INFO -   - Page 5 => 10 caregivers, saved to raw_data\USA\30306\search_of_childcare\nanny\range_20_22\page_5.json
[2025-04-03 15:55:33] INFO -   - Next endCursor: U2VlZD0wLEluZGV4PTUwLFBhZ2VTY3JvbGxJZD0yZGJiODViZmU4YTQ0ZDQyYjFlMDJlNjgzMGYxZWIyYg==
[2025-04-03 15:55:34] INFO -   - Page 6 => 10 caregivers, saved to raw_data\USA\30306\search_of_childcare\nanny\range_20_22\page_6.json
[2025-04-03 15:55:34] INFO -   - Next endCursor: U2VlZD0wLEluZGV4PTYwLFBhZ2VTY3JvbGxJZD0yZGJiODViZmU4YTQ0ZDQyYjFlMDJlNjgzMGYxZWIyYg==
[2025-04-03 15:55:36] INFO -   - Page 7 => 10 caregivers, saved to raw_data\USA\30306\search_of_childcare\nanny\range_20_22\page_7.json
[2025-04-03 15:55:36] INFO -   - Next endCursor: U2VlZD0wLEluZGV4PTcwLFBhZ2VTY3JvbGxJZD0yZGJiODViZmU4YTQ0ZDQyYjFlMDJlNjgzMGYxZWIyYg==
[2025-04-03 15:55:37] INFO -   - Page 8 => 10 caregivers, saved to raw_data\USA\30306\search_of_childcare\nanny\range_20_22\page_8.json
[2025-04-03 15:55:37] INFO -   - Next endCursor: U2VlZD0wLEluZGV4PTgwLFBhZ2VTY3JvbGxJZD0yZGJiODViZmU4YTQ0ZDQyYjFlMDJlNjgzMGYxZWIyYg==
[2025-04-03 15:55:38] INFO -   - Page 9 => 10 caregivers, saved to raw_data\USA\30306\search_of_childcare\nanny\range_20_22\page_9.json
[2025-04-03 15:55:38] INFO -   - Next endCursor: U2VlZD0wLEluZGV4PTkwLFBhZ2VTY3JvbGxJZD0yZGJiODViZmU4YTQ0ZDQyYjFlMDJlNjgzMGYxZWIyYg==
[2025-04-03 15:55:40] INFO -   - Page 10 => 10 caregivers, saved to raw_data\USA\30306\search_of_childcare\nanny\range_20_22\page_10.json
[2025-04-03 15:55:40] INFO -   - Next endCursor: U2VlZD0wLEluZGV4PTEwMCxQYWdlU2Nyb2xsSWQ9MmRiYjg1YmZlOGE0NGQ0MmIxZTAyZTY4MzBmMWViMmI=
[2025-04-03 15:55:41] INFO -   - Page 11 => 10 caregivers, saved to raw_data\USA\30306\search_of_childcare\nanny\range_20_22\page_11.json
[2025-04-03 15:55:41] INFO -   - Next endCursor: U2VlZD0wLEluZGV4PTExMCxQYWdlU2Nyb2xsSWQ9MmRiYjg1YmZlOGE0NGQ0MmIxZTAyZTY4MzBmMWViMmI=
[2025-04-03 15:55:42] INFO -   - Page 12 => 10 caregivers, saved to raw_data\USA\30306\search_of_childcare\nanny\range_20_22\page_12.json
[2025-04-03 15:55:42] INFO -   - Next endCursor: U2VlZD0wLEluZGV4PTEyMCxQYWdlU2Nyb2xsSWQ9MmRiYjg1YmZlOGE0NGQ0MmIxZTAyZTY4MzBmMWViMmI=
[2025-04-03 15:55:43] INFO -   - Page 13 => 10 caregivers, saved to raw_data\USA\30306\search_of_childcare\nanny\range_20_22\page_13.json
[2025-04-03 15:55:43] INFO -   - Next endCursor: U2VlZD0wLEluZGV4PTEzMCxQYWdlU2Nyb2xsSWQ9MmRiYjg1YmZlOGE0NGQ0MmIxZTAyZTY4MzBmMWViMmI=
[2025-04-03 15:55:44] INFO -   - Page 14 => 10 caregivers, saved to raw_data\USA\30306\search_of_childcare\nanny\range_20_22\page_14.json
[2025-04-03 15:55:44] INFO -   - Next endCursor: U2VlZD0wLEluZGV4PTE0MCxQYWdlU2Nyb2xsSWQ9MmRiYjg1YmZlOGE0NGQ0MmIxZTAyZTY4MzBmMWViMmI=
[2025-04-03 15:55:46] INFO -   - Page 15 => 10 caregivers, saved to raw_data\USA\30306\search_of_childcare\nanny\range_20_22\page_15.json
[2025-04-03 15:55:46] INFO -   - Next endCursor: U2VlZD0wLEluZGV4PTE1MCxQYWdlU2Nyb2xsSWQ9MmRiYjg1YmZlOGE0NGQ0MmIxZTAyZTY4MzBmMWViMmI=
[2025-04-03 15:55:47] INFO -   - Page 16 => 10 caregivers, saved to raw_data\USA\30306\search_of_childcare\nanny\range_20_22\page_16.json
[2025-04-03 15:55:47] INFO -   - Next endCursor: U2VlZD0wLEluZGV4PTE2MCxQYWdlU2Nyb2xsSWQ9MmRiYjg1YmZlOGE0NGQ0MmIxZTAyZTY4MzBmMWViMmI=
[2025-04-03 15:55:48] INFO -   - Page 17 => 1 caregivers, saved to raw_data\USA\30306\search_of_childcare\nanny\range_20_22\page_17.json
[2025-04-03 15:55:48] INFO - Finished range [20, 22] with status='success'. Total pages: 17, total caregivers: 161.
[2025-04-03 15:55:48] INFO - Checking pay range [23, 25]...
[2025-04-03 15:55:50] INFO -   => totalHits = 650
[2025-04-03 15:55:50] INFO -   => Splitting into [23, 24] and [25, 25].
[2025-04-03 15:55:50] INFO - Checking pay range [23, 24]...
[2025-04-03 15:55:51] INFO -   => totalHits = 34
[2025-04-03 15:55:51] INFO - Fetching data for pay range [23, 24]...
[2025-04-03 15:55:52] INFO -   - Page 1 => 10 caregivers, saved to raw_data\USA\30306\search_of_childcare\nanny\range_23_24\page_1.json
[2025-04-03 15:55:52] INFO -   - Next endCursor: U2VlZD0wLEluZGV4PTEwLFBhZ2VTY3JvbGxJZD1kNzk3NjNmZjM5ZWY0NWM1YmQ0ZDA1ZGI3MWZlOTQxNQ==
[2025-04-03 15:55:53] INFO -   - Page 2 => 10 caregivers, saved to raw_data\USA\30306\search_of_childcare\nanny\range_23_24\page_2.json
[2025-04-03 15:55:53] INFO -   - Next endCursor: U2VlZD0wLEluZGV4PTIwLFBhZ2VTY3JvbGxJZD1kNzk3NjNmZjM5ZWY0NWM1YmQ0ZDA1ZGI3MWZlOTQxNQ==
[2025-04-03 15:55:54] INFO -   - Page 3 => 10 caregivers, saved to raw_data\USA\30306\search_of_childcare\nanny\range_23_24\page_3.json
[2025-04-03 15:55:54] INFO -   - Next endCursor: U2VlZD0wLEluZGV4PTMwLFBhZ2VTY3JvbGxJZD1kNzk3NjNmZjM5ZWY0NWM1YmQ0ZDA1ZGI3MWZlOTQxNQ==
[2025-04-03 15:55:55] INFO -   - Page 4 => 4 caregivers, saved to raw_data\USA\30306\search_of_childcare\nanny\range_23_24\page_4.json
[2025-04-03 15:55:55] INFO - Finished range [23, 24] with status='success'. Total pages: 4, total caregivers: 34.
[2025-04-03 15:55:55] INFO - Checking pay range [25, 25]...
[2025-04-03 15:55:57] INFO -   => totalHits = 616
[2025-04-03 15:55:57] INFO - Single-value payrange=[25, 25] has >500 hits => run attribute combos...
[2025-04-03 15:55:57] INFO - Generated 128 attribute combinations.
[2025-04-03 15:56:51] INFO - Doing reverse sorting (SORT_ORDER_REVIEW_RATING_DESCENDING) on Combo: ['COLLEGE_EDUCATED', 'NON_SMOKER']...
[2025-04-03 15:56:53] INFO - Doing reverse sorting (SORT_ORDER_REVIEW_RATING_DESCENDING) on Combo: ['COMFORTABLE_WITH_PETS']...
[2025-04-03 15:56:53] INFO - Doing reverse sorting (SORT_ORDER_REVIEW_RATING_DESCENDING) on Combo: []...
[2025-04-03 15:56:53] INFO - Doing reverse sorting (SORT_ORDER_REVIEW_RATING_DESCENDING) on Combo: ['COLLEGE_EDUCATED']...
[2025-04-03 15:56:54] INFO - Doing reverse sorting (SORT_ORDER_REVIEW_RATING_DESCENDING) on Combo: ['NON_SMOKER']...
[2025-04-03 15:57:46] INFO - doing SORT_ORDER_RECOMMENDED_DESCENDING on Combo: ['COLLEGE_EDUCATED', 'NON_SMOKER']...
[2025-04-03 15:57:47] INFO - doing SORT_ORDER_RECOMMENDED_DESCENDING on Combo: ['COLLEGE_EDUCATED']...
[2025-04-03 15:57:49] INFO - doing SORT_ORDER_RECOMMENDED_DESCENDING on Combo: ['COMFORTABLE_WITH_PETS']...
[2025-04-03 15:57:49] INFO - doing SORT_ORDER_RECOMMENDED_DESCENDING on Combo: ['NON_SMOKER']...
[2025-04-03 15:57:49] INFO - doing SORT_ORDER_RECOMMENDED_DESCENDING on Combo: []...
[2025-04-03 15:58:41] INFO - doing SORT_ORDER_DISTANCE_ASCENDING on Combo: ['COLLEGE_EDUCATED', 'NON_SMOKER']...
[2025-04-03 15:58:43] INFO - doing SORT_ORDER_DISTANCE_ASCENDING on Combo: ['COLLEGE_EDUCATED']...
[2025-04-03 15:58:44] INFO - doing SORT_ORDER_DISTANCE_ASCENDING on Combo: ['COMFORTABLE_WITH_PETS']...
[2025-04-03 15:58:44] INFO - doing SORT_ORDER_DISTANCE_ASCENDING on Combo: ['NON_SMOKER']...
[2025-04-03 15:58:46] INFO - doing SORT_ORDER_DISTANCE_ASCENDING on Combo: []...
[2025-04-03 15:59:43] INFO - Aggregated 610 unique caregiver IDs for payrange=[25, 25].
[2025-04-03 15:59:43] INFO - Original totalHits from get_total_hits_for_range = 616.
[2025-04-03 15:59:43] INFO - Created aggregated page file: raw_data\USA\30306\search_of_childcare\nanny\range_25_25\page_attributes.json
[2025-04-03 15:59:43] INFO - All pay range segments processed. Scraping complete!
