[2025-03-11 10:30:17] INFO - Log file initialized at: raw_data\USA\07008\search_of_seniorcare\inhome\scrape_inhome.log
[2025-03-11 10:30:17] INFO - Starting scraping for USA/07008, care_type='seniorcare', sub_type='inhome', pay range [0, 100].
[2025-03-11 10:30:17] INFO - Run ID: 134afc42-ee03-49e9-9f56-db41276922fd
[2025-03-11 10:30:17] INFO - Checking pay range [0, 100]...
[2025-03-11 10:30:18] ERROR - Exception in _get_total_hits_for_range: 400 Client Error: Bad Request for url: https://www.care.com/api/graphql
[2025-03-11 10:30:18] INFO -   => totalHits = 999999
[2025-03-11 10:30:18] INFO -   => Splitting into [0, 50] and [51, 100].
[2025-03-11 10:30:18] INFO - Checking pay range [0, 50]...
[2025-03-11 10:30:19] ERROR - Exception in _get_total_hits_for_range: 400 Client Error: Bad Request for url: https://www.care.com/api/graphql
[2025-03-11 10:30:19] INFO -   => totalHits = 999999
[2025-03-11 10:30:19] INFO -   => Splitting into [0, 25] and [26, 50].
[2025-03-11 10:30:19] INFO - Checking pay range [51, 100]...
[2025-03-11 10:30:19] ERROR - Exception in _get_total_hits_for_range: 400 Client Error: Bad Request for url: https://www.care.com/api/graphql
[2025-03-11 10:30:19] INFO -   => totalHits = 999999
[2025-03-11 10:30:19] INFO -   => Splitting into [51, 75] and [76, 100].
[2025-03-11 10:30:19] INFO - Checking pay range [0, 25]...
[2025-03-11 10:30:20] ERROR - Exception in _get_total_hits_for_range: 400 Client Error: Bad Request for url: https://www.care.com/api/graphql
[2025-03-11 10:30:20] INFO -   => totalHits = 999999
[2025-03-11 10:30:20] INFO -   => Splitting into [0, 12] and [13, 25].
[2025-03-11 10:30:20] INFO - Checking pay range [26, 50]...
[2025-03-11 10:30:20] ERROR - Exception in _get_total_hits_for_range: 400 Client Error: Bad Request for url: https://www.care.com/api/graphql
[2025-03-11 10:30:20] INFO -   => totalHits = 999999
[2025-03-11 10:30:20] INFO -   => Splitting into [26, 38] and [39, 50].
[2025-03-11 10:30:20] INFO - Checking pay range [51, 75]...
[2025-03-11 10:30:21] ERROR - Exception in _get_total_hits_for_range: 400 Client Error: Bad Request for url: https://www.care.com/api/graphql
[2025-03-11 10:30:21] INFO -   => totalHits = 999999
[2025-03-11 10:30:21] INFO -   => Splitting into [51, 63] and [64, 75].
[2025-03-11 10:30:21] INFO - Checking pay range [76, 100]...
[2025-03-11 10:30:22] ERROR - Exception in _get_total_hits_for_range: 400 Client Error: Bad Request for url: https://www.care.com/api/graphql
[2025-03-11 10:30:22] INFO -   => totalHits = 999999
[2025-03-11 10:30:22] INFO -   => Splitting into [76, 88] and [89, 100].
[2025-03-11 10:30:22] INFO - Checking pay range [0, 12]...
[2025-03-11 10:30:22] ERROR - Exception in _get_total_hits_for_range: 400 Client Error: Bad Request for url: https://www.care.com/api/graphql
[2025-03-11 10:30:22] INFO -   => totalHits = 999999
[2025-03-11 10:30:22] INFO -   => Splitting into [0, 6] and [7, 12].
[2025-03-11 10:30:22] INFO - Checking pay range [13, 25]...
[2025-03-11 10:30:23] ERROR - Exception in _get_total_hits_for_range: 400 Client Error: Bad Request for url: https://www.care.com/api/graphql
[2025-03-11 10:30:23] INFO -   => totalHits = 999999
[2025-03-11 10:30:23] INFO -   => Splitting into [13, 19] and [20, 25].
[2025-03-11 10:30:23] INFO - Checking pay range [26, 38]...
[2025-03-11 10:30:23] ERROR - Exception in _get_total_hits_for_range: 400 Client Error: Bad Request for url: https://www.care.com/api/graphql
[2025-03-11 10:30:23] INFO -   => totalHits = 999999
[2025-03-11 10:30:23] INFO -   => Splitting into [26, 32] and [33, 38].
[2025-03-11 10:30:23] INFO - Checking pay range [39, 50]...
[2025-03-11 10:30:24] ERROR - Exception in _get_total_hits_for_range: 400 Client Error: Bad Request for url: https://www.care.com/api/graphql
[2025-03-11 10:30:24] INFO -   => totalHits = 999999
[2025-03-11 10:30:24] INFO -   => Splitting into [39, 44] and [45, 50].
[2025-03-11 10:30:24] INFO - Checking pay range [51, 63]...
[2025-03-11 10:30:24] ERROR - Exception in _get_total_hits_for_range: 400 Client Error: Bad Request for url: https://www.care.com/api/graphql
[2025-03-11 10:30:24] INFO -   => totalHits = 999999
[2025-03-11 10:30:24] INFO -   => Splitting into [51, 57] and [58, 63].
[2025-03-11 10:30:24] INFO - Checking pay range [64, 75]...
[2025-03-11 10:30:25] ERROR - Exception in _get_total_hits_for_range: 400 Client Error: Bad Request for url: https://www.care.com/api/graphql
[2025-03-11 10:30:25] INFO -   => totalHits = 999999
[2025-03-11 10:30:25] INFO -   => Splitting into [64, 69] and [70, 75].
[2025-03-11 10:30:25] INFO - Checking pay range [76, 88]...
[2025-03-11 10:30:26] ERROR - Exception in _get_total_hits_for_range: 400 Client Error: Bad Request for url: https://www.care.com/api/graphql
[2025-03-11 10:30:26] INFO -   => totalHits = 999999
[2025-03-11 10:30:26] INFO -   => Splitting into [76, 82] and [83, 88].
[2025-03-11 10:30:26] INFO - Checking pay range [89, 100]...
[2025-03-11 10:30:26] ERROR - Exception in _get_total_hits_for_range: 400 Client Error: Bad Request for url: https://www.care.com/api/graphql
[2025-03-11 10:30:26] INFO -   => totalHits = 999999
[2025-03-11 10:30:26] INFO -   => Splitting into [89, 94] and [95, 100].
[2025-03-11 10:30:26] INFO - Checking pay range [0, 6]...
[2025-03-11 10:30:26] ERROR - Exception in _get_total_hits_for_range: 400 Client Error: Bad Request for url: https://www.care.com/api/graphql
[2025-03-11 10:30:26] INFO -   => totalHits = 999999
[2025-03-11 10:30:26] INFO -   => Splitting into [0, 3] and [4, 6].
[2025-03-11 10:30:26] INFO - Checking pay range [7, 12]...
[2025-03-11 10:30:27] ERROR - Exception in _get_total_hits_for_range: 400 Client Error: Bad Request for url: https://www.care.com/api/graphql
[2025-03-11 10:30:27] INFO -   => totalHits = 999999
[2025-03-11 10:30:27] INFO -   => Splitting into [7, 9] and [10, 12].
[2025-03-11 10:30:27] INFO - Checking pay range [13, 19]...
[2025-03-11 10:30:28] ERROR - Exception in _get_total_hits_for_range: 400 Client Error: Bad Request for url: https://www.care.com/api/graphql
[2025-03-11 10:30:28] INFO -   => totalHits = 999999
[2025-03-11 10:30:28] INFO -   => Splitting into [13, 16] and [17, 19].
[2025-03-11 10:30:28] INFO - Checking pay range [20, 25]...
[2025-03-11 10:30:28] ERROR - Exception in _get_total_hits_for_range: 400 Client Error: Bad Request for url: https://www.care.com/api/graphql
[2025-03-11 10:30:28] INFO -   => totalHits = 999999
[2025-03-11 10:30:28] INFO -   => Splitting into [20, 22] and [23, 25].
[2025-03-11 10:30:28] INFO - Checking pay range [26, 32]...
[2025-03-11 10:30:29] ERROR - Exception in _get_total_hits_for_range: 400 Client Error: Bad Request for url: https://www.care.com/api/graphql
[2025-03-11 10:30:29] INFO -   => totalHits = 999999
[2025-03-11 10:30:29] INFO -   => Splitting into [26, 29] and [30, 32].
[2025-03-11 10:30:29] INFO - Checking pay range [33, 38]...
[2025-03-11 10:30:30] ERROR - Exception in _get_total_hits_for_range: 400 Client Error: Bad Request for url: https://www.care.com/api/graphql
[2025-03-11 10:30:30] INFO -   => totalHits = 999999
[2025-03-11 10:30:30] INFO -   => Splitting into [33, 35] and [36, 38].
[2025-03-11 10:30:30] INFO - Checking pay range [39, 44]...
[2025-03-11 10:30:31] ERROR - Exception in _get_total_hits_for_range: 400 Client Error: Bad Request for url: https://www.care.com/api/graphql
[2025-03-11 10:30:31] INFO -   => totalHits = 999999
[2025-03-11 10:30:31] INFO -   => Splitting into [39, 41] and [42, 44].
[2025-03-11 10:30:31] INFO - Checking pay range [45, 50]...
[2025-03-11 10:30:31] ERROR - Exception in _get_total_hits_for_range: 400 Client Error: Bad Request for url: https://www.care.com/api/graphql
[2025-03-11 10:30:31] INFO -   => totalHits = 999999
[2025-03-11 10:30:31] INFO -   => Splitting into [45, 47] and [48, 50].
[2025-03-11 10:30:31] INFO - Checking pay range [51, 57]...
[2025-03-11 10:30:32] ERROR - Exception in _get_total_hits_for_range: 400 Client Error: Bad Request for url: https://www.care.com/api/graphql
[2025-03-11 10:30:32] INFO -   => totalHits = 999999
[2025-03-11 10:30:32] INFO -   => Splitting into [51, 54] and [55, 57].
[2025-03-11 10:30:32] INFO - Checking pay range [58, 63]...
[2025-03-11 10:30:32] ERROR - Exception in _get_total_hits_for_range: 400 Client Error: Bad Request for url: https://www.care.com/api/graphql
[2025-03-11 10:30:32] INFO -   => totalHits = 999999
[2025-03-11 10:30:32] INFO -   => Splitting into [58, 60] and [61, 63].
[2025-03-11 10:30:32] INFO - Checking pay range [64, 69]...
[2025-03-11 10:30:33] ERROR - Exception in _get_total_hits_for_range: 400 Client Error: Bad Request for url: https://www.care.com/api/graphql
[2025-03-11 10:30:33] INFO -   => totalHits = 999999
[2025-03-11 10:30:33] INFO -   => Splitting into [64, 66] and [67, 69].
[2025-03-11 10:30:33] INFO - Checking pay range [70, 75]...
[2025-03-11 10:30:34] ERROR - Exception in _get_total_hits_for_range: 400 Client Error: Bad Request for url: https://www.care.com/api/graphql
[2025-03-11 10:30:34] INFO -   => totalHits = 999999
[2025-03-11 10:30:34] INFO -   => Splitting into [70, 72] and [73, 75].
[2025-03-11 10:30:34] INFO - Checking pay range [76, 82]...
[2025-03-11 10:30:34] ERROR - Exception in _get_total_hits_for_range: 400 Client Error: Bad Request for url: https://www.care.com/api/graphql
[2025-03-11 10:30:34] INFO -   => totalHits = 999999
[2025-03-11 10:30:34] INFO -   => Splitting into [76, 79] and [80, 82].
[2025-03-11 10:30:34] INFO - Checking pay range [83, 88]...
[2025-03-11 10:30:35] ERROR - Exception in _get_total_hits_for_range: 400 Client Error: Bad Request for url: https://www.care.com/api/graphql
[2025-03-11 10:30:35] INFO -   => totalHits = 999999
[2025-03-11 10:30:35] INFO -   => Splitting into [83, 85] and [86, 88].
[2025-03-11 10:30:35] INFO - Checking pay range [89, 94]...
[2025-03-11 10:30:36] ERROR - Exception in _get_total_hits_for_range: 400 Client Error: Bad Request for url: https://www.care.com/api/graphql
[2025-03-11 10:30:36] INFO -   => totalHits = 999999
[2025-03-11 10:30:36] INFO -   => Splitting into [89, 91] and [92, 94].
[2025-03-11 10:30:36] INFO - Checking pay range [95, 100]...
[2025-03-11 10:30:36] ERROR - Exception in _get_total_hits_for_range: 400 Client Error: Bad Request for url: https://www.care.com/api/graphql
[2025-03-11 10:30:36] INFO -   => totalHits = 999999
[2025-03-11 10:30:36] INFO -   => Splitting into [95, 97] and [98, 100].
[2025-03-11 10:30:36] INFO - Checking pay range [0, 3]...
[2025-03-11 10:30:37] ERROR - Exception in _get_total_hits_for_range: 400 Client Error: Bad Request for url: https://www.care.com/api/graphql
[2025-03-11 10:30:37] INFO -   => totalHits = 999999
[2025-03-11 10:30:37] INFO -   => Splitting into [0, 1] and [2, 3].
[2025-03-11 10:30:37] INFO - Checking pay range [4, 6]...
[2025-03-11 10:30:38] ERROR - Exception in _get_total_hits_for_range: 400 Client Error: Bad Request for url: https://www.care.com/api/graphql
[2025-03-11 10:30:38] INFO -   => totalHits = 999999
[2025-03-11 10:30:38] INFO -   => Splitting into [4, 5] and [6, 6].
[2025-03-11 10:30:38] INFO - Checking pay range [7, 9]...
[2025-03-11 10:38:36] INFO - Log file initialized at: raw_data\USA\07008\search_of_seniorcare\inhome\scrape_inhome.log
[2025-03-11 10:38:36] INFO - Starting scraping for USA/07008, care_type='seniorcare', sub_type='inhome', pay range [0, 100].
[2025-03-11 10:38:36] INFO - Run ID: 9943b0f1-2f3a-4433-8765-19f5b726a41f
[2025-03-11 10:38:36] INFO - Checking pay range [0, 100]...
[2025-03-11 10:38:37] ERROR - Exception in _get_total_hits_for_range: 400 Client Error: Bad Request for url: https://www.care.com/api/graphql
[2025-03-11 10:38:37] INFO -   => totalHits = 999999
[2025-03-11 10:38:37] INFO -   => Splitting into [0, 50] and [51, 100].
[2025-03-11 10:38:37] INFO - Checking pay range [0, 50]...
[2025-03-11 10:38:38] ERROR - Exception in _get_total_hits_for_range: 400 Client Error: Bad Request for url: https://www.care.com/api/graphql
[2025-03-11 10:38:38] INFO -   => totalHits = 999999
[2025-03-11 10:38:38] INFO -   => Splitting into [0, 25] and [26, 50].
[2025-03-11 10:38:38] INFO - Checking pay range [51, 100]...
[2025-03-11 10:38:39] ERROR - Exception in _get_total_hits_for_range: 400 Client Error: Bad Request for url: https://www.care.com/api/graphql
[2025-03-11 10:38:39] INFO -   => totalHits = 999999
[2025-03-11 10:38:39] INFO -   => Splitting into [51, 75] and [76, 100].
[2025-03-11 10:38:39] INFO - Checking pay range [0, 25]...
[2025-03-11 10:38:39] ERROR - Exception in _get_total_hits_for_range: 400 Client Error: Bad Request for url: https://www.care.com/api/graphql
[2025-03-11 10:38:39] INFO -   => totalHits = 999999
[2025-03-11 10:38:39] INFO -   => Splitting into [0, 12] and [13, 25].
[2025-03-11 10:38:39] INFO - Checking pay range [26, 50]...
[2025-03-11 10:38:40] ERROR - Exception in _get_total_hits_for_range: 400 Client Error: Bad Request for url: https://www.care.com/api/graphql
[2025-03-11 10:38:40] INFO -   => totalHits = 999999
[2025-03-11 10:38:40] INFO -   => Splitting into [26, 38] and [39, 50].
[2025-03-11 10:38:40] INFO - Checking pay range [51, 75]...
[2025-03-11 10:38:41] ERROR - Exception in _get_total_hits_for_range: 400 Client Error: Bad Request for url: https://www.care.com/api/graphql
[2025-03-11 10:38:41] INFO -   => totalHits = 999999
[2025-03-11 10:38:41] INFO -   => Splitting into [51, 63] and [64, 75].
[2025-03-11 10:38:41] INFO - Checking pay range [76, 100]...
[2025-03-11 10:38:41] ERROR - Exception in _get_total_hits_for_range: 400 Client Error: Bad Request for url: https://www.care.com/api/graphql
[2025-03-11 10:38:41] INFO -   => totalHits = 999999
[2025-03-11 10:38:41] INFO -   => Splitting into [76, 88] and [89, 100].
[2025-03-11 10:38:41] INFO - Checking pay range [0, 12]...
[2025-03-11 10:38:42] ERROR - Exception in _get_total_hits_for_range: 400 Client Error: Bad Request for url: https://www.care.com/api/graphql
[2025-03-11 10:38:42] INFO -   => totalHits = 999999
[2025-03-11 10:38:42] INFO -   => Splitting into [0, 6] and [7, 12].
[2025-03-11 10:38:42] INFO - Checking pay range [13, 25]...
[2025-03-11 10:38:42] ERROR - Exception in _get_total_hits_for_range: 400 Client Error: Bad Request for url: https://www.care.com/api/graphql
[2025-03-11 10:38:42] INFO -   => totalHits = 999999
[2025-03-11 10:38:42] INFO -   => Splitting into [13, 19] and [20, 25].
[2025-03-11 10:38:42] INFO - Checking pay range [26, 38]...
[2025-03-11 10:38:43] ERROR - Exception in _get_total_hits_for_range: 400 Client Error: Bad Request for url: https://www.care.com/api/graphql
[2025-03-11 10:38:43] INFO -   => totalHits = 999999
[2025-03-11 10:38:43] INFO -   => Splitting into [26, 32] and [33, 38].
[2025-03-11 10:38:43] INFO - Checking pay range [39, 50]...
[2025-03-11 10:38:44] ERROR - Exception in _get_total_hits_for_range: 400 Client Error: Bad Request for url: https://www.care.com/api/graphql
[2025-03-11 10:38:44] INFO -   => totalHits = 999999
[2025-03-11 10:38:44] INFO -   => Splitting into [39, 44] and [45, 50].
[2025-03-11 10:38:44] INFO - Checking pay range [51, 63]...
[2025-03-11 10:38:44] ERROR - Exception in _get_total_hits_for_range: 400 Client Error: Bad Request for url: https://www.care.com/api/graphql
[2025-03-11 10:38:44] INFO -   => totalHits = 999999
[2025-03-11 10:38:44] INFO -   => Splitting into [51, 57] and [58, 63].
[2025-03-11 10:38:44] INFO - Checking pay range [64, 75]...
[2025-03-11 10:38:45] ERROR - Exception in _get_total_hits_for_range: 400 Client Error: Bad Request for url: https://www.care.com/api/graphql
[2025-03-11 10:38:45] INFO -   => totalHits = 999999
[2025-03-11 10:38:45] INFO -   => Splitting into [64, 69] and [70, 75].
[2025-03-11 10:38:45] INFO - Checking pay range [76, 88]...
[2025-03-11 10:38:45] ERROR - Exception in _get_total_hits_for_range: 400 Client Error: Bad Request for url: https://www.care.com/api/graphql
[2025-03-11 10:38:45] INFO -   => totalHits = 999999
[2025-03-11 10:38:45] INFO -   => Splitting into [76, 82] and [83, 88].
[2025-03-11 10:38:45] INFO - Checking pay range [89, 100]...
[2025-03-11 10:38:46] ERROR - Exception in _get_total_hits_for_range: 400 Client Error: Bad Request for url: https://www.care.com/api/graphql
[2025-03-11 10:38:46] INFO -   => totalHits = 999999
[2025-03-11 10:38:46] INFO -   => Splitting into [89, 94] and [95, 100].
[2025-03-11 10:38:46] INFO - Checking pay range [0, 6]...
[2025-03-11 10:38:57] INFO - Log file initialized at: raw_data\USA\07008\search_of_seniorcare\inhome\scrape_inhome.log
[2025-03-11 10:38:57] INFO - Starting scraping for USA/07008, care_type='seniorcare', sub_type='inhome', pay range [15, 50].
[2025-03-11 10:38:57] INFO - Run ID: 40866300-42df-4ebe-bdeb-44427cd6578a
[2025-03-11 10:38:57] INFO - Checking pay range [15, 50]...
[2025-03-11 10:38:57] ERROR - Exception in _get_total_hits_for_range: 400 Client Error: Bad Request for url: https://www.care.com/api/graphql
[2025-03-11 10:38:58] INFO -   => totalHits = 999999
[2025-03-11 10:38:58] INFO -   => Splitting into [15, 32] and [33, 50].
[2025-03-11 10:38:58] INFO - Checking pay range [15, 32]...
[2025-03-11 10:38:58] ERROR - Exception in _get_total_hits_for_range: 400 Client Error: Bad Request for url: https://www.care.com/api/graphql
[2025-03-11 10:38:58] INFO -   => totalHits = 999999
[2025-03-11 10:38:58] INFO -   => Splitting into [15, 23] and [24, 32].
[2025-03-11 10:38:58] INFO - Checking pay range [33, 50]...
[2025-03-11 10:38:59] ERROR - Exception in _get_total_hits_for_range: 400 Client Error: Bad Request for url: https://www.care.com/api/graphql
[2025-03-11 10:38:59] INFO -   => totalHits = 999999
[2025-03-11 10:38:59] INFO -   => Splitting into [33, 41] and [42, 50].
[2025-03-11 10:38:59] INFO - Checking pay range [15, 23]...
[2025-03-11 10:38:59] ERROR - Exception in _get_total_hits_for_range: 400 Client Error: Bad Request for url: https://www.care.com/api/graphql
[2025-03-11 10:38:59] INFO -   => totalHits = 999999
[2025-03-11 10:38:59] INFO -   => Splitting into [15, 19] and [20, 23].
[2025-03-11 10:38:59] INFO - Checking pay range [24, 32]...
