[2025-04-03 16:01:09] INFO - Log file initialized at: raw_data\USA\30306\search_of_housekeeping\onetime\scrape_onetime.log
[2025-04-03 16:01:09] INFO - Starting scraping for USA/30306, care_type='housekeeping', sub_type='onetime', pay range [0, 100].
[2025-04-03 16:01:09] INFO - Run ID: a377c7a3-da49-4373-b64f-5fe7d526811d
[2025-04-03 16:01:09] INFO - Checking pay range [0, 100]...
[2025-04-03 16:01:11] INFO -   => totalHits = 400
[2025-04-03 16:01:11] INFO - Fetching data for pay range [0, 100]...
[2025-04-03 16:01:12] INFO -   - Page 1 => 10 caregivers, saved to raw_data\USA\30306\search_of_housekeeping\onetime\range_0_100\page_1.json
[2025-04-03 16:01:12] INFO -   - Next endCursor: U2VlZD0wLEluZGV4PTEwLFBhZ2VTY3JvbGxJZD04Yzc5YzAyMGYxYmE0NGNiYjRiOTlmMjkxMzdlZmIzMw==
[2025-04-03 16:01:13] INFO -   - Page 2 => 10 caregivers, saved to raw_data\USA\30306\search_of_housekeeping\onetime\range_0_100\page_2.json
[2025-04-03 16:01:13] INFO -   - Next endCursor: U2VlZD0wLEluZGV4PTIwLFBhZ2VTY3JvbGxJZD04Yzc5YzAyMGYxYmE0NGNiYjRiOTlmMjkxMzdlZmIzMw==
[2025-04-03 16:01:15] INFO -   - Page 3 => 10 caregivers, saved to raw_data\USA\30306\search_of_housekeeping\onetime\range_0_100\page_3.json
[2025-04-03 16:01:15] INFO -   - Next endCursor: U2VlZD0wLEluZGV4PTMwLFBhZ2VTY3JvbGxJZD04Yzc5YzAyMGYxYmE0NGNiYjRiOTlmMjkxMzdlZmIzMw==
[2025-04-03 16:01:16] INFO -   - Page 4 => 10 caregivers, saved to raw_data\USA\30306\search_of_housekeeping\onetime\range_0_100\page_4.json
[2025-04-03 16:01:16] INFO -   - Next endCursor: U2VlZD0wLEluZGV4PTQwLFBhZ2VTY3JvbGxJZD04Yzc5YzAyMGYxYmE0NGNiYjRiOTlmMjkxMzdlZmIzMw==
[2025-04-03 16:01:18] INFO -   - Page 5 => 10 caregivers, saved to raw_data\USA\30306\search_of_housekeeping\onetime\range_0_100\page_5.json
[2025-04-03 16:01:18] INFO -   - Next endCursor: U2VlZD0wLEluZGV4PTUwLFBhZ2VTY3JvbGxJZD04Yzc5YzAyMGYxYmE0NGNiYjRiOTlmMjkxMzdlZmIzMw==
[2025-04-03 16:01:19] INFO -   - Page 6 => 10 caregivers, saved to raw_data\USA\30306\search_of_housekeeping\onetime\range_0_100\page_6.json
[2025-04-03 16:01:19] INFO -   - Next endCursor: U2VlZD0wLEluZGV4PTYwLFBhZ2VTY3JvbGxJZD04Yzc5YzAyMGYxYmE0NGNiYjRiOTlmMjkxMzdlZmIzMw==
[2025-04-03 16:01:21] INFO -   - Page 7 => 10 caregivers, saved to raw_data\USA\30306\search_of_housekeeping\onetime\range_0_100\page_7.json
[2025-04-03 16:01:21] INFO -   - Next endCursor: U2VlZD0wLEluZGV4PTcwLFBhZ2VTY3JvbGxJZD04Yzc5YzAyMGYxYmE0NGNiYjRiOTlmMjkxMzdlZmIzMw==
[2025-04-03 16:01:22] INFO -   - Page 8 => 10 caregivers, saved to raw_data\USA\30306\search_of_housekeeping\onetime\range_0_100\page_8.json
[2025-04-03 16:01:22] INFO -   - Next endCursor: U2VlZD0wLEluZGV4PTgwLFBhZ2VTY3JvbGxJZD04Yzc5YzAyMGYxYmE0NGNiYjRiOTlmMjkxMzdlZmIzMw==
[2025-04-03 16:01:23] INFO -   - Page 9 => 10 caregivers, saved to raw_data\USA\30306\search_of_housekeeping\onetime\range_0_100\page_9.json
[2025-04-03 16:01:23] INFO -   - Next endCursor: U2VlZD0wLEluZGV4PTkwLFBhZ2VTY3JvbGxJZD04Yzc5YzAyMGYxYmE0NGNiYjRiOTlmMjkxMzdlZmIzMw==
[2025-04-03 16:01:25] INFO -   - Page 10 => 10 caregivers, saved to raw_data\USA\30306\search_of_housekeeping\onetime\range_0_100\page_10.json
[2025-04-03 16:01:25] INFO -   - Next endCursor: U2VlZD0wLEluZGV4PTEwMCxQYWdlU2Nyb2xsSWQ9OGM3OWMwMjBmMWJhNDRjYmI0Yjk5ZjI5MTM3ZWZiMzM=
[2025-04-03 16:01:26] INFO -   - Page 11 => 10 caregivers, saved to raw_data\USA\30306\search_of_housekeeping\onetime\range_0_100\page_11.json
[2025-04-03 16:01:26] INFO -   - Next endCursor: U2VlZD0wLEluZGV4PTExMCxQYWdlU2Nyb2xsSWQ9OGM3OWMwMjBmMWJhNDRjYmI0Yjk5ZjI5MTM3ZWZiMzM=
[2025-04-03 16:01:28] INFO -   - Page 12 => 10 caregivers, saved to raw_data\USA\30306\search_of_housekeeping\onetime\range_0_100\page_12.json
[2025-04-03 16:01:28] INFO -   - Next endCursor: U2VlZD0wLEluZGV4PTEyMCxQYWdlU2Nyb2xsSWQ9OGM3OWMwMjBmMWJhNDRjYmI0Yjk5ZjI5MTM3ZWZiMzM=
[2025-04-03 16:01:29] INFO -   - Page 13 => 10 caregivers, saved to raw_data\USA\30306\search_of_housekeeping\onetime\range_0_100\page_13.json
[2025-04-03 16:01:29] INFO -   - Next endCursor: U2VlZD0wLEluZGV4PTEzMCxQYWdlU2Nyb2xsSWQ9OGM3OWMwMjBmMWJhNDRjYmI0Yjk5ZjI5MTM3ZWZiMzM=
[2025-04-03 16:01:30] INFO -   - Page 14 => 10 caregivers, saved to raw_data\USA\30306\search_of_housekeeping\onetime\range_0_100\page_14.json
[2025-04-03 16:01:30] INFO -   - Next endCursor: U2VlZD0wLEluZGV4PTE0MCxQYWdlU2Nyb2xsSWQ9OGM3OWMwMjBmMWJhNDRjYmI0Yjk5ZjI5MTM3ZWZiMzM=
[2025-04-03 16:01:32] INFO -   - Page 15 => 10 caregivers, saved to raw_data\USA\30306\search_of_housekeeping\onetime\range_0_100\page_15.json
[2025-04-03 16:01:32] INFO -   - Next endCursor: U2VlZD0wLEluZGV4PTE1MCxQYWdlU2Nyb2xsSWQ9OGM3OWMwMjBmMWJhNDRjYmI0Yjk5ZjI5MTM3ZWZiMzM=
[2025-04-03 16:01:33] INFO -   - Page 16 => 10 caregivers, saved to raw_data\USA\30306\search_of_housekeeping\onetime\range_0_100\page_16.json
[2025-04-03 16:01:33] INFO -   - Next endCursor: U2VlZD0wLEluZGV4PTE2MCxQYWdlU2Nyb2xsSWQ9OGM3OWMwMjBmMWJhNDRjYmI0Yjk5ZjI5MTM3ZWZiMzM=
[2025-04-03 16:01:35] INFO -   - Page 17 => 10 caregivers, saved to raw_data\USA\30306\search_of_housekeeping\onetime\range_0_100\page_17.json
[2025-04-03 16:01:35] INFO -   - Next endCursor: U2VlZD0wLEluZGV4PTE3MCxQYWdlU2Nyb2xsSWQ9OGM3OWMwMjBmMWJhNDRjYmI0Yjk5ZjI5MTM3ZWZiMzM=
[2025-04-03 16:01:36] INFO -   - Page 18 => 10 caregivers, saved to raw_data\USA\30306\search_of_housekeeping\onetime\range_0_100\page_18.json
[2025-04-03 16:01:36] INFO -   - Next endCursor: U2VlZD0wLEluZGV4PTE4MCxQYWdlU2Nyb2xsSWQ9OGM3OWMwMjBmMWJhNDRjYmI0Yjk5ZjI5MTM3ZWZiMzM=
[2025-04-03 16:01:38] INFO -   - Page 19 => 10 caregivers, saved to raw_data\USA\30306\search_of_housekeeping\onetime\range_0_100\page_19.json
[2025-04-03 16:01:38] INFO -   - Next endCursor: U2VlZD0wLEluZGV4PTE5MCxQYWdlU2Nyb2xsSWQ9OGM3OWMwMjBmMWJhNDRjYmI0Yjk5ZjI5MTM3ZWZiMzM=
[2025-04-03 16:01:39] INFO -   - Page 20 => 10 caregivers, saved to raw_data\USA\30306\search_of_housekeeping\onetime\range_0_100\page_20.json
[2025-04-03 16:01:39] INFO -   - Next endCursor: U2VlZD0wLEluZGV4PTIwMCxQYWdlU2Nyb2xsSWQ9OGM3OWMwMjBmMWJhNDRjYmI0Yjk5ZjI5MTM3ZWZiMzM=
[2025-04-03 16:01:40] INFO -   - Page 21 => 10 caregivers, saved to raw_data\USA\30306\search_of_housekeeping\onetime\range_0_100\page_21.json
[2025-04-03 16:01:40] INFO -   - Next endCursor: U2VlZD0wLEluZGV4PTIxMCxQYWdlU2Nyb2xsSWQ9OGM3OWMwMjBmMWJhNDRjYmI0Yjk5ZjI5MTM3ZWZiMzM=
[2025-04-03 16:01:41] INFO -   - Page 22 => 10 caregivers, saved to raw_data\USA\30306\search_of_housekeeping\onetime\range_0_100\page_22.json
[2025-04-03 16:01:41] INFO -   - Next endCursor: U2VlZD0wLEluZGV4PTIyMCxQYWdlU2Nyb2xsSWQ9OGM3OWMwMjBmMWJhNDRjYmI0Yjk5ZjI5MTM3ZWZiMzM=
[2025-04-03 16:01:43] INFO -   - Page 23 => 10 caregivers, saved to raw_data\USA\30306\search_of_housekeeping\onetime\range_0_100\page_23.json
[2025-04-03 16:01:43] INFO -   - Next endCursor: U2VlZD0wLEluZGV4PTIzMCxQYWdlU2Nyb2xsSWQ9OGM3OWMwMjBmMWJhNDRjYmI0Yjk5ZjI5MTM3ZWZiMzM=
[2025-04-03 16:01:44] INFO -   - Page 24 => 10 caregivers, saved to raw_data\USA\30306\search_of_housekeeping\onetime\range_0_100\page_24.json
[2025-04-03 16:01:44] INFO -   - Next endCursor: U2VlZD0wLEluZGV4PTI0MCxQYWdlU2Nyb2xsSWQ9OGM3OWMwMjBmMWJhNDRjYmI0Yjk5ZjI5MTM3ZWZiMzM=
[2025-04-03 16:01:45] INFO -   - Page 25 => 10 caregivers, saved to raw_data\USA\30306\search_of_housekeeping\onetime\range_0_100\page_25.json
[2025-04-03 16:01:45] INFO -   - Next endCursor: U2VlZD0wLEluZGV4PTI1MCxQYWdlU2Nyb2xsSWQ9OGM3OWMwMjBmMWJhNDRjYmI0Yjk5ZjI5MTM3ZWZiMzM=
[2025-04-03 16:01:47] INFO -   - Page 26 => 10 caregivers, saved to raw_data\USA\30306\search_of_housekeeping\onetime\range_0_100\page_26.json
[2025-04-03 16:01:47] INFO -   - Next endCursor: U2VlZD0wLEluZGV4PTI2MCxQYWdlU2Nyb2xsSWQ9OGM3OWMwMjBmMWJhNDRjYmI0Yjk5ZjI5MTM3ZWZiMzM=
[2025-04-03 16:01:48] INFO -   - Page 27 => 10 caregivers, saved to raw_data\USA\30306\search_of_housekeeping\onetime\range_0_100\page_27.json
[2025-04-03 16:01:48] INFO -   - Next endCursor: U2VlZD0wLEluZGV4PTI3MCxQYWdlU2Nyb2xsSWQ9OGM3OWMwMjBmMWJhNDRjYmI0Yjk5ZjI5MTM3ZWZiMzM=
[2025-04-03 16:01:49] INFO -   - Page 28 => 10 caregivers, saved to raw_data\USA\30306\search_of_housekeeping\onetime\range_0_100\page_28.json
[2025-04-03 16:01:49] INFO -   - Next endCursor: U2VlZD0wLEluZGV4PTI4MCxQYWdlU2Nyb2xsSWQ9OGM3OWMwMjBmMWJhNDRjYmI0Yjk5ZjI5MTM3ZWZiMzM=
[2025-04-03 16:01:51] INFO -   - Page 29 => 10 caregivers, saved to raw_data\USA\30306\search_of_housekeeping\onetime\range_0_100\page_29.json
[2025-04-03 16:01:51] INFO -   - Next endCursor: U2VlZD0wLEluZGV4PTI5MCxQYWdlU2Nyb2xsSWQ9OGM3OWMwMjBmMWJhNDRjYmI0Yjk5ZjI5MTM3ZWZiMzM=
[2025-04-03 16:01:52] INFO -   - Page 30 => 10 caregivers, saved to raw_data\USA\30306\search_of_housekeeping\onetime\range_0_100\page_30.json
[2025-04-03 16:01:52] INFO -   - Next endCursor: U2VlZD0wLEluZGV4PTMwMCxQYWdlU2Nyb2xsSWQ9OGM3OWMwMjBmMWJhNDRjYmI0Yjk5ZjI5MTM3ZWZiMzM=
[2025-04-03 16:01:54] INFO -   - Page 31 => 10 caregivers, saved to raw_data\USA\30306\search_of_housekeeping\onetime\range_0_100\page_31.json
[2025-04-03 16:01:54] INFO -   - Next endCursor: U2VlZD0wLEluZGV4PTMxMCxQYWdlU2Nyb2xsSWQ9OGM3OWMwMjBmMWJhNDRjYmI0Yjk5ZjI5MTM3ZWZiMzM=
[2025-04-03 16:01:55] INFO -   - Page 32 => 10 caregivers, saved to raw_data\USA\30306\search_of_housekeeping\onetime\range_0_100\page_32.json
[2025-04-03 16:01:55] INFO -   - Next endCursor: U2VlZD0wLEluZGV4PTMyMCxQYWdlU2Nyb2xsSWQ9OGM3OWMwMjBmMWJhNDRjYmI0Yjk5ZjI5MTM3ZWZiMzM=
[2025-04-03 16:01:56] INFO -   - Page 33 => 10 caregivers, saved to raw_data\USA\30306\search_of_housekeeping\onetime\range_0_100\page_33.json
[2025-04-03 16:01:56] INFO -   - Next endCursor: U2VlZD0wLEluZGV4PTMzMCxQYWdlU2Nyb2xsSWQ9OGM3OWMwMjBmMWJhNDRjYmI0Yjk5ZjI5MTM3ZWZiMzM=
[2025-04-03 16:01:58] INFO -   - Page 34 => 10 caregivers, saved to raw_data\USA\30306\search_of_housekeeping\onetime\range_0_100\page_34.json
[2025-04-03 16:01:58] INFO -   - Next endCursor: U2VlZD0wLEluZGV4PTM0MCxQYWdlU2Nyb2xsSWQ9OGM3OWMwMjBmMWJhNDRjYmI0Yjk5ZjI5MTM3ZWZiMzM=
[2025-04-03 16:01:59] INFO -   - Page 35 => 10 caregivers, saved to raw_data\USA\30306\search_of_housekeeping\onetime\range_0_100\page_35.json
[2025-04-03 16:01:59] INFO -   - Next endCursor: U2VlZD0wLEluZGV4PTM1MCxQYWdlU2Nyb2xsSWQ9OGM3OWMwMjBmMWJhNDRjYmI0Yjk5ZjI5MTM3ZWZiMzM=
[2025-04-03 16:02:00] INFO -   - Page 36 => 10 caregivers, saved to raw_data\USA\30306\search_of_housekeeping\onetime\range_0_100\page_36.json
[2025-04-03 16:02:00] INFO -   - Next endCursor: U2VlZD0wLEluZGV4PTM2MCxQYWdlU2Nyb2xsSWQ9OGM3OWMwMjBmMWJhNDRjYmI0Yjk5ZjI5MTM3ZWZiMzM=
[2025-04-03 16:02:02] INFO -   - Page 37 => 10 caregivers, saved to raw_data\USA\30306\search_of_housekeeping\onetime\range_0_100\page_37.json
[2025-04-03 16:02:02] INFO -   - Next endCursor: U2VlZD0wLEluZGV4PTM3MCxQYWdlU2Nyb2xsSWQ9OGM3OWMwMjBmMWJhNDRjYmI0Yjk5ZjI5MTM3ZWZiMzM=
[2025-04-03 16:02:03] INFO -   - Page 38 => 10 caregivers, saved to raw_data\USA\30306\search_of_housekeeping\onetime\range_0_100\page_38.json
[2025-04-03 16:02:03] INFO -   - Next endCursor: U2VlZD0wLEluZGV4PTM4MCxQYWdlU2Nyb2xsSWQ9OGM3OWMwMjBmMWJhNDRjYmI0Yjk5ZjI5MTM3ZWZiMzM=
[2025-04-03 16:02:05] INFO -   - Page 39 => 10 caregivers, saved to raw_data\USA\30306\search_of_housekeeping\onetime\range_0_100\page_39.json
[2025-04-03 16:02:05] INFO -   - Next endCursor: U2VlZD0wLEluZGV4PTM5MCxQYWdlU2Nyb2xsSWQ9OGM3OWMwMjBmMWJhNDRjYmI0Yjk5ZjI5MTM3ZWZiMzM=
[2025-04-03 16:02:06] INFO -   - Page 40 => 10 caregivers, saved to raw_data\USA\30306\search_of_housekeeping\onetime\range_0_100\page_40.json
[2025-04-03 16:02:06] INFO - Finished range [0, 100] with status='success'. Total pages: 40, total caregivers: 400.
[2025-04-03 16:02:06] INFO - All pay range segments processed. Scraping complete!
