[2025-03-10 13:48:59] INFO - Log file initialized at: raw_data\USA\07008\search_of_childcare\nanny\scrape_nanny.log
[2025-03-10 13:48:59] INFO - Starting scraping for USA/07008, care_type='childcare', sub_type='nanny', pay range [15, 50].
[2025-03-10 13:48:59] INFO - Run ID: 9a3ddb1d-882b-4d28-b292-665fa951e9d2
[2025-03-10 13:48:59] INFO - Checking pay range [15, 50]...
[2025-03-10 13:49:02] INFO -   => totalHits = 944
[2025-03-10 13:49:02] INFO -   => Splitting into [15, 32] and [33, 50].
[2025-03-10 13:49:02] INFO - Checking pay range [15, 32]...
[2025-03-10 13:49:05] INFO -   => totalHits = 936
[2025-03-10 13:49:05] INFO -   => Splitting into [15, 23] and [24, 32].
[2025-03-10 13:49:05] INFO - Checking pay range [33, 50]...
[2025-03-10 13:49:07] INFO -   => totalHits = 8
[2025-03-10 13:49:07] INFO - Fetching data for pay range [33, 50]...
[2025-03-10 13:49:09] INFO -   - Page 1 => 8 caregivers, saved to raw_data\USA\07008\search_of_childcare\nanny\range_33_50\page_1.json
[2025-03-10 13:49:09] INFO - Finished range [33, 50] with status='success'. Total pages: 1, total caregivers: 8.
[2025-03-10 13:49:09] INFO - Checking pay range [15, 23]...
[2025-03-10 13:49:11] INFO -   => totalHits = 179
[2025-03-10 13:49:11] INFO - Fetching data for pay range [15, 23]...
[2025-03-10 13:49:13] INFO -   - Page 1 => 10 caregivers, saved to raw_data\USA\07008\search_of_childcare\nanny\range_15_23\page_1.json
[2025-03-10 13:49:13] INFO -   - Next endCursor: U2VlZD0wLEluZGV4PTEwLFBhZ2VTY3JvbGxJZD1jNWI0YjFlM2IxNTg0MTUzYjc4NTYxNWU0ZWQyZjEwOQ==
[2025-03-10 13:49:55] INFO - Log file initialized at: raw_data\USA\07008\search_of_childcare\nanny\scrape_nanny.log
[2025-03-10 13:49:55] INFO - Starting scraping for USA/07008, care_type='childcare', sub_type='nanny', pay range [15, 50].
[2025-03-10 13:49:55] INFO - Run ID: 2ccd214b-6319-44ca-913e-341e3cb5a43d
[2025-03-10 13:49:55] INFO - Checking pay range [15, 50]...
[2025-03-10 13:49:58] INFO -   => totalHits = 944
[2025-03-10 13:49:58] INFO -   => Splitting into [15, 32] and [33, 50].
[2025-03-10 13:49:58] INFO - Checking pay range [15, 32]...
[2025-03-10 13:50:00] INFO -   => totalHits = 936
[2025-03-10 13:50:00] INFO -   => Splitting into [15, 23] and [24, 32].
[2025-03-10 13:50:00] INFO - Checking pay range [33, 50]...
[2025-03-10 13:50:02] INFO -   => totalHits = 8
[2025-03-10 13:50:02] INFO - Fetching data for pay range [33, 50]...
[2025-03-10 13:50:27] INFO - Log file initialized at: raw_data\USA\07008\search_of_childcare\nanny\scrape_nanny.log
[2025-03-10 13:50:27] INFO - Starting scraping for USA/07008, care_type='childcare', sub_type='nanny', pay range [15, 50].
[2025-03-10 13:50:27] INFO - Run ID: 4fb5bd07-19a2-4bca-af68-60462026ec77
[2025-03-10 13:50:27] INFO - Checking pay range [15, 50]...
[2025-03-10 13:50:30] INFO -   => totalHits = 944
[2025-03-10 13:50:30] INFO -   => Splitting into [15, 32] and [33, 50].
[2025-03-10 13:50:30] INFO - Checking pay range [15, 32]...
[2025-03-10 13:50:32] INFO -   => totalHits = 936
[2025-03-10 13:50:32] INFO -   => Splitting into [15, 23] and [24, 32].
[2025-03-10 13:50:32] INFO - Checking pay range [33, 50]...
[2025-03-10 13:51:06] INFO - Log file initialized at: raw_data\USA\07008\search_of_childcare\nanny\scrape_nanny.log
[2025-03-10 13:51:06] INFO - Starting scraping for USA/07008, care_type='childcare', sub_type='nanny', pay range [15, 50].
[2025-03-10 13:51:06] INFO - Run ID: 518b0edf-ea37-488d-8008-5def6ea52570
[2025-03-10 13:51:06] INFO - Checking pay range [15, 50]...
[2025-03-10 13:51:09] INFO -   => totalHits = 944
[2025-03-10 13:51:09] INFO -   => Splitting into [15, 32] and [33, 50].
[2025-03-10 13:51:09] INFO - Checking pay range [15, 32]...
[2025-03-10 13:51:24] INFO - Log file initialized at: raw_data\USA\07008\search_of_childcare\nanny\scrape_nanny.log
[2025-03-10 13:51:24] INFO - Starting scraping for USA/07008, care_type='childcare', sub_type='nanny', pay range [15, 50].
[2025-03-10 13:51:24] INFO - Run ID: af23d22d-5ead-4a56-913b-05bb9b332517
[2025-03-10 13:51:24] INFO - Checking pay range [15, 50]...
[2025-03-10 13:51:26] INFO -   => totalHits = 944
[2025-03-10 13:51:26] INFO -   => Splitting into [15, 32] and [33, 50].
[2025-03-10 13:51:26] INFO - Checking pay range [15, 32]...
[2025-03-10 13:51:28] INFO -   => totalHits = 936
[2025-03-10 13:51:28] INFO -   => Splitting into [15, 23] and [24, 32].
[2025-03-10 13:51:28] INFO - Checking pay range [33, 50]...
[2025-03-10 13:51:30] INFO -   => totalHits = 8
[2025-03-10 13:51:30] INFO - Fetching data for pay range [33, 50]...
[2025-03-10 13:51:33] INFO -   - Page 1 => 8 caregivers, saved to raw_data\USA\07008\search_of_childcare\nanny\range_33_50\page_1.json
[2025-03-10 13:51:33] INFO - Finished range [33, 50] with status='success'. Total pages: 1, total caregivers: 8.
[2025-03-10 13:51:33] INFO - Checking pay range [15, 23]...
[2025-03-10 13:51:35] INFO -   => totalHits = 179
[2025-03-10 13:51:35] INFO - Fetching data for pay range [15, 23]...
[2025-03-10 13:51:37] INFO -   - Page 1 => 10 caregivers, saved to raw_data\USA\07008\search_of_childcare\nanny\range_15_23\page_1.json
[2025-03-10 13:51:37] INFO -   - Next endCursor: U2VlZD0wLEluZGV4PTEwLFBhZ2VTY3JvbGxJZD0yZjBiMDQ0NDliZTA0ZDg2OTEwNzU4NmVjYjE5ZThhMQ==
[2025-03-10 13:51:40] INFO -   - Page 2 => 10 caregivers, saved to raw_data\USA\07008\search_of_childcare\nanny\range_15_23\page_2.json
[2025-03-10 13:51:40] INFO -   - Next endCursor: U2VlZD0wLEluZGV4PTIwLFBhZ2VTY3JvbGxJZD0yZjBiMDQ0NDliZTA0ZDg2OTEwNzU4NmVjYjE5ZThhMQ==
[2025-03-10 13:51:42] INFO -   - Page 3 => 10 caregivers, saved to raw_data\USA\07008\search_of_childcare\nanny\range_15_23\page_3.json
[2025-03-10 13:51:42] INFO -   - Next endCursor: U2VlZD0wLEluZGV4PTMwLFBhZ2VTY3JvbGxJZD0yZjBiMDQ0NDliZTA0ZDg2OTEwNzU4NmVjYjE5ZThhMQ==
[2025-03-10 13:51:44] INFO -   - Page 4 => 10 caregivers, saved to raw_data\USA\07008\search_of_childcare\nanny\range_15_23\page_4.json
[2025-03-10 13:51:44] INFO -   - Next endCursor: U2VlZD0wLEluZGV4PTQwLFBhZ2VTY3JvbGxJZD0yZjBiMDQ0NDliZTA0ZDg2OTEwNzU4NmVjYjE5ZThhMQ==
[2025-03-10 13:53:27] INFO - Log file initialized at: raw_data\USA\07008\search_of_childcare\nanny\scrape_nanny.log
[2025-03-10 13:53:27] INFO - Starting scraping for USA/07008, care_type='childcare', sub_type='nanny', pay range [15, 50].
[2025-03-10 13:53:27] INFO - Run ID: a5c844ac-8942-425f-b7fe-80aa2385aed2
[2025-03-10 13:53:27] INFO - Checking pay range [15, 50]...
[2025-03-10 13:53:29] INFO -   => totalHits = 944
[2025-03-10 13:53:29] INFO -   => Splitting into [15, 32] and [33, 50].
[2025-03-10 13:53:29] INFO - Checking pay range [15, 32]...
[2025-03-10 13:53:31] INFO -   => totalHits = 936
[2025-03-10 13:53:31] INFO -   => Splitting into [15, 23] and [24, 32].
[2025-03-10 13:53:31] INFO - Checking pay range [33, 50]...
[2025-03-10 13:53:33] INFO -   => totalHits = 8
[2025-03-10 13:53:33] INFO - Fetching data for pay range [33, 50]...
[2025-03-10 13:53:36] INFO -   - Page 1 => 8 caregivers, saved to raw_data\USA\07008\search_of_childcare\nanny\range_33_50\page_1.json
[2025-03-10 13:53:36] INFO - Finished range [33, 50] with status='success'. Total pages: 1, total caregivers: 8.
[2025-03-10 13:53:36] INFO - Checking pay range [15, 23]...
[2025-03-10 13:53:38] INFO -   => totalHits = 179
[2025-03-10 13:53:38] INFO - Fetching data for pay range [15, 23]...
[2025-03-10 13:53:41] INFO -   - Page 1 => 10 caregivers, saved to raw_data\USA\07008\search_of_childcare\nanny\range_15_23\page_1.json
[2025-03-10 13:53:41] INFO -   - Next endCursor: U2VlZD0wLEluZGV4PTEwLFBhZ2VTY3JvbGxJZD0yM2U1M2FjMmQ1NjY0ZTM0OGU1NzEwNDE1MGFjNWYwNw==
[2025-03-10 13:53:43] INFO -   - Page 2 => 10 caregivers, saved to raw_data\USA\07008\search_of_childcare\nanny\range_15_23\page_2.json
[2025-03-10 13:53:43] INFO -   - Next endCursor: U2VlZD0wLEluZGV4PTIwLFBhZ2VTY3JvbGxJZD0yM2U1M2FjMmQ1NjY0ZTM0OGU1NzEwNDE1MGFjNWYwNw==
[2025-03-10 13:55:48] INFO - Log file initialized at: raw_data\USA\07008\search_of_childcare\nanny\scrape_nanny.log
[2025-03-10 13:55:48] INFO - Starting scraping for USA/07008, care_type='childcare', sub_type='nanny', pay range [15, 50].
[2025-03-10 13:55:48] INFO - Run ID: 1e843618-054c-43e2-a3ea-65e2ee108ebf
[2025-03-10 13:55:48] INFO - Checking pay range [15, 50]...
[2025-03-10 13:55:50] INFO -   => totalHits = 944
[2025-03-10 13:55:50] INFO -   => Splitting into [15, 32] and [33, 50].
[2025-03-10 13:55:50] INFO - Checking pay range [15, 32]...
[2025-03-10 13:55:53] INFO -   => totalHits = 936
[2025-03-10 13:55:53] INFO -   => Splitting into [15, 23] and [24, 32].
[2025-03-10 13:55:53] INFO - Checking pay range [33, 50]...
[2025-03-10 13:55:55] INFO -   => totalHits = 8
[2025-03-10 13:55:55] INFO - Fetching data for pay range [33, 50]...
[2025-03-10 13:55:57] INFO -   - Page 1 => 8 caregivers, saved to raw_data\USA\07008\search_of_childcare\nanny\range_33_50\page_1.json
[2025-03-10 13:55:57] INFO - Finished range [33, 50] with status='success'. Total pages: 1, total caregivers: 8.
[2025-03-10 13:55:57] INFO - Checking pay range [15, 23]...
[2025-03-10 13:55:59] INFO -   => totalHits = 179
[2025-03-10 13:55:59] INFO - Fetching data for pay range [15, 23]...
[2025-03-10 13:56:01] INFO -   - Page 1 => 10 caregivers, saved to raw_data\USA\07008\search_of_childcare\nanny\range_15_23\page_1.json
[2025-03-10 13:56:01] INFO -   - Next endCursor: U2VlZD0wLEluZGV4PTEwLFBhZ2VTY3JvbGxJZD1kM2IxOWExYmQ3ZmM0NWY2ODE2ZWVlY2FiNDNmNzlkZg==
[2025-03-10 13:56:03] INFO -   - Page 2 => 10 caregivers, saved to raw_data\USA\07008\search_of_childcare\nanny\range_15_23\page_2.json
[2025-03-10 13:56:03] INFO -   - Next endCursor: U2VlZD0wLEluZGV4PTIwLFBhZ2VTY3JvbGxJZD1kM2IxOWExYmQ3ZmM0NWY2ODE2ZWVlY2FiNDNmNzlkZg==
[2025-03-10 14:13:05] INFO - Log file initialized at: raw_data\USA\07008\search_of_childcare\nanny\scrape_nanny.log
[2025-03-10 14:13:05] INFO - Starting scraping for USA/07008, care_type='childcare', sub_type='nanny', pay range [15, 50].
[2025-03-10 14:13:05] INFO - Run ID: 26138f02-0449-4ac1-baa0-30095ccebb91
[2025-03-10 14:13:05] INFO - Checking pay range [15, 50]...
[2025-03-10 14:13:08] INFO -   => totalHits = 944
[2025-03-10 14:13:08] INFO -   => Splitting into [15, 32] and [33, 50].
[2025-03-10 14:13:08] INFO - Checking pay range [15, 32]...
[2025-03-10 14:13:10] INFO -   => totalHits = 936
[2025-03-10 14:13:10] INFO -   => Splitting into [15, 23] and [24, 32].
[2025-03-10 14:13:10] INFO - Checking pay range [33, 50]...
[2025-03-10 14:13:12] INFO -   => totalHits = 8
[2025-03-10 14:13:12] INFO - Fetching data for pay range [33, 50]...
[2025-03-10 14:13:14] INFO -   - Page 1 => 8 caregivers, saved to raw_data\USA\07008\search_of_childcare\nanny\range_33_50\page_1.json
[2025-03-10 14:13:14] INFO - Finished range [33, 50] with status='success'. Total pages: 1, total caregivers: 8.
[2025-03-10 14:13:14] INFO - Checking pay range [15, 23]...
[2025-03-10 14:13:16] INFO -   => totalHits = 179
[2025-03-10 14:13:16] INFO - Fetching data for pay range [15, 23]...
[2025-03-10 14:13:18] INFO -   - Page 1 => 10 caregivers, saved to raw_data\USA\07008\search_of_childcare\nanny\range_15_23\page_1.json
[2025-03-10 14:13:18] INFO -   - Next endCursor: U2VlZD0wLEluZGV4PTEwLFBhZ2VTY3JvbGxJZD1iMzg4OTNiOGY1NDY0MmZmOTIxYjAxN2ViYWMxNWM5NQ==
[2025-03-10 14:13:20] INFO -   - Page 2 => 10 caregivers, saved to raw_data\USA\07008\search_of_childcare\nanny\range_15_23\page_2.json
[2025-03-10 14:13:20] INFO -   - Next endCursor: U2VlZD0wLEluZGV4PTIwLFBhZ2VTY3JvbGxJZD1iMzg4OTNiOGY1NDY0MmZmOTIxYjAxN2ViYWMxNWM5NQ==
[2025-03-10 14:13:23] INFO -   - Page 3 => 10 caregivers, saved to raw_data\USA\07008\search_of_childcare\nanny\range_15_23\page_3.json
[2025-03-10 14:13:23] INFO -   - Next endCursor: U2VlZD0wLEluZGV4PTMwLFBhZ2VTY3JvbGxJZD1iMzg4OTNiOGY1NDY0MmZmOTIxYjAxN2ViYWMxNWM5NQ==
[2025-03-10 14:16:54] INFO - Log file initialized at: raw_data\USA\07008\search_of_childcare\nanny\scrape_nanny.log
[2025-03-10 14:16:54] INFO - Starting scraping for USA/07008, care_type='childcare', sub_type='nanny', pay range [0, 100].
[2025-03-10 14:16:54] INFO - Run ID: fe4fb585-b562-42fa-97a6-c556d2dd402b
[2025-03-10 14:16:54] INFO - Checking pay range [0, 100]...
[2025-03-10 14:16:56] INFO -   => totalHits = 954
[2025-03-10 14:16:56] INFO -   => Splitting into [0, 50] and [51, 100].
[2025-03-10 14:16:56] INFO - Checking pay range [0, 50]...
[2025-03-10 14:16:58] INFO -   => totalHits = 954
[2025-03-10 14:16:58] INFO -   => Splitting into [0, 25] and [26, 50].
[2025-03-10 14:16:58] INFO - Checking pay range [51, 100]...
[2025-03-10 14:17:00] INFO -   => totalHits = 0
[2025-03-10 14:17:00] INFO - Fetching data for pay range [51, 100]...
[2025-03-10 14:17:02] INFO -   - Page 1 => 0 caregivers, saved to raw_data\USA\07008\search_of_childcare\nanny\range_51_100\page_1.json
[2025-03-10 14:17:02] INFO - Finished range [51, 100] with status='success'. Total pages: 1, total caregivers: 0.
[2025-03-10 14:17:02] INFO - Checking pay range [0, 25]...
[2025-03-10 14:17:05] INFO -   => totalHits = 307
[2025-03-10 14:17:05] INFO - Fetching data for pay range [0, 25]...
[2025-03-10 14:17:07] INFO -   - Page 1 => 10 caregivers, saved to raw_data\USA\07008\search_of_childcare\nanny\range_0_25\page_1.json
[2025-03-10 14:17:07] INFO -   - Next endCursor: U2VlZD0wLEluZGV4PTEwLFBhZ2VTY3JvbGxJZD1jOTAzZTFmNzAyMjI0YzY1OGYwYjRhZWFhNjkxMDE3Yw==
[2025-03-10 14:17:09] INFO -   - Page 2 => 10 caregivers, saved to raw_data\USA\07008\search_of_childcare\nanny\range_0_25\page_2.json
[2025-03-10 14:17:09] INFO -   - Next endCursor: U2VlZD0wLEluZGV4PTIwLFBhZ2VTY3JvbGxJZD1jOTAzZTFmNzAyMjI0YzY1OGYwYjRhZWFhNjkxMDE3Yw==
[2025-03-10 14:17:11] INFO -   - Page 3 => 10 caregivers, saved to raw_data\USA\07008\search_of_childcare\nanny\range_0_25\page_3.json
[2025-03-10 14:17:11] INFO -   - Next endCursor: U2VlZD0wLEluZGV4PTMwLFBhZ2VTY3JvbGxJZD1jOTAzZTFmNzAyMjI0YzY1OGYwYjRhZWFhNjkxMDE3Yw==
[2025-03-10 14:17:14] INFO -   - Page 4 => 10 caregivers, saved to raw_data\USA\07008\search_of_childcare\nanny\range_0_25\page_4.json
[2025-03-10 14:17:14] INFO -   - Next endCursor: U2VlZD0wLEluZGV4PTQwLFBhZ2VTY3JvbGxJZD1jOTAzZTFmNzAyMjI0YzY1OGYwYjRhZWFhNjkxMDE3Yw==
[2025-03-10 14:17:16] INFO -   - Page 5 => 10 caregivers, saved to raw_data\USA\07008\search_of_childcare\nanny\range_0_25\page_5.json
[2025-03-10 14:17:16] INFO -   - Next endCursor: U2VlZD0wLEluZGV4PTUwLFBhZ2VTY3JvbGxJZD1jOTAzZTFmNzAyMjI0YzY1OGYwYjRhZWFhNjkxMDE3Yw==
[2025-03-10 14:17:18] INFO -   - Page 6 => 10 caregivers, saved to raw_data\USA\07008\search_of_childcare\nanny\range_0_25\page_6.json
[2025-03-10 14:17:18] INFO -   - Next endCursor: U2VlZD0wLEluZGV4PTYwLFBhZ2VTY3JvbGxJZD1jOTAzZTFmNzAyMjI0YzY1OGYwYjRhZWFhNjkxMDE3Yw==
[2025-03-10 14:17:21] INFO -   - Page 7 => 10 caregivers, saved to raw_data\USA\07008\search_of_childcare\nanny\range_0_25\page_7.json
[2025-03-10 14:17:21] INFO -   - Next endCursor: U2VlZD0wLEluZGV4PTcwLFBhZ2VTY3JvbGxJZD1jOTAzZTFmNzAyMjI0YzY1OGYwYjRhZWFhNjkxMDE3Yw==
[2025-03-10 14:17:23] INFO -   - Page 8 => 10 caregivers, saved to raw_data\USA\07008\search_of_childcare\nanny\range_0_25\page_8.json
[2025-03-10 14:17:23] INFO -   - Next endCursor: U2VlZD0wLEluZGV4PTgwLFBhZ2VTY3JvbGxJZD1jOTAzZTFmNzAyMjI0YzY1OGYwYjRhZWFhNjkxMDE3Yw==
[2025-03-10 14:17:25] INFO -   - Page 9 => 10 caregivers, saved to raw_data\USA\07008\search_of_childcare\nanny\range_0_25\page_9.json
[2025-03-10 14:17:25] INFO -   - Next endCursor: U2VlZD0wLEluZGV4PTkwLFBhZ2VTY3JvbGxJZD1jOTAzZTFmNzAyMjI0YzY1OGYwYjRhZWFhNjkxMDE3Yw==
[2025-03-10 14:17:27] INFO -   - Page 10 => 10 caregivers, saved to raw_data\USA\07008\search_of_childcare\nanny\range_0_25\page_10.json
[2025-03-10 14:17:27] INFO -   - Next endCursor: U2VlZD0wLEluZGV4PTEwMCxQYWdlU2Nyb2xsSWQ9YzkwM2UxZjcwMjIyNGM2NThmMGI0YWVhYTY5MTAxN2M=
[2025-03-10 14:17:30] INFO -   - Page 11 => 10 caregivers, saved to raw_data\USA\07008\search_of_childcare\nanny\range_0_25\page_11.json
[2025-03-10 14:17:30] INFO -   - Next endCursor: U2VlZD0wLEluZGV4PTExMCxQYWdlU2Nyb2xsSWQ9YzkwM2UxZjcwMjIyNGM2NThmMGI0YWVhYTY5MTAxN2M=
[2025-03-10 14:20:02] INFO - Log file initialized at: raw_data\USA\07008\search_of_childcare\nanny\scrape_nanny.log
[2025-03-10 14:20:02] INFO - Starting scraping for USA/07008, care_type='childcare', sub_type='nanny', pay range [0, 100].
[2025-03-10 14:20:02] INFO - Run ID: 945e3b4e-8b8a-46b0-8bf2-573b15704b15
[2025-03-10 14:20:02] INFO - Checking pay range [0, 100]...
[2025-03-10 14:20:05] INFO -   => totalHits = 954
[2025-03-10 14:20:05] INFO -   => Splitting into [0, 50] and [51, 100].
[2025-03-10 14:20:05] INFO - Checking pay range [0, 50]...
[2025-03-10 14:20:07] INFO -   => totalHits = 954
[2025-03-10 14:20:07] INFO -   => Splitting into [0, 25] and [26, 50].
[2025-03-10 14:20:07] INFO - Checking pay range [51, 100]...
[2025-03-10 14:20:09] INFO -   => totalHits = 0
[2025-03-10 14:20:09] WARNING - No results found for pay range [51, 100].
[2025-03-10 14:20:09] INFO - Checking pay range [0, 25]...
[2025-03-10 14:20:11] INFO -   => totalHits = 307
[2025-03-10 14:20:11] INFO - Fetching data for pay range [0, 25]...
[2025-03-10 14:20:13] INFO -   - Page 1 => 10 caregivers, saved to raw_data\USA\07008\search_of_childcare\nanny\range_0_25\page_1.json
[2025-03-10 14:20:13] INFO -   - Next endCursor: U2VlZD0wLEluZGV4PTEwLFBhZ2VTY3JvbGxJZD1kOTBiOThmM2YzY2M0Y2Y0YTgwYTAyOTkxYzBlM2QzMg==
[2025-03-10 14:20:16] INFO -   - Page 2 => 10 caregivers, saved to raw_data\USA\07008\search_of_childcare\nanny\range_0_25\page_2.json
[2025-03-10 14:20:16] INFO -   - Next endCursor: U2VlZD0wLEluZGV4PTIwLFBhZ2VTY3JvbGxJZD1kOTBiOThmM2YzY2M0Y2Y0YTgwYTAyOTkxYzBlM2QzMg==
[2025-03-10 14:20:18] INFO -   - Page 3 => 10 caregivers, saved to raw_data\USA\07008\search_of_childcare\nanny\range_0_25\page_3.json
[2025-03-10 14:20:18] INFO -   - Next endCursor: U2VlZD0wLEluZGV4PTMwLFBhZ2VTY3JvbGxJZD1kOTBiOThmM2YzY2M0Y2Y0YTgwYTAyOTkxYzBlM2QzMg==
[2025-03-10 14:20:20] INFO -   - Page 4 => 10 caregivers, saved to raw_data\USA\07008\search_of_childcare\nanny\range_0_25\page_4.json
[2025-03-10 14:20:20] INFO -   - Next endCursor: U2VlZD0wLEluZGV4PTQwLFBhZ2VTY3JvbGxJZD1kOTBiOThmM2YzY2M0Y2Y0YTgwYTAyOTkxYzBlM2QzMg==
[2025-03-10 14:20:22] INFO -   - Page 5 => 10 caregivers, saved to raw_data\USA\07008\search_of_childcare\nanny\range_0_25\page_5.json
[2025-03-10 14:20:22] INFO -   - Next endCursor: U2VlZD0wLEluZGV4PTUwLFBhZ2VTY3JvbGxJZD1kOTBiOThmM2YzY2M0Y2Y0YTgwYTAyOTkxYzBlM2QzMg==
[2025-03-10 14:20:24] INFO -   - Page 6 => 10 caregivers, saved to raw_data\USA\07008\search_of_childcare\nanny\range_0_25\page_6.json
[2025-03-10 14:20:24] INFO -   - Next endCursor: U2VlZD0wLEluZGV4PTYwLFBhZ2VTY3JvbGxJZD1kOTBiOThmM2YzY2M0Y2Y0YTgwYTAyOTkxYzBlM2QzMg==
[2025-03-10 14:20:27] INFO -   - Page 7 => 10 caregivers, saved to raw_data\USA\07008\search_of_childcare\nanny\range_0_25\page_7.json
[2025-03-10 14:20:27] INFO -   - Next endCursor: U2VlZD0wLEluZGV4PTcwLFBhZ2VTY3JvbGxJZD1kOTBiOThmM2YzY2M0Y2Y0YTgwYTAyOTkxYzBlM2QzMg==
[2025-03-10 14:20:53] INFO - Log file initialized at: raw_data\USA\07008\search_of_childcare\nanny\scrape_nanny.log
[2025-03-10 14:20:53] INFO - Starting scraping for USA/07008, care_type='childcare', sub_type='nanny', pay range [0, 100].
[2025-03-10 14:20:53] INFO - Run ID: 62c46da8-f576-4fdf-bd80-ac9264e0db25
[2025-03-10 14:20:53] INFO - Checking pay range [0, 100]...
[2025-03-10 14:20:56] INFO -   => totalHits = 954
[2025-03-10 14:20:56] INFO -   => Splitting into [0, 50] and [51, 100].
[2025-03-10 14:20:56] INFO - Checking pay range [0, 50]...
[2025-03-10 14:20:58] INFO -   => totalHits = 954
[2025-03-10 14:20:58] INFO -   => Splitting into [0, 25] and [26, 50].
[2025-03-10 14:20:58] INFO - Checking pay range [51, 100]...
[2025-03-10 14:21:00] INFO -   => totalHits = 0
[2025-03-10 14:21:00] INFO - No results found for pay range [51, 100].
[2025-03-10 14:21:00] INFO - Checking pay range [0, 25]...
[2025-03-10 14:21:02] INFO -   => totalHits = 307
[2025-03-10 14:21:02] INFO - Fetching data for pay range [0, 25]...
[2025-03-10 14:21:04] INFO -   - Page 1 => 10 caregivers, saved to raw_data\USA\07008\search_of_childcare\nanny\range_0_25\page_1.json
[2025-03-10 14:21:04] INFO -   - Next endCursor: U2VlZD0wLEluZGV4PTEwLFBhZ2VTY3JvbGxJZD02YjQzYmIzNjdhMWU0N2YzOGM4YWNjMzMzOTRmNzU5ZA==
[2025-03-10 14:21:07] INFO -   - Page 2 => 10 caregivers, saved to raw_data\USA\07008\search_of_childcare\nanny\range_0_25\page_2.json
[2025-03-10 14:21:07] INFO -   - Next endCursor: U2VlZD0wLEluZGV4PTIwLFBhZ2VTY3JvbGxJZD02YjQzYmIzNjdhMWU0N2YzOGM4YWNjMzMzOTRmNzU5ZA==
[2025-03-10 14:21:09] INFO -   - Page 3 => 10 caregivers, saved to raw_data\USA\07008\search_of_childcare\nanny\range_0_25\page_3.json
[2025-03-10 14:21:09] INFO -   - Next endCursor: U2VlZD0wLEluZGV4PTMwLFBhZ2VTY3JvbGxJZD02YjQzYmIzNjdhMWU0N2YzOGM4YWNjMzMzOTRmNzU5ZA==
[2025-03-10 14:21:11] INFO -   - Page 4 => 10 caregivers, saved to raw_data\USA\07008\search_of_childcare\nanny\range_0_25\page_4.json
[2025-03-10 14:21:11] INFO -   - Next endCursor: U2VlZD0wLEluZGV4PTQwLFBhZ2VTY3JvbGxJZD02YjQzYmIzNjdhMWU0N2YzOGM4YWNjMzMzOTRmNzU5ZA==
[2025-03-10 14:21:13] INFO -   - Page 5 => 10 caregivers, saved to raw_data\USA\07008\search_of_childcare\nanny\range_0_25\page_5.json
[2025-03-10 14:21:13] INFO -   - Next endCursor: U2VlZD0wLEluZGV4PTUwLFBhZ2VTY3JvbGxJZD02YjQzYmIzNjdhMWU0N2YzOGM4YWNjMzMzOTRmNzU5ZA==
[2025-03-10 14:21:16] INFO -   - Page 6 => 10 caregivers, saved to raw_data\USA\07008\search_of_childcare\nanny\range_0_25\page_6.json
[2025-03-10 14:21:16] INFO -   - Next endCursor: U2VlZD0wLEluZGV4PTYwLFBhZ2VTY3JvbGxJZD02YjQzYmIzNjdhMWU0N2YzOGM4YWNjMzMzOTRmNzU5ZA==
[2025-03-10 14:21:18] INFO -   - Page 7 => 10 caregivers, saved to raw_data\USA\07008\search_of_childcare\nanny\range_0_25\page_7.json
[2025-03-10 14:21:18] INFO -   - Next endCursor: U2VlZD0wLEluZGV4PTcwLFBhZ2VTY3JvbGxJZD02YjQzYmIzNjdhMWU0N2YzOGM4YWNjMzMzOTRmNzU5ZA==
[2025-03-10 14:21:20] INFO -   - Page 8 => 10 caregivers, saved to raw_data\USA\07008\search_of_childcare\nanny\range_0_25\page_8.json
[2025-03-10 14:21:20] INFO -   - Next endCursor: U2VlZD0wLEluZGV4PTgwLFBhZ2VTY3JvbGxJZD02YjQzYmIzNjdhMWU0N2YzOGM4YWNjMzMzOTRmNzU5ZA==
[2025-03-10 14:21:22] INFO -   - Page 9 => 10 caregivers, saved to raw_data\USA\07008\search_of_childcare\nanny\range_0_25\page_9.json
[2025-03-10 14:21:22] INFO -   - Next endCursor: U2VlZD0wLEluZGV4PTkwLFBhZ2VTY3JvbGxJZD02YjQzYmIzNjdhMWU0N2YzOGM4YWNjMzMzOTRmNzU5ZA==
[2025-03-10 14:21:24] INFO -   - Page 10 => 10 caregivers, saved to raw_data\USA\07008\search_of_childcare\nanny\range_0_25\page_10.json
[2025-03-10 14:21:24] INFO -   - Next endCursor: U2VlZD0wLEluZGV4PTEwMCxQYWdlU2Nyb2xsSWQ9NmI0M2JiMzY3YTFlNDdmMzhjOGFjYzMzMzk0Zjc1OWQ=
[2025-03-10 14:21:26] INFO -   - Page 11 => 10 caregivers, saved to raw_data\USA\07008\search_of_childcare\nanny\range_0_25\page_11.json
[2025-03-10 14:21:26] INFO -   - Next endCursor: U2VlZD0wLEluZGV4PTExMCxQYWdlU2Nyb2xsSWQ9NmI0M2JiMzY3YTFlNDdmMzhjOGFjYzMzMzk0Zjc1OWQ=
[2025-03-10 14:21:28] INFO -   - Page 12 => 10 caregivers, saved to raw_data\USA\07008\search_of_childcare\nanny\range_0_25\page_12.json
[2025-03-10 14:21:28] INFO -   - Next endCursor: U2VlZD0wLEluZGV4PTEyMCxQYWdlU2Nyb2xsSWQ9NmI0M2JiMzY3YTFlNDdmMzhjOGFjYzMzMzk0Zjc1OWQ=
[2025-03-10 14:21:31] INFO -   - Page 13 => 10 caregivers, saved to raw_data\USA\07008\search_of_childcare\nanny\range_0_25\page_13.json
[2025-03-10 14:21:31] INFO -   - Next endCursor: U2VlZD0wLEluZGV4PTEzMCxQYWdlU2Nyb2xsSWQ9NmI0M2JiMzY3YTFlNDdmMzhjOGFjYzMzMzk0Zjc1OWQ=
[2025-03-10 14:21:33] INFO -   - Page 14 => 10 caregivers, saved to raw_data\USA\07008\search_of_childcare\nanny\range_0_25\page_14.json
[2025-03-10 14:21:33] INFO -   - Next endCursor: U2VlZD0wLEluZGV4PTE0MCxQYWdlU2Nyb2xsSWQ9NmI0M2JiMzY3YTFlNDdmMzhjOGFjYzMzMzk0Zjc1OWQ=
[2025-03-10 14:21:36] INFO -   - Page 15 => 10 caregivers, saved to raw_data\USA\07008\search_of_childcare\nanny\range_0_25\page_15.json
[2025-03-10 14:21:36] INFO -   - Next endCursor: U2VlZD0wLEluZGV4PTE1MCxQYWdlU2Nyb2xsSWQ9NmI0M2JiMzY3YTFlNDdmMzhjOGFjYzMzMzk0Zjc1OWQ=
[2025-03-10 14:21:38] INFO -   - Page 16 => 10 caregivers, saved to raw_data\USA\07008\search_of_childcare\nanny\range_0_25\page_16.json
[2025-03-10 14:21:38] INFO -   - Next endCursor: U2VlZD0wLEluZGV4PTE2MCxQYWdlU2Nyb2xsSWQ9NmI0M2JiMzY3YTFlNDdmMzhjOGFjYzMzMzk0Zjc1OWQ=
[2025-03-10 14:21:40] INFO -   - Page 17 => 10 caregivers, saved to raw_data\USA\07008\search_of_childcare\nanny\range_0_25\page_17.json
[2025-03-10 14:21:40] INFO -   - Next endCursor: U2VlZD0wLEluZGV4PTE3MCxQYWdlU2Nyb2xsSWQ9NmI0M2JiMzY3YTFlNDdmMzhjOGFjYzMzMzk0Zjc1OWQ=
[2025-03-10 14:21:42] INFO -   - Page 18 => 10 caregivers, saved to raw_data\USA\07008\search_of_childcare\nanny\range_0_25\page_18.json
[2025-03-10 14:21:42] INFO -   - Next endCursor: U2VlZD0wLEluZGV4PTE4MCxQYWdlU2Nyb2xsSWQ9NmI0M2JiMzY3YTFlNDdmMzhjOGFjYzMzMzk0Zjc1OWQ=
[2025-03-10 14:21:44] INFO -   - Page 19 => 10 caregivers, saved to raw_data\USA\07008\search_of_childcare\nanny\range_0_25\page_19.json
[2025-03-10 14:21:44] INFO -   - Next endCursor: U2VlZD0wLEluZGV4PTE5MCxQYWdlU2Nyb2xsSWQ9NmI0M2JiMzY3YTFlNDdmMzhjOGFjYzMzMzk0Zjc1OWQ=
[2025-03-10 14:21:47] INFO -   - Page 20 => 10 caregivers, saved to raw_data\USA\07008\search_of_childcare\nanny\range_0_25\page_20.json
[2025-03-10 14:21:47] INFO -   - Next endCursor: U2VlZD0wLEluZGV4PTIwMCxQYWdlU2Nyb2xsSWQ9NmI0M2JiMzY3YTFlNDdmMzhjOGFjYzMzMzk0Zjc1OWQ=
[2025-03-10 14:21:49] INFO -   - Page 21 => 10 caregivers, saved to raw_data\USA\07008\search_of_childcare\nanny\range_0_25\page_21.json
[2025-03-10 14:21:49] INFO -   - Next endCursor: U2VlZD0wLEluZGV4PTIxMCxQYWdlU2Nyb2xsSWQ9NmI0M2JiMzY3YTFlNDdmMzhjOGFjYzMzMzk0Zjc1OWQ=
[2025-03-10 14:21:51] INFO -   - Page 22 => 10 caregivers, saved to raw_data\USA\07008\search_of_childcare\nanny\range_0_25\page_22.json
[2025-03-10 14:21:51] INFO -   - Next endCursor: U2VlZD0wLEluZGV4PTIyMCxQYWdlU2Nyb2xsSWQ9NmI0M2JiMzY3YTFlNDdmMzhjOGFjYzMzMzk0Zjc1OWQ=
[2025-03-10 14:21:53] INFO -   - Page 23 => 10 caregivers, saved to raw_data\USA\07008\search_of_childcare\nanny\range_0_25\page_23.json
[2025-03-10 14:21:53] INFO -   - Next endCursor: U2VlZD0wLEluZGV4PTIzMCxQYWdlU2Nyb2xsSWQ9NmI0M2JiMzY3YTFlNDdmMzhjOGFjYzMzMzk0Zjc1OWQ=
[2025-03-10 14:21:55] INFO -   - Page 24 => 10 caregivers, saved to raw_data\USA\07008\search_of_childcare\nanny\range_0_25\page_24.json
[2025-03-10 14:21:55] INFO -   - Next endCursor: U2VlZD0wLEluZGV4PTI0MCxQYWdlU2Nyb2xsSWQ9NmI0M2JiMzY3YTFlNDdmMzhjOGFjYzMzMzk0Zjc1OWQ=
[2025-03-10 14:21:57] INFO -   - Page 25 => 10 caregivers, saved to raw_data\USA\07008\search_of_childcare\nanny\range_0_25\page_25.json
[2025-03-10 14:21:57] INFO -   - Next endCursor: U2VlZD0wLEluZGV4PTI1MCxQYWdlU2Nyb2xsSWQ9NmI0M2JiMzY3YTFlNDdmMzhjOGFjYzMzMzk0Zjc1OWQ=
[2025-03-10 14:21:59] INFO -   - Page 26 => 10 caregivers, saved to raw_data\USA\07008\search_of_childcare\nanny\range_0_25\page_26.json
[2025-03-10 14:21:59] INFO -   - Next endCursor: U2VlZD0wLEluZGV4PTI2MCxQYWdlU2Nyb2xsSWQ9NmI0M2JiMzY3YTFlNDdmMzhjOGFjYzMzMzk0Zjc1OWQ=
[2025-03-10 14:22:02] INFO -   - Page 27 => 10 caregivers, saved to raw_data\USA\07008\search_of_childcare\nanny\range_0_25\page_27.json
[2025-03-10 14:22:02] INFO -   - Next endCursor: U2VlZD0wLEluZGV4PTI3MCxQYWdlU2Nyb2xsSWQ9NmI0M2JiMzY3YTFlNDdmMzhjOGFjYzMzMzk0Zjc1OWQ=
[2025-03-10 14:22:04] INFO -   - Page 28 => 10 caregivers, saved to raw_data\USA\07008\search_of_childcare\nanny\range_0_25\page_28.json
[2025-03-10 14:22:04] INFO -   - Next endCursor: U2VlZD0wLEluZGV4PTI4MCxQYWdlU2Nyb2xsSWQ9NmI0M2JiMzY3YTFlNDdmMzhjOGFjYzMzMzk0Zjc1OWQ=
[2025-03-10 14:22:06] INFO -   - Page 29 => 10 caregivers, saved to raw_data\USA\07008\search_of_childcare\nanny\range_0_25\page_29.json
[2025-03-10 14:22:06] INFO -   - Next endCursor: U2VlZD0wLEluZGV4PTI5MCxQYWdlU2Nyb2xsSWQ9NmI0M2JiMzY3YTFlNDdmMzhjOGFjYzMzMzk0Zjc1OWQ=
[2025-03-10 14:22:08] INFO -   - Page 30 => 10 caregivers, saved to raw_data\USA\07008\search_of_childcare\nanny\range_0_25\page_30.json
[2025-03-10 14:22:08] INFO -   - Next endCursor: U2VlZD0wLEluZGV4PTMwMCxQYWdlU2Nyb2xsSWQ9NmI0M2JiMzY3YTFlNDdmMzhjOGFjYzMzMzk0Zjc1OWQ=
[2025-03-10 14:22:10] INFO -   - Page 31 => 7 caregivers, saved to raw_data\USA\07008\search_of_childcare\nanny\range_0_25\page_31.json
[2025-03-10 14:22:10] INFO - Finished range [0, 25] with status='success'. Total pages: 31, total caregivers: 307.
[2025-03-10 14:22:10] INFO - Checking pay range [26, 50]...
[2025-03-10 14:22:12] INFO -   => totalHits = 647
[2025-03-10 14:22:12] INFO -   => Splitting into [26, 38] and [39, 50].
[2025-03-10 14:22:12] INFO - Checking pay range [26, 38]...
[2025-03-10 14:22:15] INFO -   => totalHits = 646
[2025-03-10 14:22:15] INFO -   => Splitting into [26, 32] and [33, 38].
[2025-03-10 14:22:15] INFO - Checking pay range [39, 50]...
[2025-03-10 14:22:17] INFO -   => totalHits = 1
[2025-03-10 14:22:17] INFO - Fetching data for pay range [39, 50]...
[2025-03-10 14:22:19] INFO -   - Page 1 => 1 caregivers, saved to raw_data\USA\07008\search_of_childcare\nanny\range_39_50\page_1.json
[2025-03-10 14:22:19] INFO - Finished range [39, 50] with status='success'. Total pages: 1, total caregivers: 1.
[2025-03-10 14:22:19] INFO - Checking pay range [26, 32]...
[2025-03-10 14:22:21] INFO -   => totalHits = 639
[2025-03-10 14:22:21] INFO -   => Splitting into [26, 29] and [30, 32].
[2025-03-10 14:22:21] INFO - Checking pay range [33, 38]...
[2025-03-10 14:22:23] INFO -   => totalHits = 7
[2025-03-10 14:22:23] INFO - Fetching data for pay range [33, 38]...
[2025-03-10 14:22:25] INFO -   - Page 1 => 7 caregivers, saved to raw_data\USA\07008\search_of_childcare\nanny\range_33_38\page_1.json
[2025-03-10 14:22:25] INFO - Finished range [33, 38] with status='success'. Total pages: 1, total caregivers: 7.
[2025-03-10 14:22:25] INFO - Checking pay range [26, 29]...
[2025-03-10 14:22:27] INFO -   => totalHits = 617
[2025-03-10 14:22:27] INFO -   => Splitting into [26, 27] and [28, 29].
[2025-03-10 14:22:27] INFO - Checking pay range [30, 32]...
[2025-03-10 14:22:29] INFO -   => totalHits = 22
[2025-03-10 14:22:29] INFO - Fetching data for pay range [30, 32]...
[2025-03-10 14:22:31] INFO -   - Page 1 => 10 caregivers, saved to raw_data\USA\07008\search_of_childcare\nanny\range_30_32\page_1.json
[2025-03-10 14:22:31] INFO -   - Next endCursor: U2VlZD0wLEluZGV4PTEwLFBhZ2VTY3JvbGxJZD00OWMxYWQwNDA0MzE0OWQ2YjMxOGZhNzQyYWQ3YjUyYw==
[2025-03-10 14:22:34] INFO -   - Page 2 => 10 caregivers, saved to raw_data\USA\07008\search_of_childcare\nanny\range_30_32\page_2.json
[2025-03-10 14:22:34] INFO -   - Next endCursor: U2VlZD0wLEluZGV4PTIwLFBhZ2VTY3JvbGxJZD00OWMxYWQwNDA0MzE0OWQ2YjMxOGZhNzQyYWQ3YjUyYw==
[2025-03-10 14:22:36] INFO -   - Page 3 => 2 caregivers, saved to raw_data\USA\07008\search_of_childcare\nanny\range_30_32\page_3.json
[2025-03-10 14:22:36] INFO - Finished range [30, 32] with status='success'. Total pages: 3, total caregivers: 22.
[2025-03-10 14:22:36] INFO - Checking pay range [26, 27]...
[2025-03-10 14:22:38] INFO -   => totalHits = 527
[2025-03-10 14:22:38] INFO -   => Splitting into [26, 26] and [27, 27].
[2025-03-10 14:22:38] INFO - Checking pay range [28, 29]...
[2025-03-10 14:22:40] INFO -   => totalHits = 90
[2025-03-10 14:22:40] INFO - Fetching data for pay range [28, 29]...
[2025-03-10 14:22:43] INFO -   - Page 1 => 10 caregivers, saved to raw_data\USA\07008\search_of_childcare\nanny\range_28_29\page_1.json
[2025-03-10 14:22:43] INFO -   - Next endCursor: U2VlZD0wLEluZGV4PTEwLFBhZ2VTY3JvbGxJZD1kM2Q3OTY0YTc1YzE0MmNiOGU2YzIxYjFhMDQ3ZjJiMg==
[2025-03-10 14:22:45] INFO -   - Page 2 => 10 caregivers, saved to raw_data\USA\07008\search_of_childcare\nanny\range_28_29\page_2.json
[2025-03-10 14:22:45] INFO -   - Next endCursor: U2VlZD0wLEluZGV4PTIwLFBhZ2VTY3JvbGxJZD1kM2Q3OTY0YTc1YzE0MmNiOGU2YzIxYjFhMDQ3ZjJiMg==
[2025-03-10 14:22:47] INFO -   - Page 3 => 10 caregivers, saved to raw_data\USA\07008\search_of_childcare\nanny\range_28_29\page_3.json
[2025-03-10 14:22:47] INFO -   - Next endCursor: U2VlZD0wLEluZGV4PTMwLFBhZ2VTY3JvbGxJZD1kM2Q3OTY0YTc1YzE0MmNiOGU2YzIxYjFhMDQ3ZjJiMg==
[2025-03-10 14:22:49] INFO -   - Page 4 => 10 caregivers, saved to raw_data\USA\07008\search_of_childcare\nanny\range_28_29\page_4.json
[2025-03-10 14:22:49] INFO -   - Next endCursor: U2VlZD0wLEluZGV4PTQwLFBhZ2VTY3JvbGxJZD1kM2Q3OTY0YTc1YzE0MmNiOGU2YzIxYjFhMDQ3ZjJiMg==
[2025-03-10 14:22:51] INFO -   - Page 5 => 10 caregivers, saved to raw_data\USA\07008\search_of_childcare\nanny\range_28_29\page_5.json
[2025-03-10 14:22:51] INFO -   - Next endCursor: U2VlZD0wLEluZGV4PTUwLFBhZ2VTY3JvbGxJZD1kM2Q3OTY0YTc1YzE0MmNiOGU2YzIxYjFhMDQ3ZjJiMg==
[2025-03-10 14:22:53] INFO -   - Page 6 => 10 caregivers, saved to raw_data\USA\07008\search_of_childcare\nanny\range_28_29\page_6.json
[2025-03-10 14:22:53] INFO -   - Next endCursor: U2VlZD0wLEluZGV4PTYwLFBhZ2VTY3JvbGxJZD1kM2Q3OTY0YTc1YzE0MmNiOGU2YzIxYjFhMDQ3ZjJiMg==
[2025-03-10 14:22:55] INFO -   - Page 7 => 10 caregivers, saved to raw_data\USA\07008\search_of_childcare\nanny\range_28_29\page_7.json
[2025-03-10 14:22:55] INFO -   - Next endCursor: U2VlZD0wLEluZGV4PTcwLFBhZ2VTY3JvbGxJZD1kM2Q3OTY0YTc1YzE0MmNiOGU2YzIxYjFhMDQ3ZjJiMg==
[2025-03-10 14:22:57] INFO -   - Page 8 => 10 caregivers, saved to raw_data\USA\07008\search_of_childcare\nanny\range_28_29\page_8.json
[2025-03-10 14:22:57] INFO -   - Next endCursor: U2VlZD0wLEluZGV4PTgwLFBhZ2VTY3JvbGxJZD1kM2Q3OTY0YTc1YzE0MmNiOGU2YzIxYjFhMDQ3ZjJiMg==
[2025-03-10 14:22:59] INFO -   - Page 9 => 10 caregivers, saved to raw_data\USA\07008\search_of_childcare\nanny\range_28_29\page_9.json
[2025-03-10 14:22:59] INFO - Finished range [28, 29] with status='success'. Total pages: 9, total caregivers: 90.
[2025-03-10 14:22:59] INFO - Checking pay range [26, 26]...
[2025-03-10 14:23:02] INFO -   => totalHits = 217
[2025-03-10 14:23:02] INFO - Fetching data for pay range [26, 26]...
[2025-03-10 14:23:04] INFO -   - Page 1 => 10 caregivers, saved to raw_data\USA\07008\search_of_childcare\nanny\range_26_26\page_1.json
[2025-03-10 14:23:04] INFO -   - Next endCursor: U2VlZD0wLEluZGV4PTEwLFBhZ2VTY3JvbGxJZD1iZGNhM2FiMDRiNWE0YzEyYWE0YTJhMmE4YTM5ZTg5ZQ==
[2025-03-10 14:23:07] INFO -   - Page 2 => 10 caregivers, saved to raw_data\USA\07008\search_of_childcare\nanny\range_26_26\page_2.json
[2025-03-10 14:23:07] INFO -   - Next endCursor: U2VlZD0wLEluZGV4PTIwLFBhZ2VTY3JvbGxJZD1iZGNhM2FiMDRiNWE0YzEyYWE0YTJhMmE4YTM5ZTg5ZQ==
[2025-03-10 14:23:09] INFO -   - Page 3 => 10 caregivers, saved to raw_data\USA\07008\search_of_childcare\nanny\range_26_26\page_3.json
[2025-03-10 14:23:09] INFO -   - Next endCursor: U2VlZD0wLEluZGV4PTMwLFBhZ2VTY3JvbGxJZD1iZGNhM2FiMDRiNWE0YzEyYWE0YTJhMmE4YTM5ZTg5ZQ==
[2025-03-10 14:23:11] INFO -   - Page 4 => 10 caregivers, saved to raw_data\USA\07008\search_of_childcare\nanny\range_26_26\page_4.json
[2025-03-10 14:23:11] INFO -   - Next endCursor: U2VlZD0wLEluZGV4PTQwLFBhZ2VTY3JvbGxJZD1iZGNhM2FiMDRiNWE0YzEyYWE0YTJhMmE4YTM5ZTg5ZQ==
[2025-03-10 14:23:13] INFO -   - Page 5 => 10 caregivers, saved to raw_data\USA\07008\search_of_childcare\nanny\range_26_26\page_5.json
[2025-03-10 14:23:13] INFO -   - Next endCursor: U2VlZD0wLEluZGV4PTUwLFBhZ2VTY3JvbGxJZD1iZGNhM2FiMDRiNWE0YzEyYWE0YTJhMmE4YTM5ZTg5ZQ==
[2025-03-10 14:23:15] INFO -   - Page 6 => 10 caregivers, saved to raw_data\USA\07008\search_of_childcare\nanny\range_26_26\page_6.json
[2025-03-10 14:23:15] INFO -   - Next endCursor: U2VlZD0wLEluZGV4PTYwLFBhZ2VTY3JvbGxJZD1iZGNhM2FiMDRiNWE0YzEyYWE0YTJhMmE4YTM5ZTg5ZQ==
[2025-03-10 14:23:17] INFO -   - Page 7 => 10 caregivers, saved to raw_data\USA\07008\search_of_childcare\nanny\range_26_26\page_7.json
[2025-03-10 14:23:17] INFO -   - Next endCursor: U2VlZD0wLEluZGV4PTcwLFBhZ2VTY3JvbGxJZD1iZGNhM2FiMDRiNWE0YzEyYWE0YTJhMmE4YTM5ZTg5ZQ==
[2025-03-10 14:23:20] INFO -   - Page 8 => 10 caregivers, saved to raw_data\USA\07008\search_of_childcare\nanny\range_26_26\page_8.json
[2025-03-10 14:23:20] INFO -   - Next endCursor: U2VlZD0wLEluZGV4PTgwLFBhZ2VTY3JvbGxJZD1iZGNhM2FiMDRiNWE0YzEyYWE0YTJhMmE4YTM5ZTg5ZQ==
[2025-03-10 14:23:22] INFO -   - Page 9 => 10 caregivers, saved to raw_data\USA\07008\search_of_childcare\nanny\range_26_26\page_9.json
[2025-03-10 14:23:22] INFO -   - Next endCursor: U2VlZD0wLEluZGV4PTkwLFBhZ2VTY3JvbGxJZD1iZGNhM2FiMDRiNWE0YzEyYWE0YTJhMmE4YTM5ZTg5ZQ==
[2025-03-10 14:23:24] INFO -   - Page 10 => 10 caregivers, saved to raw_data\USA\07008\search_of_childcare\nanny\range_26_26\page_10.json
[2025-03-10 14:23:24] INFO -   - Next endCursor: U2VlZD0wLEluZGV4PTEwMCxQYWdlU2Nyb2xsSWQ9YmRjYTNhYjA0YjVhNGMxMmFhNGEyYTJhOGEzOWU4OWU=
[2025-03-10 14:23:26] INFO -   - Page 11 => 10 caregivers, saved to raw_data\USA\07008\search_of_childcare\nanny\range_26_26\page_11.json
[2025-03-10 14:23:26] INFO -   - Next endCursor: U2VlZD0wLEluZGV4PTExMCxQYWdlU2Nyb2xsSWQ9YmRjYTNhYjA0YjVhNGMxMmFhNGEyYTJhOGEzOWU4OWU=
[2025-03-10 14:23:28] INFO -   - Page 12 => 10 caregivers, saved to raw_data\USA\07008\search_of_childcare\nanny\range_26_26\page_12.json
[2025-03-10 14:23:28] INFO -   - Next endCursor: U2VlZD0wLEluZGV4PTEyMCxQYWdlU2Nyb2xsSWQ9YmRjYTNhYjA0YjVhNGMxMmFhNGEyYTJhOGEzOWU4OWU=
[2025-03-10 14:23:30] INFO -   - Page 13 => 10 caregivers, saved to raw_data\USA\07008\search_of_childcare\nanny\range_26_26\page_13.json
[2025-03-10 14:23:30] INFO -   - Next endCursor: U2VlZD0wLEluZGV4PTEzMCxQYWdlU2Nyb2xsSWQ9YmRjYTNhYjA0YjVhNGMxMmFhNGEyYTJhOGEzOWU4OWU=
[2025-03-10 14:23:32] INFO -   - Page 14 => 10 caregivers, saved to raw_data\USA\07008\search_of_childcare\nanny\range_26_26\page_14.json
[2025-03-10 14:23:32] INFO -   - Next endCursor: U2VlZD0wLEluZGV4PTE0MCxQYWdlU2Nyb2xsSWQ9YmRjYTNhYjA0YjVhNGMxMmFhNGEyYTJhOGEzOWU4OWU=
[2025-03-10 14:23:35] INFO -   - Page 15 => 10 caregivers, saved to raw_data\USA\07008\search_of_childcare\nanny\range_26_26\page_15.json
[2025-03-10 14:23:35] INFO -   - Next endCursor: U2VlZD0wLEluZGV4PTE1MCxQYWdlU2Nyb2xsSWQ9YmRjYTNhYjA0YjVhNGMxMmFhNGEyYTJhOGEzOWU4OWU=
[2025-03-10 14:23:37] INFO -   - Page 16 => 10 caregivers, saved to raw_data\USA\07008\search_of_childcare\nanny\range_26_26\page_16.json
[2025-03-10 14:23:37] INFO -   - Next endCursor: U2VlZD0wLEluZGV4PTE2MCxQYWdlU2Nyb2xsSWQ9YmRjYTNhYjA0YjVhNGMxMmFhNGEyYTJhOGEzOWU4OWU=
[2025-03-10 14:23:39] INFO -   - Page 17 => 10 caregivers, saved to raw_data\USA\07008\search_of_childcare\nanny\range_26_26\page_17.json
[2025-03-10 14:23:39] INFO -   - Next endCursor: U2VlZD0wLEluZGV4PTE3MCxQYWdlU2Nyb2xsSWQ9YmRjYTNhYjA0YjVhNGMxMmFhNGEyYTJhOGEzOWU4OWU=
[2025-03-10 14:23:41] INFO -   - Page 18 => 10 caregivers, saved to raw_data\USA\07008\search_of_childcare\nanny\range_26_26\page_18.json
[2025-03-10 14:23:41] INFO -   - Next endCursor: U2VlZD0wLEluZGV4PTE4MCxQYWdlU2Nyb2xsSWQ9YmRjYTNhYjA0YjVhNGMxMmFhNGEyYTJhOGEzOWU4OWU=
[2025-03-10 14:23:43] INFO -   - Page 19 => 10 caregivers, saved to raw_data\USA\07008\search_of_childcare\nanny\range_26_26\page_19.json
[2025-03-10 14:23:43] INFO -   - Next endCursor: U2VlZD0wLEluZGV4PTE5MCxQYWdlU2Nyb2xsSWQ9YmRjYTNhYjA0YjVhNGMxMmFhNGEyYTJhOGEzOWU4OWU=
[2025-03-10 14:23:45] INFO -   - Page 20 => 10 caregivers, saved to raw_data\USA\07008\search_of_childcare\nanny\range_26_26\page_20.json
[2025-03-10 14:23:45] INFO -   - Next endCursor: U2VlZD0wLEluZGV4PTIwMCxQYWdlU2Nyb2xsSWQ9YmRjYTNhYjA0YjVhNGMxMmFhNGEyYTJhOGEzOWU4OWU=
[2025-03-10 14:23:47] INFO -   - Page 21 => 10 caregivers, saved to raw_data\USA\07008\search_of_childcare\nanny\range_26_26\page_21.json
[2025-03-10 14:23:47] INFO -   - Next endCursor: U2VlZD0wLEluZGV4PTIxMCxQYWdlU2Nyb2xsSWQ9YmRjYTNhYjA0YjVhNGMxMmFhNGEyYTJhOGEzOWU4OWU=
[2025-03-10 14:23:49] INFO -   - Page 22 => 7 caregivers, saved to raw_data\USA\07008\search_of_childcare\nanny\range_26_26\page_22.json
[2025-03-10 14:23:49] INFO - Finished range [26, 26] with status='success'. Total pages: 22, total caregivers: 217.
[2025-03-10 14:23:49] INFO - Checking pay range [27, 27]...
[2025-03-10 14:23:52] INFO -   => totalHits = 310
[2025-03-10 14:23:52] INFO - Fetching data for pay range [27, 27]...
[2025-03-10 14:23:54] INFO -   - Page 1 => 10 caregivers, saved to raw_data\USA\07008\search_of_childcare\nanny\range_27_27\page_1.json
[2025-03-10 14:23:54] INFO -   - Next endCursor: U2VlZD0wLEluZGV4PTEwLFBhZ2VTY3JvbGxJZD01ZTNjNWY2Mjk5NTU0NmE5YWIzMGIxYTNiMjNlNDU1MQ==
[2025-03-10 14:23:56] INFO -   - Page 2 => 10 caregivers, saved to raw_data\USA\07008\search_of_childcare\nanny\range_27_27\page_2.json
[2025-03-10 14:23:56] INFO -   - Next endCursor: U2VlZD0wLEluZGV4PTIwLFBhZ2VTY3JvbGxJZD01ZTNjNWY2Mjk5NTU0NmE5YWIzMGIxYTNiMjNlNDU1MQ==
[2025-03-10 14:23:58] INFO -   - Page 3 => 10 caregivers, saved to raw_data\USA\07008\search_of_childcare\nanny\range_27_27\page_3.json
[2025-03-10 14:23:58] INFO -   - Next endCursor: U2VlZD0wLEluZGV4PTMwLFBhZ2VTY3JvbGxJZD01ZTNjNWY2Mjk5NTU0NmE5YWIzMGIxYTNiMjNlNDU1MQ==
[2025-03-10 14:24:00] INFO -   - Page 4 => 10 caregivers, saved to raw_data\USA\07008\search_of_childcare\nanny\range_27_27\page_4.json
[2025-03-10 14:24:00] INFO -   - Next endCursor: U2VlZD0wLEluZGV4PTQwLFBhZ2VTY3JvbGxJZD01ZTNjNWY2Mjk5NTU0NmE5YWIzMGIxYTNiMjNlNDU1MQ==
[2025-03-10 14:24:02] INFO -   - Page 5 => 10 caregivers, saved to raw_data\USA\07008\search_of_childcare\nanny\range_27_27\page_5.json
[2025-03-10 14:24:02] INFO -   - Next endCursor: U2VlZD0wLEluZGV4PTUwLFBhZ2VTY3JvbGxJZD01ZTNjNWY2Mjk5NTU0NmE5YWIzMGIxYTNiMjNlNDU1MQ==
[2025-03-10 14:24:05] INFO -   - Page 6 => 10 caregivers, saved to raw_data\USA\07008\search_of_childcare\nanny\range_27_27\page_6.json
[2025-03-10 14:24:05] INFO -   - Next endCursor: U2VlZD0wLEluZGV4PTYwLFBhZ2VTY3JvbGxJZD01ZTNjNWY2Mjk5NTU0NmE5YWIzMGIxYTNiMjNlNDU1MQ==
[2025-03-10 14:24:07] INFO -   - Page 7 => 10 caregivers, saved to raw_data\USA\07008\search_of_childcare\nanny\range_27_27\page_7.json
[2025-03-10 14:24:07] INFO -   - Next endCursor: U2VlZD0wLEluZGV4PTcwLFBhZ2VTY3JvbGxJZD01ZTNjNWY2Mjk5NTU0NmE5YWIzMGIxYTNiMjNlNDU1MQ==
[2025-03-10 14:24:09] INFO -   - Page 8 => 10 caregivers, saved to raw_data\USA\07008\search_of_childcare\nanny\range_27_27\page_8.json
[2025-03-10 14:24:09] INFO -   - Next endCursor: U2VlZD0wLEluZGV4PTgwLFBhZ2VTY3JvbGxJZD01ZTNjNWY2Mjk5NTU0NmE5YWIzMGIxYTNiMjNlNDU1MQ==
[2025-03-10 14:24:11] INFO -   - Page 9 => 10 caregivers, saved to raw_data\USA\07008\search_of_childcare\nanny\range_27_27\page_9.json
[2025-03-10 14:24:11] INFO -   - Next endCursor: U2VlZD0wLEluZGV4PTkwLFBhZ2VTY3JvbGxJZD01ZTNjNWY2Mjk5NTU0NmE5YWIzMGIxYTNiMjNlNDU1MQ==
[2025-03-10 14:24:13] INFO -   - Page 10 => 10 caregivers, saved to raw_data\USA\07008\search_of_childcare\nanny\range_27_27\page_10.json
[2025-03-10 14:24:13] INFO -   - Next endCursor: U2VlZD0wLEluZGV4PTEwMCxQYWdlU2Nyb2xsSWQ9NWUzYzVmNjI5OTU1NDZhOWFiMzBiMWEzYjIzZTQ1NTE=
[2025-03-10 14:24:16] INFO -   - Page 11 => 10 caregivers, saved to raw_data\USA\07008\search_of_childcare\nanny\range_27_27\page_11.json
[2025-03-10 14:24:16] INFO -   - Next endCursor: U2VlZD0wLEluZGV4PTExMCxQYWdlU2Nyb2xsSWQ9NWUzYzVmNjI5OTU1NDZhOWFiMzBiMWEzYjIzZTQ1NTE=
[2025-03-10 14:24:18] INFO -   - Page 12 => 10 caregivers, saved to raw_data\USA\07008\search_of_childcare\nanny\range_27_27\page_12.json
[2025-03-10 14:24:18] INFO -   - Next endCursor: U2VlZD0wLEluZGV4PTEyMCxQYWdlU2Nyb2xsSWQ9NWUzYzVmNjI5OTU1NDZhOWFiMzBiMWEzYjIzZTQ1NTE=
[2025-03-10 14:24:20] INFO -   - Page 13 => 10 caregivers, saved to raw_data\USA\07008\search_of_childcare\nanny\range_27_27\page_13.json
[2025-03-10 14:24:20] INFO -   - Next endCursor: U2VlZD0wLEluZGV4PTEzMCxQYWdlU2Nyb2xsSWQ9NWUzYzVmNjI5OTU1NDZhOWFiMzBiMWEzYjIzZTQ1NTE=
[2025-03-10 14:24:22] INFO -   - Page 14 => 10 caregivers, saved to raw_data\USA\07008\search_of_childcare\nanny\range_27_27\page_14.json
[2025-03-10 14:24:22] INFO -   - Next endCursor: U2VlZD0wLEluZGV4PTE0MCxQYWdlU2Nyb2xsSWQ9NWUzYzVmNjI5OTU1NDZhOWFiMzBiMWEzYjIzZTQ1NTE=
[2025-03-10 14:24:25] INFO -   - Page 15 => 10 caregivers, saved to raw_data\USA\07008\search_of_childcare\nanny\range_27_27\page_15.json
[2025-03-10 14:24:25] INFO -   - Next endCursor: U2VlZD0wLEluZGV4PTE1MCxQYWdlU2Nyb2xsSWQ9NWUzYzVmNjI5OTU1NDZhOWFiMzBiMWEzYjIzZTQ1NTE=
[2025-03-10 14:24:27] INFO -   - Page 16 => 10 caregivers, saved to raw_data\USA\07008\search_of_childcare\nanny\range_27_27\page_16.json
[2025-03-10 14:24:27] INFO -   - Next endCursor: U2VlZD0wLEluZGV4PTE2MCxQYWdlU2Nyb2xsSWQ9NWUzYzVmNjI5OTU1NDZhOWFiMzBiMWEzYjIzZTQ1NTE=
[2025-03-10 14:24:29] INFO -   - Page 17 => 10 caregivers, saved to raw_data\USA\07008\search_of_childcare\nanny\range_27_27\page_17.json
[2025-03-10 14:24:29] INFO -   - Next endCursor: U2VlZD0wLEluZGV4PTE3MCxQYWdlU2Nyb2xsSWQ9NWUzYzVmNjI5OTU1NDZhOWFiMzBiMWEzYjIzZTQ1NTE=
[2025-03-10 14:24:31] INFO -   - Page 18 => 10 caregivers, saved to raw_data\USA\07008\search_of_childcare\nanny\range_27_27\page_18.json
[2025-03-10 14:24:31] INFO -   - Next endCursor: U2VlZD0wLEluZGV4PTE4MCxQYWdlU2Nyb2xsSWQ9NWUzYzVmNjI5OTU1NDZhOWFiMzBiMWEzYjIzZTQ1NTE=
[2025-03-10 14:24:33] INFO -   - Page 19 => 10 caregivers, saved to raw_data\USA\07008\search_of_childcare\nanny\range_27_27\page_19.json
[2025-03-10 14:24:33] INFO -   - Next endCursor: U2VlZD0wLEluZGV4PTE5MCxQYWdlU2Nyb2xsSWQ9NWUzYzVmNjI5OTU1NDZhOWFiMzBiMWEzYjIzZTQ1NTE=
[2025-03-10 14:24:35] INFO -   - Page 20 => 10 caregivers, saved to raw_data\USA\07008\search_of_childcare\nanny\range_27_27\page_20.json
[2025-03-10 14:24:35] INFO -   - Next endCursor: U2VlZD0wLEluZGV4PTIwMCxQYWdlU2Nyb2xsSWQ9NWUzYzVmNjI5OTU1NDZhOWFiMzBiMWEzYjIzZTQ1NTE=
[2025-03-10 14:24:38] INFO -   - Page 21 => 10 caregivers, saved to raw_data\USA\07008\search_of_childcare\nanny\range_27_27\page_21.json
[2025-03-10 14:24:38] INFO -   - Next endCursor: U2VlZD0wLEluZGV4PTIxMCxQYWdlU2Nyb2xsSWQ9NWUzYzVmNjI5OTU1NDZhOWFiMzBiMWEzYjIzZTQ1NTE=
[2025-03-10 14:24:40] INFO -   - Page 22 => 10 caregivers, saved to raw_data\USA\07008\search_of_childcare\nanny\range_27_27\page_22.json
[2025-03-10 14:24:40] INFO -   - Next endCursor: U2VlZD0wLEluZGV4PTIyMCxQYWdlU2Nyb2xsSWQ9NWUzYzVmNjI5OTU1NDZhOWFiMzBiMWEzYjIzZTQ1NTE=
[2025-03-10 14:24:42] INFO -   - Page 23 => 10 caregivers, saved to raw_data\USA\07008\search_of_childcare\nanny\range_27_27\page_23.json
[2025-03-10 14:24:42] INFO -   - Next endCursor: U2VlZD0wLEluZGV4PTIzMCxQYWdlU2Nyb2xsSWQ9NWUzYzVmNjI5OTU1NDZhOWFiMzBiMWEzYjIzZTQ1NTE=
[2025-03-10 14:24:44] INFO -   - Page 24 => 10 caregivers, saved to raw_data\USA\07008\search_of_childcare\nanny\range_27_27\page_24.json
[2025-03-10 14:24:44] INFO -   - Next endCursor: U2VlZD0wLEluZGV4PTI0MCxQYWdlU2Nyb2xsSWQ9NWUzYzVmNjI5OTU1NDZhOWFiMzBiMWEzYjIzZTQ1NTE=
[2025-03-10 14:24:47] INFO -   - Page 25 => 10 caregivers, saved to raw_data\USA\07008\search_of_childcare\nanny\range_27_27\page_25.json
[2025-03-10 14:24:47] INFO -   - Next endCursor: U2VlZD0wLEluZGV4PTI1MCxQYWdlU2Nyb2xsSWQ9NWUzYzVmNjI5OTU1NDZhOWFiMzBiMWEzYjIzZTQ1NTE=
[2025-03-10 14:24:49] INFO -   - Page 26 => 10 caregivers, saved to raw_data\USA\07008\search_of_childcare\nanny\range_27_27\page_26.json
[2025-03-10 14:24:49] INFO -   - Next endCursor: U2VlZD0wLEluZGV4PTI2MCxQYWdlU2Nyb2xsSWQ9NWUzYzVmNjI5OTU1NDZhOWFiMzBiMWEzYjIzZTQ1NTE=
[2025-03-10 14:24:51] INFO -   - Page 27 => 10 caregivers, saved to raw_data\USA\07008\search_of_childcare\nanny\range_27_27\page_27.json
[2025-03-10 14:24:51] INFO -   - Next endCursor: U2VlZD0wLEluZGV4PTI3MCxQYWdlU2Nyb2xsSWQ9NWUzYzVmNjI5OTU1NDZhOWFiMzBiMWEzYjIzZTQ1NTE=
[2025-03-10 14:24:53] INFO -   - Page 28 => 10 caregivers, saved to raw_data\USA\07008\search_of_childcare\nanny\range_27_27\page_28.json
[2025-03-10 14:24:53] INFO -   - Next endCursor: U2VlZD0wLEluZGV4PTI4MCxQYWdlU2Nyb2xsSWQ9NWUzYzVmNjI5OTU1NDZhOWFiMzBiMWEzYjIzZTQ1NTE=
[2025-03-10 14:24:55] INFO -   - Page 29 => 10 caregivers, saved to raw_data\USA\07008\search_of_childcare\nanny\range_27_27\page_29.json
[2025-03-10 14:24:55] INFO -   - Next endCursor: U2VlZD0wLEluZGV4PTI5MCxQYWdlU2Nyb2xsSWQ9NWUzYzVmNjI5OTU1NDZhOWFiMzBiMWEzYjIzZTQ1NTE=
[2025-03-10 14:24:57] INFO -   - Page 30 => 10 caregivers, saved to raw_data\USA\07008\search_of_childcare\nanny\range_27_27\page_30.json
[2025-03-10 14:24:57] INFO -   - Next endCursor: U2VlZD0wLEluZGV4PTMwMCxQYWdlU2Nyb2xsSWQ9NWUzYzVmNjI5OTU1NDZhOWFiMzBiMWEzYjIzZTQ1NTE=
[2025-03-10 14:24:59] INFO -   - Page 31 => 10 caregivers, saved to raw_data\USA\07008\search_of_childcare\nanny\range_27_27\page_31.json
[2025-03-10 14:24:59] INFO - Finished range [27, 27] with status='success'. Total pages: 31, total caregivers: 310.
[2025-03-10 14:24:59] INFO - All pay range segments processed. Scraping complete!
