[2025-04-03 15:48:33] INFO - Log file initialized at: raw_data\USA\30306\search_of_childcare\babysitting\scrape_babysitting.log
[2025-04-03 15:48:33] INFO - Starting scraping for USA/30306, care_type='childcare', sub_type='babysitting', pay range [0, 100].
[2025-04-03 15:48:33] INFO - Run ID: 652a2ecb-c6f6-4759-9fc7-e92ab248ed90
[2025-04-03 15:48:33] INFO - Checking pay range [0, 100]...
[2025-04-03 15:48:35] INFO -   => totalHits = 1239
[2025-04-03 15:48:35] INFO -   => Splitting into [0, 50] and [51, 100].
[2025-04-03 15:48:35] INFO - Checking pay range [0, 50]...
[2025-04-03 15:48:37] INFO -   => totalHits = 1238
[2025-04-03 15:48:37] INFO -   => Splitting into [0, 25] and [26, 50].
[2025-04-03 15:48:37] INFO - Checking pay range [51, 100]...
[2025-04-03 15:48:38] INFO -   => totalHits = 1
[2025-04-03 15:48:38] INFO - Fetching data for pay range [51, 100]...
[2025-04-03 15:48:39] INFO -   - Page 1 => 1 caregivers, saved to raw_data\USA\30306\search_of_childcare\babysitting\range_51_100\page_1.json
[2025-04-03 15:48:39] INFO - Finished range [51, 100] with status='success'. Total pages: 1, total caregivers: 1.
[2025-04-03 15:48:39] INFO - Checking pay range [0, 25]...
[2025-04-03 15:48:41] INFO -   => totalHits = 964
[2025-04-03 15:48:41] INFO -   => Splitting into [0, 12] and [13, 25].
[2025-04-03 15:48:41] INFO - Checking pay range [26, 50]...
[2025-04-03 15:48:42] INFO -   => totalHits = 274
[2025-04-03 15:48:42] INFO - Fetching data for pay range [26, 50]...
[2025-04-03 15:48:44] INFO -   - Page 1 => 10 caregivers, saved to raw_data\USA\30306\search_of_childcare\babysitting\range_26_50\page_1.json
[2025-04-03 15:48:44] INFO -   - Next endCursor: U2VlZD0wLEluZGV4PTEwLFBhZ2VTY3JvbGxJZD1lMGQ3YmFmNGRiY2E0MGU2YjQxNGMyODE0MjU0MmFmYw==
[2025-04-03 15:48:45] INFO -   - Page 2 => 10 caregivers, saved to raw_data\USA\30306\search_of_childcare\babysitting\range_26_50\page_2.json
[2025-04-03 15:48:45] INFO -   - Next endCursor: U2VlZD0wLEluZGV4PTIwLFBhZ2VTY3JvbGxJZD1lMGQ3YmFmNGRiY2E0MGU2YjQxNGMyODE0MjU0MmFmYw==
[2025-04-03 15:48:47] INFO -   - Page 3 => 10 caregivers, saved to raw_data\USA\30306\search_of_childcare\babysitting\range_26_50\page_3.json
[2025-04-03 15:48:47] INFO -   - Next endCursor: U2VlZD0wLEluZGV4PTMwLFBhZ2VTY3JvbGxJZD1lMGQ3YmFmNGRiY2E0MGU2YjQxNGMyODE0MjU0MmFmYw==
[2025-04-03 15:48:48] INFO -   - Page 4 => 10 caregivers, saved to raw_data\USA\30306\search_of_childcare\babysitting\range_26_50\page_4.json
[2025-04-03 15:48:48] INFO -   - Next endCursor: U2VlZD0wLEluZGV4PTQwLFBhZ2VTY3JvbGxJZD1lMGQ3YmFmNGRiY2E0MGU2YjQxNGMyODE0MjU0MmFmYw==
[2025-04-03 15:48:50] INFO -   - Page 5 => 10 caregivers, saved to raw_data\USA\30306\search_of_childcare\babysitting\range_26_50\page_5.json
[2025-04-03 15:48:50] INFO -   - Next endCursor: U2VlZD0wLEluZGV4PTUwLFBhZ2VTY3JvbGxJZD1lMGQ3YmFmNGRiY2E0MGU2YjQxNGMyODE0MjU0MmFmYw==
[2025-04-03 15:48:51] INFO -   - Page 6 => 10 caregivers, saved to raw_data\USA\30306\search_of_childcare\babysitting\range_26_50\page_6.json
[2025-04-03 15:48:51] INFO -   - Next endCursor: U2VlZD0wLEluZGV4PTYwLFBhZ2VTY3JvbGxJZD1lMGQ3YmFmNGRiY2E0MGU2YjQxNGMyODE0MjU0MmFmYw==
[2025-04-03 15:48:52] INFO -   - Page 7 => 10 caregivers, saved to raw_data\USA\30306\search_of_childcare\babysitting\range_26_50\page_7.json
[2025-04-03 15:48:52] INFO -   - Next endCursor: U2VlZD0wLEluZGV4PTcwLFBhZ2VTY3JvbGxJZD1lMGQ3YmFmNGRiY2E0MGU2YjQxNGMyODE0MjU0MmFmYw==
[2025-04-03 15:48:54] INFO -   - Page 8 => 10 caregivers, saved to raw_data\USA\30306\search_of_childcare\babysitting\range_26_50\page_8.json
[2025-04-03 15:48:54] INFO -   - Next endCursor: U2VlZD0wLEluZGV4PTgwLFBhZ2VTY3JvbGxJZD1lMGQ3YmFmNGRiY2E0MGU2YjQxNGMyODE0MjU0MmFmYw==
[2025-04-03 15:48:55] INFO -   - Page 9 => 10 caregivers, saved to raw_data\USA\30306\search_of_childcare\babysitting\range_26_50\page_9.json
[2025-04-03 15:48:55] INFO -   - Next endCursor: U2VlZD0wLEluZGV4PTkwLFBhZ2VTY3JvbGxJZD1lMGQ3YmFmNGRiY2E0MGU2YjQxNGMyODE0MjU0MmFmYw==
[2025-04-03 15:48:56] INFO -   - Page 10 => 10 caregivers, saved to raw_data\USA\30306\search_of_childcare\babysitting\range_26_50\page_10.json
[2025-04-03 15:48:56] INFO -   - Next endCursor: U2VlZD0wLEluZGV4PTEwMCxQYWdlU2Nyb2xsSWQ9ZTBkN2JhZjRkYmNhNDBlNmI0MTRjMjgxNDI1NDJhZmM=
[2025-04-03 15:48:58] INFO -   - Page 11 => 10 caregivers, saved to raw_data\USA\30306\search_of_childcare\babysitting\range_26_50\page_11.json
[2025-04-03 15:48:58] INFO -   - Next endCursor: U2VlZD0wLEluZGV4PTExMCxQYWdlU2Nyb2xsSWQ9ZTBkN2JhZjRkYmNhNDBlNmI0MTRjMjgxNDI1NDJhZmM=
[2025-04-03 15:48:59] INFO -   - Page 12 => 10 caregivers, saved to raw_data\USA\30306\search_of_childcare\babysitting\range_26_50\page_12.json
[2025-04-03 15:48:59] INFO -   - Next endCursor: U2VlZD0wLEluZGV4PTEyMCxQYWdlU2Nyb2xsSWQ9ZTBkN2JhZjRkYmNhNDBlNmI0MTRjMjgxNDI1NDJhZmM=
[2025-04-03 15:49:00] INFO -   - Page 13 => 10 caregivers, saved to raw_data\USA\30306\search_of_childcare\babysitting\range_26_50\page_13.json
[2025-04-03 15:49:00] INFO -   - Next endCursor: U2VlZD0wLEluZGV4PTEzMCxQYWdlU2Nyb2xsSWQ9ZTBkN2JhZjRkYmNhNDBlNmI0MTRjMjgxNDI1NDJhZmM=
[2025-04-03 15:49:02] INFO -   - Page 14 => 10 caregivers, saved to raw_data\USA\30306\search_of_childcare\babysitting\range_26_50\page_14.json
[2025-04-03 15:49:02] INFO -   - Next endCursor: U2VlZD0wLEluZGV4PTE0MCxQYWdlU2Nyb2xsSWQ9ZTBkN2JhZjRkYmNhNDBlNmI0MTRjMjgxNDI1NDJhZmM=
[2025-04-03 15:49:03] INFO -   - Page 15 => 10 caregivers, saved to raw_data\USA\30306\search_of_childcare\babysitting\range_26_50\page_15.json
[2025-04-03 15:49:03] INFO -   - Next endCursor: U2VlZD0wLEluZGV4PTE1MCxQYWdlU2Nyb2xsSWQ9ZTBkN2JhZjRkYmNhNDBlNmI0MTRjMjgxNDI1NDJhZmM=
[2025-04-03 15:49:05] INFO -   - Page 16 => 10 caregivers, saved to raw_data\USA\30306\search_of_childcare\babysitting\range_26_50\page_16.json
[2025-04-03 15:49:05] INFO -   - Next endCursor: U2VlZD0wLEluZGV4PTE2MCxQYWdlU2Nyb2xsSWQ9ZTBkN2JhZjRkYmNhNDBlNmI0MTRjMjgxNDI1NDJhZmM=
[2025-04-03 15:49:07] INFO -   - Page 17 => 10 caregivers, saved to raw_data\USA\30306\search_of_childcare\babysitting\range_26_50\page_17.json
[2025-04-03 15:49:07] INFO -   - Next endCursor: U2VlZD0wLEluZGV4PTE3MCxQYWdlU2Nyb2xsSWQ9ZTBkN2JhZjRkYmNhNDBlNmI0MTRjMjgxNDI1NDJhZmM=
[2025-04-03 15:49:09] INFO -   - Page 18 => 10 caregivers, saved to raw_data\USA\30306\search_of_childcare\babysitting\range_26_50\page_18.json
[2025-04-03 15:49:09] INFO -   - Next endCursor: U2VlZD0wLEluZGV4PTE4MCxQYWdlU2Nyb2xsSWQ9ZTBkN2JhZjRkYmNhNDBlNmI0MTRjMjgxNDI1NDJhZmM=
[2025-04-03 15:49:10] INFO -   - Page 19 => 10 caregivers, saved to raw_data\USA\30306\search_of_childcare\babysitting\range_26_50\page_19.json
[2025-04-03 15:49:10] INFO -   - Next endCursor: U2VlZD0wLEluZGV4PTE5MCxQYWdlU2Nyb2xsSWQ9ZTBkN2JhZjRkYmNhNDBlNmI0MTRjMjgxNDI1NDJhZmM=
[2025-04-03 15:49:12] INFO -   - Page 20 => 10 caregivers, saved to raw_data\USA\30306\search_of_childcare\babysitting\range_26_50\page_20.json
[2025-04-03 15:49:12] INFO -   - Next endCursor: U2VlZD0wLEluZGV4PTIwMCxQYWdlU2Nyb2xsSWQ9ZTBkN2JhZjRkYmNhNDBlNmI0MTRjMjgxNDI1NDJhZmM=
[2025-04-03 15:49:13] INFO -   - Page 21 => 10 caregivers, saved to raw_data\USA\30306\search_of_childcare\babysitting\range_26_50\page_21.json
[2025-04-03 15:49:13] INFO -   - Next endCursor: U2VlZD0wLEluZGV4PTIxMCxQYWdlU2Nyb2xsSWQ9ZTBkN2JhZjRkYmNhNDBlNmI0MTRjMjgxNDI1NDJhZmM=
[2025-04-03 15:49:15] INFO -   - Page 22 => 10 caregivers, saved to raw_data\USA\30306\search_of_childcare\babysitting\range_26_50\page_22.json
[2025-04-03 15:49:15] INFO -   - Next endCursor: U2VlZD0wLEluZGV4PTIyMCxQYWdlU2Nyb2xsSWQ9ZTBkN2JhZjRkYmNhNDBlNmI0MTRjMjgxNDI1NDJhZmM=
[2025-04-03 15:49:16] INFO -   - Page 23 => 10 caregivers, saved to raw_data\USA\30306\search_of_childcare\babysitting\range_26_50\page_23.json
[2025-04-03 15:49:16] INFO -   - Next endCursor: U2VlZD0wLEluZGV4PTIzMCxQYWdlU2Nyb2xsSWQ9ZTBkN2JhZjRkYmNhNDBlNmI0MTRjMjgxNDI1NDJhZmM=
[2025-04-03 15:49:17] INFO -   - Page 24 => 10 caregivers, saved to raw_data\USA\30306\search_of_childcare\babysitting\range_26_50\page_24.json
[2025-04-03 15:49:17] INFO -   - Next endCursor: U2VlZD0wLEluZGV4PTI0MCxQYWdlU2Nyb2xsSWQ9ZTBkN2JhZjRkYmNhNDBlNmI0MTRjMjgxNDI1NDJhZmM=
[2025-04-03 15:49:18] INFO -   - Page 25 => 10 caregivers, saved to raw_data\USA\30306\search_of_childcare\babysitting\range_26_50\page_25.json
[2025-04-03 15:49:18] INFO -   - Next endCursor: U2VlZD0wLEluZGV4PTI1MCxQYWdlU2Nyb2xsSWQ9ZTBkN2JhZjRkYmNhNDBlNmI0MTRjMjgxNDI1NDJhZmM=
[2025-04-03 15:49:20] INFO -   - Page 26 => 10 caregivers, saved to raw_data\USA\30306\search_of_childcare\babysitting\range_26_50\page_26.json
[2025-04-03 15:49:20] INFO -   - Next endCursor: U2VlZD0wLEluZGV4PTI2MCxQYWdlU2Nyb2xsSWQ9ZTBkN2JhZjRkYmNhNDBlNmI0MTRjMjgxNDI1NDJhZmM=
[2025-04-03 15:49:21] INFO -   - Page 27 => 10 caregivers, saved to raw_data\USA\30306\search_of_childcare\babysitting\range_26_50\page_27.json
[2025-04-03 15:49:21] INFO -   - Next endCursor: U2VlZD0wLEluZGV4PTI3MCxQYWdlU2Nyb2xsSWQ9ZTBkN2JhZjRkYmNhNDBlNmI0MTRjMjgxNDI1NDJhZmM=
[2025-04-03 15:49:23] INFO -   - Page 28 => 4 caregivers, saved to raw_data\USA\30306\search_of_childcare\babysitting\range_26_50\page_28.json
[2025-04-03 15:49:23] INFO - Finished range [26, 50] with status='success'. Total pages: 28, total caregivers: 274.
[2025-04-03 15:49:23] INFO - Checking pay range [0, 12]...
[2025-04-03 15:49:24] INFO -   => totalHits = 16
[2025-04-03 15:49:24] INFO - Fetching data for pay range [0, 12]...
[2025-04-03 15:49:26] INFO -   - Page 1 => 10 caregivers, saved to raw_data\USA\30306\search_of_childcare\babysitting\range_0_12\page_1.json
[2025-04-03 15:49:26] INFO -   - Next endCursor: U2VlZD0wLEluZGV4PTEwLFBhZ2VTY3JvbGxJZD01YzRhMGM5MDEyYzM0N2RkYWIzMTdjZjJlM2I4YjY3ZQ==
[2025-04-03 15:49:27] INFO -   - Page 2 => 6 caregivers, saved to raw_data\USA\30306\search_of_childcare\babysitting\range_0_12\page_2.json
[2025-04-03 15:49:27] INFO - Finished range [0, 12] with status='success'. Total pages: 2, total caregivers: 16.
[2025-04-03 15:49:27] INFO - Checking pay range [13, 25]...
[2025-04-03 15:49:28] INFO -   => totalHits = 948
[2025-04-03 15:49:28] INFO -   => Splitting into [13, 19] and [20, 25].
[2025-04-03 15:49:28] INFO - Checking pay range [13, 19]...
[2025-04-03 15:49:30] INFO -   => totalHits = 137
[2025-04-03 15:49:30] INFO - Fetching data for pay range [13, 19]...
[2025-04-03 15:49:31] INFO -   - Page 1 => 10 caregivers, saved to raw_data\USA\30306\search_of_childcare\babysitting\range_13_19\page_1.json
[2025-04-03 15:49:31] INFO -   - Next endCursor: U2VlZD0wLEluZGV4PTEwLFBhZ2VTY3JvbGxJZD1jMDAzOWQ2OTJlM2Y0YWFkOGVlYjFmNjk3YTM1ZGUzMw==
[2025-04-03 15:49:32] INFO -   - Page 2 => 10 caregivers, saved to raw_data\USA\30306\search_of_childcare\babysitting\range_13_19\page_2.json
[2025-04-03 15:49:32] INFO -   - Next endCursor: U2VlZD0wLEluZGV4PTIwLFBhZ2VTY3JvbGxJZD1jMDAzOWQ2OTJlM2Y0YWFkOGVlYjFmNjk3YTM1ZGUzMw==
[2025-04-03 15:49:34] INFO -   - Page 3 => 10 caregivers, saved to raw_data\USA\30306\search_of_childcare\babysitting\range_13_19\page_3.json
[2025-04-03 15:49:34] INFO -   - Next endCursor: U2VlZD0wLEluZGV4PTMwLFBhZ2VTY3JvbGxJZD1jMDAzOWQ2OTJlM2Y0YWFkOGVlYjFmNjk3YTM1ZGUzMw==
[2025-04-03 15:49:35] INFO -   - Page 4 => 10 caregivers, saved to raw_data\USA\30306\search_of_childcare\babysitting\range_13_19\page_4.json
[2025-04-03 15:49:35] INFO -   - Next endCursor: U2VlZD0wLEluZGV4PTQwLFBhZ2VTY3JvbGxJZD1jMDAzOWQ2OTJlM2Y0YWFkOGVlYjFmNjk3YTM1ZGUzMw==
[2025-04-03 15:49:36] INFO -   - Page 5 => 10 caregivers, saved to raw_data\USA\30306\search_of_childcare\babysitting\range_13_19\page_5.json
[2025-04-03 15:49:36] INFO -   - Next endCursor: U2VlZD0wLEluZGV4PTUwLFBhZ2VTY3JvbGxJZD1jMDAzOWQ2OTJlM2Y0YWFkOGVlYjFmNjk3YTM1ZGUzMw==
[2025-04-03 15:49:37] INFO -   - Page 6 => 10 caregivers, saved to raw_data\USA\30306\search_of_childcare\babysitting\range_13_19\page_6.json
[2025-04-03 15:49:37] INFO -   - Next endCursor: U2VlZD0wLEluZGV4PTYwLFBhZ2VTY3JvbGxJZD1jMDAzOWQ2OTJlM2Y0YWFkOGVlYjFmNjk3YTM1ZGUzMw==
[2025-04-03 15:49:39] INFO -   - Page 7 => 10 caregivers, saved to raw_data\USA\30306\search_of_childcare\babysitting\range_13_19\page_7.json
[2025-04-03 15:49:39] INFO -   - Next endCursor: U2VlZD0wLEluZGV4PTcwLFBhZ2VTY3JvbGxJZD1jMDAzOWQ2OTJlM2Y0YWFkOGVlYjFmNjk3YTM1ZGUzMw==
[2025-04-03 15:49:40] INFO -   - Page 8 => 10 caregivers, saved to raw_data\USA\30306\search_of_childcare\babysitting\range_13_19\page_8.json
[2025-04-03 15:49:40] INFO -   - Next endCursor: U2VlZD0wLEluZGV4PTgwLFBhZ2VTY3JvbGxJZD1jMDAzOWQ2OTJlM2Y0YWFkOGVlYjFmNjk3YTM1ZGUzMw==
[2025-04-03 15:49:42] INFO -   - Page 9 => 10 caregivers, saved to raw_data\USA\30306\search_of_childcare\babysitting\range_13_19\page_9.json
[2025-04-03 15:49:42] INFO -   - Next endCursor: U2VlZD0wLEluZGV4PTkwLFBhZ2VTY3JvbGxJZD1jMDAzOWQ2OTJlM2Y0YWFkOGVlYjFmNjk3YTM1ZGUzMw==
[2025-04-03 15:49:43] INFO -   - Page 10 => 10 caregivers, saved to raw_data\USA\30306\search_of_childcare\babysitting\range_13_19\page_10.json
[2025-04-03 15:49:43] INFO -   - Next endCursor: U2VlZD0wLEluZGV4PTEwMCxQYWdlU2Nyb2xsSWQ9YzAwMzlkNjkyZTNmNGFhZDhlZWIxZjY5N2EzNWRlMzM=
[2025-04-03 15:49:44] INFO -   - Page 11 => 10 caregivers, saved to raw_data\USA\30306\search_of_childcare\babysitting\range_13_19\page_11.json
[2025-04-03 15:49:44] INFO -   - Next endCursor: U2VlZD0wLEluZGV4PTExMCxQYWdlU2Nyb2xsSWQ9YzAwMzlkNjkyZTNmNGFhZDhlZWIxZjY5N2EzNWRlMzM=
[2025-04-03 15:49:45] INFO -   - Page 12 => 10 caregivers, saved to raw_data\USA\30306\search_of_childcare\babysitting\range_13_19\page_12.json
[2025-04-03 15:49:45] INFO -   - Next endCursor: U2VlZD0wLEluZGV4PTEyMCxQYWdlU2Nyb2xsSWQ9YzAwMzlkNjkyZTNmNGFhZDhlZWIxZjY5N2EzNWRlMzM=
[2025-04-03 15:49:47] INFO -   - Page 13 => 10 caregivers, saved to raw_data\USA\30306\search_of_childcare\babysitting\range_13_19\page_13.json
[2025-04-03 15:49:47] INFO -   - Next endCursor: U2VlZD0wLEluZGV4PTEzMCxQYWdlU2Nyb2xsSWQ9YzAwMzlkNjkyZTNmNGFhZDhlZWIxZjY5N2EzNWRlMzM=
[2025-04-03 15:49:48] INFO -   - Page 14 => 7 caregivers, saved to raw_data\USA\30306\search_of_childcare\babysitting\range_13_19\page_14.json
[2025-04-03 15:49:48] INFO - Finished range [13, 19] with status='success'. Total pages: 14, total caregivers: 137.
[2025-04-03 15:49:48] INFO - Checking pay range [20, 25]...
[2025-04-03 15:49:50] INFO -   => totalHits = 811
[2025-04-03 15:49:50] INFO -   => Splitting into [20, 22] and [23, 25].
[2025-04-03 15:49:50] INFO - Checking pay range [20, 22]...
[2025-04-03 15:49:51] INFO -   => totalHits = 161
[2025-04-03 15:49:51] INFO - Fetching data for pay range [20, 22]...
[2025-04-03 15:49:53] INFO -   - Page 1 => 10 caregivers, saved to raw_data\USA\30306\search_of_childcare\babysitting\range_20_22\page_1.json
[2025-04-03 15:49:53] INFO -   - Next endCursor: U2VlZD0wLEluZGV4PTEwLFBhZ2VTY3JvbGxJZD1iYjMwNGI1YjA4YjA0MDU2ODk0YTMxYmNjMjUyM2I3Yg==
[2025-04-03 15:49:54] INFO -   - Page 2 => 10 caregivers, saved to raw_data\USA\30306\search_of_childcare\babysitting\range_20_22\page_2.json
[2025-04-03 15:49:54] INFO -   - Next endCursor: U2VlZD0wLEluZGV4PTIwLFBhZ2VTY3JvbGxJZD1iYjMwNGI1YjA4YjA0MDU2ODk0YTMxYmNjMjUyM2I3Yg==
[2025-04-03 15:49:55] INFO -   - Page 3 => 10 caregivers, saved to raw_data\USA\30306\search_of_childcare\babysitting\range_20_22\page_3.json
[2025-04-03 15:49:55] INFO -   - Next endCursor: U2VlZD0wLEluZGV4PTMwLFBhZ2VTY3JvbGxJZD1iYjMwNGI1YjA4YjA0MDU2ODk0YTMxYmNjMjUyM2I3Yg==
[2025-04-03 15:49:57] INFO -   - Page 4 => 10 caregivers, saved to raw_data\USA\30306\search_of_childcare\babysitting\range_20_22\page_4.json
[2025-04-03 15:49:57] INFO -   - Next endCursor: U2VlZD0wLEluZGV4PTQwLFBhZ2VTY3JvbGxJZD1iYjMwNGI1YjA4YjA0MDU2ODk0YTMxYmNjMjUyM2I3Yg==
[2025-04-03 15:49:58] INFO -   - Page 5 => 10 caregivers, saved to raw_data\USA\30306\search_of_childcare\babysitting\range_20_22\page_5.json
[2025-04-03 15:49:58] INFO -   - Next endCursor: U2VlZD0wLEluZGV4PTUwLFBhZ2VTY3JvbGxJZD1iYjMwNGI1YjA4YjA0MDU2ODk0YTMxYmNjMjUyM2I3Yg==
[2025-04-03 15:50:00] INFO -   - Page 6 => 10 caregivers, saved to raw_data\USA\30306\search_of_childcare\babysitting\range_20_22\page_6.json
[2025-04-03 15:50:00] INFO -   - Next endCursor: U2VlZD0wLEluZGV4PTYwLFBhZ2VTY3JvbGxJZD1iYjMwNGI1YjA4YjA0MDU2ODk0YTMxYmNjMjUyM2I3Yg==
[2025-04-03 15:50:01] INFO -   - Page 7 => 10 caregivers, saved to raw_data\USA\30306\search_of_childcare\babysitting\range_20_22\page_7.json
[2025-04-03 15:50:01] INFO -   - Next endCursor: U2VlZD0wLEluZGV4PTcwLFBhZ2VTY3JvbGxJZD1iYjMwNGI1YjA4YjA0MDU2ODk0YTMxYmNjMjUyM2I3Yg==
[2025-04-03 15:50:02] INFO -   - Page 8 => 10 caregivers, saved to raw_data\USA\30306\search_of_childcare\babysitting\range_20_22\page_8.json
[2025-04-03 15:50:02] INFO -   - Next endCursor: U2VlZD0wLEluZGV4PTgwLFBhZ2VTY3JvbGxJZD1iYjMwNGI1YjA4YjA0MDU2ODk0YTMxYmNjMjUyM2I3Yg==
[2025-04-03 15:50:03] INFO -   - Page 9 => 10 caregivers, saved to raw_data\USA\30306\search_of_childcare\babysitting\range_20_22\page_9.json
[2025-04-03 15:50:03] INFO -   - Next endCursor: U2VlZD0wLEluZGV4PTkwLFBhZ2VTY3JvbGxJZD1iYjMwNGI1YjA4YjA0MDU2ODk0YTMxYmNjMjUyM2I3Yg==
[2025-04-03 15:50:05] INFO -   - Page 10 => 10 caregivers, saved to raw_data\USA\30306\search_of_childcare\babysitting\range_20_22\page_10.json
[2025-04-03 15:50:05] INFO -   - Next endCursor: U2VlZD0wLEluZGV4PTEwMCxQYWdlU2Nyb2xsSWQ9YmIzMDRiNWIwOGIwNDA1Njg5NGEzMWJjYzI1MjNiN2I=
[2025-04-03 15:50:06] INFO -   - Page 11 => 10 caregivers, saved to raw_data\USA\30306\search_of_childcare\babysitting\range_20_22\page_11.json
[2025-04-03 15:50:06] INFO -   - Next endCursor: U2VlZD0wLEluZGV4PTExMCxQYWdlU2Nyb2xsSWQ9YmIzMDRiNWIwOGIwNDA1Njg5NGEzMWJjYzI1MjNiN2I=
[2025-04-03 15:50:07] INFO -   - Page 12 => 10 caregivers, saved to raw_data\USA\30306\search_of_childcare\babysitting\range_20_22\page_12.json
[2025-04-03 15:50:07] INFO -   - Next endCursor: U2VlZD0wLEluZGV4PTEyMCxQYWdlU2Nyb2xsSWQ9YmIzMDRiNWIwOGIwNDA1Njg5NGEzMWJjYzI1MjNiN2I=
[2025-04-03 15:50:09] INFO -   - Page 13 => 10 caregivers, saved to raw_data\USA\30306\search_of_childcare\babysitting\range_20_22\page_13.json
[2025-04-03 15:50:09] INFO -   - Next endCursor: U2VlZD0wLEluZGV4PTEzMCxQYWdlU2Nyb2xsSWQ9YmIzMDRiNWIwOGIwNDA1Njg5NGEzMWJjYzI1MjNiN2I=
[2025-04-03 15:50:10] INFO -   - Page 14 => 10 caregivers, saved to raw_data\USA\30306\search_of_childcare\babysitting\range_20_22\page_14.json
[2025-04-03 15:50:10] INFO -   - Next endCursor: U2VlZD0wLEluZGV4PTE0MCxQYWdlU2Nyb2xsSWQ9YmIzMDRiNWIwOGIwNDA1Njg5NGEzMWJjYzI1MjNiN2I=
[2025-04-03 15:50:11] INFO -   - Page 15 => 10 caregivers, saved to raw_data\USA\30306\search_of_childcare\babysitting\range_20_22\page_15.json
[2025-04-03 15:50:11] INFO -   - Next endCursor: U2VlZD0wLEluZGV4PTE1MCxQYWdlU2Nyb2xsSWQ9YmIzMDRiNWIwOGIwNDA1Njg5NGEzMWJjYzI1MjNiN2I=
[2025-04-03 15:50:12] INFO -   - Page 16 => 10 caregivers, saved to raw_data\USA\30306\search_of_childcare\babysitting\range_20_22\page_16.json
[2025-04-03 15:50:12] INFO -   - Next endCursor: U2VlZD0wLEluZGV4PTE2MCxQYWdlU2Nyb2xsSWQ9YmIzMDRiNWIwOGIwNDA1Njg5NGEzMWJjYzI1MjNiN2I=
[2025-04-03 15:50:13] INFO -   - Page 17 => 1 caregivers, saved to raw_data\USA\30306\search_of_childcare\babysitting\range_20_22\page_17.json
[2025-04-03 15:50:13] INFO - Finished range [20, 22] with status='success'. Total pages: 17, total caregivers: 161.
[2025-04-03 15:50:13] INFO - Checking pay range [23, 25]...
[2025-04-03 15:50:15] INFO -   => totalHits = 650
[2025-04-03 15:50:15] INFO -   => Splitting into [23, 24] and [25, 25].
[2025-04-03 15:50:15] INFO - Checking pay range [23, 24]...
[2025-04-03 15:50:16] INFO -   => totalHits = 34
[2025-04-03 15:50:16] INFO - Fetching data for pay range [23, 24]...
[2025-04-03 15:50:18] INFO -   - Page 1 => 10 caregivers, saved to raw_data\USA\30306\search_of_childcare\babysitting\range_23_24\page_1.json
[2025-04-03 15:50:18] INFO -   - Next endCursor: U2VlZD0wLEluZGV4PTEwLFBhZ2VTY3JvbGxJZD1kMTQ4NGM1MTY2M2U0YjBiYThmN2IzYWY2YzE3YmFhNQ==
[2025-04-03 15:50:19] INFO -   - Page 2 => 10 caregivers, saved to raw_data\USA\30306\search_of_childcare\babysitting\range_23_24\page_2.json
[2025-04-03 15:50:19] INFO -   - Next endCursor: U2VlZD0wLEluZGV4PTIwLFBhZ2VTY3JvbGxJZD1kMTQ4NGM1MTY2M2U0YjBiYThmN2IzYWY2YzE3YmFhNQ==
[2025-04-03 15:50:20] INFO -   - Page 3 => 10 caregivers, saved to raw_data\USA\30306\search_of_childcare\babysitting\range_23_24\page_3.json
[2025-04-03 15:50:20] INFO -   - Next endCursor: U2VlZD0wLEluZGV4PTMwLFBhZ2VTY3JvbGxJZD1kMTQ4NGM1MTY2M2U0YjBiYThmN2IzYWY2YzE3YmFhNQ==
[2025-04-03 15:50:21] INFO -   - Page 4 => 4 caregivers, saved to raw_data\USA\30306\search_of_childcare\babysitting\range_23_24\page_4.json
[2025-04-03 15:50:21] INFO - Finished range [23, 24] with status='success'. Total pages: 4, total caregivers: 34.
[2025-04-03 15:50:21] INFO - Checking pay range [25, 25]...
[2025-04-03 15:50:23] INFO -   => totalHits = 616
[2025-04-03 15:50:23] INFO - Single-value payrange=[25, 25] has >500 hits => run attribute combos...
[2025-04-03 15:50:23] INFO - Generated 128 attribute combinations.
[2025-04-03 15:51:20] INFO - Doing reverse sorting (SORT_ORDER_REVIEW_RATING_DESCENDING) on Combo: ['NON_SMOKER']...
[2025-04-03 15:51:22] INFO - Doing reverse sorting (SORT_ORDER_REVIEW_RATING_DESCENDING) on Combo: ['COLLEGE_EDUCATED', 'NON_SMOKER']...
[2025-04-03 15:51:22] INFO - Doing reverse sorting (SORT_ORDER_REVIEW_RATING_DESCENDING) on Combo: ['COLLEGE_EDUCATED']...
[2025-04-03 15:51:23] INFO - Doing reverse sorting (SORT_ORDER_REVIEW_RATING_DESCENDING) on Combo: ['COMFORTABLE_WITH_PETS']...
[2025-04-03 15:51:23] INFO - Doing reverse sorting (SORT_ORDER_REVIEW_RATING_DESCENDING) on Combo: []...
[2025-04-03 15:52:16] INFO - doing SORT_ORDER_RECOMMENDED_DESCENDING on Combo: ['NON_SMOKER']...
[2025-04-03 15:52:17] INFO - doing SORT_ORDER_RECOMMENDED_DESCENDING on Combo: ['COLLEGE_EDUCATED', 'NON_SMOKER']...
[2025-04-03 15:52:19] INFO - doing SORT_ORDER_RECOMMENDED_DESCENDING on Combo: ['COLLEGE_EDUCATED']...
[2025-04-03 15:52:19] INFO - doing SORT_ORDER_RECOMMENDED_DESCENDING on Combo: []...
[2025-04-03 15:52:20] INFO - doing SORT_ORDER_RECOMMENDED_DESCENDING on Combo: ['COMFORTABLE_WITH_PETS']...
[2025-04-03 15:53:12] INFO - doing SORT_ORDER_DISTANCE_ASCENDING on Combo: ['NON_SMOKER']...
[2025-04-03 15:53:13] INFO - doing SORT_ORDER_DISTANCE_ASCENDING on Combo: ['COLLEGE_EDUCATED', 'NON_SMOKER']...
[2025-04-03 15:53:16] INFO - doing SORT_ORDER_DISTANCE_ASCENDING on Combo: []...
[2025-04-03 15:53:16] INFO - doing SORT_ORDER_DISTANCE_ASCENDING on Combo: ['COLLEGE_EDUCATED']...
[2025-04-03 15:53:17] INFO - doing SORT_ORDER_DISTANCE_ASCENDING on Combo: ['COMFORTABLE_WITH_PETS']...
[2025-04-03 15:54:13] INFO - Aggregated 610 unique caregiver IDs for payrange=[25, 25].
[2025-04-03 15:54:13] INFO - Original totalHits from get_total_hits_for_range = 616.
[2025-04-03 15:54:13] INFO - Created aggregated page file: raw_data\USA\30306\search_of_childcare\babysitting\range_25_25\page_attributes.json
[2025-04-03 15:54:13] INFO - All pay range segments processed. Scraping complete!
